2025-10-11 16:00:44,921 - INFO - Running script...
2025-10-11 16:00:44,957 - INFO - Starting batch search for date: 31-01-25
2025-10-11 16:00:48,167 - INFO - Browser launched.
2025-10-11 16:00:49,489 - INFO - Page loaded.
2025-10-11 16:00:49,490 - INFO - Performing search for date=31-01-25, state=ANDAMAN AND NICOBAR ISLANDS
2025-10-11 16:00:53,535 - INFO - Waiting for search results...
2025-10-11 16:00:53,579 - INFO - Loader disappeared after clicking Search.
2025-10-11 16:01:01,539 - INFO - Pagination text: View 1 - 3 of 3
2025-10-11 16:01:01,541 - INFO - Fetched 3 out of 3 rows.
2025-10-11 16:01:01,585 - INFO - Pagination limit = 1
2025-10-11 16:01:01,629 - INFO - Found 3 rows.
2025-10-11 16:01:02,062 - INFO - Row 1/3 extracted.
2025-10-11 16:01:02,484 - INFO - Row 2/3 extracted.
2025-10-11 16:01:03,183 - ERROR - Error for ANDAMAN AND NICOBAR ISLANDS: No module named 'openpyxl'
2025-10-11 16:01:05,520 - INFO - Browser launched.
2025-10-11 16:01:06,808 - INFO - Page loaded.
2025-10-11 16:01:06,809 - INFO - Performing search for date=31-01-25, state=ANDHRA PRADESH
2025-10-11 16:01:11,050 - INFO - Waiting for search results...
2025-10-11 16:01:11,128 - INFO - Loader disappeared after clicking Search.
2025-10-11 16:01:19,203 - INFO - Pagination text: View 1 - 1,000 of 1,936
2025-10-11 16:01:19,203 - INFO - Fetched 1000 out of 1936 rows.
2025-10-11 16:01:19,204 - INFO - Pagination limit = 2
2025-10-11 16:01:19,242 - INFO - Found 1000 rows.
2025-10-11 16:01:19,980 - INFO - Row 1/1000 extracted.
2025-10-11 16:01:20,626 - INFO - Row 2/1000 extracted.
2025-10-11 16:01:21,190 - ERROR - Error for ANDHRA PRADESH: No module named 'openpyxl'
2025-10-11 16:01:23,484 - INFO - Browser launched.
2025-10-11 16:01:24,906 - INFO - Page loaded.
2025-10-11 16:01:24,906 - INFO - Performing search for date=31-01-25, state=ARUNACHAL PRADESH
2025-10-11 16:01:28,838 - INFO - Waiting for search results...
2025-10-11 16:01:28,880 - INFO - Loader disappeared after clicking Search.
2025-10-11 16:01:36,920 - INFO - Pagination text: View 1 - 10 of 10
2025-10-11 16:01:36,921 - INFO - Fetched 10 out of 10 rows.
2025-10-11 16:01:36,922 - INFO - Pagination limit = 1
2025-10-11 16:01:36,965 - INFO - Found 10 rows.
2025-10-11 16:01:37,403 - INFO - Row 1/10 extracted.
2025-10-11 16:01:37,831 - INFO - Row 2/10 extracted.
2025-10-11 16:01:38,388 - ERROR - Error for ARUNACHAL PRADESH: No module named 'openpyxl'
2025-10-11 16:01:40,833 - INFO - Browser launched.
2025-10-11 16:01:42,717 - INFO - Page loaded.
2025-10-11 16:01:42,718 - INFO - Performing search for date=31-01-25, state=ASSAM
2025-10-11 16:01:46,630 - INFO - Waiting for search results...
2025-10-11 16:01:46,677 - INFO - Loader disappeared after clicking Search.
2025-10-11 16:01:54,674 - INFO - Pagination text: View 1 - 189 of 189
2025-10-11 16:01:54,674 - INFO - Fetched 189 out of 189 rows.
2025-10-11 16:01:54,674 - INFO - Pagination limit = 1
2025-10-11 16:01:54,705 - INFO - Found 189 rows.
2025-10-11 16:01:55,187 - INFO - Row 1/189 extracted.
2025-10-11 16:01:55,615 - INFO - Row 2/189 extracted.
2025-10-11 16:01:56,223 - ERROR - Error for ASSAM: No module named 'openpyxl'
2025-10-11 16:01:58,610 - INFO - Browser launched.
2025-10-11 16:01:59,718 - INFO - Page loaded.
2025-10-11 16:01:59,719 - INFO - Performing search for date=31-01-25, state=BAHRAIN
2025-10-11 16:02:03,734 - INFO - Waiting for search results...
2025-10-11 16:02:03,777 - INFO - Loader disappeared after clicking Search.
2025-10-11 16:02:11,756 - INFO - Pagination text: View 1 - 8 of 8
2025-10-11 16:02:11,757 - INFO - Fetched 8 out of 8 rows.
2025-10-11 16:02:11,758 - INFO - Pagination limit = 1
2025-10-11 16:02:11,786 - INFO - Found 8 rows.
2025-10-11 16:02:12,233 - INFO - Row 1/8 extracted.
2025-10-11 16:02:12,671 - INFO - Row 2/8 extracted.
2025-10-11 16:02:13,377 - ERROR - Error for BAHRAIN: No module named 'openpyxl'
2025-10-11 16:02:15,643 - INFO - Browser launched.
2025-10-11 16:02:16,896 - INFO - Page loaded.
2025-10-11 16:02:16,898 - INFO - Performing search for date=31-01-25, state=BIHAR
2025-10-11 16:02:20,973 - INFO - Waiting for search results...
2025-10-11 16:02:21,031 - INFO - Loader disappeared after clicking Search.
2025-10-11 16:02:28,912 - INFO - Pagination text: View 1 - 327 of 327
2025-10-11 16:02:28,913 - INFO - Fetched 327 out of 327 rows.
2025-10-11 16:02:28,913 - INFO - Pagination limit = 1
2025-10-11 16:02:28,939 - INFO - Found 327 rows.
2025-10-11 16:02:29,497 - INFO - Row 1/327 extracted.
2025-10-11 16:02:30,035 - INFO - Row 2/327 extracted.
2025-10-11 16:02:30,830 - ERROR - Error for BIHAR: No module named 'openpyxl'
2025-10-11 16:02:33,270 - INFO - Browser launched.
2025-10-11 16:02:34,498 - INFO - Page loaded.
2025-10-11 16:02:34,499 - INFO - Performing search for date=31-01-25, state=CHANDIGARH
2025-10-11 16:02:38,790 - INFO - Waiting for search results...
2025-10-11 16:02:38,835 - INFO - Loader disappeared after clicking Search.
2025-10-11 16:02:46,877 - INFO - Pagination text: View 1 - 417 of 417
2025-10-11 16:02:46,877 - INFO - Fetched 417 out of 417 rows.
2025-10-11 16:02:46,878 - INFO - Pagination limit = 1
2025-10-11 16:02:46,903 - INFO - Found 417 rows.
2025-10-11 16:02:47,439 - INFO - Row 1/417 extracted.
2025-10-11 16:02:47,947 - INFO - Row 2/417 extracted.
2025-10-11 16:02:48,727 - ERROR - Error for CHANDIGARH: No module named 'openpyxl'
2025-10-11 16:02:51,041 - INFO - Browser launched.
2025-10-11 16:02:52,314 - INFO - Page loaded.
2025-10-11 16:02:52,315 - INFO - Performing search for date=31-01-25, state=CHANDIGARH & DELHI
2025-10-11 16:02:56,353 - INFO - Waiting for search results...
2025-10-11 16:02:56,412 - INFO - Loader disappeared after clicking Search.
2025-10-11 16:03:04,446 - INFO - Pagination text: No Records
2025-10-11 16:03:04,446 - INFO - Found no records for given state
2025-10-11 16:03:04,447 - INFO - Fetched 0 out of 0 rows.
2025-10-11 16:03:04,447 - INFO - Pagination limit = 0
2025-10-11 16:04:05,118 - ERROR - Error for CHANDIGARH & DELHI: Page.wait_for_selector: Timeout 60000ms exceeded.
Call log:
  - waiting for locator("table.ui-jqgrid-btable tr.jqgrow") to be visible

2025-10-11 16:04:07,507 - INFO - Browser launched.
2025-10-11 16:04:09,552 - INFO - Page loaded.
2025-10-11 16:04:09,554 - INFO - Performing search for date=31-01-25, state=CHANDIGARH (U.T.) & DELHI
2025-10-11 16:04:13,598 - INFO - Waiting for search results...
2025-10-11 16:04:13,723 - INFO - Loader disappeared after clicking Search.
2025-10-11 16:04:21,585 - INFO - Pagination text: No Records
2025-10-11 16:04:21,585 - INFO - Found no records for given state
2025-10-11 16:04:21,586 - INFO - Fetched 0 out of 0 rows.
2025-10-11 16:04:21,586 - INFO - Pagination limit = 0
2025-10-11 16:05:22,183 - ERROR - Error for CHANDIGARH (U.T.) & DELHI: Page.wait_for_selector: Timeout 60000ms exceeded.
Call log:
  - waiting for locator("table.ui-jqgrid-btable tr.jqgrow") to be visible

2025-10-11 16:05:24,478 - INFO - Browser launched.
2025-10-11 16:05:26,125 - INFO - Page loaded.
2025-10-11 16:05:26,127 - INFO - Performing search for date=31-01-25, state=CHHATTISGARH
2025-10-11 16:05:30,313 - INFO - Waiting for search results...
2025-10-11 16:05:30,342 - INFO - Loader disappeared after clicking Search.
2025-10-11 16:05:38,428 - INFO - Pagination text: View 1 - 299 of 299
2025-10-11 16:05:38,429 - INFO - Fetched 299 out of 299 rows.
2025-10-11 16:05:38,429 - INFO - Pagination limit = 1
2025-10-11 16:05:38,451 - INFO - Found 299 rows.
2025-10-11 16:05:38,969 - INFO - Row 1/299 extracted.
2025-10-11 16:05:39,386 - INFO - Row 2/299 extracted.
2025-10-11 16:05:40,041 - ERROR - Error for CHHATTISGARH: No module named 'openpyxl'
2025-10-11 16:05:42,448 - INFO - Browser launched.
2025-10-11 16:05:43,756 - INFO - Page loaded.
2025-10-11 16:05:43,758 - INFO - Performing search for date=31-01-25, state=DADRA AND NAGAR HAVELI
2025-10-11 16:05:47,689 - INFO - Waiting for search results...
2025-10-11 16:05:47,741 - INFO - Loader disappeared after clicking Search.
2025-10-11 16:05:55,691 - INFO - Pagination text: View 1 - 9 of 9
2025-10-11 16:05:55,692 - INFO - Fetched 9 out of 9 rows.
2025-10-11 16:05:55,692 - INFO - Pagination limit = 1
2025-10-11 16:05:55,719 - INFO - Found 9 rows.
2025-10-11 16:05:56,173 - INFO - Row 1/9 extracted.
2025-10-11 16:05:56,581 - INFO - Row 2/9 extracted.
2025-10-11 16:05:57,200 - ERROR - Error for DADRA AND NAGAR HAVELI: No module named 'openpyxl'
2025-10-11 16:05:59,490 - INFO - Browser launched.
2025-10-11 16:06:00,937 - INFO - Page loaded.
2025-10-11 16:06:00,938 - INFO - Performing search for date=31-01-25, state=DAMAN AND DIU
2025-10-11 16:06:04,981 - INFO - Waiting for search results...
2025-10-11 16:06:05,028 - INFO - Loader disappeared after clicking Search.
2025-10-11 16:06:13,015 - INFO - Pagination text: View 1 - 6 of 6
2025-10-11 16:06:13,016 - INFO - Fetched 6 out of 6 rows.
2025-10-11 16:06:13,016 - INFO - Pagination limit = 1
2025-10-11 16:06:13,044 - INFO - Found 6 rows.
2025-10-11 16:06:13,465 - INFO - Row 1/6 extracted.
2025-10-11 16:06:13,860 - INFO - Row 2/6 extracted.
2025-10-11 16:06:14,447 - ERROR - Error for DAMAN AND DIU: No module named 'openpyxl'
2025-10-11 16:06:16,926 - INFO - Browser launched.
2025-10-11 16:06:18,234 - INFO - Page loaded.
2025-10-11 16:06:18,235 - INFO - Performing search for date=31-01-25, state=DELHI
2025-10-11 16:06:22,432 - INFO - Waiting for search results...
2025-10-11 16:06:22,481 - INFO - Loader disappeared after clicking Search.
2025-10-11 16:06:30,447 - INFO - Pagination text: View 1 - 1,000 of 3,165
2025-10-11 16:06:30,448 - INFO - Fetched 1000 out of 3165 rows.
2025-10-11 16:06:30,448 - INFO - Pagination limit = 4
2025-10-11 16:06:30,483 - INFO - Found 1000 rows.
2025-10-11 16:06:31,117 - INFO - Row 1/1000 extracted.
2025-10-11 16:06:31,773 - INFO - Row 2/1000 extracted.
2025-10-11 16:06:32,284 - ERROR - Error for DELHI: No module named 'openpyxl'
2025-10-11 16:06:34,694 - INFO - Browser launched.
2025-10-11 16:06:36,151 - INFO - Page loaded.
2025-10-11 16:06:36,152 - INFO - Performing search for date=31-01-25, state=GOA
2025-10-11 16:06:40,044 - INFO - Waiting for search results...
2025-10-11 16:06:40,076 - INFO - Loader disappeared after clicking Search.
2025-10-11 16:06:48,084 - INFO - Pagination text: View 1 - 115 of 115
2025-10-11 16:06:48,085 - INFO - Fetched 115 out of 115 rows.
2025-10-11 16:06:48,085 - INFO - Pagination limit = 1
2025-10-11 16:06:48,111 - INFO - Found 115 rows.
2025-10-11 16:06:48,613 - INFO - Row 1/115 extracted.
2025-10-11 16:06:49,035 - INFO - Row 2/115 extracted.
2025-10-11 16:06:49,491 - ERROR - Error for GOA: No module named 'openpyxl'
2025-10-11 16:06:52,020 - INFO - Browser launched.
2025-10-11 16:06:53,326 - INFO - Page loaded.
2025-10-11 16:06:53,327 - INFO - Performing search for date=31-01-25, state=GUJARAT
2025-10-11 16:06:57,559 - INFO - Waiting for search results...
2025-10-11 16:06:57,609 - INFO - Loader disappeared after clicking Search.
2025-10-11 16:07:05,695 - INFO - Pagination text: View 1 - 1,000 of 2,943
2025-10-11 16:07:05,695 - INFO - Fetched 1000 out of 2943 rows.
2025-10-11 16:07:05,695 - INFO - Pagination limit = 3
2025-10-11 16:07:05,728 - INFO - Found 1000 rows.
2025-10-11 16:07:06,452 - INFO - Row 1/1000 extracted.
2025-10-11 16:07:07,169 - INFO - Row 2/1000 extracted.
2025-10-11 16:07:07,798 - ERROR - Error for GUJARAT: No module named 'openpyxl'
2025-10-11 16:07:10,114 - INFO - Browser launched.
2025-10-11 16:07:12,648 - INFO - Page loaded.
2025-10-11 16:07:12,650 - INFO - Performing search for date=31-01-25, state=HARYANA
2025-10-11 16:07:16,711 - INFO - Waiting for search results...
2025-10-11 16:07:16,757 - INFO - Loader disappeared after clicking Search.
2025-10-11 16:07:24,837 - INFO - Pagination text: View 1 - 966 of 966
2025-10-11 16:07:24,838 - INFO - Fetched 966 out of 966 rows.
2025-10-11 16:07:24,838 - INFO - Pagination limit = 1
2025-10-11 16:07:24,888 - INFO - Found 966 rows.
2025-10-11 16:07:25,697 - INFO - Row 1/966 extracted.
2025-10-11 16:07:26,379 - INFO - Row 2/966 extracted.
2025-10-11 16:07:27,042 - ERROR - Error for HARYANA: No module named 'openpyxl'
2025-10-11 16:07:29,576 - INFO - Browser launched.
2025-10-11 16:07:30,808 - INFO - Page loaded.
2025-10-11 16:07:30,810 - INFO - Performing search for date=31-01-25, state=HIMACHAL PRADESH
2025-10-11 16:07:34,857 - INFO - Waiting for search results...
2025-10-11 16:07:34,895 - INFO - Loader disappeared after clicking Search.
2025-10-11 16:07:42,840 - INFO - Pagination text: View 1 - 111 of 111
2025-10-11 16:07:42,841 - INFO - Fetched 111 out of 111 rows.
2025-10-11 16:07:42,841 - INFO - Pagination limit = 1
2025-10-11 16:07:42,860 - INFO - Found 111 rows.
2025-10-11 16:07:43,267 - INFO - Row 1/111 extracted.
2025-10-11 16:07:43,767 - INFO - Row 2/111 extracted.
2025-10-11 16:07:44,356 - ERROR - Error for HIMACHAL PRADESH: No module named 'openpyxl'
2025-10-11 16:07:46,638 - INFO - Browser launched.
2025-10-11 16:07:47,925 - INFO - Page loaded.
2025-10-11 16:07:47,927 - INFO - Performing search for date=31-01-25, state=HONG KONG
2025-10-11 16:07:51,719 - INFO - Waiting for search results...
2025-10-11 16:07:51,766 - INFO - Loader disappeared after clicking Search.
2025-10-11 16:07:59,728 - INFO - Pagination text: View 1 - 2 of 2
2025-10-11 16:07:59,729 - INFO - Fetched 2 out of 2 rows.
2025-10-11 16:07:59,729 - INFO - Pagination limit = 1
2025-10-11 16:07:59,760 - INFO - Found 2 rows.
2025-10-11 16:08:00,062 - INFO - Row 1/2 extracted.
2025-10-11 16:08:00,457 - INFO - Row 2/2 extracted.
2025-10-11 16:08:00,963 - ERROR - Error for HONG KONG: No module named 'openpyxl'
2025-10-11 16:08:03,405 - INFO - Browser launched.
2025-10-11 16:08:04,872 - INFO - Page loaded.
2025-10-11 16:08:04,873 - INFO - Performing search for date=31-01-25, state=HYDERABAD
2025-10-11 16:08:08,921 - INFO - Waiting for search results...
2025-10-11 16:08:09,050 - INFO - Loader disappeared after clicking Search.
2025-10-11 16:08:16,966 - INFO - Pagination text: No Records
2025-10-11 16:08:16,966 - INFO - Found no records for given state
2025-10-11 16:08:16,966 - INFO - Fetched 0 out of 0 rows.
2025-10-11 16:08:16,967 - INFO - Pagination limit = 0
