2025-10-16 15:07:32,241 - INFO - Running script...
2025-10-16 15:07:32,245 - INFO - Starting batch search for date: 31-12-24
2025-10-16 15:07:34,455 - INFO - Browser launched.
2025-10-16 15:07:35,613 - INFO - Page loaded.
2025-10-16 15:07:35,614 - INFO - Performing search for date:31-12-24, state:MAHARASHTRA, Defaulters type:1 crore
2025-10-16 15:07:38,835 - INFO - Found 88 state options: ['ANDAMAN AND NICOBAR ISLANDS', 'ANDHRA PRADESH', 'ARUNACHAL PRADESH', 'ASSAM', 'BAHRAIN', 'BIHAR', 'CHANDIGARH', 'CHANDIGARH & DELHI', 'CHANDIGARH (U.T.) & DELHI', 'CHHATTISGARH', 'DADRA AND NAGAR HAVELI', 'DAMAN AND DIU', 'DELHI', 'GOA', 'GUJARAT', 'HARYANA', 'HIMACHAL PRADESH', 'HONG KONG', 'HYDERABAD', 'JAMMU & KASHMIR', 'JHARKHAND', 'KARNATAKA', 'KERALA', 'LAKSHADWEEP', 'LONDON', 'MADHYA PRADESH', 'MAHARASHTRA', 'MANIPUR', 'MEGHALAYA', 'MIZORAM', 'NAGALAND', 'ORISSA', 'PUDUCHERRY', 'PUNJAB', 'RAJASTHAN', 'ROHTAK', 'SIKKIM', 'SRI LANKA', 'TAMIL NADU', 'THAILAND', 'TRIPURA', 'UTTAR PRADESH', 'UTTARAKHAND', 'UTTARANCHAL', 'WEST BENGAL', 'BANGLADESH', 'BELGIUM', 'GERMANY', 'JAPAN', 'SINGAPORE', 'TELANGANA', 'NEW DELHI', 'LUXEMBOURG', 'BRITISH VIRGIN ISLAND', 'CYPRUS', 'SINGAPORE', 'MISSISSIPPI, USA', 'CAYMAN ISLAND', 'AMSTERDAM', 'JAKARTA', 'ATLANTA, USA', 'DUBAI, UAE', 'UNITED ARAB EMIRATES', 'UNITED KINGDOM', 'ISRAEL', 'UNITED STATES OF AMERICA', 'NEW YORK', 'ABCD', 'UTAH', 'BHOPAL', 'DUBAI', 'WASHINGTON', 'MANCHESTER', 'OVERSEAS', 'ENGLAND', 'BANGKOK', 'COLOMBO', 'PANAMA', 'OBU', 'MALDIVES', 'AUSTRALIA', 'SOUTH AFRICA', 'OMAN', 'KINGDOM OF BAHRAIN', 'QATAR', 'NOT REPORTED', 'UNITED ARAB EMIRATES UAE', 'PONDICHERRY']
2025-10-16 15:07:40,079 - INFO - Waiting for search results...
2025-10-16 15:07:40,142 - INFO - Loader disappeared after clicking Search.
2025-10-16 15:07:48,003 - INFO - Pagination text: View 1 - 1,000 of 9,839
2025-10-16 15:07:48,004 - INFO - Fetched 1000 out of 9839 rows.
2025-10-16 15:07:48,004 - INFO - Pagination limit = 10
2025-10-16 15:07:48,071 - INFO - Found 1000 rows.
2025-10-16 15:07:48,756 - INFO - Row 1/1000 extracted.
2025-10-16 15:07:49,445 - INFO - Row 2/1000 extracted.
2025-10-16 15:07:49,977 - INFO - Saved 2 rows to cibil_data_31-12-24_MAHARASHTRA_state_page_1_20251016_150749.xlsx
2025-10-16 15:07:53,399 - INFO - Found 1000 rows.
2025-10-16 15:07:54,094 - INFO - Row 1/1000 extracted.
2025-10-16 15:07:54,754 - INFO - Row 2/1000 extracted.
2025-10-16 15:07:54,840 - INFO - Saved 2 rows to cibil_data_31-12-24_MAHARASHTRA_state_page_2_20251016_150754.xlsx
2025-10-16 15:07:58,274 - INFO - Found 1000 rows.
2025-10-16 15:07:58,882 - INFO - Row 1/1000 extracted.
2025-10-16 15:07:59,578 - INFO - Row 2/1000 extracted.
2025-10-16 15:07:59,687 - INFO - Saved 2 rows to cibil_data_31-12-24_MAHARASHTRA_state_page_3_20251016_150759.xlsx
2025-10-16 15:08:03,088 - INFO - Found 1000 rows.
2025-10-16 15:08:03,743 - INFO - Row 1/1000 extracted.
2025-10-16 15:08:04,332 - INFO - Row 2/1000 extracted.
2025-10-16 15:08:04,412 - INFO - Saved 2 rows to cibil_data_31-12-24_MAHARASHTRA_state_page_4_20251016_150804.xlsx
2025-10-16 15:08:07,877 - INFO - Found 1000 rows.
2025-10-16 15:08:08,524 - INFO - Row 1/1000 extracted.
2025-10-16 15:08:09,243 - INFO - Row 2/1000 extracted.
2025-10-16 15:08:09,330 - INFO - Saved 2 rows to cibil_data_31-12-24_MAHARASHTRA_state_page_5_20251016_150809.xlsx
2025-10-16 15:08:13,571 - INFO - Found 1000 rows.
2025-10-16 15:08:14,315 - INFO - Row 1/1000 extracted.
2025-10-16 15:08:15,000 - INFO - Row 2/1000 extracted.
2025-10-16 15:08:15,084 - INFO - Saved 2 rows to cibil_data_31-12-24_MAHARASHTRA_state_page_6_20251016_150815.xlsx
2025-10-16 15:08:21,308 - INFO - Found 1000 rows.
2025-10-16 15:08:21,896 - INFO - Row 1/1000 extracted.
2025-10-16 15:08:22,544 - INFO - Row 2/1000 extracted.
2025-10-16 15:08:22,584 - INFO - Saved 2 rows to cibil_data_31-12-24_MAHARASHTRA_state_page_7_20251016_150822.xlsx
2025-10-16 15:08:29,346 - INFO - Found 1000 rows.
2025-10-16 15:08:30,026 - INFO - Row 1/1000 extracted.
2025-10-16 15:08:30,622 - INFO - Row 2/1000 extracted.
2025-10-16 15:08:30,707 - INFO - Saved 2 rows to cibil_data_31-12-24_MAHARASHTRA_state_page_8_20251016_150830.xlsx
2025-10-16 15:08:36,504 - INFO - Found 1000 rows.
2025-10-16 15:08:37,181 - INFO - Row 1/1000 extracted.
2025-10-16 15:08:37,892 - INFO - Row 2/1000 extracted.
2025-10-16 15:08:37,980 - INFO - Saved 2 rows to cibil_data_31-12-24_MAHARASHTRA_state_page_9_20251016_150837.xlsx
2025-10-16 15:08:43,304 - INFO - Found 839 rows.
2025-10-16 15:08:43,874 - INFO - Row 1/839 extracted.
2025-10-16 15:08:44,429 - INFO - Row 2/839 extracted.
2025-10-16 15:08:44,469 - INFO - Saved 2 rows to cibil_data_31-12-24_MAHARASHTRA_state_page_10_20251016_150844.xlsx
2025-10-16 15:08:47,923 - INFO - Loader disappeared.
2025-10-16 15:08:48,976 - INFO - Found 2 director rows.
2025-10-16 15:08:55,842 - INFO - Loader disappeared.
2025-10-16 15:08:57,348 - INFO - Loader disappeared.
2025-10-16 15:08:58,413 - INFO - Found 2 director rows.
2025-10-16 15:09:05,570 - INFO - Loader disappeared.
2025-10-16 15:09:07,613 - INFO - Loader disappeared.
2025-10-16 15:09:08,685 - INFO - Found 2 director rows.
2025-10-16 15:09:15,130 - INFO - Loader disappeared.
2025-10-16 15:09:16,330 - INFO - Loader disappeared.
2025-10-16 15:09:17,353 - INFO - Found 4 director rows.
2025-10-16 15:09:24,130 - INFO - Loader disappeared.
2025-10-16 15:09:25,482 - INFO - Loader disappeared.
2025-10-16 15:09:26,524 - INFO - Found 3 director rows.
2025-10-16 15:09:33,497 - INFO - Loader disappeared.
2025-10-16 15:09:34,739 - INFO - Loader disappeared.
2025-10-16 15:09:35,763 - INFO - Found 5 director rows.
2025-10-16 15:09:42,367 - INFO - Loader disappeared.
2025-10-16 15:09:43,892 - INFO - Loader disappeared.
2025-10-16 15:09:44,960 - INFO - Found 3 director rows.
2025-10-16 15:09:51,615 - INFO - Loader disappeared.
2025-10-16 15:09:52,842 - INFO - Loader disappeared.
2025-10-16 15:09:53,914 - INFO - Found 1 director rows.
2025-10-16 15:10:00,459 - INFO - Loader disappeared.
2025-10-16 15:10:01,809 - INFO - Loader disappeared.
2025-10-16 15:10:02,852 - INFO - Found 1 director rows.
2025-10-16 15:10:09,076 - INFO - Loader disappeared.
2025-10-16 15:10:10,305 - INFO - Loader disappeared.
2025-10-16 15:10:11,361 - INFO - Found 1 director rows.
2025-10-16 15:10:17,553 - INFO - Loader disappeared.
2025-10-16 15:10:19,036 - INFO - Loader disappeared.
2025-10-16 15:10:20,125 - INFO - Found 6 director rows.
2025-10-16 15:10:26,871 - INFO - Loader disappeared.
2025-10-16 15:10:28,434 - INFO - Loader disappeared.
2025-10-16 15:10:29,476 - INFO - Found 10 director rows.
2025-10-16 15:10:37,375 - INFO - Loader disappeared.
2025-10-16 15:10:38,702 - INFO - Loader disappeared.
2025-10-16 15:10:39,777 - INFO - Found 7 director rows.
2025-10-16 15:10:46,916 - INFO - Loader disappeared.
2025-10-16 15:10:48,125 - INFO - Loader disappeared.
2025-10-16 15:10:49,166 - INFO - Found 3 director rows.
2025-10-16 15:10:55,445 - INFO - Loader disappeared.
2025-10-16 15:10:56,835 - INFO - Loader disappeared.
2025-10-16 15:10:57,901 - INFO - Found 2 director rows.
2025-10-16 15:11:05,182 - INFO - Loader disappeared.
2025-10-16 15:11:06,380 - INFO - Loader disappeared.
2025-10-16 15:11:07,441 - INFO - Found 3 director rows.
2025-10-16 15:11:13,696 - INFO - Loader disappeared.
2025-10-16 15:11:15,046 - INFO - Loader disappeared.
2025-10-16 15:11:16,126 - INFO - Found 1 director rows.
2025-10-16 15:11:22,505 - INFO - Loader disappeared.
2025-10-16 15:11:24,001 - INFO - Loader disappeared.
2025-10-16 15:11:25,064 - INFO - Found 1 director rows.
2025-10-16 15:11:31,473 - INFO - Loader disappeared.
2025-10-16 15:11:32,854 - INFO - Loader disappeared.
2025-10-16 15:11:33,909 - INFO - Found 2 director rows.
2025-10-16 15:11:40,407 - INFO - Loader disappeared.
2025-10-16 15:11:41,824 - INFO - Loader disappeared.
2025-10-16 15:11:42,845 - INFO - Found 1 director rows.
2025-10-16 15:11:49,715 - INFO - Loader disappeared.
