2025-10-14 16:08:00,055 - INFO - Running script...
2025-10-14 16:08:00,056 - INFO - Starting batch search for date: 30-11-25
2025-10-14 16:08:01,394 - INFO - Browser launched.
2025-10-14 16:08:02,824 - INFO - Page loaded.
2025-10-14 16:08:02,825 - INFO - Performing search for date:30-11-25, state:ANDAMAN AND NICOBAR ISLANDS, Defaulters type:>25 lacs
2025-10-14 16:08:33,757 - ERROR - Error for ANDAMAN AND NICOBAR ISLANDS: Page.select_option: Timeout 30000ms exceeded.
Call log:
  - waiting for locator("select#quarterIdLakh")
    - locator resolved to <select class="select" id="quarterIdLakh" name="quarterIdLakh">…</select>
  - attempting select option action
    2 × waiting for element to be visible and enabled
      - did not find some options
    - retrying select option action
    - waiting 20ms
    2 × waiting for element to be visible and enabled
      - did not find some options
    - retrying select option action
      - waiting 100ms
    58 × waiting for element to be visible and enabled
       - did not find some options
     - retrying select option action
       - waiting 500ms

2025-10-14 16:08:35,108 - INFO - Browser launched.
2025-10-14 16:08:36,122 - INFO - Page loaded.
2025-10-14 16:08:36,123 - INFO - Performing search for date:30-11-25, state:ANDHRA PRADESH, Defaulters type:>25 lacs
2025-10-14 16:08:37,847 - ERROR - Error for ANDHRA PRADESH: Page.select_option: Target page, context or browser has been closed
Call log:
  - waiting for locator("select#quarterIdLakh")
    - locator resolved to <select class="select" id="quarterIdLakh" name="quarterIdLakh">…</select>
  - attempting select option action
    2 × waiting for element to be visible and enabled
      - did not find some options
    - retrying select option action
    - waiting 20ms
    2 × waiting for element to be visible and enabled
      - did not find some options
    - retrying select option action
      - waiting 100ms
    2 × waiting for element to be visible and enabled
      - did not find some options
    - retrying select option action
      - waiting 500ms

2025-10-14 16:08:39,175 - INFO - Browser launched.
2025-10-14 16:08:40,353 - INFO - Page loaded.
2025-10-14 16:08:40,354 - INFO - Performing search for date:30-11-25, state:ARUNACHAL PRADESH, Defaulters type:>25 lacs
2025-10-14 16:08:43,413 - ERROR - Future exception was never retrieved
future: <Future finished exception=TargetClosedError('Target page, context or browser has been closed')>
playwright._impl._errors.TargetClosedError: Target page, context or browser has been closed
