2025-10-16 15:04:57,066 - INFO - Running script...
2025-10-16 15:04:57,090 - INFO - Starting batch search for date: 31-12-24
2025-10-16 15:04:59,376 - INFO - Browser launched.
2025-10-16 15:05:00,431 - INFO - Page loaded.
2025-10-16 15:05:00,433 - INFO - Performing search for date:31-12-24, state:MAHARASHTRA, Defaulters type:1 crore
2025-10-16 15:05:03,685 - INFO - Found 88 state options: ['ANDAMAN AND NICOBAR ISLANDS', 'ANDHRA PRADESH', 'ARUNACHAL PRADESH', 'ASSAM', 'BAHRAIN', 'BIHAR', 'CHANDIGARH', 'CHANDIGARH & DELHI', 'CHANDIGARH (U.T.) & DELHI', 'CHHATTISGARH', 'DADRA AND NAGAR HAVELI', 'DAMAN AND DIU', 'DELHI', 'GOA', 'GUJARAT', 'HARYANA', 'HIMACHAL PRADESH', 'HONG KONG', 'HYDERABAD', 'JAMMU & KASHMIR', 'JHARKHAND', 'KARNATAKA', 'KERALA', 'LAKSHADWEEP', 'LONDON', 'MADHYA PRADESH', 'MAHARASHTRA', 'MANIPUR', 'MEGHALAYA', 'MIZORAM', 'NAGALAND', 'ORISSA', 'PUDUCHERRY', 'PUNJAB', 'RAJASTHAN', 'ROHTAK', 'SIKKIM', 'SRI LANKA', 'TAMIL NADU', 'THAILAND', 'TRIPURA', 'UTTAR PRADESH', 'UTTARAKHAND', 'UTTARANCHAL', 'WEST BENGAL', 'BANGLADESH', 'BELGIUM', 'GERMANY', 'JAPAN', 'SINGAPORE', 'TELANGANA', 'NEW DELHI', 'LUXEMBOURG', 'BRITISH VIRGIN ISLAND', 'CYPRUS', 'SINGAPORE', 'MISSISSIPPI, USA', 'CAYMAN ISLAND', 'AMSTERDAM', 'JAKARTA', 'ATLANTA, USA', 'DUBAI, UAE', 'UNITED ARAB EMIRATES', 'UNITED KINGDOM', 'ISRAEL', 'UNITED STATES OF AMERICA', 'NEW YORK', 'ABCD', 'UTAH', 'BHOPAL', 'DUBAI', 'WASHINGTON', 'MANCHESTER', 'OVERSEAS', 'ENGLAND', 'BANGKOK', 'COLOMBO', 'PANAMA', 'OBU', 'MALDIVES', 'AUSTRALIA', 'SOUTH AFRICA', 'OMAN', 'KINGDOM OF BAHRAIN', 'QATAR', 'NOT REPORTED', 'UNITED ARAB EMIRATES UAE', 'PONDICHERRY']
2025-10-16 15:05:05,052 - INFO - Waiting for search results...
2025-10-16 15:05:05,093 - INFO - Loader disappeared after clicking Search.
2025-10-16 15:05:12,932 - INFO - Pagination text: View 1 - 1,000 of 9,839
2025-10-16 15:05:12,933 - INFO - Fetched 1000 out of 9839 rows.
2025-10-16 15:05:12,933 - INFO - Pagination limit = 10
2025-10-16 15:05:12,975 - INFO - Found 1000 rows.
2025-10-16 15:05:13,567 - INFO - Row 1/1000 extracted.
2025-10-16 15:05:14,277 - INFO - Row 2/1000 extracted.
2025-10-16 15:05:14,909 - INFO - Saved 2 rows to cibil_data_31-12-24_MAHARASHTRA_state_page_1_20251016_150514.xlsx
2025-10-16 15:05:18,360 - INFO - Found 1000 rows.
2025-10-16 15:05:19,107 - INFO - Row 1/1000 extracted.
2025-10-16 15:05:19,797 - INFO - Row 2/1000 extracted.
2025-10-16 15:05:19,876 - INFO - Saved 2 rows to cibil_data_31-12-24_MAHARASHTRA_state_page_2_20251016_150519.xlsx
2025-10-16 15:05:23,284 - INFO - Found 1000 rows.
2025-10-16 15:05:24,014 - INFO - Row 1/1000 extracted.
2025-10-16 15:05:24,739 - INFO - Row 2/1000 extracted.
2025-10-16 15:05:24,821 - INFO - Saved 2 rows to cibil_data_31-12-24_MAHARASHTRA_state_page_3_20251016_150524.xlsx
2025-10-16 15:05:28,268 - INFO - Found 1000 rows.
2025-10-16 15:05:29,014 - INFO - Row 1/1000 extracted.
2025-10-16 15:05:29,615 - INFO - Row 2/1000 extracted.
2025-10-16 15:05:29,725 - INFO - Saved 2 rows to cibil_data_31-12-24_MAHARASHTRA_state_page_4_20251016_150529.xlsx
2025-10-16 15:05:33,127 - INFO - Found 1000 rows.
2025-10-16 15:05:33,857 - INFO - Row 1/1000 extracted.
2025-10-16 15:05:34,546 - INFO - Row 2/1000 extracted.
2025-10-16 15:05:34,624 - INFO - Saved 2 rows to cibil_data_31-12-24_MAHARASHTRA_state_page_5_20251016_150534.xlsx
2025-10-16 15:05:38,047 - INFO - Found 1000 rows.
2025-10-16 15:05:38,947 - INFO - Row 1/1000 extracted.
2025-10-16 15:05:39,740 - INFO - Row 2/1000 extracted.
2025-10-16 15:05:39,833 - INFO - Saved 2 rows to cibil_data_31-12-24_MAHARASHTRA_state_page_6_20251016_150539.xlsx
2025-10-16 15:05:43,264 - INFO - Found 1000 rows.
2025-10-16 15:05:44,206 - INFO - Row 1/1000 extracted.
2025-10-16 15:05:45,045 - INFO - Row 2/1000 extracted.
2025-10-16 15:05:45,074 - INFO - Saved 2 rows to cibil_data_31-12-24_MAHARASHTRA_state_page_7_20251016_150545.xlsx
2025-10-16 15:05:48,524 - INFO - Found 1000 rows.
2025-10-16 15:05:49,367 - INFO - Row 1/1000 extracted.
2025-10-16 15:05:50,083 - INFO - Row 2/1000 extracted.
2025-10-16 15:05:50,110 - INFO - Saved 2 rows to cibil_data_31-12-24_MAHARASHTRA_state_page_8_20251016_150550.xlsx
2025-10-16 15:05:53,528 - INFO - Found 1000 rows.
2025-10-16 15:05:54,218 - INFO - Row 1/1000 extracted.
2025-10-16 15:05:54,836 - INFO - Row 2/1000 extracted.
2025-10-16 15:05:54,859 - INFO - Saved 2 rows to cibil_data_31-12-24_MAHARASHTRA_state_page_9_20251016_150554.xlsx
2025-10-16 15:05:58,263 - INFO - Found 839 rows.
2025-10-16 15:05:58,906 - INFO - Row 1/839 extracted.
2025-10-16 15:05:59,569 - INFO - Row 2/839 extracted.
2025-10-16 15:05:59,587 - INFO - Saved 2 rows to cibil_data_31-12-24_MAHARASHTRA_state_page_10_20251016_150559.xlsx
2025-10-16 15:06:01,823 - INFO - Loader disappeared.
2025-10-16 15:06:02,865 - INFO - Found 2 director rows.
2025-10-16 15:06:02,898 - ERROR - Error parsing or fetching directors: Locator.count: Unexpected token "" while parsing css selector "td[aria-describedby="DirectorInfoTable_dinNumber"]:not([style*="display:none"]". Did you mean to CSS.escape it?
2025-10-16 15:06:09,237 - INFO - Loader disappeared.
2025-10-16 15:06:10,650 - INFO - Loader disappeared.
2025-10-16 15:06:11,720 - INFO - Found 2 director rows.
2025-10-16 15:06:11,777 - ERROR - Error parsing or fetching directors: Locator.count: Unexpected token "" while parsing css selector "td[aria-describedby="DirectorInfoTable_dinNumber"]:not([style*="display:none"]". Did you mean to CSS.escape it?
2025-10-16 15:06:18,236 - INFO - Loader disappeared.
2025-10-16 15:06:19,556 - INFO - Loader disappeared.
2025-10-16 15:06:20,627 - INFO - Found 2 director rows.
2025-10-16 15:06:20,676 - ERROR - Error parsing or fetching directors: Locator.count: Unexpected token "" while parsing css selector "td[aria-describedby="DirectorInfoTable_dinNumber"]:not([style*="display:none"]". Did you mean to CSS.escape it?
2025-10-16 15:06:26,811 - INFO - Loader disappeared.
2025-10-16 15:06:28,343 - INFO - Loader disappeared.
2025-10-16 15:06:29,366 - INFO - Found 4 director rows.
2025-10-16 15:06:29,382 - ERROR - Error parsing or fetching directors: Locator.count: Unexpected token "" while parsing css selector "td[aria-describedby="DirectorInfoTable_dinNumber"]:not([style*="display:none"]". Did you mean to CSS.escape it?
2025-10-16 15:06:35,578 - INFO - Loader disappeared.
2025-10-16 15:06:37,129 - INFO - Loader disappeared.
2025-10-16 15:06:38,147 - INFO - Found 3 director rows.
2025-10-16 15:06:38,164 - ERROR - Error parsing or fetching directors: Locator.count: Unexpected token "" while parsing css selector "td[aria-describedby="DirectorInfoTable_dinNumber"]:not([style*="display:none"]". Did you mean to CSS.escape it?
2025-10-16 15:06:44,457 - INFO - Loader disappeared.
2025-10-16 15:06:45,656 - INFO - Loader disappeared.
2025-10-16 15:06:46,727 - INFO - Found 5 director rows.
2025-10-16 15:06:46,767 - ERROR - Error parsing or fetching directors: Locator.count: Unexpected token "" while parsing css selector "td[aria-describedby="DirectorInfoTable_dinNumber"]:not([style*="display:none"]". Did you mean to CSS.escape it?
2025-10-16 15:06:53,094 - INFO - Loader disappeared.
2025-10-16 15:06:54,826 - INFO - Loader disappeared.
2025-10-16 15:06:55,877 - INFO - Found 3 director rows.
2025-10-16 15:06:55,903 - ERROR - Error parsing or fetching directors: Locator.count: Unexpected token "" while parsing css selector "td[aria-describedby="DirectorInfoTable_dinNumber"]:not([style*="display:none"]". Did you mean to CSS.escape it?
2025-10-16 15:07:02,550 - INFO - Loader disappeared.
2025-10-16 15:07:03,766 - INFO - Loader disappeared.
2025-10-16 15:07:04,831 - INFO - Found 1 director rows.
2025-10-16 15:07:04,857 - ERROR - Error parsing or fetching directors: Locator.count: Unexpected token "" while parsing css selector "td[aria-describedby="DirectorInfoTable_dinNumber"]:not([style*="display:none"]". Did you mean to CSS.escape it?
2025-10-16 15:07:10,970 - INFO - Loader disappeared.
2025-10-16 15:07:12,522 - INFO - Loader disappeared.
2025-10-16 15:07:13,551 - INFO - Found 1 director rows.
2025-10-16 15:07:13,572 - ERROR - Error parsing or fetching directors: Locator.count: Unexpected token "" while parsing css selector "td[aria-describedby="DirectorInfoTable_dinNumber"]:not([style*="display:none"]". Did you mean to CSS.escape it?
