2025-10-14 16:50:23,654 - INFO - Running script...
2025-10-14 16:50:23,657 - INFO - Starting batch search for date: 30-11-24
2025-10-14 16:50:25,044 - INFO - Browser launched.
2025-10-14 16:50:27,268 - INFO - Page loaded.
2025-10-14 16:50:27,270 - INFO - Performing search for date:30-11-24, state:HONG KONG, Defaulters type:>25 lacs
2025-10-14 16:50:31,197 - INFO - Waiting for search results...
2025-10-14 16:50:31,220 - INFO - Loader disappeared after clicking Search.
2025-10-14 16:50:38,816 - INFO - Pagination text: View 1 - 2 of 2
2025-10-14 16:50:38,816 - INFO - Fetched 2 out of 2 rows.
2025-10-14 16:50:38,818 - INFO - Pagination limit = 1
2025-10-14 16:50:38,831 - INFO - Found 2 rows.
2025-10-14 16:50:39,035 - INFO - Row 1/2 extracted.
2025-10-14 16:50:39,234 - INFO - Row 2/2 extracted.
2025-10-14 16:50:39,624 - ERROR - Error for HONG KONG: No module named 'openpyxl'
2025-10-14 16:50:40,850 - INFO - Browser launched.
2025-10-14 16:50:43,065 - INFO - Page loaded.
2025-10-14 16:50:43,066 - INFO - Performing search for date:30-11-24, state:HYDERABAD, Defaulters type:>25 lacs
2025-10-14 16:50:45,780 - INFO - Waiting for search results...
2025-10-14 16:50:45,803 - INFO - Loader disappeared after clicking Search.
2025-10-14 16:50:49,100 - ERROR - Future exception was never retrieved
future: <Future finished exception=TargetClosedError('Target page, context or browser has been closed')>
playwright._impl._errors.TargetClosedError: Target page, context or browser has been closed
