2025-10-16 16:44:03,779 - INFO - Running script...
2025-10-16 16:44:03,782 - INFO - Starting batch search for date: 31-12-24
2025-10-16 16:44:06,025 - INFO - Browser launched.
2025-10-16 16:44:08,409 - INFO - Page loaded.
2025-10-16 16:44:08,410 - INFO - Performing search for date:31-12-24, state:MAHARASHTRA, Defaulters type:1 crore
2025-10-16 16:44:39,735 - ERROR - Error for MAHARASHTRA: Page.select_option: Timeout 30000ms exceeded.
Call log:
  - waiting for locator("select#quarterIdCrore")
    - locator resolved to <select disabled class="select" id="quarterIdCrore" name="quarterIdCrore">…</select>
  - attempting select option action
    2 × waiting for element to be visible and enabled
      - element is not enabled
    - retrying select option action
    - waiting 20ms
    2 × waiting for element to be visible and enabled
      - element is not enabled
    - retrying select option action
      - waiting 100ms
    58 × waiting for element to be visible and enabled
       - element is not enabled
     - retrying select option action
       - waiting 500ms

