2025-10-14 16:10:57,380 - INFO - Running script...
2025-10-14 16:10:57,383 - INFO - Starting batch search for date: 30-11-24
2025-10-14 16:10:58,663 - INFO - Browser launched.
2025-10-14 16:10:59,970 - INFO - Page loaded.
2025-10-14 16:10:59,971 - INFO - Performing search for date:30-11-24, state:ANDAMAN AND NICOBAR ISLANDS, Defaulters type:>25 lacs
2025-10-14 16:11:03,233 - INFO - Waiting for search results...
2025-10-14 16:11:03,277 - INFO - Loader disappeared after clicking Search.
2025-10-14 16:11:10,872 - INFO - Pagination text: No Records
2025-10-14 16:11:10,873 - INFO - Found no records for given state
2025-10-14 16:11:10,914 - INFO - Fetched 0 out of 0 rows.
2025-10-14 16:11:10,914 - INFO - Pagination limit = 0
2025-10-14 16:11:41,280 - ERROR - Error for ANDAMAN AND NICOBAR ISLANDS: Page.wait_for_selector: Timeout 30000ms exceeded.
Call log:
  - waiting for locator("table.ui-jqgrid-btable tr.jqgrow") to be visible

2025-10-14 16:11:42,462 - INFO - Browser launched.
2025-10-14 16:11:43,578 - INFO - Page loaded.
2025-10-14 16:11:43,580 - INFO - Performing search for date:30-11-24, state:ANDHRA PRADESH, Defaulters type:>25 lacs
2025-10-14 16:11:47,376 - INFO - Waiting for search results...
2025-10-14 16:11:47,406 - INFO - Loader disappeared after clicking Search.
2025-10-14 16:11:55,026 - INFO - Pagination text: View 1 - 992 of 992
2025-10-14 16:11:55,026 - INFO - Fetched 992 out of 992 rows.
2025-10-14 16:11:55,026 - INFO - Pagination limit = 1
2025-10-14 16:11:55,052 - INFO - Found 992 rows.
2025-10-14 16:11:55,498 - INFO - Row 1/992 extracted.
2025-10-14 16:11:55,892 - INFO - Row 2/992 extracted.
2025-10-14 16:11:56,299 - INFO - Row 3/992 extracted.
2025-10-14 16:11:56,747 - INFO - Row 4/992 extracted.
2025-10-14 16:11:57,151 - INFO - Row 5/992 extracted.
2025-10-14 16:11:57,535 - INFO - Row 6/992 extracted.
2025-10-14 16:11:57,933 - INFO - Row 7/992 extracted.
2025-10-14 16:11:58,309 - INFO - Row 8/992 extracted.
2025-10-14 16:11:58,702 - INFO - Row 9/992 extracted.
2025-10-14 16:11:59,096 - INFO - Row 10/992 extracted.
2025-10-14 16:11:59,475 - INFO - Row 11/992 extracted.
2025-10-14 16:11:59,873 - INFO - Row 12/992 extracted.
2025-10-14 16:12:00,253 - INFO - Row 13/992 extracted.
2025-10-14 16:12:00,717 - INFO - Row 14/992 extracted.
2025-10-14 16:12:01,098 - INFO - Row 15/992 extracted.
2025-10-14 16:12:01,496 - INFO - Row 16/992 extracted.
2025-10-14 16:12:01,877 - INFO - Row 17/992 extracted.
2025-10-14 16:12:02,259 - INFO - Row 18/992 extracted.
2025-10-14 16:12:02,662 - INFO - Row 19/992 extracted.
2025-10-14 16:12:03,052 - INFO - Row 20/992 extracted.
2025-10-14 16:12:03,450 - INFO - Row 21/992 extracted.
2025-10-14 16:12:03,837 - INFO - Row 22/992 extracted.
2025-10-14 16:12:04,239 - INFO - Row 23/992 extracted.
2025-10-14 16:12:04,622 - INFO - Row 24/992 extracted.
2025-10-14 16:12:05,012 - INFO - Row 25/992 extracted.
2025-10-14 16:12:05,431 - INFO - Row 26/992 extracted.
2025-10-14 16:12:05,834 - INFO - Row 27/992 extracted.
2025-10-14 16:12:06,263 - INFO - Row 28/992 extracted.
2025-10-14 16:12:06,664 - INFO - Row 29/992 extracted.
2025-10-14 16:12:07,081 - INFO - Row 30/992 extracted.
2025-10-14 16:12:07,569 - INFO - Row 31/992 extracted.
2025-10-14 16:12:07,968 - INFO - Row 32/992 extracted.
2025-10-14 16:12:08,388 - INFO - Row 33/992 extracted.
2025-10-14 16:12:08,811 - INFO - Row 34/992 extracted.
2025-10-14 16:12:09,219 - INFO - Row 35/992 extracted.
2025-10-14 16:12:09,601 - INFO - Row 36/992 extracted.
2025-10-14 16:12:10,005 - INFO - Row 37/992 extracted.
2025-10-14 16:12:10,391 - INFO - Row 38/992 extracted.
2025-10-14 16:12:10,774 - INFO - Row 39/992 extracted.
2025-10-14 16:12:11,178 - INFO - Row 40/992 extracted.
2025-10-14 16:12:11,566 - INFO - Row 41/992 extracted.
2025-10-14 16:12:11,968 - INFO - Row 42/992 extracted.
2025-10-14 16:12:12,390 - INFO - Row 43/992 extracted.
2025-10-14 16:12:12,797 - INFO - Row 44/992 extracted.
2025-10-14 16:12:13,223 - INFO - Row 45/992 extracted.
2025-10-14 16:12:13,618 - INFO - Row 46/992 extracted.
2025-10-14 16:12:14,025 - INFO - Row 47/992 extracted.
2025-10-14 16:12:14,500 - INFO - Row 48/992 extracted.
2025-10-14 16:12:14,997 - INFO - Row 49/992 extracted.
2025-10-14 16:12:15,404 - INFO - Row 50/992 extracted.
2025-10-14 16:12:15,870 - INFO - Row 51/992 extracted.
2025-10-14 16:12:16,285 - INFO - Row 52/992 extracted.
2025-10-14 16:12:16,796 - INFO - Row 53/992 extracted.
2025-10-14 16:12:17,292 - INFO - Row 54/992 extracted.
2025-10-14 16:12:17,694 - INFO - Row 55/992 extracted.
2025-10-14 16:12:18,124 - INFO - Row 56/992 extracted.
2025-10-14 16:12:18,515 - INFO - Row 57/992 extracted.
2025-10-14 16:12:18,920 - INFO - Row 58/992 extracted.
2025-10-14 16:12:19,339 - INFO - Row 59/992 extracted.
2025-10-14 16:12:19,793 - INFO - Row 60/992 extracted.
2025-10-14 16:12:20,219 - INFO - Row 61/992 extracted.
2025-10-14 16:12:20,637 - INFO - Row 62/992 extracted.
2025-10-14 16:12:21,052 - INFO - Row 63/992 extracted.
2025-10-14 16:12:21,434 - INFO - Row 64/992 extracted.
2025-10-14 16:12:21,819 - INFO - Row 65/992 extracted.
2025-10-14 16:12:22,260 - INFO - Row 66/992 extracted.
2025-10-14 16:12:22,667 - INFO - Row 67/992 extracted.
2025-10-14 16:12:23,153 - INFO - Row 68/992 extracted.
2025-10-14 16:12:23,592 - INFO - Row 69/992 extracted.
2025-10-14 16:12:24,048 - INFO - Row 70/992 extracted.
2025-10-14 16:12:24,531 - INFO - Row 71/992 extracted.
2025-10-14 16:12:24,990 - INFO - Row 72/992 extracted.
2025-10-14 16:12:25,474 - INFO - Row 73/992 extracted.
2025-10-14 16:12:25,881 - INFO - Row 74/992 extracted.
2025-10-14 16:12:26,300 - INFO - Row 75/992 extracted.
2025-10-14 16:12:26,755 - INFO - Row 76/992 extracted.
2025-10-14 16:12:27,184 - INFO - Row 77/992 extracted.
2025-10-14 16:12:27,580 - INFO - Row 78/992 extracted.
2025-10-14 16:12:27,979 - INFO - Row 79/992 extracted.
2025-10-14 16:12:28,379 - INFO - Row 80/992 extracted.
2025-10-14 16:12:28,757 - INFO - Row 81/992 extracted.
2025-10-14 16:12:29,136 - INFO - Row 82/992 extracted.
2025-10-14 16:12:29,533 - INFO - Row 83/992 extracted.
2025-10-14 16:12:29,915 - INFO - Row 84/992 extracted.
2025-10-14 16:12:30,312 - INFO - Row 85/992 extracted.
2025-10-14 16:12:30,702 - INFO - Row 86/992 extracted.
2025-10-14 16:12:31,105 - INFO - Row 87/992 extracted.
2025-10-14 16:12:31,485 - INFO - Row 88/992 extracted.
2025-10-14 16:12:31,867 - INFO - Row 89/992 extracted.
2025-10-14 16:12:32,275 - INFO - Row 90/992 extracted.
2025-10-14 16:12:32,660 - INFO - Row 91/992 extracted.
2025-10-14 16:12:33,064 - INFO - Row 92/992 extracted.
2025-10-14 16:12:33,477 - INFO - Row 93/992 extracted.
2025-10-14 16:12:33,875 - INFO - Row 94/992 extracted.
2025-10-14 16:12:34,296 - INFO - Row 95/992 extracted.
2025-10-14 16:12:34,696 - INFO - Row 96/992 extracted.
2025-10-14 16:12:35,130 - INFO - Row 97/992 extracted.
2025-10-14 16:12:35,517 - INFO - Row 98/992 extracted.
2025-10-14 16:12:35,904 - INFO - Row 99/992 extracted.
2025-10-14 16:12:36,303 - INFO - Row 100/992 extracted.
2025-10-14 16:12:36,688 - INFO - Row 101/992 extracted.
2025-10-14 16:12:37,089 - INFO - Row 102/992 extracted.
2025-10-14 16:12:37,477 - INFO - Row 103/992 extracted.
2025-10-14 16:12:37,875 - INFO - Row 104/992 extracted.
2025-10-14 16:12:38,262 - INFO - Row 105/992 extracted.
2025-10-14 16:12:38,640 - INFO - Row 106/992 extracted.
2025-10-14 16:12:39,043 - INFO - Row 107/992 extracted.
2025-10-14 16:12:39,423 - INFO - Row 108/992 extracted.
2025-10-14 16:12:39,819 - INFO - Row 109/992 extracted.
2025-10-14 16:12:40,204 - INFO - Row 110/992 extracted.
2025-10-14 16:12:40,585 - INFO - Row 111/992 extracted.
2025-10-14 16:12:40,985 - INFO - Row 112/992 extracted.
2025-10-14 16:12:41,367 - INFO - Row 113/992 extracted.
2025-10-14 16:12:41,766 - INFO - Row 114/992 extracted.
2025-10-14 16:12:42,149 - INFO - Row 115/992 extracted.
2025-10-14 16:12:42,531 - INFO - Row 116/992 extracted.
2025-10-14 16:12:42,933 - INFO - Row 117/992 extracted.
2025-10-14 16:12:43,316 - INFO - Row 118/992 extracted.
2025-10-14 16:12:43,717 - INFO - Row 119/992 extracted.
2025-10-14 16:12:44,098 - INFO - Row 120/992 extracted.
2025-10-14 16:12:44,475 - INFO - Row 121/992 extracted.
2025-10-14 16:12:44,881 - INFO - Row 122/992 extracted.
2025-10-14 16:12:45,261 - INFO - Row 123/992 extracted.
2025-10-14 16:12:45,666 - INFO - Row 124/992 extracted.
2025-10-14 16:12:46,045 - INFO - Row 125/992 extracted.
2025-10-14 16:12:46,421 - INFO - Row 126/992 extracted.
2025-10-14 16:12:46,822 - INFO - Row 127/992 extracted.
2025-10-14 16:12:47,199 - INFO - Row 128/992 extracted.
2025-10-14 16:12:47,602 - INFO - Row 129/992 extracted.
2025-10-14 16:12:47,977 - INFO - Row 130/992 extracted.
2025-10-14 16:12:48,358 - INFO - Row 131/992 extracted.
2025-10-14 16:12:48,759 - INFO - Row 132/992 extracted.
2025-10-14 16:12:49,143 - INFO - Row 133/992 extracted.
2025-10-14 16:12:49,547 - INFO - Row 134/992 extracted.
2025-10-14 16:12:49,925 - INFO - Row 135/992 extracted.
2025-10-14 16:12:50,301 - INFO - Row 136/992 extracted.
2025-10-14 16:12:50,703 - INFO - Row 137/992 extracted.
2025-10-14 16:12:51,105 - INFO - Row 138/992 extracted.
2025-10-14 16:12:51,507 - INFO - Row 139/992 extracted.
2025-10-14 16:12:51,886 - INFO - Row 140/992 extracted.
2025-10-14 16:12:52,274 - INFO - Row 141/992 extracted.
2025-10-14 16:12:52,674 - INFO - Row 142/992 extracted.
2025-10-14 16:12:53,055 - INFO - Row 143/992 extracted.
2025-10-14 16:12:53,454 - INFO - Row 144/992 extracted.
2025-10-14 16:12:53,836 - INFO - Row 145/992 extracted.
2025-10-14 16:12:54,218 - INFO - Row 146/992 extracted.
2025-10-14 16:12:54,610 - INFO - Row 147/992 extracted.
2025-10-14 16:12:54,990 - INFO - Row 148/992 extracted.
2025-10-14 16:12:55,423 - INFO - Row 149/992 extracted.
2025-10-14 16:12:55,806 - INFO - Row 150/992 extracted.
2025-10-14 16:12:56,187 - INFO - Row 151/992 extracted.
2025-10-14 16:12:56,586 - INFO - Row 152/992 extracted.
2025-10-14 16:12:56,961 - INFO - Row 153/992 extracted.
2025-10-14 16:12:57,366 - INFO - Row 154/992 extracted.
2025-10-14 16:12:57,748 - INFO - Row 155/992 extracted.
2025-10-14 16:12:58,149 - INFO - Row 156/992 extracted.
2025-10-14 16:12:58,526 - INFO - Row 157/992 extracted.
2025-10-14 16:12:58,904 - INFO - Row 158/992 extracted.
2025-10-14 16:12:59,303 - INFO - Row 159/992 extracted.
2025-10-14 16:12:59,683 - INFO - Row 160/992 extracted.
2025-10-14 16:13:00,092 - INFO - Row 161/992 extracted.
2025-10-14 16:13:00,471 - INFO - Row 162/992 extracted.
2025-10-14 16:13:00,851 - INFO - Row 163/992 extracted.
2025-10-14 16:13:01,255 - INFO - Row 164/992 extracted.
2025-10-14 16:13:01,638 - INFO - Row 165/992 extracted.
2025-10-14 16:13:02,038 - INFO - Row 166/992 extracted.
2025-10-14 16:13:02,414 - INFO - Row 167/992 extracted.
2025-10-14 16:13:02,797 - INFO - Row 168/992 extracted.
2025-10-14 16:13:03,200 - INFO - Row 169/992 extracted.
2025-10-14 16:13:03,576 - INFO - Row 170/992 extracted.
2025-10-14 16:13:03,979 - INFO - Row 171/992 extracted.
2025-10-14 16:13:04,359 - INFO - Row 172/992 extracted.
2025-10-14 16:13:04,739 - INFO - Row 173/992 extracted.
2025-10-14 16:13:05,143 - INFO - Row 174/992 extracted.
2025-10-14 16:13:05,530 - INFO - Row 175/992 extracted.
2025-10-14 16:13:05,932 - INFO - Row 176/992 extracted.
2025-10-14 16:13:06,318 - INFO - Row 177/992 extracted.
2025-10-14 16:13:06,698 - INFO - Row 178/992 extracted.
2025-10-14 16:13:07,101 - INFO - Row 179/992 extracted.
2025-10-14 16:13:07,484 - INFO - Row 180/992 extracted.
2025-10-14 16:13:07,884 - INFO - Row 181/992 extracted.
2025-10-14 16:13:08,261 - INFO - Row 182/992 extracted.
2025-10-14 16:13:08,644 - INFO - Row 183/992 extracted.
2025-10-14 16:13:09,042 - INFO - Row 184/992 extracted.
2025-10-14 16:13:09,422 - INFO - Row 185/992 extracted.
2025-10-14 16:13:09,823 - INFO - Row 186/992 extracted.
2025-10-14 16:13:10,229 - INFO - Row 187/992 extracted.
2025-10-14 16:13:10,651 - INFO - Row 188/992 extracted.
2025-10-14 16:13:11,059 - INFO - Row 189/992 extracted.
2025-10-14 16:13:11,464 - INFO - Row 190/992 extracted.
2025-10-14 16:13:11,869 - INFO - Row 191/992 extracted.
2025-10-14 16:13:12,258 - INFO - Row 192/992 extracted.
2025-10-14 16:13:12,640 - INFO - Row 193/992 extracted.
2025-10-14 16:13:13,047 - INFO - Row 194/992 extracted.
2025-10-14 16:13:13,430 - INFO - Row 195/992 extracted.
2025-10-14 16:13:13,835 - INFO - Row 196/992 extracted.
2025-10-14 16:13:14,229 - INFO - Row 197/992 extracted.
2025-10-14 16:13:14,650 - INFO - Row 198/992 extracted.
2025-10-14 16:13:15,068 - INFO - Row 199/992 extracted.
2025-10-14 16:13:15,465 - INFO - Row 200/992 extracted.
2025-10-14 16:13:15,872 - INFO - Row 201/992 extracted.
2025-10-14 16:13:16,257 - INFO - Row 202/992 extracted.
2025-10-14 16:13:16,643 - INFO - Row 203/992 extracted.
2025-10-14 16:13:17,043 - INFO - Row 204/992 extracted.
2025-10-14 16:13:17,424 - INFO - Row 205/992 extracted.
2025-10-14 16:13:17,830 - INFO - Row 206/992 extracted.
2025-10-14 16:13:18,229 - INFO - Row 207/992 extracted.
2025-10-14 16:13:18,614 - INFO - Row 208/992 extracted.
2025-10-14 16:13:19,021 - INFO - Row 209/992 extracted.
2025-10-14 16:13:19,399 - INFO - Row 210/992 extracted.
2025-10-14 16:13:19,802 - INFO - Row 211/992 extracted.
2025-10-14 16:13:20,184 - INFO - Row 212/992 extracted.
2025-10-14 16:13:20,567 - INFO - Row 213/992 extracted.
2025-10-14 16:13:20,967 - INFO - Row 214/992 extracted.
2025-10-14 16:13:21,349 - INFO - Row 215/992 extracted.
2025-10-14 16:13:21,751 - INFO - Row 216/992 extracted.
2025-10-14 16:13:22,139 - INFO - Row 217/992 extracted.
2025-10-14 16:13:22,524 - INFO - Row 218/992 extracted.
2025-10-14 16:13:22,923 - INFO - Row 219/992 extracted.
2025-10-14 16:13:23,326 - INFO - Row 220/992 extracted.
2025-10-14 16:13:23,750 - INFO - Row 221/992 extracted.
2025-10-14 16:13:24,133 - INFO - Row 222/992 extracted.
2025-10-14 16:13:24,534 - INFO - Row 223/992 extracted.
2025-10-14 16:13:24,915 - INFO - Row 224/992 extracted.
2025-10-14 16:13:25,292 - INFO - Row 225/992 extracted.
2025-10-14 16:13:25,692 - INFO - Row 226/992 extracted.
2025-10-14 16:13:26,071 - INFO - Row 227/992 extracted.
2025-10-14 16:13:26,449 - INFO - Row 228/992 extracted.
2025-10-14 16:13:26,856 - INFO - Row 229/992 extracted.
2025-10-14 16:13:27,234 - INFO - Row 230/992 extracted.
2025-10-14 16:13:27,634 - INFO - Row 231/992 extracted.
2025-10-14 16:13:28,015 - INFO - Row 232/992 extracted.
2025-10-14 16:13:28,396 - INFO - Row 233/992 extracted.
2025-10-14 16:13:28,797 - INFO - Row 234/992 extracted.
2025-10-14 16:13:29,176 - INFO - Row 235/992 extracted.
2025-10-14 16:13:29,574 - INFO - Row 236/992 extracted.
2025-10-14 16:13:29,959 - INFO - Row 237/992 extracted.
2025-10-14 16:13:30,359 - INFO - Row 238/992 extracted.
2025-10-14 16:13:30,740 - INFO - Row 239/992 extracted.
2025-10-14 16:13:31,117 - INFO - Row 240/992 extracted.
2025-10-14 16:13:31,516 - INFO - Row 241/992 extracted.
2025-10-14 16:13:31,897 - INFO - Row 242/992 extracted.
2025-10-14 16:13:32,282 - INFO - Row 243/992 extracted.
2025-10-14 16:13:32,678 - INFO - Row 244/992 extracted.
2025-10-14 16:13:33,060 - INFO - Row 245/992 extracted.
2025-10-14 16:13:33,460 - INFO - Row 246/992 extracted.
2025-10-14 16:13:33,837 - INFO - Row 247/992 extracted.
2025-10-14 16:13:34,225 - INFO - Row 248/992 extracted.
2025-10-14 16:13:34,639 - INFO - Row 249/992 extracted.
2025-10-14 16:13:35,095 - INFO - Row 250/992 extracted.
2025-10-14 16:13:35,504 - INFO - Row 251/992 extracted.
2025-10-14 16:13:35,884 - INFO - Row 252/992 extracted.
2025-10-14 16:13:36,389 - INFO - Row 253/992 extracted.
2025-10-14 16:13:36,869 - INFO - Row 254/992 extracted.
2025-10-14 16:13:37,249 - INFO - Row 255/992 extracted.
2025-10-14 16:13:37,652 - INFO - Row 256/992 extracted.
2025-10-14 16:13:38,032 - INFO - Row 257/992 extracted.
2025-10-14 16:13:38,412 - INFO - Row 258/992 extracted.
2025-10-14 16:13:38,812 - INFO - Row 259/992 extracted.
2025-10-14 16:13:39,191 - INFO - Row 260/992 extracted.
2025-10-14 16:13:39,592 - INFO - Row 261/992 extracted.
2025-10-14 16:13:39,973 - INFO - Row 262/992 extracted.
2025-10-14 16:13:40,358 - INFO - Row 263/992 extracted.
2025-10-14 16:13:40,780 - INFO - Row 264/992 extracted.
2025-10-14 16:13:41,163 - INFO - Row 265/992 extracted.
2025-10-14 16:13:41,565 - INFO - Row 266/992 extracted.
2025-10-14 16:13:41,947 - INFO - Row 267/992 extracted.
2025-10-14 16:13:42,387 - INFO - Row 268/992 extracted.
2025-10-14 16:13:42,803 - INFO - Row 269/992 extracted.
2025-10-14 16:13:43,186 - INFO - Row 270/992 extracted.
2025-10-14 16:13:43,590 - INFO - Row 271/992 extracted.
2025-10-14 16:13:43,968 - INFO - Row 272/992 extracted.
2025-10-14 16:13:44,350 - INFO - Row 273/992 extracted.
2025-10-14 16:13:44,751 - INFO - Row 274/992 extracted.
2025-10-14 16:13:45,134 - INFO - Row 275/992 extracted.
2025-10-14 16:13:45,538 - INFO - Row 276/992 extracted.
2025-10-14 16:13:45,922 - INFO - Row 277/992 extracted.
2025-10-14 16:13:46,334 - INFO - Row 278/992 extracted.
2025-10-14 16:13:46,770 - INFO - Row 279/992 extracted.
2025-10-14 16:13:47,157 - INFO - Row 280/992 extracted.
2025-10-14 16:13:47,558 - INFO - Row 281/992 extracted.
2025-10-14 16:13:47,935 - INFO - Row 282/992 extracted.
2025-10-14 16:13:48,340 - INFO - Row 283/992 extracted.
2025-10-14 16:13:48,720 - INFO - Row 284/992 extracted.
2025-10-14 16:13:49,099 - INFO - Row 285/992 extracted.
2025-10-14 16:13:49,498 - INFO - Row 286/992 extracted.
2025-10-14 16:13:49,879 - INFO - Row 287/992 extracted.
2025-10-14 16:13:50,279 - INFO - Row 288/992 extracted.
2025-10-14 16:13:50,657 - INFO - Row 289/992 extracted.
2025-10-14 16:13:51,042 - INFO - Row 290/992 extracted.
2025-10-14 16:13:51,441 - INFO - Row 291/992 extracted.
2025-10-14 16:13:51,818 - INFO - Row 292/992 extracted.
2025-10-14 16:13:52,221 - INFO - Row 293/992 extracted.
2025-10-14 16:13:52,598 - INFO - Row 294/992 extracted.
2025-10-14 16:13:52,976 - INFO - Row 295/992 extracted.
2025-10-14 16:13:53,377 - INFO - Row 296/992 extracted.
2025-10-14 16:13:53,765 - INFO - Row 297/992 extracted.
2025-10-14 16:13:54,173 - INFO - Row 298/992 extracted.
2025-10-14 16:13:54,549 - INFO - Row 299/992 extracted.
2025-10-14 16:13:54,928 - INFO - Row 300/992 extracted.
2025-10-14 16:13:55,329 - INFO - Row 301/992 extracted.
2025-10-14 16:13:55,712 - INFO - Row 302/992 extracted.
2025-10-14 16:13:56,108 - INFO - Row 303/992 extracted.
2025-10-14 16:13:56,499 - INFO - Row 304/992 extracted.
2025-10-14 16:13:56,882 - INFO - Row 305/992 extracted.
2025-10-14 16:13:57,294 - INFO - Row 306/992 extracted.
2025-10-14 16:13:57,678 - INFO - Row 307/992 extracted.
2025-10-14 16:13:58,059 - INFO - Row 308/992 extracted.
2025-10-14 16:13:58,454 - INFO - Row 309/992 extracted.
2025-10-14 16:13:58,834 - INFO - Row 310/992 extracted.
2025-10-14 16:13:59,246 - INFO - Row 311/992 extracted.
2025-10-14 16:13:59,626 - INFO - Row 312/992 extracted.
2025-10-14 16:14:00,007 - INFO - Row 313/992 extracted.
2025-10-14 16:14:00,415 - INFO - Row 314/992 extracted.
2025-10-14 16:14:00,792 - INFO - Row 315/992 extracted.
2025-10-14 16:14:01,192 - INFO - Row 316/992 extracted.
2025-10-14 16:14:01,579 - INFO - Row 317/992 extracted.
2025-10-14 16:14:01,955 - INFO - Row 318/992 extracted.
2025-10-14 16:14:02,352 - INFO - Row 319/992 extracted.
2025-10-14 16:14:02,735 - INFO - Row 320/992 extracted.
2025-10-14 16:14:03,136 - INFO - Row 321/992 extracted.
2025-10-14 16:14:03,515 - INFO - Row 322/992 extracted.
2025-10-14 16:14:03,899 - INFO - Row 323/992 extracted.
2025-10-14 16:14:04,304 - INFO - Row 324/992 extracted.
2025-10-14 16:14:04,689 - INFO - Row 325/992 extracted.
2025-10-14 16:14:05,091 - INFO - Row 326/992 extracted.
2025-10-14 16:14:05,469 - INFO - Row 327/992 extracted.
2025-10-14 16:14:05,853 - INFO - Row 328/992 extracted.
2025-10-14 16:14:06,256 - INFO - Row 329/992 extracted.
2025-10-14 16:14:06,639 - INFO - Row 330/992 extracted.
2025-10-14 16:14:07,041 - INFO - Row 331/992 extracted.
2025-10-14 16:14:07,422 - INFO - Row 332/992 extracted.
2025-10-14 16:14:07,804 - INFO - Row 333/992 extracted.
2025-10-14 16:14:08,203 - INFO - Row 334/992 extracted.
2025-10-14 16:14:08,586 - INFO - Row 335/992 extracted.
2025-10-14 16:14:09,004 - INFO - Row 336/992 extracted.
2025-10-14 16:14:09,396 - INFO - Row 337/992 extracted.
2025-10-14 16:14:09,839 - INFO - Row 338/992 extracted.
2025-10-14 16:14:10,302 - INFO - Row 339/992 extracted.
2025-10-14 16:14:10,717 - INFO - Row 340/992 extracted.
2025-10-14 16:14:11,101 - INFO - Row 341/992 extracted.
2025-10-14 16:14:11,505 - INFO - Row 342/992 extracted.
2025-10-14 16:14:11,889 - INFO - Row 343/992 extracted.
2025-10-14 16:14:12,289 - INFO - Row 344/992 extracted.
2025-10-14 16:14:12,667 - INFO - Row 345/992 extracted.
2025-10-14 16:14:13,048 - INFO - Row 346/992 extracted.
2025-10-14 16:14:13,447 - INFO - Row 347/992 extracted.
2025-10-14 16:14:13,827 - INFO - Row 348/992 extracted.
2025-10-14 16:14:14,244 - INFO - Row 349/992 extracted.
2025-10-14 16:14:14,631 - INFO - Row 350/992 extracted.
2025-10-14 16:14:15,017 - INFO - Row 351/992 extracted.
2025-10-14 16:14:15,408 - INFO - Row 352/992 extracted.
2025-10-14 16:14:15,786 - INFO - Row 353/992 extracted.
2025-10-14 16:14:16,188 - INFO - Row 354/992 extracted.
2025-10-14 16:14:16,574 - INFO - Row 355/992 extracted.
2025-10-14 16:14:16,957 - INFO - Row 356/992 extracted.
2025-10-14 16:14:17,357 - INFO - Row 357/992 extracted.
2025-10-14 16:14:17,737 - INFO - Row 358/992 extracted.
2025-10-14 16:14:18,136 - INFO - Row 359/992 extracted.
2025-10-14 16:14:18,516 - INFO - Row 360/992 extracted.
2025-10-14 16:14:18,896 - INFO - Row 361/992 extracted.
2025-10-14 16:14:19,296 - INFO - Row 362/992 extracted.
2025-10-14 16:14:19,676 - INFO - Row 363/992 extracted.
2025-10-14 16:14:20,080 - INFO - Row 364/992 extracted.
2025-10-14 16:14:20,463 - INFO - Row 365/992 extracted.
2025-10-14 16:14:20,844 - INFO - Row 366/992 extracted.
2025-10-14 16:14:21,241 - INFO - Row 367/992 extracted.
2025-10-14 16:14:21,620 - INFO - Row 368/992 extracted.
2025-10-14 16:14:22,018 - INFO - Row 369/992 extracted.
2025-10-14 16:14:22,397 - INFO - Row 370/992 extracted.
2025-10-14 16:14:22,781 - INFO - Row 371/992 extracted.
2025-10-14 16:14:23,180 - INFO - Row 372/992 extracted.
2025-10-14 16:14:23,559 - INFO - Row 373/992 extracted.
2025-10-14 16:14:23,961 - INFO - Row 374/992 extracted.
2025-10-14 16:14:24,339 - INFO - Row 375/992 extracted.
2025-10-14 16:14:24,717 - INFO - Row 376/992 extracted.
2025-10-14 16:14:25,142 - INFO - Row 377/992 extracted.
2025-10-14 16:14:25,521 - INFO - Row 378/992 extracted.
2025-10-14 16:14:25,924 - INFO - Row 379/992 extracted.
2025-10-14 16:14:26,303 - INFO - Row 380/992 extracted.
2025-10-14 16:14:26,683 - INFO - Row 381/992 extracted.
2025-10-14 16:14:27,085 - INFO - Row 382/992 extracted.
2025-10-14 16:14:27,465 - INFO - Row 383/992 extracted.
2025-10-14 16:14:27,887 - INFO - Row 384/992 extracted.
2025-10-14 16:14:28,266 - INFO - Row 385/992 extracted.
2025-10-14 16:14:28,644 - INFO - Row 386/992 extracted.
2025-10-14 16:14:29,053 - INFO - Row 387/992 extracted.
2025-10-14 16:14:29,432 - INFO - Row 388/992 extracted.
2025-10-14 16:14:29,835 - INFO - Row 389/992 extracted.
2025-10-14 16:14:30,215 - INFO - Row 390/992 extracted.
2025-10-14 16:14:30,593 - INFO - Row 391/992 extracted.
2025-10-14 16:14:30,996 - INFO - Row 392/992 extracted.
2025-10-14 16:14:31,376 - INFO - Row 393/992 extracted.
2025-10-14 16:14:31,779 - INFO - Row 394/992 extracted.
2025-10-14 16:14:32,164 - INFO - Row 395/992 extracted.
2025-10-14 16:14:32,545 - INFO - Row 396/992 extracted.
2025-10-14 16:14:32,991 - INFO - Row 397/992 extracted.
2025-10-14 16:14:33,375 - INFO - Row 398/992 extracted.
2025-10-14 16:14:33,780 - INFO - Row 399/992 extracted.
2025-10-14 16:14:34,166 - INFO - Row 400/992 extracted.
2025-10-14 16:14:34,605 - INFO - Row 401/992 extracted.
2025-10-14 16:14:35,023 - INFO - Row 402/992 extracted.
2025-10-14 16:14:35,404 - INFO - Row 403/992 extracted.
2025-10-14 16:14:35,812 - INFO - Row 404/992 extracted.
2025-10-14 16:14:36,194 - INFO - Row 405/992 extracted.
2025-10-14 16:14:36,572 - INFO - Row 406/992 extracted.
2025-10-14 16:14:36,977 - INFO - Row 407/992 extracted.
2025-10-14 16:14:37,354 - INFO - Row 408/992 extracted.
2025-10-14 16:14:37,756 - INFO - Row 409/992 extracted.
2025-10-14 16:14:38,140 - INFO - Row 410/992 extracted.
2025-10-14 16:14:38,520 - INFO - Row 411/992 extracted.
2025-10-14 16:14:38,923 - INFO - Row 412/992 extracted.
2025-10-14 16:14:39,304 - INFO - Row 413/992 extracted.
2025-10-14 16:14:39,708 - INFO - Row 414/992 extracted.
2025-10-14 16:14:40,127 - INFO - Row 415/992 extracted.
2025-10-14 16:14:40,528 - INFO - Row 416/992 extracted.
2025-10-14 16:14:40,910 - INFO - Row 417/992 extracted.
2025-10-14 16:14:41,290 - INFO - Row 418/992 extracted.
2025-10-14 16:14:41,689 - INFO - Row 419/992 extracted.
2025-10-14 16:14:42,070 - INFO - Row 420/992 extracted.
2025-10-14 16:14:42,521 - INFO - Row 421/992 extracted.
2025-10-14 16:14:42,902 - INFO - Row 422/992 extracted.
2025-10-14 16:14:43,284 - INFO - Row 423/992 extracted.
2025-10-14 16:14:43,681 - INFO - Row 424/992 extracted.
2025-10-14 16:14:44,060 - INFO - Row 425/992 extracted.
2025-10-14 16:14:44,463 - INFO - Row 426/992 extracted.
2025-10-14 16:14:44,846 - INFO - Row 427/992 extracted.
2025-10-14 16:14:45,226 - INFO - Row 428/992 extracted.
2025-10-14 16:14:45,626 - INFO - Row 429/992 extracted.
2025-10-14 16:14:46,009 - INFO - Row 430/992 extracted.
2025-10-14 16:14:46,411 - INFO - Row 431/992 extracted.
2025-10-14 16:14:46,791 - INFO - Row 432/992 extracted.
2025-10-14 16:14:47,169 - INFO - Row 433/992 extracted.
2025-10-14 16:14:47,573 - INFO - Row 434/992 extracted.
2025-10-14 16:14:47,955 - INFO - Row 435/992 extracted.
2025-10-14 16:14:48,354 - INFO - Row 436/992 extracted.
2025-10-14 16:14:48,732 - INFO - Row 437/992 extracted.
2025-10-14 16:14:49,109 - INFO - Row 438/992 extracted.
2025-10-14 16:14:49,510 - INFO - Row 439/992 extracted.
2025-10-14 16:14:49,892 - INFO - Row 440/992 extracted.
2025-10-14 16:14:50,275 - INFO - Row 441/992 extracted.
2025-10-14 16:14:50,674 - INFO - Row 442/992 extracted.
2025-10-14 16:14:51,052 - INFO - Row 443/992 extracted.
2025-10-14 16:14:51,455 - INFO - Row 444/992 extracted.
2025-10-14 16:14:51,834 - INFO - Row 445/992 extracted.
2025-10-14 16:14:52,213 - INFO - Row 446/992 extracted.
2025-10-14 16:14:52,614 - INFO - Row 447/992 extracted.
2025-10-14 16:14:52,994 - INFO - Row 448/992 extracted.
2025-10-14 16:14:53,396 - INFO - Row 449/992 extracted.
2025-10-14 16:14:53,781 - INFO - Row 450/992 extracted.
2025-10-14 16:14:54,161 - INFO - Row 451/992 extracted.
2025-10-14 16:14:54,559 - INFO - Row 452/992 extracted.
2025-10-14 16:14:54,937 - INFO - Row 453/992 extracted.
2025-10-14 16:14:55,342 - INFO - Row 454/992 extracted.
2025-10-14 16:14:55,722 - INFO - Row 455/992 extracted.
2025-10-14 16:14:56,101 - INFO - Row 456/992 extracted.
2025-10-14 16:14:56,499 - INFO - Row 457/992 extracted.
2025-10-14 16:14:56,883 - INFO - Row 458/992 extracted.
2025-10-14 16:14:57,281 - INFO - Row 459/992 extracted.
2025-10-14 16:14:57,658 - INFO - Row 460/992 extracted.
2025-10-14 16:14:58,039 - INFO - Row 461/992 extracted.
2025-10-14 16:14:58,440 - INFO - Row 462/992 extracted.
2025-10-14 16:14:58,818 - INFO - Row 463/992 extracted.
2025-10-14 16:14:59,224 - INFO - Row 464/992 extracted.
2025-10-14 16:14:59,606 - INFO - Row 465/992 extracted.
2025-10-14 16:14:59,994 - INFO - Row 466/992 extracted.
2025-10-14 16:15:00,409 - INFO - Row 467/992 extracted.
2025-10-14 16:15:00,799 - INFO - Row 468/992 extracted.
2025-10-14 16:15:01,203 - INFO - Row 469/992 extracted.
2025-10-14 16:15:01,585 - INFO - Row 470/992 extracted.
2025-10-14 16:15:01,970 - INFO - Row 471/992 extracted.
2025-10-14 16:15:02,371 - INFO - Row 472/992 extracted.
2025-10-14 16:15:02,751 - INFO - Row 473/992 extracted.
2025-10-14 16:15:03,155 - INFO - Row 474/992 extracted.
2025-10-14 16:15:03,537 - INFO - Row 475/992 extracted.
2025-10-14 16:15:03,918 - INFO - Row 476/992 extracted.
2025-10-14 16:15:04,347 - INFO - Row 477/992 extracted.
2025-10-14 16:15:04,825 - INFO - Row 478/992 extracted.
2025-10-14 16:15:05,262 - INFO - Row 479/992 extracted.
2025-10-14 16:15:05,674 - INFO - Row 480/992 extracted.
2025-10-14 16:15:06,116 - INFO - Row 481/992 extracted.
2025-10-14 16:15:06,608 - INFO - Row 482/992 extracted.
2025-10-14 16:15:07,013 - INFO - Row 483/992 extracted.
2025-10-14 16:15:07,538 - INFO - Row 484/992 extracted.
2025-10-14 16:15:08,161 - INFO - Row 485/992 extracted.
2025-10-14 16:15:08,600 - INFO - Row 486/992 extracted.
2025-10-14 16:15:09,112 - INFO - Row 487/992 extracted.
2025-10-14 16:15:09,497 - INFO - Row 488/992 extracted.
2025-10-14 16:15:09,883 - INFO - Row 489/992 extracted.
2025-10-14 16:15:10,369 - INFO - Row 490/992 extracted.
2025-10-14 16:15:10,870 - INFO - Row 491/992 extracted.
2025-10-14 16:15:11,401 - INFO - Row 492/992 extracted.
2025-10-14 16:15:11,819 - INFO - Row 493/992 extracted.
2025-10-14 16:15:12,205 - INFO - Row 494/992 extracted.
2025-10-14 16:15:12,603 - INFO - Row 495/992 extracted.
2025-10-14 16:15:12,982 - INFO - Row 496/992 extracted.
2025-10-14 16:15:13,403 - INFO - Row 497/992 extracted.
2025-10-14 16:15:13,787 - INFO - Row 498/992 extracted.
2025-10-14 16:15:14,199 - INFO - Row 499/992 extracted.
2025-10-14 16:15:14,593 - INFO - Row 500/992 extracted.
2025-10-14 16:15:15,004 - INFO - Row 501/992 extracted.
2025-10-14 16:15:15,579 - INFO - Row 502/992 extracted.
2025-10-14 16:15:16,081 - INFO - Row 503/992 extracted.
2025-10-14 16:15:16,581 - INFO - Row 504/992 extracted.
2025-10-14 16:15:17,119 - INFO - Row 505/992 extracted.
2025-10-14 16:15:17,551 - INFO - Row 506/992 extracted.
2025-10-14 16:15:17,970 - INFO - Row 507/992 extracted.
2025-10-14 16:15:18,412 - INFO - Row 508/992 extracted.
2025-10-14 16:15:18,839 - INFO - Row 509/992 extracted.
2025-10-14 16:15:19,245 - INFO - Row 510/992 extracted.
2025-10-14 16:15:19,728 - INFO - Row 511/992 extracted.
2025-10-14 16:15:20,173 - INFO - Row 512/992 extracted.
2025-10-14 16:15:20,572 - INFO - Row 513/992 extracted.
2025-10-14 16:15:21,085 - INFO - Row 514/992 extracted.
2025-10-14 16:15:21,641 - INFO - Row 515/992 extracted.
2025-10-14 16:15:22,140 - INFO - Row 516/992 extracted.
2025-10-14 16:15:22,656 - INFO - Row 517/992 extracted.
2025-10-14 16:15:23,102 - INFO - Row 518/992 extracted.
2025-10-14 16:15:23,567 - INFO - Row 519/992 extracted.
2025-10-14 16:15:23,986 - INFO - Row 520/992 extracted.
2025-10-14 16:15:24,474 - INFO - Row 521/992 extracted.
2025-10-14 16:15:24,975 - INFO - Row 522/992 extracted.
2025-10-14 16:15:25,497 - INFO - Row 523/992 extracted.
2025-10-14 16:15:25,969 - INFO - Row 524/992 extracted.
2025-10-14 16:15:26,425 - INFO - Row 525/992 extracted.
2025-10-14 16:15:26,809 - INFO - Row 526/992 extracted.
2025-10-14 16:15:27,261 - INFO - Row 527/992 extracted.
2025-10-14 16:15:27,663 - INFO - Row 528/992 extracted.
2025-10-14 16:15:28,050 - INFO - Row 529/992 extracted.
2025-10-14 16:15:28,556 - INFO - Row 530/992 extracted.
2025-10-14 16:15:29,109 - INFO - Row 531/992 extracted.
2025-10-14 16:15:29,568 - INFO - Row 532/992 extracted.
2025-10-14 16:15:30,098 - INFO - Row 533/992 extracted.
2025-10-14 16:15:30,534 - INFO - Row 534/992 extracted.
2025-10-14 16:15:31,002 - INFO - Row 535/992 extracted.
2025-10-14 16:15:31,403 - INFO - Row 536/992 extracted.
2025-10-14 16:15:31,782 - INFO - Row 537/992 extracted.
2025-10-14 16:15:32,184 - INFO - Row 538/992 extracted.
2025-10-14 16:15:32,672 - ERROR - Future exception was never retrieved
future: <Future finished exception=TargetClosedError('Target page, context or browser has been closed')>
playwright._impl._errors.TargetClosedError: Target page, context or browser has been closed
