2025-10-17 14:47:58,026 - INFO - Running script...
2025-10-17 14:47:58,029 - INFO - Starting batch search for date: 31-12-24
2025-10-17 14:47:58,031 - DEBUG - Using proactor: IocpProactor
2025-10-17 14:48:02,330 - ERROR - Error for GUJARAT: BrowserType.launch: Executable doesn't exist at C:\Users\DELL\AppData\Local\Temp\_MEI80802\playwright\driver\package\.local-browsers\chromium-1187\chrome-win\chrome.exe
\u2554\u2550\u2550\u2550\u2550\u2550\u2550\u2550\u2550\u2550\u2550\u2550\u2550\u2550\u2550\u2550\u2550\u2550\u2550\u2550\u2550\u2550\u2550\u2550\u2550\u2550\u2550\u2550\u2550\u2550\u2550\u2550\u2550\u2550\u2550\u2550\u2550\u2550\u2550\u2550\u2550\u2550\u2550\u2550\u2550\u2550\u2550\u2550\u2550\u2550\u2550\u2550\u2550\u2550\u2550\u2550\u2550\u2550\u2550\u2550\u2550\u2557
\u2551 Looks like Playwright was just installed or updated.       \u2551
\u2551 Please run the following command to download new browsers: \u2551
\u2551                                                            \u2551
\u2551     playwright install                                     \u2551
\u2551                                                            \u2551
\u2551 <3 Playwright Team                                         \u2551
\u255a\u2550\u2550\u2550\u2550\u2550\u2550\u2550\u2550\u2550\u2550\u2550\u2550\u2550\u2550\u2550\u2550\u2550\u2550\u2550\u2550\u2550\u2550\u2550\u2550\u2550\u2550\u2550\u2550\u2550\u2550\u2550\u2550\u2550\u2550\u2550\u2550\u2550\u2550\u2550\u2550\u2550\u2550\u2550\u2550\u2550\u2550\u2550\u2550\u2550\u2550\u2550\u2550\u2550\u2550\u2550\u2550\u2550\u2550\u2550\u2550\u255d
2025-10-17 14:48:02,331 - DEBUG - Using proactor: IocpProactor
2025-10-17 14:48:04,096 - ERROR - Error for MAHARASHTRA: BrowserType.launch: Executable doesn't exist at C:\Users\DELL\AppData\Local\Temp\_MEI80802\playwright\driver\package\.local-browsers\chromium-1187\chrome-win\chrome.exe
\u2554\u2550\u2550\u2550\u2550\u2550\u2550\u2550\u2550\u2550\u2550\u2550\u2550\u2550\u2550\u2550\u2550\u2550\u2550\u2550\u2550\u2550\u2550\u2550\u2550\u2550\u2550\u2550\u2550\u2550\u2550\u2550\u2550\u2550\u2550\u2550\u2550\u2550\u2550\u2550\u2550\u2550\u2550\u2550\u2550\u2550\u2550\u2550\u2550\u2550\u2550\u2550\u2550\u2550\u2550\u2550\u2550\u2550\u2550\u2550\u2550\u2557
\u2551 Looks like Playwright was just installed or updated.       \u2551
\u2551 Please run the following command to download new browsers: \u2551
\u2551                                                            \u2551
\u2551     playwright install                                     \u2551
\u2551                                                            \u2551
\u2551 <3 Playwright Team                                         \u2551
\u255a\u2550\u2550\u2550\u2550\u2550\u2550\u2550\u2550\u2550\u2550\u2550\u2550\u2550\u2550\u2550\u2550\u2550\u2550\u2550\u2550\u2550\u2550\u2550\u2550\u2550\u2550\u2550\u2550\u2550\u2550\u2550\u2550\u2550\u2550\u2550\u2550\u2550\u2550\u2550\u2550\u2550\u2550\u2550\u2550\u2550\u2550\u2550\u2550\u2550\u2550\u2550\u2550\u2550\u2550\u2550\u2550\u2550\u2550\u2550\u2550\u255d
