2025-10-17 15:39:54,058 - INFO - Running script...
2025-10-17 15:39:54,060 - INFO - Starting batch search for date: 31-12-24
2025-10-17 15:39:54,062 - DEBUG - Using proactor: IocpProactor
2025-10-17 15:39:56,330 - INFO - Browser launched.
2025-10-17 15:39:58,716 - INFO - Page loaded.
2025-10-17 15:39:58,718 - INFO - Performing search for date:31-12-24, state:GUJARAT, Defaulters type:>25 lacs
2025-10-17 15:40:01,411 - INFO - Found 88 state options: ['ANDAMAN AND NICOBAR ISLANDS', 'ANDHRA PRADESH', 'ARUNACHAL PRADESH', 'ASSAM', 'BAHRAIN', 'BIHAR', 'CHANDIGARH', 'CHANDIGARH & DELHI', 'CHANDIGARH (U.T.) & DELHI', 'CHHATTISGARH', 'DADRA AND NAGAR HAVELI', 'DAMAN AND DIU', 'DELHI', 'GOA', 'GUJARAT', 'HARYANA', 'HIMACHAL PRADESH', 'HONG KONG', 'HYDERABAD', 'JAMMU & KASHMIR', 'JHARKHAND', 'KARNATAKA', 'KERALA', 'LAKSHADWEEP', 'LONDON', 'MADHYA PRADESH', 'MAHARASHTRA', 'MANIPUR', 'MEGHALAYA', 'MIZORAM', 'NAGALAND', 'ORISSA', 'PUDUCHERRY', 'PUNJAB', 'RAJASTHAN', 'ROHTAK', 'SIKKIM', 'SRI LANKA', 'TAMIL NADU', 'THAILAND', 'TRIPURA', 'UTTAR PRADESH', 'UTTARAKHAND', 'UTTARANCHAL', 'WEST BENGAL', 'BANGLADESH', 'BELGIUM', 'GERMANY', 'JAPAN', 'SINGAPORE', 'TELANGANA', 'NEW DELHI', 'LUXEMBOURG', 'BRITISH VIRGIN ISLAND', 'CYPRUS', 'SINGAPORE', 'MISSISSIPPI, USA', 'CAYMAN ISLAND', 'AMSTERDAM', 'JAKARTA', 'ATLANTA, USA', 'DUBAI, UAE', 'UNITED ARAB EMIRATES', 'UNITED KINGDOM', 'ISRAEL', 'UNITED STATES OF AMERICA', 'NEW YORK', 'ABCD', 'UTAH', 'BHOPAL', 'DUBAI', 'WASHINGTON', 'MANCHESTER', 'OVERSEAS', 'ENGLAND', 'BANGKOK', 'COLOMBO', 'PANAMA', 'OBU', 'MALDIVES', 'AUSTRALIA', 'SOUTH AFRICA', 'OMAN', 'KINGDOM OF BAHRAIN', 'QATAR', 'NOT REPORTED', 'UNITED ARAB EMIRATES UAE', 'PONDICHERRY']
2025-10-17 15:40:02,601 - INFO - Waiting for search results...
2025-10-17 15:40:02,673 - INFO - Loader disappeared after clicking Search.
2025-10-17 15:40:10,513 - INFO - Pagination text: View 1 - 1,000 of 1,097
2025-10-17 15:40:10,514 - INFO - Fetched 1000 out of 1097 rows.
2025-10-17 15:40:10,514 - INFO - Pagination limit = 2
2025-10-17 15:40:10,560 - INFO - Found 1000 rows for state: GUJARAT, page: 1.
2025-10-17 15:40:11,174 - INFO - Row 1/1000 extracted for GUJARAT.
2025-10-17 15:40:11,870 - INFO - Row 2/1000 extracted for GUJARAT.
2025-10-17 15:40:12,458 - INFO - Saved 2 rows to cibil_data_31-12-24_GUJARAT_state_page_1_20251017_154011.xlsx
2025-10-17 15:40:15,861 - INFO - Found 97 rows for state: GUJARAT, page: 2.
2025-10-17 15:40:16,400 - INFO - Row 1/97 extracted for GUJARAT.
2025-10-17 15:40:16,897 - INFO - Row 2/97 extracted for GUJARAT.
2025-10-17 15:40:17,009 - INFO - Saved 2 rows to cibil_data_31-12-24_GUJARAT_state_page_2_20251017_154016.xlsx
2025-10-17 15:40:19,280 - INFO - Loader disappeared.
2025-10-17 15:40:20,350 - INFO - Found 7 director rows.
2025-10-17 15:40:20,769 - INFO - Successfully extracted director data.
2025-10-17 15:40:23,462 - ERROR - Error for GUJARAT: 'dict' object has no attribute '_object'
2025-10-17 15:40:23,462 - DEBUG - Using proactor: IocpProactor
2025-10-17 15:40:24,299 - ERROR - Task was destroyed but it is pending!
task: <Task pending name='Task-345' coro=<Connection.run.<locals>.init() running at C:\Users\DELL\Downloads\cibil_web_scrapping_automation\.venv\Lib\site-packages\playwright\_impl\_connection.py:308> wait_for=<Future pending cb=[Task.task_wakeup()]> cb=[ProtocolCallback.__init__.<locals>.cb() at C:\Users\DELL\Downloads\cibil_web_scrapping_automation\.venv\Lib\site-packages\playwright\_impl\_connection.py:228]>
