2025-10-17 10:02:50,477 - INFO - Running script...
2025-10-17 10:02:50,485 - INFO - Starting batch search for date: 31-12-24
2025-10-17 10:02:50,488 - DEBUG - Using proactor: IocpProactor
2025-10-17 10:03:06,434 - INFO - Browser launched.
2025-10-17 10:03:07,495 - INFO - Page loaded.
2025-10-17 10:03:07,496 - INFO - Performing search for date:31-12-24, state:ANDAMAN AND NICOBAR ISLANDS, Defaulters type:1 crore
2025-10-17 10:03:10,156 - INFO - Found 88 state options: ['ANDAMAN AND NICOBAR ISLANDS', 'ANDHRA PRADESH', 'ARUNACHAL PRADESH', 'ASSAM', 'BAHRAIN', 'BIHAR', 'CHANDIGARH', 'CHANDIGARH & DELHI', 'CHANDIGARH (U.T.) & DELHI', 'CHHATTISGARH', 'DADRA AND NAGAR HAVELI', 'DAMAN AND DIU', 'DELHI', 'GOA', 'GUJARAT', 'HARYANA', 'HIMACHAL PRADESH', 'HONG KONG', 'HYDERABAD', 'JAMMU & KASHMIR', 'JHARKHAND', 'KARNATAKA', 'KERALA', 'LAKSHADWEEP', 'LONDON', 'MADHYA PRADESH', 'MAHARASHTRA', 'MANIPUR', 'MEGHALAYA', 'MIZORAM', 'NAGALAND', 'ORISSA', 'PUDUCHERRY', 'PUNJAB', 'RAJASTHAN', 'ROHTAK', 'SIKKIM', 'SRI LANKA', 'TAMIL NADU', 'THAILAND', 'TRIPURA', 'UTTAR PRADESH', 'UTTARAKHAND', 'UTTARANCHAL', 'WEST BENGAL', 'BANGLADESH', 'BELGIUM', 'GERMANY', 'JAPAN', 'SINGAPORE', 'TELANGANA', 'NEW DELHI', 'LUXEMBOURG', 'BRITISH VIRGIN ISLAND', 'CYPRUS', 'SINGAPORE', 'MISSISSIPPI, USA', 'CAYMAN ISLAND', 'AMSTERDAM', 'JAKARTA', 'ATLANTA, USA', 'DUBAI, UAE', 'UNITED ARAB EMIRATES', 'UNITED KINGDOM', 'ISRAEL', 'UNITED STATES OF AMERICA', 'NEW YORK', 'ABCD', 'UTAH', 'BHOPAL', 'DUBAI', 'WASHINGTON', 'MANCHESTER', 'OVERSEAS', 'ENGLAND', 'BANGKOK', 'COLOMBO', 'PANAMA', 'OBU', 'MALDIVES', 'AUSTRALIA', 'SOUTH AFRICA', 'OMAN', 'KINGDOM OF BAHRAIN', 'QATAR', 'NOT REPORTED', 'UNITED ARAB EMIRATES UAE', 'PONDICHERRY']
2025-10-17 10:03:10,827 - INFO - Waiting for search results...
2025-10-17 10:03:10,894 - INFO - Loader disappeared after clicking Search.
2025-10-17 10:03:18,540 - INFO - Pagination text: View 1 - 3 of 3
2025-10-17 10:03:18,540 - INFO - Fetched 3 out of 3 rows.
2025-10-17 10:03:18,540 - INFO - Pagination limit = 1
2025-10-17 10:03:18,556 - INFO - Found 3 rows for state: ANDAMAN AND NICOBAR ISLANDS, page: 1.
2025-10-17 10:03:19,035 - INFO - Row 1/3 extracted for ANDAMAN AND NICOBAR ISLANDS.
2025-10-17 10:03:19,541 - INFO - Row 2/3 extracted for ANDAMAN AND NICOBAR ISLANDS.
2025-10-17 10:03:20,209 - INFO - Saved 2 rows to cibil_data_31-12-24_ANDAMAN AND NICOBAR ISLANDS_state_page_1_20251017_100319.xlsx
2025-10-17 10:03:20,377 - INFO - Loader disappeared.
2025-10-17 10:03:21,438 - INFO - Found 2 director rows.
2025-10-17 10:03:21,694 - INFO - Successfully extracted director data.
2025-10-17 10:03:27,426 - INFO - Loader disappeared.
2025-10-17 10:03:28,625 - INFO - Loader disappeared.
2025-10-17 10:03:29,685 - INFO - Found 1 director rows.
2025-10-17 10:03:29,741 - INFO - Successfully extracted director data.
2025-10-17 10:03:35,751 - INFO - Loader disappeared.
2025-10-17 10:03:37,372 - DEBUG - Using proactor: IocpProactor
2025-10-17 10:03:39,368 - INFO - Browser launched.
2025-10-17 10:03:40,524 - INFO - Page loaded.
2025-10-17 10:03:40,526 - INFO - Performing search for date:31-12-24, state:ARUNACHAL PRADESH, Defaulters type:1 crore
2025-10-17 10:03:43,996 - INFO - Found 88 state options: ['ANDAMAN AND NICOBAR ISLANDS', 'ANDHRA PRADESH', 'ARUNACHAL PRADESH', 'ASSAM', 'BAHRAIN', 'BIHAR', 'CHANDIGARH', 'CHANDIGARH & DELHI', 'CHANDIGARH (U.T.) & DELHI', 'CHHATTISGARH', 'DADRA AND NAGAR HAVELI', 'DAMAN AND DIU', 'DELHI', 'GOA', 'GUJARAT', 'HARYANA', 'HIMACHAL PRADESH', 'HONG KONG', 'HYDERABAD', 'JAMMU & KASHMIR', 'JHARKHAND', 'KARNATAKA', 'KERALA', 'LAKSHADWEEP', 'LONDON', 'MADHYA PRADESH', 'MAHARASHTRA', 'MANIPUR', 'MEGHALAYA', 'MIZORAM', 'NAGALAND', 'ORISSA', 'PUDUCHERRY', 'PUNJAB', 'RAJASTHAN', 'ROHTAK', 'SIKKIM', 'SRI LANKA', 'TAMIL NADU', 'THAILAND', 'TRIPURA', 'UTTAR PRADESH', 'UTTARAKHAND', 'UTTARANCHAL', 'WEST BENGAL', 'BANGLADESH', 'BELGIUM', 'GERMANY', 'JAPAN', 'SINGAPORE', 'TELANGANA', 'NEW DELHI', 'LUXEMBOURG', 'BRITISH VIRGIN ISLAND', 'CYPRUS', 'SINGAPORE', 'MISSISSIPPI, USA', 'CAYMAN ISLAND', 'AMSTERDAM', 'JAKARTA', 'ATLANTA, USA', 'DUBAI, UAE', 'UNITED ARAB EMIRATES', 'UNITED KINGDOM', 'ISRAEL', 'UNITED STATES OF AMERICA', 'NEW YORK', 'ABCD', 'UTAH', 'BHOPAL', 'DUBAI', 'WASHINGTON', 'MANCHESTER', 'OVERSEAS', 'ENGLAND', 'BANGKOK', 'COLOMBO', 'PANAMA', 'OBU', 'MALDIVES', 'AUSTRALIA', 'SOUTH AFRICA', 'OMAN', 'KINGDOM OF BAHRAIN', 'QATAR', 'NOT REPORTED', 'UNITED ARAB EMIRATES UAE', 'PONDICHERRY']
2025-10-17 10:03:44,638 - INFO - Waiting for search results...
2025-10-17 10:03:44,703 - INFO - Loader disappeared after clicking Search.
2025-10-17 10:03:52,364 - INFO - Pagination text: View 1 - 10 of 10
2025-10-17 10:03:52,364 - INFO - Fetched 10 out of 10 rows.
2025-10-17 10:03:52,364 - INFO - Pagination limit = 1
2025-10-17 10:03:52,382 - INFO - Found 10 rows for state: ARUNACHAL PRADESH, page: 1.
2025-10-17 10:03:52,630 - INFO - Row 1/10 extracted for ARUNACHAL PRADESH.
2025-10-17 10:03:52,885 - INFO - Row 2/10 extracted for ARUNACHAL PRADESH.
2025-10-17 10:03:52,953 - INFO - Saved 2 rows to cibil_data_31-12-24_ARUNACHAL PRADESH_state_page_1_20251017_100352.xlsx
2025-10-17 10:03:53,518 - INFO - Loader disappeared.
2025-10-17 10:03:54,580 - INFO - Found 1 director rows.
2025-10-17 10:03:54,664 - INFO - Successfully extracted director data.
2025-10-17 10:04:00,845 - INFO - Loader disappeared.
2025-10-17 10:04:02,026 - INFO - Loader disappeared.
2025-10-17 10:04:03,094 - INFO - Found 1 director rows.
2025-10-17 10:04:03,192 - INFO - Successfully extracted director data.
2025-10-17 10:04:08,931 - INFO - Loader disappeared.
2025-10-17 10:04:10,383 - DEBUG - Using proactor: IocpProactor
2025-10-17 10:04:12,570 - INFO - Browser launched.
2025-10-17 10:04:13,665 - INFO - Page loaded.
2025-10-17 10:04:13,666 - INFO - Performing search for date:31-12-24, state:ASSAM, Defaulters type:1 crore
2025-10-17 10:04:16,901 - INFO - Found 88 state options: ['ANDAMAN AND NICOBAR ISLANDS', 'ANDHRA PRADESH', 'ARUNACHAL PRADESH', 'ASSAM', 'BAHRAIN', 'BIHAR', 'CHANDIGARH', 'CHANDIGARH & DELHI', 'CHANDIGARH (U.T.) & DELHI', 'CHHATTISGARH', 'DADRA AND NAGAR HAVELI', 'DAMAN AND DIU', 'DELHI', 'GOA', 'GUJARAT', 'HARYANA', 'HIMACHAL PRADESH', 'HONG KONG', 'HYDERABAD', 'JAMMU & KASHMIR', 'JHARKHAND', 'KARNATAKA', 'KERALA', 'LAKSHADWEEP', 'LONDON', 'MADHYA PRADESH', 'MAHARASHTRA', 'MANIPUR', 'MEGHALAYA', 'MIZORAM', 'NAGALAND', 'ORISSA', 'PUDUCHERRY', 'PUNJAB', 'RAJASTHAN', 'ROHTAK', 'SIKKIM', 'SRI LANKA', 'TAMIL NADU', 'THAILAND', 'TRIPURA', 'UTTAR PRADESH', 'UTTARAKHAND', 'UTTARANCHAL', 'WEST BENGAL', 'BANGLADESH', 'BELGIUM', 'GERMANY', 'JAPAN', 'SINGAPORE', 'TELANGANA', 'NEW DELHI', 'LUXEMBOURG', 'BRITISH VIRGIN ISLAND', 'CYPRUS', 'SINGAPORE', 'MISSISSIPPI, USA', 'CAYMAN ISLAND', 'AMSTERDAM', 'JAKARTA', 'ATLANTA, USA', 'DUBAI, UAE', 'UNITED ARAB EMIRATES', 'UNITED KINGDOM', 'ISRAEL', 'UNITED STATES OF AMERICA', 'NEW YORK', 'ABCD', 'UTAH', 'BHOPAL', 'DUBAI', 'WASHINGTON', 'MANCHESTER', 'OVERSEAS', 'ENGLAND', 'BANGKOK', 'COLOMBO', 'PANAMA', 'OBU', 'MALDIVES', 'AUSTRALIA', 'SOUTH AFRICA', 'OMAN', 'KINGDOM OF BAHRAIN', 'QATAR', 'NOT REPORTED', 'UNITED ARAB EMIRATES UAE', 'PONDICHERRY']
2025-10-17 10:04:17,585 - INFO - Waiting for search results...
2025-10-17 10:04:17,644 - INFO - Loader disappeared after clicking Search.
2025-10-17 10:04:25,537 - INFO - Pagination text: View 1 - 186 of 186
2025-10-17 10:04:25,539 - INFO - Fetched 186 out of 186 rows.
2025-10-17 10:04:25,539 - INFO - Pagination limit = 1
2025-10-17 10:04:25,606 - INFO - Found 186 rows for state: ASSAM, page: 1.
2025-10-17 10:04:26,139 - INFO - Row 1/186 extracted for ASSAM.
2025-10-17 10:04:26,595 - INFO - Row 2/186 extracted for ASSAM.
2025-10-17 10:04:26,652 - INFO - Saved 2 rows to cibil_data_31-12-24_ASSAM_state_page_1_20251017_100426.xlsx
2025-10-17 10:04:26,828 - INFO - Loader disappeared.
2025-10-17 10:04:27,917 - INFO - Found 2 director rows.
2025-10-17 10:04:28,033 - INFO - Successfully extracted director data.
2025-10-17 10:04:34,066 - INFO - Loader disappeared.
2025-10-17 10:04:35,332 - INFO - Loader disappeared.
2025-10-17 10:04:36,405 - INFO - Found 1 director rows.
2025-10-17 10:04:36,486 - INFO - Successfully extracted director data.
2025-10-17 10:04:42,354 - INFO - Loader disappeared.
2025-10-17 10:04:43,924 - DEBUG - Using proactor: IocpProactor
2025-10-17 10:04:46,074 - INFO - Browser launched.
2025-10-17 10:04:47,029 - INFO - Page loaded.
2025-10-17 10:04:47,029 - INFO - Performing search for date:31-12-24, state:BAHRAIN, Defaulters type:1 crore
2025-10-17 10:04:49,329 - INFO - Found 88 state options: ['ANDAMAN AND NICOBAR ISLANDS', 'ANDHRA PRADESH', 'ARUNACHAL PRADESH', 'ASSAM', 'BAHRAIN', 'BIHAR', 'CHANDIGARH', 'CHANDIGARH & DELHI', 'CHANDIGARH (U.T.) & DELHI', 'CHHATTISGARH', 'DADRA AND NAGAR HAVELI', 'DAMAN AND DIU', 'DELHI', 'GOA', 'GUJARAT', 'HARYANA', 'HIMACHAL PRADESH', 'HONG KONG', 'HYDERABAD', 'JAMMU & KASHMIR', 'JHARKHAND', 'KARNATAKA', 'KERALA', 'LAKSHADWEEP', 'LONDON', 'MADHYA PRADESH', 'MAHARASHTRA', 'MANIPUR', 'MEGHALAYA', 'MIZORAM', 'NAGALAND', 'ORISSA', 'PUDUCHERRY', 'PUNJAB', 'RAJASTHAN', 'ROHTAK', 'SIKKIM', 'SRI LANKA', 'TAMIL NADU', 'THAILAND', 'TRIPURA', 'UTTAR PRADESH', 'UTTARAKHAND', 'UTTARANCHAL', 'WEST BENGAL', 'BANGLADESH', 'BELGIUM', 'GERMANY', 'JAPAN', 'SINGAPORE', 'TELANGANA', 'NEW DELHI', 'LUXEMBOURG', 'BRITISH VIRGIN ISLAND', 'CYPRUS', 'SINGAPORE', 'MISSISSIPPI, USA', 'CAYMAN ISLAND', 'AMSTERDAM', 'JAKARTA', 'ATLANTA, USA', 'DUBAI, UAE', 'UNITED ARAB EMIRATES', 'UNITED KINGDOM', 'ISRAEL', 'UNITED STATES OF AMERICA', 'NEW YORK', 'ABCD', 'UTAH', 'BHOPAL', 'DUBAI', 'WASHINGTON', 'MANCHESTER', 'OVERSEAS', 'ENGLAND', 'BANGKOK', 'COLOMBO', 'PANAMA', 'OBU', 'MALDIVES', 'AUSTRALIA', 'SOUTH AFRICA', 'OMAN', 'KINGDOM OF BAHRAIN', 'QATAR', 'NOT REPORTED', 'UNITED ARAB EMIRATES UAE', 'PONDICHERRY']
2025-10-17 10:04:49,977 - INFO - Waiting for search results...
2025-10-17 10:04:50,029 - INFO - Loader disappeared after clicking Search.
2025-10-17 10:04:57,833 - INFO - Pagination text: View 1 - 8 of 8
2025-10-17 10:04:57,835 - INFO - Fetched 8 out of 8 rows.
2025-10-17 10:04:57,835 - INFO - Pagination limit = 1
2025-10-17 10:04:57,871 - INFO - Found 8 rows for state: BAHRAIN, page: 1.
2025-10-17 10:04:58,253 - INFO - Row 1/8 extracted for BAHRAIN.
2025-10-17 10:04:58,641 - INFO - Row 2/8 extracted for BAHRAIN.
2025-10-17 10:04:58,743 - INFO - Saved 2 rows to cibil_data_31-12-24_BAHRAIN_state_page_1_20251017_100458.xlsx
2025-10-17 10:04:58,914 - INFO - Loader disappeared.
2025-10-17 10:04:59,984 - INFO - Found 2 director rows.
2025-10-17 10:05:00,118 - INFO - Successfully extracted director data.
2025-10-17 10:05:05,821 - INFO - Loader disappeared.
2025-10-17 10:05:07,053 - INFO - Loader disappeared.
2025-10-17 10:05:08,097 - INFO - Found 4 director rows.
2025-10-17 10:05:08,365 - INFO - Successfully extracted director data.
2025-10-17 10:05:14,246 - INFO - Loader disappeared.
2025-10-17 10:05:16,122 - DEBUG - Using proactor: IocpProactor
2025-10-17 10:05:18,236 - INFO - Browser launched.
2025-10-17 10:05:19,325 - INFO - Page loaded.
2025-10-17 10:05:19,326 - INFO - Performing search for date:31-12-24, state:BIHAR, Defaulters type:1 crore
2025-10-17 10:05:21,888 - INFO - Found 88 state options: ['ANDAMAN AND NICOBAR ISLANDS', 'ANDHRA PRADESH', 'ARUNACHAL PRADESH', 'ASSAM', 'BAHRAIN', 'BIHAR', 'CHANDIGARH', 'CHANDIGARH & DELHI', 'CHANDIGARH (U.T.) & DELHI', 'CHHATTISGARH', 'DADRA AND NAGAR HAVELI', 'DAMAN AND DIU', 'DELHI', 'GOA', 'GUJARAT', 'HARYANA', 'HIMACHAL PRADESH', 'HONG KONG', 'HYDERABAD', 'JAMMU & KASHMIR', 'JHARKHAND', 'KARNATAKA', 'KERALA', 'LAKSHADWEEP', 'LONDON', 'MADHYA PRADESH', 'MAHARASHTRA', 'MANIPUR', 'MEGHALAYA', 'MIZORAM', 'NAGALAND', 'ORISSA', 'PUDUCHERRY', 'PUNJAB', 'RAJASTHAN', 'ROHTAK', 'SIKKIM', 'SRI LANKA', 'TAMIL NADU', 'THAILAND', 'TRIPURA', 'UTTAR PRADESH', 'UTTARAKHAND', 'UTTARANCHAL', 'WEST BENGAL', 'BANGLADESH', 'BELGIUM', 'GERMANY', 'JAPAN', 'SINGAPORE', 'TELANGANA', 'NEW DELHI', 'LUXEMBOURG', 'BRITISH VIRGIN ISLAND', 'CYPRUS', 'SINGAPORE', 'MISSISSIPPI, USA', 'CAYMAN ISLAND', 'AMSTERDAM', 'JAKARTA', 'ATLANTA, USA', 'DUBAI, UAE', 'UNITED ARAB EMIRATES', 'UNITED KINGDOM', 'ISRAEL', 'UNITED STATES OF AMERICA', 'NEW YORK', 'ABCD', 'UTAH', 'BHOPAL', 'DUBAI', 'WASHINGTON', 'MANCHESTER', 'OVERSEAS', 'ENGLAND', 'BANGKOK', 'COLOMBO', 'PANAMA', 'OBU', 'MALDIVES', 'AUSTRALIA', 'SOUTH AFRICA', 'OMAN', 'KINGDOM OF BAHRAIN', 'QATAR', 'NOT REPORTED', 'UNITED ARAB EMIRATES UAE', 'PONDICHERRY']
2025-10-17 10:05:22,628 - INFO - Waiting for search results...
2025-10-17 10:05:22,709 - INFO - Loader disappeared after clicking Search.
2025-10-17 10:05:30,419 - INFO - Pagination text: View 1 - 294 of 294
2025-10-17 10:05:30,420 - INFO - Fetched 294 out of 294 rows.
2025-10-17 10:05:30,420 - INFO - Pagination limit = 1
2025-10-17 10:05:30,454 - INFO - Found 294 rows for state: BIHAR, page: 1.
2025-10-17 10:05:30,949 - INFO - Row 1/294 extracted for BIHAR.
2025-10-17 10:05:31,351 - INFO - Row 2/294 extracted for BIHAR.
2025-10-17 10:05:31,400 - INFO - Saved 2 rows to cibil_data_31-12-24_BIHAR_state_page_1_20251017_100531.xlsx
2025-10-17 10:05:31,554 - INFO - Loader disappeared.
2025-10-17 10:05:32,616 - INFO - Found 1 director rows.
2025-10-17 10:05:32,674 - INFO - Successfully extracted director data.
2025-10-17 10:05:38,680 - INFO - Loader disappeared.
2025-10-17 10:05:39,866 - INFO - Loader disappeared.
2025-10-17 10:05:40,936 - INFO - Found 4 director rows.
2025-10-17 10:05:41,207 - INFO - Successfully extracted director data.
2025-10-17 10:05:47,076 - INFO - Loader disappeared.
