2025-10-17 15:39:08,546 - INFO - Running script...
2025-10-17 15:39:08,548 - INFO - Starting batch search for date: 31-12-24
2025-10-17 15:39:08,551 - DEBUG - Using proactor: IocpProactor
2025-10-17 15:39:09,941 - ERROR - Error for GUJARAT: BrowserType.launch: Executable doesn't exist at C:\Users\DELL\Downloads\cibil_web_scrapping_automation\ms-playwright\chromium-1187\chrome-win\chrome.exe
\u2554\u2550\u2550\u2550\u2550\u2550\u2550\u2550\u2550\u2550\u2550\u2550\u2550\u2550\u2550\u2550\u2550\u2550\u2550\u2550\u2550\u2550\u2550\u2550\u2550\u2550\u2550\u2550\u2550\u2550\u2550\u2550\u2550\u2550\u2550\u2550\u2550\u2550\u2550\u2550\u2550\u2550\u2550\u2550\u2550\u2550\u2550\u2550\u2550\u2550\u2550\u2550\u2550\u2550\u2550\u2550\u2550\u2550\u2550\u2550\u2550\u2557
\u2551 Looks like Playwright was just installed or updated.       \u2551
\u2551 Please run the following command to download new browsers: \u2551
\u2551                                                            \u2551
\u2551     playwright install                                     \u2551
\u2551                                                            \u2551
\u2551 <3 Playwright Team                                         \u2551
\u255a\u2550\u2550\u2550\u2550\u2550\u2550\u2550\u2550\u2550\u2550\u2550\u2550\u2550\u2550\u2550\u2550\u2550\u2550\u2550\u2550\u2550\u2550\u2550\u2550\u2550\u2550\u2550\u2550\u2550\u2550\u2550\u2550\u2550\u2550\u2550\u2550\u2550\u2550\u2550\u2550\u2550\u2550\u2550\u2550\u2550\u2550\u2550\u2550\u2550\u2550\u2550\u2550\u2550\u2550\u2550\u2550\u2550\u2550\u2550\u2550\u255d
2025-10-17 15:39:09,942 - DEBUG - Using proactor: IocpProactor
2025-10-17 15:39:11,336 - ERROR - Error for MAHARASHTRA: BrowserType.launch: Executable doesn't exist at C:\Users\DELL\Downloads\cibil_web_scrapping_automation\ms-playwright\chromium-1187\chrome-win\chrome.exe
\u2554\u2550\u2550\u2550\u2550\u2550\u2550\u2550\u2550\u2550\u2550\u2550\u2550\u2550\u2550\u2550\u2550\u2550\u2550\u2550\u2550\u2550\u2550\u2550\u2550\u2550\u2550\u2550\u2550\u2550\u2550\u2550\u2550\u2550\u2550\u2550\u2550\u2550\u2550\u2550\u2550\u2550\u2550\u2550\u2550\u2550\u2550\u2550\u2550\u2550\u2550\u2550\u2550\u2550\u2550\u2550\u2550\u2550\u2550\u2550\u2550\u2557
\u2551 Looks like Playwright was just installed or updated.       \u2551
\u2551 Please run the following command to download new browsers: \u2551
\u2551                                                            \u2551
\u2551     playwright install                                     \u2551
\u2551                                                            \u2551
\u2551 <3 Playwright Team                                         \u2551
\u255a\u2550\u2550\u2550\u2550\u2550\u2550\u2550\u2550\u2550\u2550\u2550\u2550\u2550\u2550\u2550\u2550\u2550\u2550\u2550\u2550\u2550\u2550\u2550\u2550\u2550\u2550\u2550\u2550\u2550\u2550\u2550\u2550\u2550\u2550\u2550\u2550\u2550\u2550\u2550\u2550\u2550\u2550\u2550\u2550\u2550\u2550\u2550\u2550\u2550\u2550\u2550\u2550\u2550\u2550\u2550\u2550\u2550\u2550\u2550\u2550\u255d
