2025-11-02 15:26:16,276 - INFO - Running script...
2025-11-02 15:26:16,278 - INFO - Selected Configurations: 
state type: state, 
Defaulters type: >25 lacs, 
Date: 31-08-25, 
Timeout: 60 seconds
2025-11-02 15:26:16,278 - INFO - All States: {'BANGKOK', 'NEW YORK', 'DUBAI', 'KARNATAKA', 'LAKSHADWEEP', 'PUNJAB', 'WEST BENGAL', 'HONG KONG', 'GUJARAT', 'ANDHRA PRADESH', 'CYPRUS', 'UTAH', 'ROHTAK', 'UTTARANCHAL', 'MALDIVES', 'UNITED ARAB EMIRATES', 'ASSAM', 'UTTARAKHAND', 'MANIPUR', 'SIKKIM', 'HYDERABAD', 'MISSISSIPPI, USA', 'PUDUCHERRY', 'PANAMA', 'UTTAR PRADESH', 'DUBAI, UAE', 'SRI LANKA', 'PONDICHERRY', 'MANCHESTER', 'JHARKHAND', 'LUXEMBOURG', 'HARYANA', 'HIMACHAL PRADESH', 'LONDON', 'NAGALAND', 'ENGLAND', 'AUSTRALIA', 'CHANDIGARH (U.T.) & DELHI', 'JAKARTA', 'DAMAN AND DIU', 'UNITED STATES OF AMERICA', 'AMSTERDAM', 'CAYMAN ISLAND', 'RAJASTHAN', 'CHANDIGARH & DELHI', 'JAMMU & KASHMIR', 'OMAN', 'ATLANTA, USA', 'TAMIL NADU', 'MADHYA PRADESH', 'NEW DELHI', 'ORISSA', 'BRITISH VIRGIN ISLAND', 'SINGAPORE', 'CHHATTISGARH', 'SOUTH AFRICA', 'THAILAND', 'BANGLADESH', 'MAHARASHTRA', 'TRIPURA', 'JAPAN', 'WASHINGTON', 'GERMANY', 'BIHAR', 'OBU', 'COLOMBO', 'NOT REPORTED', 'BAHRAIN', 'BHOPAL', 'ABCD', 'OVERSEAS', 'ISRAEL', 'TELANGANA', 'BELGIUM', 'DADRA AND NAGAR HAVELI', 'KERALA', 'DELHI', 'QATAR', 'ANDAMAN AND NICOBAR ISLANDS', 'UNITED ARAB EMIRATES UAE', 'CHANDIGARH', 'ARUNACHAL PRADESH', 'MEGHALAYA', 'KINGDOM OF BAHRAIN', 'MIZORAM', 'UNITED KINGDOM', 'GOA'}
2025-11-02 15:26:16,311 - INFO - Selected States: ['ANDAMAN AND NICOBAR ISLANDS', 'ARUNACHAL PRADESH', 'GOA', 'GUJARAT']
2025-11-02 15:26:16,312 - INFO - Starting batch search for date: 31-08-25
2025-11-02 15:26:16,313 - INFO - Running automation for State: ANDAMAN AND NICOBAR ISLANDS, Date: 31-08-25, Defaulters type: >25 lacs
2025-11-02 15:26:16,313 - DEBUG - Using proactor: IocpProactor
2025-11-02 15:26:18,039 - INFO - Browser launched.
2025-11-02 15:26:19,721 - INFO - Page loaded.
2025-11-02 15:26:19,722 - INFO - Performing search for date:31-08-25, state:ANDAMAN AND NICOBAR ISLANDS, Defaulters type:>25 lacs
2025-11-02 15:26:22,948 - INFO - Waiting for search results...
2025-11-02 15:26:22,977 - INFO - Loader disappeared after clicking Search.
2025-11-02 15:26:30,572 - INFO - Pagination text: View 1 - 2 of 2
2025-11-02 15:26:30,573 - INFO - Fetched: 2, Total: 2
2025-11-02 15:26:30,573 - INFO - Fetched 2 out of 2 rows.
2025-11-02 15:26:30,573 - INFO - Pagination limit: 1
2025-11-02 15:26:30,574 - INFO - Raw Data for ANDAMAN AND NICOBAR ISLANDS already exists. Skipping raw table extraction.
2025-11-02 15:26:31,065 - INFO - \u2705 Updated raw file saved with director info \u2192 C:\Users\piyush gala\PC\Portfolio\cibil_web_scrapping_automation\fetched_data\raw\cibil_data__25_lacs_31-08-25_for_state\cibil_data_31-08-25_ANDAMAN AND NICOBAR ISLANDS_state_page_1_20251102_151517.xlsx
2025-11-02 15:26:31,614 - INFO - Running automation for State: ARUNACHAL PRADESH, Date: 31-08-25, Defaulters type: >25 lacs
2025-11-02 15:26:31,614 - DEBUG - Using proactor: IocpProactor
2025-11-02 15:26:33,311 - INFO - Browser launched.
2025-11-02 15:26:34,449 - INFO - Page loaded.
2025-11-02 15:26:34,450 - INFO - Performing search for date:31-08-25, state:ARUNACHAL PRADESH, Defaulters type:>25 lacs
2025-11-02 15:26:37,276 - INFO - Waiting for search results...
2025-11-02 15:26:37,305 - INFO - Loader disappeared after clicking Search.
2025-11-02 15:26:44,918 - INFO - Pagination text: View 1 - 6 of 6
2025-11-02 15:26:44,918 - INFO - Fetched: 6, Total: 6
2025-11-02 15:26:44,919 - INFO - Fetched 6 out of 6 rows.
2025-11-02 15:26:44,919 - INFO - Pagination limit: 1
2025-11-02 15:26:44,920 - INFO - Raw Data for ARUNACHAL PRADESH already exists. Skipping raw table extraction.
2025-11-02 15:26:44,981 - INFO - \u2705 Updated raw file saved with director info \u2192 C:\Users\piyush gala\PC\Portfolio\cibil_web_scrapping_automation\fetched_data\raw\cibil_data__25_lacs_31-08-25_for_state\cibil_data_31-08-25_ARUNACHAL PRADESH_state_page_1_20251102_151551.xlsx
2025-11-02 15:26:45,510 - INFO - Running automation for State: GOA, Date: 31-08-25, Defaulters type: >25 lacs
2025-11-02 15:26:45,510 - DEBUG - Using proactor: IocpProactor
2025-11-02 15:26:47,279 - INFO - Browser launched.
2025-11-02 15:26:48,673 - INFO - Page loaded.
2025-11-02 15:26:48,673 - INFO - Performing search for date:31-08-25, state:GOA, Defaulters type:>25 lacs
2025-11-02 15:26:52,667 - INFO - Waiting for search results...
2025-11-02 15:26:52,695 - INFO - Loader disappeared after clicking Search.
2025-11-02 15:27:00,947 - INFO - Pagination text: View 1 - 25 of 25
2025-11-02 15:27:00,948 - INFO - Fetched: 25, Total: 25
2025-11-02 15:27:00,948 - INFO - Fetched 25 out of 25 rows.
2025-11-02 15:27:00,948 - INFO - Pagination limit: 1
2025-11-02 15:27:00,949 - INFO - Raw Data for GOA already exists. Skipping raw table extraction.
2025-11-02 15:27:01,007 - INFO - \u2705 Updated raw file saved with director info \u2192 C:\Users\piyush gala\PC\Portfolio\cibil_web_scrapping_automation\fetched_data\raw\cibil_data__25_lacs_31-08-25_for_state\cibil_data_31-08-25_GOA_state_page_1_20251102_151657.xlsx
2025-11-02 15:27:01,570 - INFO - Running automation for State: GUJARAT, Date: 31-08-25, Defaulters type: >25 lacs
2025-11-02 15:27:01,570 - DEBUG - Using proactor: IocpProactor
2025-11-02 15:27:03,293 - INFO - Browser launched.
2025-11-02 15:27:04,671 - INFO - Page loaded.
2025-11-02 15:27:04,671 - INFO - Performing search for date:31-08-25, state:GUJARAT, Defaulters type:>25 lacs
2025-11-02 15:27:07,961 - INFO - Waiting for search results...
2025-11-02 15:27:07,991 - INFO - Loader disappeared after clicking Search.
2025-11-02 15:27:15,655 - INFO - Pagination text: View 1 - 1,000 of 1,233
2025-11-02 15:27:15,656 - INFO - Fetched: 1000, Total: 1233
2025-11-02 15:27:15,656 - INFO - Fetched 1000 out of 1233 rows.
2025-11-02 15:27:15,656 - INFO - Pagination limit: 2
2025-11-02 15:27:15,657 - INFO - \u25b6 Extracting table data...
2025-11-02 15:27:15,702 - INFO - Found 1000 rows for state: GUJARAT, page: 1.
2025-11-02 15:27:16,406 - INFO - Row 1/1000 extracted for GUJARAT.
2025-11-02 15:27:17,006 - INFO - Row 2/1000 extracted for GUJARAT.
2025-11-02 15:27:17,557 - INFO - Row 3/1000 extracted for GUJARAT.
2025-11-02 15:27:17,619 - INFO - Saved 3 rows to cibil_data_31-08-25_GUJARAT_state_page_1_20251102_152717.xlsx
2025-11-02 15:28:20,977 - INFO - \u25b6 Extracting table data...
2025-11-02 15:28:21,001 - INFO - Found 233 rows for state: GUJARAT, page: 2.
2025-11-02 15:28:21,372 - INFO - Row 1/233 extracted for GUJARAT.
2025-11-02 15:28:21,780 - INFO - Row 2/233 extracted for GUJARAT.
2025-11-02 15:28:22,198 - INFO - Row 3/233 extracted for GUJARAT.
2025-11-02 15:28:22,259 - INFO - Saved 3 rows to cibil_data_31-08-25_GUJARAT_state_page_2_20251102_152822.xlsx
2025-11-02 15:28:22,268 - INFO - \u25b6 Next button is disabled, reached last page.
2025-11-02 15:28:24,638 - INFO - Loader disappeared.
2025-11-02 15:28:26,502 - INFO - Found 2 director rows.
2025-11-02 15:28:26,609 - INFO - Successfully extracted director data.
2025-11-02 15:28:33,048 - INFO - Loader disappeared.
2025-11-02 15:28:34,277 - INFO - Loader disappeared.
2025-11-02 15:28:35,309 - INFO - Found 4 director rows.
2025-11-02 15:28:35,506 - INFO - Successfully extracted director data.
2025-11-02 15:28:41,233 - INFO - Loader disappeared.
2025-11-02 15:28:42,417 - INFO - Loader disappeared.
2025-11-02 15:28:43,451 - INFO - Found 6 director rows.
2025-11-02 15:28:43,778 - INFO - Successfully extracted director data.
2025-11-02 15:28:49,590 - INFO - Loader disappeared.
2025-11-02 15:28:50,657 - INFO - \u2705 Updated raw file saved with director info \u2192 C:\Users\piyush gala\PC\Portfolio\cibil_web_scrapping_automation\fetched_data\raw\cibil_data__25_lacs_31-08-25_for_state\cibil_data_31-08-25_GUJARAT_state_page_1_20251102_152717.xlsx
2025-11-02 15:28:50,932 - INFO - Loader disappeared.
2025-11-02 15:28:51,963 - INFO - Found 2 director rows.
2025-11-02 15:28:52,057 - INFO - Successfully extracted director data.
2025-11-02 15:28:57,742 - INFO - Loader disappeared.
2025-11-02 15:28:58,918 - INFO - Loader disappeared.
2025-11-02 15:28:59,949 - INFO - Found 2 director rows.
2025-11-02 15:29:00,051 - INFO - Successfully extracted director data.
2025-11-02 15:29:05,751 - INFO - Loader disappeared.
2025-11-02 15:29:06,980 - INFO - Loader disappeared.
2025-11-02 15:29:08,012 - INFO - Found 1 director rows.
2025-11-02 15:29:08,061 - INFO - Successfully extracted director data.
2025-11-02 15:29:13,658 - INFO - Loader disappeared.
2025-11-02 15:29:14,703 - INFO - \u2705 Updated raw file saved with director info \u2192 C:\Users\piyush gala\PC\Portfolio\cibil_web_scrapping_automation\fetched_data\raw\cibil_data__25_lacs_31-08-25_for_state\cibil_data_31-08-25_GUJARAT_state_page_2_20251102_152822.xlsx
2025-11-02 15:29:15,279 - INFO - Current working folder: C:\Users\piyush gala\PC\Portfolio\cibil_web_scrapping_automation\fetched_data\raw
2025-11-02 15:29:15,280 - INFO - Folders found for processing: []
2025-11-02 15:29:15,281 - INFO - All states loaded successfully: 87 states found.
2025-11-02 15:29:15,282 - INFO - State-Date wise file mapping created with 0 keys.
2025-11-02 15:29:15,283 - INFO - Current folder path: C:\Users\piyush gala\PC\Portfolio\cibil_web_scrapping_automation\fetched_data\final
2025-11-02 15:29:15,284 - INFO - Folders found for processing: []
