2025-11-02 18:59:12,050 - INFO - Logging initialized at: C:\Users\piyush gala\PC\Portfolio\cibil_web_scrapping_automation\utilities\logs\2025-11-02\cibil_log_2025-11-02_18-59-12.log
2025-11-02 18:59:12,051 - INFO - Read path: C:\Users\piyush gala\PC\Portfolio\cibil_web_scrapping_automation
2025-11-02 18:59:12,051 - INFO - Write path: C:\Users\piyush gala\PC\Portfolio\cibil_web_scrapping_automation
2025-11-02 18:59:12,052 - INFO - ▶ Running script...
2025-11-02 18:59:12,052 - INFO - Running script...
2025-11-02 18:59:12,053 - INFO - Selected Configurations: 
state type: state, 
Defaulters type: >25 lacs, 
Date: 31-08-25, 
Timeout: 60 seconds
2025-11-02 18:59:12,054 - INFO - All States: {'DADRA AND NAGAR HAVELI', 'COLOMBO', 'NOT REPORTED', 'HIMACHAL PRADESH', 'TELANGANA', 'ABCD', 'BELGIUM', 'AMSTERDAM', 'BANGLADESH', 'UNITED STATES OF AMERICA', 'ARUNACHAL PRADESH', 'PONDICHERRY', 'KERALA', 'RAJASTHAN', 'MADHYA PRADESH', 'UTTARANCHAL', 'ROHTAK', 'CHANDIGARH & DELHI', 'LUXEMBOURG', 'ASSAM', 'SOUTH AFRICA', 'TRIPURA', 'BANGKOK', 'GERMANY', 'AUSTRALIA', 'TAMIL NADU', 'ANDHRA PRADESH', 'THAILAND', 'MANCHESTER', 'WASHINGTON', 'KINGDOM OF BAHRAIN', 'GOA', 'MAHARASHTRA', 'CHANDIGARH (U.T.) & DELHI', 'BHOPAL', 'ATLANTA, USA', 'JAKARTA', 'DAMAN AND DIU', 'NEW DELHI', 'GUJARAT', 'BAHRAIN', 'PUNJAB', 'UTAH', 'NAGALAND', 'QATAR', 'JAMMU & KASHMIR', 'MEGHALAYA', 'HYDERABAD', 'UNITED KINGDOM', 'MIZORAM', 'NEW YORK', 'SRI LANKA', 'WEST BENGAL', 'SINGAPORE', 'MISSISSIPPI, USA', 'ORISSA', 'PANAMA', 'CYPRUS', 'JHARKHAND', 'PUDUCHERRY', 'CHANDIGARH', 'UTTAR PRADESH', 'LAKSHADWEEP', 'UTTARAKHAND', 'ENGLAND', 'BRITISH VIRGIN ISLAND', 'KARNATAKA', 'HARYANA', 'LONDON', 'ISRAEL', 'MALDIVES', 'DELHI', 'MANIPUR', 'ANDAMAN AND NICOBAR ISLANDS', 'BIHAR', 'OVERSEAS', 'DUBAI, UAE', 'OBU', 'UNITED ARAB EMIRATES UAE', 'OMAN', 'SIKKIM', 'UNITED ARAB EMIRATES', 'CHHATTISGARH', 'JAPAN', 'HONG KONG', 'CAYMAN ISLAND', 'DUBAI'}
2025-11-02 18:59:12,054 - INFO - Selected States: ['ANDHRA PRADESH', 'ARUNACHAL PRADESH', 'BIHAR', 'GOA', 'GUJARAT', 'MAHARASHTRA']
2025-11-02 18:59:12,055 - INFO - ▶ Starting batch search for date: 31-08-25
2025-11-02 18:59:12,056 - INFO - Running automation for State: ANDHRA PRADESH, Date: 31-08-25, Defaulters type: >25 lacs
2025-11-02 18:59:14,012 - INFO - Browser launched.
2025-11-02 18:59:16,551 - INFO - Page loaded.
2025-11-02 18:59:16,551 - INFO - ▶ Performing search for date:31-08-25, state:ANDHRA PRADESH, Defaulters type:>25 lacs
2025-11-02 18:59:20,247 - INFO - ▶ Waiting for search results...
2025-11-02 18:59:28,436 - INFO - Pagination text: View 1 - 1,000 of 1,339
2025-11-02 18:59:28,437 - INFO - Fetched: 1000, Total: 1339
2025-11-02 18:59:28,437 - INFO - ▶ Fetched 1000 out of 1339 rows.
2025-11-02 18:59:28,438 - INFO - Pagination limit: 2
2025-11-02 18:59:28,438 - INFO - Raw Data for ANDHRA PRADESH already exists. Skipping raw table extraction.
2025-11-02 18:59:28,439 - INFO - Found 2 raw Excel files for ANDHRA PRADESH
2025-11-02 18:59:29,041 - INFO - Directors already extracted for row 1, skipping...
2025-11-02 18:59:29,042 - INFO - Directors already extracted for row 2, skipping...
2025-11-02 18:59:29,042 - INFO - Directors already extracted for row 3, skipping...
2025-11-02 18:59:29,043 - INFO - Directors already extracted for row 4, skipping...
2025-11-02 18:59:29,043 - INFO - Directors already extracted for row 5, skipping...
2025-11-02 18:59:29,044 - INFO - Directors already extracted for row 6, skipping...
2025-11-02 18:59:29,044 - INFO - Directors already extracted for row 7, skipping...
2025-11-02 18:59:29,045 - INFO - Directors already extracted for row 8, skipping...
2025-11-02 18:59:29,045 - INFO - Directors already extracted for row 9, skipping...
2025-11-02 18:59:29,046 - INFO - Directors already extracted for row 10, skipping...
2025-11-02 18:59:29,046 - INFO - Directors already extracted for row 11, skipping...
2025-11-02 18:59:29,105 - INFO - ✅ Updated raw file saved with director info → C:\Users\piyush gala\PC\Portfolio\cibil_web_scrapping_automation\fetched_data\raw\cibil_data__25_lacs_31-08-25_for_state\cibil_data_31-08-25_ANDHRA PRADESH_state_page_1.xlsx
2025-11-02 18:59:29,143 - INFO - Directors already extracted for row 1, skipping...
2025-11-02 18:59:29,144 - INFO - Directors already extracted for row 2, skipping...
2025-11-02 18:59:29,145 - INFO - Directors already extracted for row 3, skipping...
2025-11-02 18:59:29,145 - INFO - Directors already extracted for row 4, skipping...
2025-11-02 18:59:29,146 - INFO - Directors already extracted for row 5, skipping...
2025-11-02 18:59:29,146 - INFO - Directors already extracted for row 6, skipping...
2025-11-02 18:59:29,147 - INFO - Directors already extracted for row 7, skipping...
2025-11-02 18:59:29,147 - INFO - Directors already extracted for row 8, skipping...
2025-11-02 18:59:29,148 - INFO - Directors already extracted for row 9, skipping...
2025-11-02 18:59:29,148 - INFO - Directors already extracted for row 10, skipping...
2025-11-02 18:59:29,149 - INFO - Directors already extracted for row 11, skipping...
2025-11-02 18:59:29,192 - INFO - ✅ Updated raw file saved with director info → C:\Users\piyush gala\PC\Portfolio\cibil_web_scrapping_automation\fetched_data\raw\cibil_data__25_lacs_31-08-25_for_state\cibil_data_31-08-25_ANDHRA PRADESH_state_page_2.xlsx
2025-11-02 18:59:29,700 - INFO - Running automation for State: ARUNACHAL PRADESH, Date: 31-08-25, Defaulters type: >25 lacs
2025-11-02 18:59:31,364 - INFO - Browser launched.
2025-11-02 18:59:33,390 - INFO - Page loaded.
2025-11-02 18:59:33,391 - INFO - ▶ Performing search for date:31-08-25, state:ARUNACHAL PRADESH, Defaulters type:>25 lacs
2025-11-02 18:59:38,774 - INFO - ▶ Waiting for search results...
2025-11-02 18:59:46,310 - INFO - Pagination text: View 1 - 6 of 6
2025-11-02 18:59:46,311 - INFO - Fetched: 6, Total: 6
2025-11-02 18:59:46,313 - INFO - ▶ Fetched 6 out of 6 rows.
2025-11-02 18:59:46,313 - INFO - Pagination limit: 1
2025-11-02 18:59:46,313 - INFO - Raw Data for ARUNACHAL PRADESH already exists. Skipping raw table extraction.
2025-11-02 18:59:46,314 - INFO - Found 1 raw Excel files for ARUNACHAL PRADESH
2025-11-02 18:59:46,367 - INFO - Directors already extracted for row 1, skipping...
2025-11-02 18:59:46,368 - INFO - Directors already extracted for row 2, skipping...
2025-11-02 18:59:46,368 - INFO - Directors already extracted for row 3, skipping...
2025-11-02 18:59:46,369 - INFO - Directors already extracted for row 4, skipping...
2025-11-02 18:59:46,370 - INFO - Directors already extracted for row 5, skipping...
2025-11-02 18:59:46,370 - INFO - Directors already extracted for row 6, skipping...
2025-11-02 18:59:46,392 - INFO - ✅ Updated raw file saved with director info → C:\Users\piyush gala\PC\Portfolio\cibil_web_scrapping_automation\fetched_data\raw\cibil_data__25_lacs_31-08-25_for_state\cibil_data_31-08-25_ARUNACHAL PRADESH_state_page_1.xlsx
2025-11-02 18:59:46,911 - INFO - Running automation for State: BIHAR, Date: 31-08-25, Defaulters type: >25 lacs
2025-11-02 18:59:48,677 - INFO - Browser launched.
2025-11-02 18:59:49,673 - INFO - Page loaded.
2025-11-02 18:59:49,674 - INFO - ▶ Performing search for date:31-08-25, state:BIHAR, Defaulters type:>25 lacs
2025-11-02 18:59:53,225 - INFO - ▶ Waiting for search results...
2025-11-02 19:00:01,425 - INFO - Pagination text: View 1 - 125 of 125
2025-11-02 19:00:01,426 - INFO - Fetched: 125, Total: 125
2025-11-02 19:00:01,427 - INFO - ▶ Fetched 125 out of 125 rows.
2025-11-02 19:00:01,427 - INFO - Pagination limit: 1
2025-11-02 19:00:01,428 - INFO - Raw Data for BIHAR already exists. Skipping raw table extraction.
2025-11-02 19:00:01,428 - INFO - Found 1 raw Excel files for BIHAR
2025-11-02 19:00:01,458 - INFO - Directors already extracted for row 1, skipping...
2025-11-02 19:00:01,458 - INFO - Directors already extracted for row 2, skipping...
2025-11-02 19:00:01,459 - INFO - Directors already extracted for row 3, skipping...
2025-11-02 19:00:01,460 - INFO - Directors already extracted for row 4, skipping...
2025-11-02 19:00:01,460 - INFO - Directors already extracted for row 5, skipping...
2025-11-02 19:00:01,461 - INFO - Directors already extracted for row 6, skipping...
2025-11-02 19:00:01,462 - INFO - Directors already extracted for row 7, skipping...
2025-11-02 19:00:01,462 - INFO - Directors already extracted for row 8, skipping...
2025-11-02 19:00:01,463 - INFO - Directors already extracted for row 9, skipping...
2025-11-02 19:00:01,463 - INFO - Directors already extracted for row 10, skipping...
2025-11-02 19:00:01,464 - INFO - Directors already extracted for row 11, skipping...
2025-11-02 19:00:01,515 - INFO - ✅ Updated raw file saved with director info → C:\Users\piyush gala\PC\Portfolio\cibil_web_scrapping_automation\fetched_data\raw\cibil_data__25_lacs_31-08-25_for_state\cibil_data_31-08-25_BIHAR_state_page_1.xlsx
2025-11-02 19:00:02,021 - INFO - Running automation for State: GOA, Date: 31-08-25, Defaulters type: >25 lacs
2025-11-02 19:00:03,725 - INFO - Browser launched.
2025-11-02 19:00:08,521 - INFO - Page loaded.
2025-11-02 19:00:08,522 - INFO - ▶ Performing search for date:31-08-25, state:GOA, Defaulters type:>25 lacs
2025-11-02 19:00:12,362 - INFO - ▶ Waiting for search results...
2025-11-02 19:00:21,560 - INFO - Pagination text: View 1 - 25 of 25
2025-11-02 19:00:21,561 - INFO - Fetched: 25, Total: 25
2025-11-02 19:00:21,561 - INFO - ▶ Fetched 25 out of 25 rows.
2025-11-02 19:00:21,561 - INFO - Pagination limit: 1
2025-11-02 19:00:21,562 - INFO - Raw Data for GOA already exists. Skipping raw table extraction.
2025-11-02 19:00:21,563 - INFO - Found 1 raw Excel files for GOA
2025-11-02 19:00:21,621 - INFO - Directors already extracted for row 1, skipping...
2025-11-02 19:00:21,622 - INFO - Directors already extracted for row 2, skipping...
2025-11-02 19:00:21,622 - INFO - Directors already extracted for row 3, skipping...
2025-11-02 19:00:21,623 - INFO - Directors already extracted for row 4, skipping...
2025-11-02 19:00:21,624 - INFO - Directors already extracted for row 5, skipping...
2025-11-02 19:00:21,624 - INFO - Directors already extracted for row 6, skipping...
2025-11-02 19:00:21,625 - INFO - Directors already extracted for row 7, skipping...
2025-11-02 19:00:21,625 - INFO - Directors already extracted for row 8, skipping...
2025-11-02 19:00:21,626 - INFO - Directors already extracted for row 9, skipping...
2025-11-02 19:00:21,626 - INFO - Directors already extracted for row 10, skipping...
2025-11-02 19:00:21,627 - INFO - Directors already extracted for row 11, skipping...
2025-11-02 19:00:21,672 - INFO - ✅ Updated raw file saved with director info → C:\Users\piyush gala\PC\Portfolio\cibil_web_scrapping_automation\fetched_data\raw\cibil_data__25_lacs_31-08-25_for_state\cibil_data_31-08-25_GOA_state_page_1.xlsx
2025-11-02 19:00:22,164 - INFO - Running automation for State: GUJARAT, Date: 31-08-25, Defaulters type: >25 lacs
2025-11-02 19:00:23,862 - INFO - Browser launched.
2025-11-02 19:00:27,787 - INFO - Page loaded.
2025-11-02 19:00:27,788 - INFO - ▶ Performing search for date:31-08-25, state:GUJARAT, Defaulters type:>25 lacs
2025-11-02 19:00:31,690 - INFO - ▶ Waiting for search results...
2025-11-02 19:00:39,420 - INFO - Pagination text: View 1 - 1,000 of 1,233
2025-11-02 19:00:39,421 - INFO - Fetched: 1000, Total: 1233
2025-11-02 19:00:39,421 - INFO - ▶ Fetched 1000 out of 1233 rows.
2025-11-02 19:00:39,421 - INFO - Pagination limit: 2
2025-11-02 19:00:39,422 - INFO - Data for GUJARAT, page 1 already exists. Skipping page extraction.
2025-11-02 19:00:43,292 - INFO - ▶ Extracting table data...
2025-11-02 19:00:43,350 - INFO - Found 233 rows for state: GUJARAT, page: 2.
2025-11-02 19:00:43,804 - INFO - Row 1/233 extracted for GUJARAT.
2025-11-02 19:00:44,187 - INFO - Row 2/233 extracted for GUJARAT.
2025-11-02 19:00:44,564 - INFO - Row 3/233 extracted for GUJARAT.
2025-11-02 19:00:44,942 - INFO - Row 4/233 extracted for GUJARAT.
2025-11-02 19:00:45,305 - INFO - Row 5/233 extracted for GUJARAT.
2025-11-02 19:00:45,641 - INFO - Row 6/233 extracted for GUJARAT.
2025-11-02 19:00:45,978 - INFO - Row 7/233 extracted for GUJARAT.
2025-11-02 19:00:46,324 - INFO - Row 8/233 extracted for GUJARAT.
2025-11-02 19:00:46,643 - INFO - Row 9/233 extracted for GUJARAT.
2025-11-02 19:00:46,971 - INFO - Row 10/233 extracted for GUJARAT.
2025-11-02 19:00:47,293 - INFO - Row 11/233 extracted for GUJARAT.
2025-11-02 19:00:47,294 - ERROR - ⚠️ Incomplete data: captured 11 of 233 rows for GUJARAT (page 2).
2025-11-02 19:00:47,747 - ERROR - ❌ Error for GUJARAT: ⚠️ Incomplete data: captured 11 of 233 rows for GUJARAT (page 2).
2025-11-02 19:00:47,748 - INFO - Running automation for State: MAHARASHTRA, Date: 31-08-25, Defaulters type: >25 lacs
2025-11-02 19:00:49,425 - INFO - Browser launched.
2025-11-02 19:00:50,540 - INFO - Page loaded.
2025-11-02 19:00:50,541 - INFO - ▶ Performing search for date:31-08-25, state:MAHARASHTRA, Defaulters type:>25 lacs
2025-11-02 19:00:53,650 - INFO - ▶ Waiting for search results...
2025-11-02 19:01:01,320 - INFO - Pagination text: View 1 - 1,000 of 3,659
2025-11-02 19:01:01,321 - INFO - Fetched: 1000, Total: 3659
2025-11-02 19:01:01,322 - INFO - ▶ Fetched 1000 out of 3659 rows.
2025-11-02 19:01:01,322 - INFO - Pagination limit: 4
2025-11-02 19:01:01,323 - INFO - Raw Data for MAHARASHTRA already exists. Skipping raw table extraction.
2025-11-02 19:01:01,323 - INFO - Found 4 raw Excel files for MAHARASHTRA
2025-11-02 19:01:01,353 - INFO - Directors already extracted for row 1, skipping...
2025-11-02 19:01:01,354 - INFO - Directors already extracted for row 2, skipping...
2025-11-02 19:01:01,354 - INFO - Directors already extracted for row 3, skipping...
2025-11-02 19:01:01,355 - INFO - Directors already extracted for row 4, skipping...
2025-11-02 19:01:01,356 - INFO - Directors already extracted for row 5, skipping...
2025-11-02 19:01:01,356 - INFO - Directors already extracted for row 6, skipping...
2025-11-02 19:01:01,357 - INFO - Directors already extracted for row 7, skipping...
2025-11-02 19:01:01,357 - INFO - Directors already extracted for row 8, skipping...
2025-11-02 19:01:01,358 - INFO - Directors already extracted for row 9, skipping...
2025-11-02 19:01:01,358 - INFO - Directors already extracted for row 10, skipping...
2025-11-02 19:01:01,359 - INFO - Directors already extracted for row 11, skipping...
2025-11-02 19:01:01,406 - INFO - ✅ Updated raw file saved with director info → C:\Users\piyush gala\PC\Portfolio\cibil_web_scrapping_automation\fetched_data\raw\cibil_data__25_lacs_31-08-25_for_state\cibil_data_31-08-25_MAHARASHTRA_state_page_1.xlsx
2025-11-02 19:01:01,427 - INFO - Directors already extracted for row 1, skipping...
2025-11-02 19:01:01,428 - INFO - Directors already extracted for row 2, skipping...
2025-11-02 19:01:01,428 - INFO - Directors already extracted for row 3, skipping...
2025-11-02 19:01:01,429 - INFO - Directors already extracted for row 4, skipping...
2025-11-02 19:01:01,429 - INFO - Directors already extracted for row 5, skipping...
2025-11-02 19:01:01,430 - INFO - Directors already extracted for row 6, skipping...
2025-11-02 19:01:01,430 - INFO - Directors already extracted for row 7, skipping...
2025-11-02 19:01:01,431 - INFO - Directors already extracted for row 8, skipping...
2025-11-02 19:01:01,432 - INFO - Directors already extracted for row 9, skipping...
2025-11-02 19:01:01,432 - INFO - Directors already extracted for row 10, skipping...
2025-11-02 19:01:01,433 - INFO - Directors already extracted for row 11, skipping...
2025-11-02 19:01:01,476 - INFO - ✅ Updated raw file saved with director info → C:\Users\piyush gala\PC\Portfolio\cibil_web_scrapping_automation\fetched_data\raw\cibil_data__25_lacs_31-08-25_for_state\cibil_data_31-08-25_MAHARASHTRA_state_page_2.xlsx
2025-11-02 19:01:01,496 - INFO - Directors already extracted for row 1, skipping...
2025-11-02 19:01:01,496 - INFO - Directors already extracted for row 2, skipping...
2025-11-02 19:01:01,497 - INFO - Directors already extracted for row 3, skipping...
2025-11-02 19:01:01,497 - INFO - Directors already extracted for row 4, skipping...
2025-11-02 19:01:01,498 - INFO - Directors already extracted for row 5, skipping...
2025-11-02 19:01:01,499 - INFO - Directors already extracted for row 6, skipping...
2025-11-02 19:01:01,499 - INFO - Directors already extracted for row 7, skipping...
2025-11-02 19:01:01,500 - INFO - Directors already extracted for row 8, skipping...
2025-11-02 19:01:01,500 - INFO - Directors already extracted for row 9, skipping...
2025-11-02 19:01:01,501 - INFO - Directors already extracted for row 10, skipping...
2025-11-02 19:01:01,501 - INFO - Directors already extracted for row 11, skipping...
2025-11-02 19:01:01,546 - INFO - ✅ Updated raw file saved with director info → C:\Users\piyush gala\PC\Portfolio\cibil_web_scrapping_automation\fetched_data\raw\cibil_data__25_lacs_31-08-25_for_state\cibil_data_31-08-25_MAHARASHTRA_state_page_3.xlsx
2025-11-02 19:01:01,568 - INFO - Directors already extracted for row 1, skipping...
2025-11-02 19:01:01,569 - INFO - Directors already extracted for row 2, skipping...
2025-11-02 19:01:01,570 - INFO - Directors already extracted for row 3, skipping...
2025-11-02 19:01:01,571 - INFO - Directors already extracted for row 4, skipping...
2025-11-02 19:01:01,571 - INFO - Directors already extracted for row 5, skipping...
2025-11-02 19:01:01,572 - INFO - Directors already extracted for row 6, skipping...
2025-11-02 19:01:01,572 - INFO - Directors already extracted for row 7, skipping...
2025-11-02 19:01:01,573 - INFO - Directors already extracted for row 8, skipping...
2025-11-02 19:01:01,573 - INFO - Directors already extracted for row 9, skipping...
2025-11-02 19:01:01,574 - INFO - Directors already extracted for row 10, skipping...
2025-11-02 19:01:01,574 - INFO - Directors already extracted for row 11, skipping...
2025-11-02 19:01:01,620 - INFO - ✅ Updated raw file saved with director info → C:\Users\piyush gala\PC\Portfolio\cibil_web_scrapping_automation\fetched_data\raw\cibil_data__25_lacs_31-08-25_for_state\cibil_data_31-08-25_MAHARASHTRA_state_page_4.xlsx
