2025-11-02 18:16:50,313 - INFO - Logging initialized at: C:\Users\piyush gala\PC\Portfolio\cibil_web_scrapping_automation\utilities\logs\2025-11-02\cibil_log_2025-11-02_18-16-50.log
2025-11-02 18:16:50,314 - INFO - Read path: C:\Users\piyush gala\PC\Portfolio\cibil_web_scrapping_automation
2025-11-02 18:16:50,314 - INFO - Write path: C:\Users\piyush gala\PC\Portfolio\cibil_web_scrapping_automation
2025-11-02 18:16:50,315 - INFO - ▶ Running script...
2025-11-02 18:16:50,315 - INFO - Running script...
2025-11-02 18:16:50,316 - INFO - Selected Configurations: 
state type: state, 
Defaulters type: >25 lacs, 
Date: 31-08-25, 
Timeout: 60 seconds
2025-11-02 18:16:50,317 - INFO - All States: {'MAHARASHTRA', 'SRI LANKA', 'ABCD', 'TAMIL NADU', 'SINGAPORE', 'BELGIUM', 'MADHYA PRADESH', 'UNITED STATES OF AMERICA', 'GERMANY', 'PONDICHERRY', 'UTTAR PRADESH', 'CHHATTISGARH', 'PUNJAB', 'AUSTRALIA', 'NEW DELHI', 'BANGKOK', 'OBU', 'JAPAN', 'UNITED ARAB EMIRATES', 'ARUNACHAL PRADESH', 'SIKKIM', 'WEST BENGAL', 'ASSAM', 'BHOPAL', 'SOUTH AFRICA', 'MANIPUR', 'BANGLADESH', 'DADRA AND NAGAR HAVELI', 'BRITISH VIRGIN ISLAND', 'DUBAI', 'JHARKHAND', 'ENGLAND', 'ORISSA', 'UTTARANCHAL', 'COLOMBO', 'KERALA', 'THAILAND', 'TRIPURA', 'PANAMA', 'UTAH', 'LONDON', 'LAKSHADWEEP', 'MIZORAM', 'AMSTERDAM', 'WASHINGTON', 'QATAR', 'DAMAN AND DIU', 'LUXEMBOURG', 'TELANGANA', 'CAYMAN ISLAND', 'BIHAR', 'CHANDIGARH (U.T.) & DELHI', 'DELHI', 'RAJASTHAN', 'CYPRUS', 'BAHRAIN', 'UNITED ARAB EMIRATES UAE', 'KARNATAKA', 'JAKARTA', 'ISRAEL', 'DUBAI, UAE', 'HONG KONG', 'ATLANTA, USA', 'HARYANA', 'CHANDIGARH', 'NEW YORK', 'KINGDOM OF BAHRAIN', 'NOT REPORTED', 'GOA', 'UTTARAKHAND', 'MANCHESTER', 'ANDAMAN AND NICOBAR ISLANDS', 'OMAN', 'OVERSEAS', 'ANDHRA PRADESH', 'HYDERABAD', 'UNITED KINGDOM', 'MISSISSIPPI, USA', 'HIMACHAL PRADESH', 'MEGHALAYA', 'GUJARAT', 'PUDUCHERRY', 'NAGALAND', 'JAMMU & KASHMIR', 'MALDIVES', 'CHANDIGARH & DELHI', 'ROHTAK'}
2025-11-02 18:16:50,318 - INFO - Selected States: ['ANDHRA PRADESH', 'ARUNACHAL PRADESH', 'BIHAR', 'GOA', 'GUJARAT', 'MAHARASHTRA']
2025-11-02 18:16:50,318 - INFO - ▶ Starting batch search for date: 31-08-25
2025-11-02 18:16:50,320 - INFO - Running automation for State: ANDHRA PRADESH, Date: 31-08-25, Defaulters type: >25 lacs
2025-11-02 18:16:52,018 - INFO - Browser launched.
2025-11-02 18:16:53,955 - INFO - Page loaded.
2025-11-02 18:16:53,956 - INFO - ▶ Performing search for date:31-08-25, state:ANDHRA PRADESH, Defaulters type:>25 lacs
2025-11-02 18:16:57,262 - INFO - ▶ Waiting for search results...
2025-11-02 18:17:04,865 - INFO - Pagination text: View 1 - 1,000 of 1,339
2025-11-02 18:17:04,865 - INFO - Fetched: 1000, Total: 1339
2025-11-02 18:17:04,866 - INFO - ▶ Fetched 1000 out of 1339 rows.
2025-11-02 18:17:04,866 - INFO - Pagination limit: 2
2025-11-02 18:17:04,867 - INFO - ▶ Extracting table data...
2025-11-02 18:17:04,907 - INFO - Found 1000 rows for state: ANDHRA PRADESH, page: 1.
2025-11-02 18:17:05,617 - INFO - Row 1/1000 extracted for ANDHRA PRADESH.
2025-11-02 18:17:06,230 - INFO - Row 2/1000 extracted for ANDHRA PRADESH.
2025-11-02 18:17:06,808 - INFO - Row 3/1000 extracted for ANDHRA PRADESH.
2025-11-02 18:17:07,389 - INFO - Row 4/1000 extracted for ANDHRA PRADESH.
2025-11-02 18:17:07,965 - INFO - Row 5/1000 extracted for ANDHRA PRADESH.
2025-11-02 18:17:08,502 - INFO - Row 6/1000 extracted for ANDHRA PRADESH.
2025-11-02 18:17:09,076 - INFO - Row 7/1000 extracted for ANDHRA PRADESH.
2025-11-02 18:17:09,592 - INFO - Row 8/1000 extracted for ANDHRA PRADESH.
2025-11-02 18:17:10,136 - INFO - Row 9/1000 extracted for ANDHRA PRADESH.
2025-11-02 18:17:10,670 - INFO - Row 10/1000 extracted for ANDHRA PRADESH.
2025-11-02 18:17:11,204 - INFO - Row 11/1000 extracted for ANDHRA PRADESH.
2025-11-02 18:17:11,739 - INFO - Saved 11 rows to cibil_data_31-08-25_ANDHRA PRADESH_state_page_1.xlsx
2025-11-02 18:18:15,085 - INFO - ▶ Extracting table data...
2025-11-02 18:18:15,112 - INFO - Found 339 rows for state: ANDHRA PRADESH, page: 2.
2025-11-02 18:18:15,510 - INFO - Row 1/339 extracted for ANDHRA PRADESH.
2025-11-02 18:18:15,898 - INFO - Row 2/339 extracted for ANDHRA PRADESH.
2025-11-02 18:18:16,288 - INFO - Row 3/339 extracted for ANDHRA PRADESH.
2025-11-02 18:18:16,655 - INFO - Row 4/339 extracted for ANDHRA PRADESH.
2025-11-02 18:18:17,024 - INFO - Row 5/339 extracted for ANDHRA PRADESH.
2025-11-02 18:18:17,445 - INFO - Row 6/339 extracted for ANDHRA PRADESH.
2025-11-02 18:18:17,818 - INFO - Row 7/339 extracted for ANDHRA PRADESH.
2025-11-02 18:18:18,171 - INFO - Row 8/339 extracted for ANDHRA PRADESH.
2025-11-02 18:18:18,531 - INFO - Row 9/339 extracted for ANDHRA PRADESH.
2025-11-02 18:18:18,902 - INFO - Row 10/339 extracted for ANDHRA PRADESH.
2025-11-02 18:18:19,271 - INFO - Row 11/339 extracted for ANDHRA PRADESH.
2025-11-02 18:18:19,316 - INFO - Saved 11 rows to cibil_data_31-08-25_ANDHRA PRADESH_state_page_2.xlsx
2025-11-02 18:18:19,325 - INFO - ▶ Next button is disabled, reached last page.
2025-11-02 18:18:21,329 - INFO - Found 2 raw Excel files for ANDHRA PRADESH
2025-11-02 18:18:21,412 - INFO - ▶ Extracting directors for row 1: SRI CHANDANA AUTOMOBILES
2025-11-02 18:18:21,620 - INFO - Loader disappeared.
2025-11-02 18:18:52,448 - INFO - Found 2 director rows.
2025-11-02 18:18:52,548 - INFO - Successfully extracted director data.
2025-11-02 18:18:52,771 - INFO - ⚠️ Could not navigate back, reloading page...
2025-11-02 18:18:58,159 - INFO - Loader disappeared.
2025-11-02 18:18:59,176 - INFO - 🔄 Page reloaded successfully.
2025-11-02 18:18:59,178 - INFO - ▶ Extracting directors for row 2: MOHAMMED JAFFAR
2025-11-02 18:18:59,381 - INFO - Loader disappeared.
2025-11-02 18:19:00,409 - INFO - Found 1 director rows.
2025-11-02 18:19:00,461 - INFO - Successfully extracted director data.
2025-11-02 18:19:00,683 - INFO - ⚠️ Could not navigate back, reloading page...
2025-11-02 18:19:05,982 - INFO - Loader disappeared.
2025-11-02 18:19:06,997 - INFO - 🔄 Page reloaded successfully.
2025-11-02 18:19:06,998 - INFO - ▶ Extracting directors for row 3: SAJJA MURALI
2025-11-02 18:19:07,175 - INFO - Loader disappeared.
2025-11-02 18:19:08,230 - INFO - Found 1 director rows.
2025-11-02 18:19:08,280 - INFO - Successfully extracted director data.
2025-11-02 18:19:08,496 - INFO - ⚠️ Could not navigate back, reloading page...
2025-11-02 18:19:13,761 - INFO - Loader disappeared.
2025-11-02 18:19:14,766 - INFO - 🔄 Page reloaded successfully.
2025-11-02 18:19:14,767 - INFO - ▶ Extracting directors for row 4: SHARRIYAR ZAHEER
2025-11-02 18:19:14,967 - INFO - Loader disappeared.
2025-11-02 18:19:15,997 - INFO - Found 1 director rows.
2025-11-02 18:19:16,048 - INFO - Successfully extracted director data.
2025-11-02 18:19:16,276 - INFO - ⚠️ Could not navigate back, reloading page...
2025-11-02 18:19:21,683 - INFO - Loader disappeared.
2025-11-02 18:19:22,699 - INFO - 🔄 Page reloaded successfully.
2025-11-02 18:19:22,700 - INFO - ▶ Extracting directors for row 5: M/S ASIP PVT LTD
2025-11-02 18:19:22,900 - INFO - Loader disappeared.
2025-11-02 18:19:23,928 - INFO - Found 2 director rows.
2025-11-02 18:19:24,021 - INFO - Successfully extracted director data.
2025-11-02 18:19:24,246 - INFO - ⚠️ Could not navigate back, reloading page...
2025-11-02 18:19:29,584 - INFO - Loader disappeared.
2025-11-02 18:19:30,585 - INFO - 🔄 Page reloaded successfully.
2025-11-02 18:19:30,647 - INFO - Checkpoint saved at row 5 for C:\Users\piyush gala\PC\Portfolio\cibil_web_scrapping_automation\fetched_data\raw\cibil_data__25_lacs_31-08-25_for_state\cibil_data_31-08-25_ANDHRA PRADESH_state_page_1.xlsx
2025-11-02 18:19:30,648 - INFO - ▶ Extracting directors for row 6: MAHMOOD MUNAWAR AZEEM
2025-11-02 18:19:30,823 - INFO - Loader disappeared.
2025-11-02 18:19:31,852 - INFO - Found 1 director rows.
2025-11-02 18:19:31,925 - INFO - Successfully extracted director data.
2025-11-02 18:19:32,153 - INFO - ⚠️ Could not navigate back, reloading page...
2025-11-02 18:19:37,480 - INFO - Loader disappeared.
2025-11-02 18:19:38,502 - INFO - 🔄 Page reloaded successfully.
2025-11-02 18:19:38,504 - INFO - ▶ Extracting directors for row 7: SIRIGINEEDI UDAYA BHASKARA RAO
2025-11-02 18:19:38,686 - INFO - Loader disappeared.
2025-11-02 18:19:39,718 - INFO - Found 1 director rows.
2025-11-02 18:19:39,766 - INFO - Successfully extracted director data.
2025-11-02 18:19:39,995 - INFO - ⚠️ Could not navigate back, reloading page...
2025-11-02 18:19:45,543 - INFO - Loader disappeared.
2025-11-02 18:19:46,559 - INFO - 🔄 Page reloaded successfully.
2025-11-02 18:19:46,560 - INFO - ▶ Extracting directors for row 8: THORAM P KONDALA RAO
2025-11-02 18:19:46,731 - INFO - Loader disappeared.
2025-11-02 18:19:47,772 - INFO - Found 1 director rows.
2025-11-02 18:19:47,819 - INFO - Successfully extracted director data.
2025-11-02 18:19:48,045 - INFO - ⚠️ Could not navigate back, reloading page...
2025-11-02 18:19:53,902 - INFO - Loader disappeared.
2025-11-02 18:19:54,903 - INFO - 🔄 Page reloaded successfully.
2025-11-02 18:19:54,914 - INFO - ▶ Extracting directors for row 9: MANJUR AHAMED SYED
2025-11-02 18:19:55,091 - INFO - Loader disappeared.
2025-11-02 18:19:56,122 - INFO - Found 1 director rows.
2025-11-02 18:19:56,173 - INFO - Successfully extracted director data.
2025-11-02 18:19:56,397 - INFO - ⚠️ Could not navigate back, reloading page...
2025-11-02 18:20:01,689 - INFO - Loader disappeared.
2025-11-02 18:20:02,709 - INFO - 🔄 Page reloaded successfully.
2025-11-02 18:20:02,711 - INFO - ▶ Extracting directors for row 10: Katta Muralli
2025-11-02 18:20:02,894 - INFO - Loader disappeared.
2025-11-02 18:20:03,922 - INFO - Found 1 director rows.
2025-11-02 18:20:03,971 - INFO - Successfully extracted director data.
2025-11-02 18:20:04,191 - INFO - ⚠️ Could not navigate back, reloading page...
2025-11-02 18:20:10,042 - INFO - Loader disappeared.
2025-11-02 18:20:11,043 - INFO - 🔄 Page reloaded successfully.
2025-11-02 18:20:11,097 - INFO - Checkpoint saved at row 10 for C:\Users\piyush gala\PC\Portfolio\cibil_web_scrapping_automation\fetched_data\raw\cibil_data__25_lacs_31-08-25_for_state\cibil_data_31-08-25_ANDHRA PRADESH_state_page_1.xlsx
2025-11-02 18:20:11,098 - INFO - ▶ Extracting directors for row 11: Katta Padma Vathi
2025-11-02 18:20:11,286 - INFO - Loader disappeared.
2025-11-02 18:20:12,320 - INFO - Found 1 director rows.
2025-11-02 18:20:12,366 - INFO - Successfully extracted director data.
2025-11-02 18:20:12,581 - INFO - ⚠️ Could not navigate back, reloading page...
2025-11-02 18:20:17,937 - INFO - Loader disappeared.
2025-11-02 18:20:18,938 - INFO - 🔄 Page reloaded successfully.
2025-11-02 18:20:18,997 - INFO - ✅ Updated raw file saved with director info → C:\Users\piyush gala\PC\Portfolio\cibil_web_scrapping_automation\fetched_data\raw\cibil_data__25_lacs_31-08-25_for_state\cibil_data_31-08-25_ANDHRA PRADESH_state_page_1.xlsx
2025-11-02 18:20:19,048 - INFO - ▶ Extracting directors for row 1: D JAYA KUMAR
2025-11-02 18:20:19,229 - INFO - Loader disappeared.
2025-11-02 18:20:20,257 - INFO - Found 1 director rows.
2025-11-02 18:20:20,309 - INFO - Successfully extracted director data.
2025-11-02 18:20:20,527 - INFO - ⚠️ Could not navigate back, reloading page...
2025-11-02 18:20:26,349 - INFO - Loader disappeared.
2025-11-02 18:20:27,350 - INFO - 🔄 Page reloaded successfully.
2025-11-02 18:20:27,352 - INFO - ▶ Extracting directors for row 2: MEDA SUCHARITHA
2025-11-02 18:20:27,539 - INFO - Loader disappeared.
2025-11-02 18:20:28,569 - INFO - Found 1 director rows.
2025-11-02 18:20:28,617 - INFO - Successfully extracted director data.
2025-11-02 18:20:28,838 - INFO - ⚠️ Could not navigate back, reloading page...
2025-11-02 18:20:34,117 - INFO - Loader disappeared.
2025-11-02 18:20:35,143 - INFO - 🔄 Page reloaded successfully.
2025-11-02 18:20:35,144 - INFO - ▶ Extracting directors for row 3: G Subramanyam Naidu
2025-11-02 18:20:35,320 - INFO - Loader disappeared.
2025-11-02 18:20:36,350 - INFO - Found 1 director rows.
2025-11-02 18:20:36,396 - INFO - Successfully extracted director data.
2025-11-02 18:20:36,614 - INFO - ⚠️ Could not navigate back, reloading page...
2025-11-02 18:20:41,972 - INFO - Loader disappeared.
2025-11-02 18:20:42,973 - INFO - 🔄 Page reloaded successfully.
2025-11-02 18:20:42,974 - INFO - ▶ Extracting directors for row 4: P SHANKAR  .
2025-11-02 18:20:43,151 - INFO - Loader disappeared.
2025-11-02 18:20:44,184 - INFO - Found 1 director rows.
2025-11-02 18:20:44,238 - INFO - Successfully extracted director data.
2025-11-02 18:20:44,465 - INFO - ⚠️ Could not navigate back, reloading page...
2025-11-02 18:20:49,883 - INFO - Loader disappeared.
2025-11-02 18:20:50,884 - INFO - 🔄 Page reloaded successfully.
2025-11-02 18:20:50,886 - INFO - ▶ Extracting directors for row 5: N.Sreedevi
2025-11-02 18:20:51,103 - INFO - Loader disappeared.
2025-11-02 18:20:52,132 - INFO - Found 1 director rows.
2025-11-02 18:20:52,188 - INFO - Successfully extracted director data.
2025-11-02 18:20:52,405 - INFO - ⚠️ Could not navigate back, reloading page...
2025-11-02 18:20:58,038 - INFO - Loader disappeared.
2025-11-02 18:20:59,039 - INFO - 🔄 Page reloaded successfully.
2025-11-02 18:20:59,099 - INFO - Checkpoint saved at row 5 for C:\Users\piyush gala\PC\Portfolio\cibil_web_scrapping_automation\fetched_data\raw\cibil_data__25_lacs_31-08-25_for_state\cibil_data_31-08-25_ANDHRA PRADESH_state_page_2.xlsx
2025-11-02 18:20:59,100 - INFO - ▶ Extracting directors for row 6: S Bhagya Rekha
2025-11-02 18:20:59,300 - INFO - Loader disappeared.
2025-11-02 18:21:00,334 - INFO - Found 1 director rows.
2025-11-02 18:21:00,390 - INFO - Successfully extracted director data.
2025-11-02 18:21:00,614 - INFO - ⚠️ Could not navigate back, reloading page...
2025-11-02 18:21:05,975 - INFO - Loader disappeared.
2025-11-02 18:21:07,000 - INFO - 🔄 Page reloaded successfully.
2025-11-02 18:21:07,001 - INFO - ▶ Extracting directors for row 7: REKHA BRICKS
2025-11-02 18:21:07,187 - INFO - Loader disappeared.
2025-11-02 18:21:08,216 - INFO - Found 1 director rows.
2025-11-02 18:21:08,268 - INFO - Successfully extracted director data.
2025-11-02 18:21:08,486 - INFO - ⚠️ Could not navigate back, reloading page...
2025-11-02 18:21:13,824 - INFO - Loader disappeared.
2025-11-02 18:21:14,825 - INFO - 🔄 Page reloaded successfully.
2025-11-02 18:21:14,827 - INFO - ▶ Extracting directors for row 8: SHAIK MAHAMOODA BE
2025-11-02 18:21:15,003 - INFO - Loader disappeared.
2025-11-02 18:21:16,035 - INFO - Found 1 director rows.
2025-11-02 18:21:16,087 - INFO - Successfully extracted director data.
2025-11-02 18:21:16,308 - INFO - ⚠️ Could not navigate back, reloading page...
2025-11-02 18:21:21,706 - INFO - Loader disappeared.
2025-11-02 18:21:22,707 - INFO - 🔄 Page reloaded successfully.
2025-11-02 18:21:22,708 - INFO - ▶ Extracting directors for row 9: T. SAHITH REDDY
2025-11-02 18:21:22,906 - INFO - Loader disappeared.
2025-11-02 18:21:23,935 - INFO - Found 1 director rows.
2025-11-02 18:21:23,988 - INFO - Successfully extracted director data.
2025-11-02 18:21:24,202 - INFO - ⚠️ Could not navigate back, reloading page...
2025-11-02 18:21:29,608 - INFO - Loader disappeared.
2025-11-02 18:21:30,609 - INFO - 🔄 Page reloaded successfully.
2025-11-02 18:21:30,611 - INFO - ▶ Extracting directors for row 10: P SRIVANI
2025-11-02 18:21:30,791 - INFO - Loader disappeared.
2025-11-02 18:21:31,823 - INFO - Found 1 director rows.
2025-11-02 18:21:31,873 - INFO - Successfully extracted director data.
2025-11-02 18:21:32,098 - INFO - ⚠️ Could not navigate back, reloading page...
2025-11-02 18:21:37,449 - INFO - Loader disappeared.
2025-11-02 18:21:38,451 - INFO - 🔄 Page reloaded successfully.
2025-11-02 18:21:38,532 - INFO - Checkpoint saved at row 10 for C:\Users\piyush gala\PC\Portfolio\cibil_web_scrapping_automation\fetched_data\raw\cibil_data__25_lacs_31-08-25_for_state\cibil_data_31-08-25_ANDHRA PRADESH_state_page_2.xlsx
2025-11-02 18:21:38,533 - INFO - ▶ Extracting directors for row 11: PNS PRAKASH
2025-11-02 18:21:38,716 - INFO - Loader disappeared.
2025-11-02 18:21:39,743 - INFO - Found 1 director rows.
2025-11-02 18:21:39,803 - INFO - Successfully extracted director data.
2025-11-02 18:21:40,027 - INFO - ⚠️ Could not navigate back, reloading page...
2025-11-02 18:21:45,470 - INFO - Loader disappeared.
2025-11-02 18:21:46,471 - INFO - 🔄 Page reloaded successfully.
2025-11-02 18:21:46,533 - INFO - ✅ Updated raw file saved with director info → C:\Users\piyush gala\PC\Portfolio\cibil_web_scrapping_automation\fetched_data\raw\cibil_data__25_lacs_31-08-25_for_state\cibil_data_31-08-25_ANDHRA PRADESH_state_page_2.xlsx
2025-11-02 18:21:47,111 - INFO - Running automation for State: ARUNACHAL PRADESH, Date: 31-08-25, Defaulters type: >25 lacs
2025-11-02 18:21:48,900 - INFO - Browser launched.
2025-11-02 18:21:49,950 - INFO - Page loaded.
2025-11-02 18:21:49,950 - INFO - ▶ Performing search for date:31-08-25, state:ARUNACHAL PRADESH, Defaulters type:>25 lacs
2025-11-02 18:21:53,272 - INFO - ▶ Waiting for search results...
2025-11-02 18:22:00,872 - INFO - Pagination text: View 1 - 6 of 6
2025-11-02 18:22:00,872 - INFO - Fetched: 6, Total: 6
2025-11-02 18:22:00,873 - INFO - ▶ Fetched 6 out of 6 rows.
2025-11-02 18:22:00,874 - INFO - Pagination limit: 1
2025-11-02 18:22:00,874 - INFO - ▶ Extracting table data...
2025-11-02 18:22:00,893 - INFO - Found 6 rows for state: ARUNACHAL PRADESH, page: 1.
2025-11-02 18:22:01,185 - INFO - Row 1/6 extracted for ARUNACHAL PRADESH.
2025-11-02 18:22:01,474 - INFO - Row 2/6 extracted for ARUNACHAL PRADESH.
2025-11-02 18:22:01,745 - INFO - Row 3/6 extracted for ARUNACHAL PRADESH.
2025-11-02 18:22:02,018 - INFO - Row 4/6 extracted for ARUNACHAL PRADESH.
2025-11-02 18:22:02,297 - INFO - Row 5/6 extracted for ARUNACHAL PRADESH.
2025-11-02 18:22:02,560 - INFO - Row 6/6 extracted for ARUNACHAL PRADESH.
2025-11-02 18:22:02,622 - INFO - Saved 6 rows to cibil_data_31-08-25_ARUNACHAL PRADESH_state_page_1.xlsx
2025-11-02 18:22:02,632 - INFO - ▶ Next button is disabled, reached last page.
2025-11-02 18:22:04,638 - INFO - Found 1 raw Excel files for ARUNACHAL PRADESH
2025-11-02 18:22:04,682 - INFO - ▶ Extracting directors for row 1: HOTEL BENJAMIN
2025-11-02 18:22:04,847 - INFO - Loader disappeared.
2025-11-02 18:22:05,875 - INFO - Found 1 director rows.
2025-11-02 18:22:05,922 - INFO - Successfully extracted director data.
2025-11-02 18:22:06,148 - INFO - ⚠️ Could not navigate back, reloading page...
2025-11-02 18:22:11,625 - INFO - Loader disappeared.
2025-11-02 18:22:12,626 - INFO - 🔄 Page reloaded successfully.
2025-11-02 18:22:12,627 - INFO - ▶ Extracting directors for row 2: MANGAM  TAKANG
2025-11-02 18:22:12,847 - INFO - Loader disappeared.
2025-11-02 18:22:13,877 - INFO - Found 1 director rows.
2025-11-02 18:22:13,933 - INFO - Successfully extracted director data.
2025-11-02 18:22:14,146 - INFO - ⚠️ Could not navigate back, reloading page...
2025-11-02 18:22:19,669 - INFO - Loader disappeared.
2025-11-02 18:22:20,670 - INFO - 🔄 Page reloaded successfully.
2025-11-02 18:22:20,671 - INFO - ▶ Extracting directors for row 3: R.B.TRADING CO
2025-11-02 18:22:20,873 - INFO - Loader disappeared.
2025-11-02 18:22:21,903 - INFO - Found 1 director rows.
2025-11-02 18:22:21,957 - INFO - Successfully extracted director data.
2025-11-02 18:22:22,179 - INFO - ⚠️ Could not navigate back, reloading page...
2025-11-02 18:22:27,587 - INFO - Loader disappeared.
2025-11-02 18:22:28,588 - INFO - 🔄 Page reloaded successfully.
2025-11-02 18:22:28,589 - INFO - ▶ Extracting directors for row 4: S.K.ENTERPRISE
2025-11-02 18:22:28,747 - INFO - Loader disappeared.
2025-11-02 18:22:29,775 - INFO - Found 1 director rows.
2025-11-02 18:22:29,821 - INFO - Successfully extracted director data.
2025-11-02 18:22:30,040 - INFO - ⚠️ Could not navigate back, reloading page...
2025-11-02 18:22:35,446 - INFO - Loader disappeared.
2025-11-02 18:22:36,447 - INFO - 🔄 Page reloaded successfully.
2025-11-02 18:22:36,449 - INFO - ▶ Extracting directors for row 5: SHREE TRADING CORPORATION
2025-11-02 18:22:36,617 - INFO - Loader disappeared.
2025-11-02 18:22:37,645 - INFO - Found 1 director rows.
2025-11-02 18:22:37,692 - INFO - Successfully extracted director data.
2025-11-02 18:22:37,916 - INFO - ⚠️ Could not navigate back, reloading page...
2025-11-02 18:22:43,246 - INFO - Loader disappeared.
2025-11-02 18:22:44,247 - INFO - 🔄 Page reloaded successfully.
2025-11-02 18:22:44,307 - INFO - Checkpoint saved at row 5 for C:\Users\piyush gala\PC\Portfolio\cibil_web_scrapping_automation\fetched_data\raw\cibil_data__25_lacs_31-08-25_for_state\cibil_data_31-08-25_ARUNACHAL PRADESH_state_page_1.xlsx
2025-11-02 18:22:44,308 - INFO - ▶ Extracting directors for row 6: SREE CORPORATION
2025-11-02 18:22:44,466 - INFO - Loader disappeared.
2025-11-02 18:22:45,494 - INFO - Found 1 director rows.
2025-11-02 18:22:45,545 - INFO - Successfully extracted director data.
2025-11-02 18:22:45,769 - INFO - ⚠️ Could not navigate back, reloading page...
2025-11-02 18:22:51,219 - INFO - Loader disappeared.
2025-11-02 18:22:52,221 - INFO - 🔄 Page reloaded successfully.
2025-11-02 18:22:52,265 - INFO - ✅ Updated raw file saved with director info → C:\Users\piyush gala\PC\Portfolio\cibil_web_scrapping_automation\fetched_data\raw\cibil_data__25_lacs_31-08-25_for_state\cibil_data_31-08-25_ARUNACHAL PRADESH_state_page_1.xlsx
2025-11-02 18:22:52,862 - INFO - Running automation for State: BIHAR, Date: 31-08-25, Defaulters type: >25 lacs
2025-11-02 18:22:54,596 - INFO - Browser launched.
2025-11-02 18:22:55,630 - INFO - Page loaded.
2025-11-02 18:22:55,631 - INFO - ▶ Performing search for date:31-08-25, state:BIHAR, Defaulters type:>25 lacs
2025-11-02 18:22:58,949 - INFO - ▶ Waiting for search results...
2025-11-02 18:23:06,580 - INFO - Pagination text: View 1 - 125 of 125
2025-11-02 18:23:06,580 - INFO - Fetched: 125, Total: 125
2025-11-02 18:23:06,580 - INFO - ▶ Fetched 125 out of 125 rows.
2025-11-02 18:23:06,581 - INFO - Pagination limit: 1
2025-11-02 18:23:06,581 - INFO - ▶ Extracting table data...
2025-11-02 18:23:06,603 - INFO - Found 125 rows for state: BIHAR, page: 1.
2025-11-02 18:23:06,926 - INFO - Row 1/125 extracted for BIHAR.
2025-11-02 18:23:07,238 - INFO - Row 2/125 extracted for BIHAR.
2025-11-02 18:23:07,536 - INFO - Row 3/125 extracted for BIHAR.
2025-11-02 18:23:07,842 - INFO - Row 4/125 extracted for BIHAR.
2025-11-02 18:23:08,162 - INFO - Row 5/125 extracted for BIHAR.
2025-11-02 18:23:08,448 - INFO - Row 6/125 extracted for BIHAR.
2025-11-02 18:23:08,734 - INFO - Row 7/125 extracted for BIHAR.
2025-11-02 18:23:09,010 - INFO - Row 8/125 extracted for BIHAR.
2025-11-02 18:23:09,287 - INFO - Row 9/125 extracted for BIHAR.
2025-11-02 18:23:09,599 - INFO - Row 10/125 extracted for BIHAR.
2025-11-02 18:23:09,900 - INFO - Row 11/125 extracted for BIHAR.
2025-11-02 18:23:09,945 - INFO - Saved 11 rows to cibil_data_31-08-25_BIHAR_state_page_1.xlsx
2025-11-02 18:23:09,953 - INFO - ▶ Next button is disabled, reached last page.
2025-11-02 18:23:11,957 - INFO - Found 1 raw Excel files for BIHAR
2025-11-02 18:23:12,002 - INFO - ▶ Extracting directors for row 1: SATYAM AUTOMOBILES PVT LTD
2025-11-02 18:23:12,158 - INFO - Loader disappeared.
2025-11-02 18:23:13,185 - INFO - Found 4 director rows.
2025-11-02 18:23:13,379 - INFO - Successfully extracted director data.
2025-11-02 18:23:13,603 - INFO - ⚠️ Could not navigate back, reloading page...
2025-11-02 18:23:19,133 - INFO - Loader disappeared.
2025-11-02 18:23:20,134 - INFO - 🔄 Page reloaded successfully.
2025-11-02 18:23:20,136 - INFO - ▶ Extracting directors for row 2: STERLING INDIA
2025-11-02 18:23:20,303 - INFO - Loader disappeared.
2025-11-02 18:23:21,335 - INFO - Found 1 director rows.
2025-11-02 18:23:21,384 - INFO - Successfully extracted director data.
2025-11-02 18:23:21,597 - INFO - ⚠️ Could not navigate back, reloading page...
2025-11-02 18:23:26,610 - INFO - Loader disappeared.
2025-11-02 18:23:27,611 - INFO - 🔄 Page reloaded successfully.
2025-11-02 18:23:27,612 - INFO - ▶ Extracting directors for row 3: AMITAV ARUN
2025-11-02 18:23:27,772 - INFO - Loader disappeared.
2025-11-02 18:23:28,801 - INFO - Found 1 director rows.
2025-11-02 18:23:28,850 - INFO - Successfully extracted director data.
2025-11-02 18:23:29,069 - INFO - ⚠️ Could not navigate back, reloading page...
2025-11-02 18:23:34,547 - INFO - Loader disappeared.
2025-11-02 18:23:35,548 - INFO - 🔄 Page reloaded successfully.
2025-11-02 18:23:35,549 - INFO - ▶ Extracting directors for row 4: DADAN  SINGH
2025-11-02 18:23:35,713 - INFO - Loader disappeared.
2025-11-02 18:23:36,740 - INFO - Found 1 director rows.
2025-11-02 18:23:36,792 - INFO - Successfully extracted director data.
2025-11-02 18:23:37,020 - INFO - ⚠️ Could not navigate back, reloading page...
2025-11-02 18:23:42,479 - INFO - Loader disappeared.
2025-11-02 18:23:43,480 - INFO - 🔄 Page reloaded successfully.
2025-11-02 18:23:43,481 - INFO - ▶ Extracting directors for row 5: SANJAY PRINTING WORKS
2025-11-02 18:23:43,639 - INFO - Loader disappeared.
2025-11-02 18:23:44,665 - INFO - Found 2 director rows.
2025-11-02 18:23:44,765 - INFO - Successfully extracted director data.
2025-11-02 18:23:44,982 - INFO - ⚠️ Could not navigate back, reloading page...
2025-11-02 18:23:50,559 - INFO - Loader disappeared.
2025-11-02 18:23:51,560 - INFO - 🔄 Page reloaded successfully.
2025-11-02 18:23:51,624 - INFO - Checkpoint saved at row 5 for C:\Users\piyush gala\PC\Portfolio\cibil_web_scrapping_automation\fetched_data\raw\cibil_data__25_lacs_31-08-25_for_state\cibil_data_31-08-25_BIHAR_state_page_1.xlsx
2025-11-02 18:23:51,625 - INFO - ▶ Extracting directors for row 6: Al Rahman Tele Distributors
2025-11-02 18:23:51,804 - INFO - Loader disappeared.
2025-11-02 18:23:52,831 - INFO - Found 1 director rows.
2025-11-02 18:23:52,876 - INFO - Successfully extracted director data.
2025-11-02 18:23:53,100 - INFO - ⚠️ Could not navigate back, reloading page...
2025-11-02 18:23:58,580 - INFO - Loader disappeared.
2025-11-02 18:23:59,581 - INFO - 🔄 Page reloaded successfully.
2025-11-02 18:23:59,582 - INFO - ▶ Extracting directors for row 7: Vijay Kumar
2025-11-02 18:23:59,744 - INFO - Loader disappeared.
2025-11-02 18:24:00,774 - INFO - Found 1 director rows.
2025-11-02 18:24:00,828 - INFO - Successfully extracted director data.
2025-11-02 18:24:01,053 - INFO - ⚠️ Could not navigate back, reloading page...
2025-11-02 18:24:06,166 - INFO - Loader disappeared.
2025-11-02 18:24:07,167 - INFO - 🔄 Page reloaded successfully.
2025-11-02 18:24:07,168 - INFO - ▶ Extracting directors for row 8: Om Traders
2025-11-02 18:24:07,363 - INFO - Loader disappeared.
2025-11-02 18:24:08,394 - INFO - Found 1 director rows.
2025-11-02 18:24:08,446 - INFO - Successfully extracted director data.
2025-11-02 18:24:08,671 - INFO - ⚠️ Could not navigate back, reloading page...
2025-11-02 18:24:14,218 - INFO - Loader disappeared.
2025-11-02 18:24:15,219 - INFO - 🔄 Page reloaded successfully.
2025-11-02 18:24:15,220 - INFO - ▶ Extracting directors for row 9: Avi Enterprises
2025-11-02 18:24:15,377 - INFO - Loader disappeared.
2025-11-02 18:24:16,404 - INFO - Found 1 director rows.
2025-11-02 18:24:16,455 - INFO - Successfully extracted director data.
2025-11-02 18:24:16,676 - INFO - ⚠️ Could not navigate back, reloading page...
2025-11-02 18:24:22,117 - INFO - Loader disappeared.
2025-11-02 18:24:23,118 - INFO - 🔄 Page reloaded successfully.
2025-11-02 18:24:23,119 - INFO - ▶ Extracting directors for row 10: Magic Lights And Electricals
2025-11-02 18:24:23,284 - INFO - Loader disappeared.
2025-11-02 18:24:24,311 - INFO - Found 1 director rows.
2025-11-02 18:24:24,365 - INFO - Successfully extracted director data.
2025-11-02 18:24:24,583 - INFO - ⚠️ Could not navigate back, reloading page...
2025-11-02 18:24:30,157 - INFO - Loader disappeared.
2025-11-02 18:24:31,158 - INFO - 🔄 Page reloaded successfully.
2025-11-02 18:24:31,221 - INFO - Checkpoint saved at row 10 for C:\Users\piyush gala\PC\Portfolio\cibil_web_scrapping_automation\fetched_data\raw\cibil_data__25_lacs_31-08-25_for_state\cibil_data_31-08-25_BIHAR_state_page_1.xlsx
2025-11-02 18:24:31,222 - INFO - ▶ Extracting directors for row 11: Ms Prestige And Decor
2025-11-02 18:24:31,651 - INFO - Loader disappeared.
2025-11-02 18:25:32,669 - ERROR - Failed to locate director rows: Page.wait_for_selector: Timeout 60000ms exceeded.
Call log:
  - waiting for locator("table#DirectorInfoTable tr.jqgrow") to be visible
Traceback (most recent call last):
  File "C:\Users\piyush gala\PC\Portfolio\cibil_web_scrapping_automation\utilities\extract_directors.py", line 4, in extract_directors
    page.wait_for_selector("table#DirectorInfoTable tr.jqgrow", timeout=60000)
    ~~~~~~~~~~~~~~~~~~~~~~^^^^^^^^^^^^^^^^^^^^^^^^^^^^^^^^^^^^^^^^^^^^^^^^^^^^
  File "C:\Users\piyush gala\PC\Portfolio\cibil_web_scrapping_automation\.venv\Lib\site-packages\playwright\sync_api\_generated.py", line 8182, in wait_for_selector
    self._sync(
    ~~~~~~~~~~^
        self._impl_obj.wait_for_selector(
        ^^^^^^^^^^^^^^^^^^^^^^^^^^^^^^^^^
            selector=selector, timeout=timeout, state=state, strict=strict
            ^^^^^^^^^^^^^^^^^^^^^^^^^^^^^^^^^^^^^^^^^^^^^^^^^^^^^^^^^^^^^^
        )
        ^
    )
    ^
  File "C:\Users\piyush gala\PC\Portfolio\cibil_web_scrapping_automation\.venv\Lib\site-packages\playwright\_impl\_sync_base.py", line 115, in _sync
    return task.result()
           ~~~~~~~~~~~^^
  File "C:\Users\piyush gala\PC\Portfolio\cibil_web_scrapping_automation\.venv\Lib\site-packages\playwright\_impl\_page.py", line 423, in wait_for_selector
    return await self._main_frame.wait_for_selector(**locals_to_params(locals()))
           ^^^^^^^^^^^^^^^^^^^^^^^^^^^^^^^^^^^^^^^^^^^^^^^^^^^^^^^^^^^^^^^^^^^^^^
  File "C:\Users\piyush gala\PC\Portfolio\cibil_web_scrapping_automation\.venv\Lib\site-packages\playwright\_impl\_frame.py", line 369, in wait_for_selector
    await self._channel.send(
        "waitForSelector", self._timeout, locals_to_params(locals())
    )
  File "C:\Users\piyush gala\PC\Portfolio\cibil_web_scrapping_automation\.venv\Lib\site-packages\playwright\_impl\_connection.py", line 69, in send
    return await self._connection.wrap_api_call(
           ^^^^^^^^^^^^^^^^^^^^^^^^^^^^^^^^^^^^^
    ...<3 lines>...
    )
    ^
  File "C:\Users\piyush gala\PC\Portfolio\cibil_web_scrapping_automation\.venv\Lib\site-packages\playwright\_impl\_connection.py", line 558, in wrap_api_call
    raise rewrite_error(error, f"{parsed_st['apiName']}: {error}") from None
playwright._impl._errors.TimeoutError: Page.wait_for_selector: Timeout 60000ms exceeded.
Call log:
  - waiting for locator("table#DirectorInfoTable tr.jqgrow") to be visible

2025-11-02 18:25:32,685 - INFO - Successfully extracted director data.
2025-11-02 18:25:32,918 - INFO - ⚠️ Could not navigate back, reloading page...
2025-11-02 18:25:33,700 - ERROR - ❌ Error for BIHAR: Page.reload: net::ERR_INTERNET_DISCONNECTED
Call log:
  - waiting for navigation until "load"

2025-11-02 18:25:33,701 - INFO - Running automation for State: GOA, Date: 31-08-25, Defaulters type: >25 lacs
2025-11-02 18:25:35,437 - INFO - Browser launched.
2025-11-02 18:25:36,073 - ERROR - ❌ Error for GOA: Page.goto: net::ERR_INTERNET_DISCONNECTED at https://suit.cibil.com/
Call log:
  - navigating to "https://suit.cibil.com/", waiting until "load"

2025-11-02 18:25:36,074 - INFO - Running automation for State: GUJARAT, Date: 31-08-25, Defaulters type: >25 lacs
2025-11-02 18:25:37,676 - INFO - Browser launched.
2025-11-02 18:25:38,324 - ERROR - ❌ Error for GUJARAT: Page.goto: net::ERR_INTERNET_DISCONNECTED at https://suit.cibil.com/
Call log:
  - navigating to "https://suit.cibil.com/", waiting until "load"

2025-11-02 18:25:38,325 - INFO - Running automation for State: MAHARASHTRA, Date: 31-08-25, Defaulters type: >25 lacs
2025-11-02 18:25:39,916 - INFO - Browser launched.
2025-11-02 18:25:40,548 - ERROR - ❌ Error for MAHARASHTRA: Page.goto: net::ERR_INTERNET_DISCONNECTED at https://suit.cibil.com/
Call log:
  - navigating to "https://suit.cibil.com/", waiting until "load"

