2025-11-02 18:26:33,860 - INFO - Logging initialized at: C:\Users\piyush gala\PC\Portfolio\cibil_web_scrapping_automation\utilities\logs\2025-11-02\cibil_log_2025-11-02_18-26-33.log
2025-11-02 18:26:33,861 - INFO - Read path: C:\Users\piyush gala\PC\Portfolio\cibil_web_scrapping_automation
2025-11-02 18:26:33,862 - INFO - Write path: C:\Users\piyush gala\PC\Portfolio\cibil_web_scrapping_automation
2025-11-02 18:26:33,862 - INFO - ▶ Running script...
2025-11-02 18:26:33,862 - INFO - Running script...
2025-11-02 18:26:33,864 - INFO - Selected Configurations: 
state type: state, 
Defaulters type: >25 lacs, 
Date: 31-08-25, 
Timeout: 60 seconds
2025-11-02 18:26:33,875 - INFO - All States: {'WEST BENGAL', 'SOUTH AFRICA', 'AMSTERDAM', 'JAMMU & KASHMIR', 'OMAN', 'MANIPUR', 'UTTAR PRADESH', 'CHANDIGARH & DELHI', 'DADRA AND NAGAR HAVELI', 'KINGDOM OF BAHRAIN', 'ABCD', 'CAYMAN ISLAND', 'GUJARAT', 'CYPRUS', 'UTAH', 'PUDUCHERRY', 'MIZORAM', 'ISRAEL', 'AUSTRALIA', 'PONDICHERRY', 'ATLANTA, USA', 'JAKARTA', 'ORISSA', 'DUBAI, UAE', 'QATAR', 'MEGHALAYA', 'NEW DELHI', 'SIKKIM', 'BANGKOK', 'OBU', 'SINGAPORE', 'NEW YORK', 'PANAMA', 'BELGIUM', 'LAKSHADWEEP', 'ENGLAND', 'BANGLADESH', 'CHANDIGARH', 'UNITED ARAB EMIRATES UAE', 'LUXEMBOURG', 'UTTARAKHAND', 'DAMAN AND DIU', 'SRI LANKA', 'ARUNACHAL PRADESH', 'TAMIL NADU', 'THAILAND', 'BRITISH VIRGIN ISLAND', 'BIHAR', 'JHARKHAND', 'ANDAMAN AND NICOBAR ISLANDS', 'MADHYA PRADESH', 'PUNJAB', 'LONDON', 'TELANGANA', 'UNITED STATES OF AMERICA', 'DELHI', 'UNITED ARAB EMIRATES', 'DUBAI', 'MISSISSIPPI, USA', 'NAGALAND', 'HARYANA', 'KARNATAKA', 'JAPAN', 'WASHINGTON', 'ANDHRA PRADESH', 'CHANDIGARH (U.T.) & DELHI', 'RAJASTHAN', 'MANCHESTER', 'BAHRAIN', 'KERALA', 'TRIPURA', 'OVERSEAS', 'ASSAM', 'CHHATTISGARH', 'HIMACHAL PRADESH', 'HYDERABAD', 'ROHTAK', 'MAHARASHTRA', 'UTTARANCHAL', 'GERMANY', 'GOA', 'UNITED KINGDOM', 'BHOPAL', 'MALDIVES', 'NOT REPORTED', 'HONG KONG', 'COLOMBO'}
2025-11-02 18:26:33,875 - INFO - Selected States: ['ANDHRA PRADESH', 'ARUNACHAL PRADESH', 'BIHAR', 'GOA', 'GUJARAT', 'MAHARASHTRA']
2025-11-02 18:26:33,876 - INFO - ▶ Starting batch search for date: 31-08-25
2025-11-02 18:26:33,877 - INFO - Running automation for State: ANDHRA PRADESH, Date: 31-08-25, Defaulters type: >25 lacs
2025-11-02 18:26:35,601 - INFO - Browser launched.
2025-11-02 18:26:41,950 - INFO - Page loaded.
2025-11-02 18:26:41,951 - INFO - ▶ Performing search for date:31-08-25, state:ANDHRA PRADESH, Defaulters type:>25 lacs
2025-11-02 18:26:45,731 - INFO - ▶ Waiting for search results...
2025-11-02 18:26:53,719 - INFO - Pagination text: View 1 - 1,000 of 1,339
2025-11-02 18:26:53,719 - INFO - Fetched: 1000, Total: 1339
2025-11-02 18:26:53,720 - INFO - ▶ Fetched 1000 out of 1339 rows.
2025-11-02 18:26:53,720 - INFO - Pagination limit: 2
2025-11-02 18:26:53,721 - INFO - Raw Data for ANDHRA PRADESH already exists. Skipping raw table extraction.
2025-11-02 18:26:53,721 - INFO - Found 2 raw Excel files for ANDHRA PRADESH
2025-11-02 18:26:54,174 - INFO - Directors already extracted for row 1, skipping...
2025-11-02 18:26:54,175 - INFO - Directors already extracted for row 2, skipping...
2025-11-02 18:26:54,175 - INFO - Directors already extracted for row 3, skipping...
2025-11-02 18:26:54,176 - INFO - Directors already extracted for row 4, skipping...
2025-11-02 18:26:54,176 - INFO - Directors already extracted for row 5, skipping...
2025-11-02 18:26:54,177 - INFO - Directors already extracted for row 6, skipping...
2025-11-02 18:26:54,177 - INFO - Directors already extracted for row 7, skipping...
2025-11-02 18:26:54,178 - INFO - Directors already extracted for row 8, skipping...
2025-11-02 18:26:54,178 - INFO - Directors already extracted for row 9, skipping...
2025-11-02 18:26:54,179 - INFO - Directors already extracted for row 10, skipping...
2025-11-02 18:26:54,179 - INFO - Directors already extracted for row 11, skipping...
2025-11-02 18:26:54,240 - INFO - ✅ Updated raw file saved with director info → C:\Users\piyush gala\PC\Portfolio\cibil_web_scrapping_automation\fetched_data\raw\cibil_data__25_lacs_31-08-25_for_state\cibil_data_31-08-25_ANDHRA PRADESH_state_page_1.xlsx
2025-11-02 18:26:54,295 - INFO - Directors already extracted for row 1, skipping...
2025-11-02 18:26:54,295 - INFO - Directors already extracted for row 2, skipping...
2025-11-02 18:26:54,296 - INFO - Directors already extracted for row 3, skipping...
2025-11-02 18:26:54,296 - INFO - Directors already extracted for row 4, skipping...
2025-11-02 18:26:54,297 - INFO - Directors already extracted for row 5, skipping...
2025-11-02 18:26:54,297 - INFO - Directors already extracted for row 6, skipping...
2025-11-02 18:26:54,298 - INFO - Directors already extracted for row 7, skipping...
2025-11-02 18:26:54,298 - INFO - Directors already extracted for row 8, skipping...
2025-11-02 18:26:54,299 - INFO - Directors already extracted for row 9, skipping...
2025-11-02 18:26:54,299 - INFO - Directors already extracted for row 10, skipping...
2025-11-02 18:26:54,300 - INFO - Directors already extracted for row 11, skipping...
2025-11-02 18:26:54,348 - INFO - ✅ Updated raw file saved with director info → C:\Users\piyush gala\PC\Portfolio\cibil_web_scrapping_automation\fetched_data\raw\cibil_data__25_lacs_31-08-25_for_state\cibil_data_31-08-25_ANDHRA PRADESH_state_page_2.xlsx
2025-11-02 18:26:54,880 - INFO - Running automation for State: ARUNACHAL PRADESH, Date: 31-08-25, Defaulters type: >25 lacs
2025-11-02 18:26:56,572 - INFO - Browser launched.
2025-11-02 18:26:58,265 - INFO - Page loaded.
2025-11-02 18:26:58,265 - INFO - ▶ Performing search for date:31-08-25, state:ARUNACHAL PRADESH, Defaulters type:>25 lacs
2025-11-02 18:27:04,400 - INFO - ▶ Waiting for search results...
2025-11-02 18:27:13,030 - INFO - Pagination text: View 1 - 6 of 6
2025-11-02 18:27:13,031 - INFO - Fetched: 6, Total: 6
2025-11-02 18:27:13,031 - INFO - ▶ Fetched 6 out of 6 rows.
2025-11-02 18:27:13,032 - INFO - Pagination limit: 1
2025-11-02 18:27:13,032 - INFO - Raw Data for ARUNACHAL PRADESH already exists. Skipping raw table extraction.
2025-11-02 18:27:13,033 - INFO - Found 1 raw Excel files for ARUNACHAL PRADESH
2025-11-02 18:27:13,075 - INFO - Directors already extracted for row 1, skipping...
2025-11-02 18:27:13,076 - INFO - Directors already extracted for row 2, skipping...
2025-11-02 18:27:13,076 - INFO - Directors already extracted for row 3, skipping...
2025-11-02 18:27:13,077 - INFO - Directors already extracted for row 4, skipping...
2025-11-02 18:27:13,077 - INFO - Directors already extracted for row 5, skipping...
2025-11-02 18:27:13,078 - INFO - Directors already extracted for row 6, skipping...
2025-11-02 18:27:13,102 - INFO - ✅ Updated raw file saved with director info → C:\Users\piyush gala\PC\Portfolio\cibil_web_scrapping_automation\fetched_data\raw\cibil_data__25_lacs_31-08-25_for_state\cibil_data_31-08-25_ARUNACHAL PRADESH_state_page_1.xlsx
2025-11-02 18:27:13,667 - INFO - Running automation for State: BIHAR, Date: 31-08-25, Defaulters type: >25 lacs
2025-11-02 18:27:15,452 - INFO - Browser launched.
2025-11-02 18:27:17,483 - INFO - Page loaded.
2025-11-02 18:27:17,484 - INFO - ▶ Performing search for date:31-08-25, state:BIHAR, Defaulters type:>25 lacs
2025-11-02 18:27:23,834 - INFO - ▶ Waiting for search results...
2025-11-02 18:27:34,552 - INFO - Pagination text: View 1 - 125 of 125
2025-11-02 18:27:34,552 - INFO - Fetched: 125, Total: 125
2025-11-02 18:27:34,552 - INFO - ▶ Fetched 125 out of 125 rows.
2025-11-02 18:27:34,553 - INFO - Pagination limit: 1
2025-11-02 18:27:34,553 - INFO - Raw Data for BIHAR already exists. Skipping raw table extraction.
2025-11-02 18:27:34,554 - INFO - Found 1 raw Excel files for BIHAR
2025-11-02 18:27:34,570 - INFO - Directors already extracted for row 1, skipping...
2025-11-02 18:27:34,571 - INFO - Directors already extracted for row 2, skipping...
2025-11-02 18:27:34,571 - INFO - Directors already extracted for row 3, skipping...
2025-11-02 18:27:34,572 - INFO - Directors already extracted for row 4, skipping...
2025-11-02 18:27:34,572 - INFO - Directors already extracted for row 5, skipping...
2025-11-02 18:27:34,573 - INFO - Directors already extracted for row 6, skipping...
2025-11-02 18:27:34,574 - INFO - Directors already extracted for row 7, skipping...
2025-11-02 18:27:34,574 - INFO - Directors already extracted for row 8, skipping...
2025-11-02 18:27:34,575 - INFO - Directors already extracted for row 9, skipping...
2025-11-02 18:27:34,575 - INFO - Directors already extracted for row 10, skipping...
2025-11-02 18:27:34,576 - INFO - ▶ Extracting directors for row 11: Ms Prestige And Decor
2025-11-02 18:27:34,742 - INFO - Loader disappeared.
2025-11-02 18:27:35,774 - INFO - Found 1 director rows.
2025-11-02 18:27:35,834 - INFO - Successfully extracted director data.
2025-11-02 18:27:36,058 - INFO - ⚠️ Could not navigate back, reloading page...
2025-11-02 18:27:41,576 - INFO - Loader disappeared.
2025-11-02 18:27:42,577 - INFO - 🔄 Page reloaded successfully.
2025-11-02 18:27:42,624 - INFO - ✅ Updated raw file saved with director info → C:\Users\piyush gala\PC\Portfolio\cibil_web_scrapping_automation\fetched_data\raw\cibil_data__25_lacs_31-08-25_for_state\cibil_data_31-08-25_BIHAR_state_page_1.xlsx
2025-11-02 18:27:43,170 - INFO - Running automation for State: GOA, Date: 31-08-25, Defaulters type: >25 lacs
2025-11-02 18:27:44,853 - INFO - Browser launched.
2025-11-02 18:27:45,871 - INFO - Page loaded.
2025-11-02 18:27:45,871 - INFO - ▶ Performing search for date:31-08-25, state:GOA, Defaulters type:>25 lacs
2025-11-02 18:27:49,106 - INFO - ▶ Waiting for search results...
2025-11-02 18:27:56,696 - INFO - Pagination text: View 1 - 25 of 25
2025-11-02 18:27:56,697 - INFO - Fetched: 25, Total: 25
2025-11-02 18:27:56,697 - INFO - ▶ Fetched 25 out of 25 rows.
2025-11-02 18:27:56,698 - INFO - Pagination limit: 1
2025-11-02 18:27:56,698 - INFO - ▶ Extracting table data...
2025-11-02 18:27:56,717 - INFO - Found 25 rows for state: GOA, page: 1.
2025-11-02 18:27:57,007 - INFO - Row 1/25 extracted for GOA.
2025-11-02 18:27:57,282 - INFO - Row 2/25 extracted for GOA.
2025-11-02 18:27:57,565 - INFO - Row 3/25 extracted for GOA.
2025-11-02 18:27:57,844 - INFO - Row 4/25 extracted for GOA.
2025-11-02 18:27:58,120 - INFO - Row 5/25 extracted for GOA.
2025-11-02 18:27:58,386 - INFO - Row 6/25 extracted for GOA.
2025-11-02 18:27:58,655 - INFO - Row 7/25 extracted for GOA.
2025-11-02 18:27:58,913 - INFO - Row 8/25 extracted for GOA.
2025-11-02 18:27:59,163 - INFO - Row 9/25 extracted for GOA.
2025-11-02 18:27:59,475 - INFO - Row 10/25 extracted for GOA.
2025-11-02 18:27:59,745 - INFO - Row 11/25 extracted for GOA.
2025-11-02 18:27:59,799 - INFO - Saved 11 rows to cibil_data_31-08-25_GOA_state_page_1.xlsx
2025-11-02 18:27:59,805 - INFO - ▶ Next button is disabled, reached last page.
2025-11-02 18:28:01,809 - INFO - Found 1 raw Excel files for GOA
2025-11-02 18:28:01,856 - INFO - ▶ Extracting directors for row 1: KHALID ABDUS SALAM ANSARI
2025-11-02 18:28:02,028 - INFO - Loader disappeared.
2025-11-02 18:28:03,060 - INFO - Found 1 director rows.
2025-11-02 18:28:03,121 - INFO - Successfully extracted director data.
2025-11-02 18:28:03,350 - INFO - ⚠️ Could not navigate back, reloading page...
2025-11-02 18:28:08,753 - INFO - Loader disappeared.
2025-11-02 18:28:09,754 - INFO - 🔄 Page reloaded successfully.
2025-11-02 18:28:09,786 - INFO - ▶ Extracting directors for row 2: SIDDHANT HOTEL
2025-11-02 18:28:09,937 - INFO - Loader disappeared.
2025-11-02 18:28:10,965 - INFO - Found 1 director rows.
2025-11-02 18:28:11,025 - INFO - Successfully extracted director data.
2025-11-02 18:28:11,254 - INFO - ⚠️ Could not navigate back, reloading page...
2025-11-02 18:28:16,744 - INFO - Loader disappeared.
2025-11-02 18:28:17,745 - INFO - 🔄 Page reloaded successfully.
2025-11-02 18:28:17,746 - INFO - ▶ Extracting directors for row 3: SIDDHANT PARYATAN SUVIDHA KENDRA
2025-11-02 18:28:17,918 - INFO - Loader disappeared.
2025-11-02 18:28:18,948 - INFO - Found 1 director rows.
2025-11-02 18:28:18,999 - INFO - Successfully extracted director data.
2025-11-02 18:28:19,223 - INFO - ⚠️ Could not navigate back, reloading page...
2025-11-02 18:28:24,562 - INFO - Loader disappeared.
2025-11-02 18:28:25,563 - INFO - 🔄 Page reloaded successfully.
2025-11-02 18:28:25,564 - INFO - ▶ Extracting directors for row 4: Javed Yusuf Parkar
2025-11-02 18:28:25,728 - INFO - Loader disappeared.
2025-11-02 18:28:26,761 - INFO - Found 1 director rows.
2025-11-02 18:28:26,813 - INFO - Successfully extracted director data.
2025-11-02 18:28:27,036 - INFO - ⚠️ Could not navigate back, reloading page...
2025-11-02 18:28:32,408 - INFO - Loader disappeared.
2025-11-02 18:28:33,410 - INFO - 🔄 Page reloaded successfully.
2025-11-02 18:28:33,411 - INFO - ▶ Extracting directors for row 5: CROWN MINERALS TRADING CORPORATION
2025-11-02 18:28:33,585 - INFO - Loader disappeared.
2025-11-02 18:28:34,617 - INFO - Found 2 director rows.
2025-11-02 18:28:34,721 - INFO - Successfully extracted director data.
2025-11-02 18:28:34,943 - INFO - ⚠️ Could not navigate back, reloading page...
2025-11-02 18:28:39,960 - INFO - Loader disappeared.
2025-11-02 18:28:40,961 - INFO - 🔄 Page reloaded successfully.
2025-11-02 18:28:41,006 - INFO - Checkpoint saved at row 5 for C:\Users\piyush gala\PC\Portfolio\cibil_web_scrapping_automation\fetched_data\raw\cibil_data__25_lacs_31-08-25_for_state\cibil_data_31-08-25_GOA_state_page_1.xlsx
2025-11-02 18:28:41,007 - INFO - ▶ Extracting directors for row 6: GHOTAGE LOGISTICS PVT LTD
2025-11-02 18:28:41,165 - INFO - Loader disappeared.
2025-11-02 18:28:42,197 - INFO - Found 3 director rows.
2025-11-02 18:28:42,348 - INFO - Successfully extracted director data.
2025-11-02 18:28:42,569 - INFO - ⚠️ Could not navigate back, reloading page...
2025-11-02 18:28:47,991 - INFO - Loader disappeared.
2025-11-02 18:28:48,992 - INFO - 🔄 Page reloaded successfully.
2025-11-02 18:28:48,993 - INFO - ▶ Extracting directors for row 7: QUADROS AUTOMARK PVT LTD
2025-11-02 18:28:49,268 - INFO - Loader disappeared.
2025-11-02 18:28:50,296 - INFO - Found 3 director rows.
2025-11-02 18:28:50,436 - INFO - Successfully extracted director data.
2025-11-02 18:28:50,656 - INFO - ⚠️ Could not navigate back, reloading page...
2025-11-02 18:28:56,368 - INFO - Loader disappeared.
2025-11-02 18:28:57,370 - INFO - 🔄 Page reloaded successfully.
2025-11-02 18:28:57,371 - INFO - ▶ Extracting directors for row 8: QUADROS MOTORS PVT LTD
2025-11-02 18:28:57,534 - INFO - Loader disappeared.
2025-11-02 18:28:58,561 - INFO - Found 3 director rows.
2025-11-02 18:28:58,710 - INFO - Successfully extracted director data.
2025-11-02 18:28:58,938 - INFO - ⚠️ Could not navigate back, reloading page...
2025-11-02 18:29:04,440 - INFO - Loader disappeared.
2025-11-02 18:29:05,441 - INFO - 🔄 Page reloaded successfully.
2025-11-02 18:29:05,442 - INFO - ▶ Extracting directors for row 9: SUHAS VASUDEV GHOTAGE
2025-11-02 18:29:05,601 - INFO - Loader disappeared.
2025-11-02 18:29:06,631 - INFO - Found 2 director rows.
2025-11-02 18:29:06,733 - INFO - Successfully extracted director data.
2025-11-02 18:29:06,956 - INFO - ⚠️ Could not navigate back, reloading page...
2025-11-02 18:29:12,315 - INFO - Loader disappeared.
2025-11-02 18:29:13,316 - INFO - 🔄 Page reloaded successfully.
2025-11-02 18:29:13,318 - INFO - ▶ Extracting directors for row 10: KHOPE INDUSTRIES
2025-11-02 18:29:13,518 - INFO - Loader disappeared.
2025-11-02 18:29:14,546 - INFO - Found 1 director rows.
2025-11-02 18:29:14,595 - INFO - Successfully extracted director data.
2025-11-02 18:29:14,813 - INFO - ⚠️ Could not navigate back, reloading page...
2025-11-02 18:29:20,200 - INFO - Loader disappeared.
2025-11-02 18:29:21,201 - INFO - 🔄 Page reloaded successfully.
2025-11-02 18:29:21,267 - INFO - Checkpoint saved at row 10 for C:\Users\piyush gala\PC\Portfolio\cibil_web_scrapping_automation\fetched_data\raw\cibil_data__25_lacs_31-08-25_for_state\cibil_data_31-08-25_GOA_state_page_1.xlsx
2025-11-02 18:29:21,268 - INFO - ▶ Extracting directors for row 11: M/s. Goa Mining and Minerals
2025-11-02 18:29:21,445 - INFO - Loader disappeared.
2025-11-02 18:29:22,476 - INFO - Found 2 director rows.
2025-11-02 18:29:22,571 - INFO - Successfully extracted director data.
2025-11-02 18:29:22,793 - INFO - ⚠️ Could not navigate back, reloading page...
2025-11-02 18:29:28,218 - INFO - Loader disappeared.
2025-11-02 18:29:29,220 - INFO - 🔄 Page reloaded successfully.
2025-11-02 18:29:29,268 - INFO - ✅ Updated raw file saved with director info → C:\Users\piyush gala\PC\Portfolio\cibil_web_scrapping_automation\fetched_data\raw\cibil_data__25_lacs_31-08-25_for_state\cibil_data_31-08-25_GOA_state_page_1.xlsx
2025-11-02 18:29:29,845 - INFO - Running automation for State: GUJARAT, Date: 31-08-25, Defaulters type: >25 lacs
2025-11-02 18:29:31,525 - INFO - Browser launched.
2025-11-02 18:29:32,760 - INFO - Page loaded.
2025-11-02 18:29:32,761 - INFO - ▶ Performing search for date:31-08-25, state:GUJARAT, Defaulters type:>25 lacs
2025-11-02 18:29:36,070 - INFO - ▶ Waiting for search results...
2025-11-02 18:29:43,774 - INFO - Pagination text: View 1 - 1,000 of 1,233
2025-11-02 18:29:43,775 - INFO - Fetched: 1000, Total: 1233
2025-11-02 18:29:43,776 - INFO - ▶ Fetched 1000 out of 1233 rows.
2025-11-02 18:29:43,776 - INFO - Pagination limit: 2
2025-11-02 18:29:43,777 - INFO - ▶ Extracting table data...
2025-11-02 18:29:43,819 - INFO - Found 1000 rows for state: GUJARAT, page: 1.
2025-11-02 18:29:44,563 - INFO - Row 1/1000 extracted for GUJARAT.
2025-11-02 18:29:45,279 - INFO - Row 2/1000 extracted for GUJARAT.
2025-11-02 18:29:45,846 - INFO - Row 3/1000 extracted for GUJARAT.
2025-11-02 18:29:46,568 - INFO - Row 4/1000 extracted for GUJARAT.
2025-11-02 18:29:47,147 - INFO - Row 5/1000 extracted for GUJARAT.
2025-11-02 18:29:47,209 - WARNING - Skipped a table row due to error: Locator.evaluate: Target page, context or browser has been closed
2025-11-02 18:29:47,214 - WARNING - Skipped a table row due to error: Locator.count: Target page, context or browser has been closed
2025-11-02 18:29:47,218 - WARNING - Skipped a table row due to error: Locator.count: Target page, context or browser has been closed
2025-11-02 18:29:47,221 - WARNING - Skipped a table row due to error: Locator.count: Target page, context or browser has been closed
2025-11-02 18:29:47,224 - WARNING - Skipped a table row due to error: Locator.count: Target page, context or browser has been closed
2025-11-02 18:29:47,228 - WARNING - Skipped a table row due to error: Locator.count: Target page, context or browser has been closed
2025-11-02 18:29:47,290 - INFO - Saved 5 rows to cibil_data_31-08-25_GUJARAT_state_page_1.xlsx
2025-11-02 18:29:47,670 - ERROR - ❌ Error for GUJARAT: Locator.get_attribute: Target page, context or browser has been closed
2025-11-02 18:29:47,670 - INFO - Running automation for State: MAHARASHTRA, Date: 31-08-25, Defaulters type: >25 lacs
2025-11-02 18:29:49,278 - INFO - Browser launched.
2025-11-02 18:29:50,353 - INFO - Page loaded.
2025-11-02 18:29:50,354 - INFO - ▶ Performing search for date:31-08-25, state:MAHARASHTRA, Defaulters type:>25 lacs
2025-11-02 18:29:53,642 - INFO - ▶ Waiting for search results...
2025-11-02 18:30:01,339 - INFO - Pagination text: View 1 - 1,000 of 3,659
2025-11-02 18:30:01,339 - INFO - Fetched: 1000, Total: 3659
2025-11-02 18:30:01,340 - INFO - ▶ Fetched 1000 out of 3659 rows.
2025-11-02 18:30:01,340 - INFO - Pagination limit: 4
2025-11-02 18:30:01,341 - INFO - ▶ Extracting table data...
2025-11-02 18:30:01,388 - INFO - Found 1000 rows for state: MAHARASHTRA, page: 1.
2025-11-02 18:30:02,092 - INFO - Row 1/1000 extracted for MAHARASHTRA.
2025-11-02 18:30:02,802 - INFO - Row 2/1000 extracted for MAHARASHTRA.
2025-11-02 18:30:03,377 - INFO - Row 3/1000 extracted for MAHARASHTRA.
2025-11-02 18:30:03,986 - INFO - Row 4/1000 extracted for MAHARASHTRA.
2025-11-02 18:30:04,592 - INFO - Row 5/1000 extracted for MAHARASHTRA.
2025-11-02 18:30:05,181 - INFO - Row 6/1000 extracted for MAHARASHTRA.
2025-11-02 18:30:05,761 - INFO - Row 7/1000 extracted for MAHARASHTRA.
2025-11-02 18:30:06,343 - INFO - Row 8/1000 extracted for MAHARASHTRA.
2025-11-02 18:30:06,891 - INFO - Row 9/1000 extracted for MAHARASHTRA.
2025-11-02 18:30:07,557 - INFO - Row 10/1000 extracted for MAHARASHTRA.
2025-11-02 18:30:08,161 - INFO - Row 11/1000 extracted for MAHARASHTRA.
2025-11-02 18:30:08,254 - INFO - Saved 11 rows to cibil_data_31-08-25_MAHARASHTRA_state_page_1.xlsx
2025-11-02 18:31:11,595 - INFO - ▶ Extracting table data...
2025-11-02 18:31:11,638 - INFO - Found 1000 rows for state: MAHARASHTRA, page: 2.
2025-11-02 18:31:12,354 - INFO - Row 1/1000 extracted for MAHARASHTRA.
2025-11-02 18:31:13,051 - INFO - Row 2/1000 extracted for MAHARASHTRA.
2025-11-02 18:31:13,726 - INFO - Row 3/1000 extracted for MAHARASHTRA.
2025-11-02 18:31:14,348 - INFO - Row 4/1000 extracted for MAHARASHTRA.
2025-11-02 18:31:14,925 - INFO - Row 5/1000 extracted for MAHARASHTRA.
2025-11-02 18:31:15,506 - INFO - Row 6/1000 extracted for MAHARASHTRA.
2025-11-02 18:31:16,094 - INFO - Row 7/1000 extracted for MAHARASHTRA.
2025-11-02 18:31:16,691 - INFO - Row 8/1000 extracted for MAHARASHTRA.
2025-11-02 18:31:17,364 - INFO - Row 9/1000 extracted for MAHARASHTRA.
2025-11-02 18:31:18,033 - INFO - Row 10/1000 extracted for MAHARASHTRA.
2025-11-02 18:31:18,752 - INFO - Row 11/1000 extracted for MAHARASHTRA.
2025-11-02 18:31:18,813 - INFO - Saved 11 rows to cibil_data_31-08-25_MAHARASHTRA_state_page_2.xlsx
2025-11-02 18:32:22,181 - INFO - ▶ Extracting table data...
2025-11-02 18:32:22,230 - INFO - Found 1000 rows for state: MAHARASHTRA, page: 3.
2025-11-02 18:32:22,991 - INFO - Row 1/1000 extracted for MAHARASHTRA.
2025-11-02 18:32:23,719 - INFO - Row 2/1000 extracted for MAHARASHTRA.
2025-11-02 18:32:24,376 - INFO - Row 3/1000 extracted for MAHARASHTRA.
2025-11-02 18:32:25,186 - INFO - Row 4/1000 extracted for MAHARASHTRA.
2025-11-02 18:32:26,049 - INFO - Row 5/1000 extracted for MAHARASHTRA.
2025-11-02 18:32:26,792 - INFO - Row 6/1000 extracted for MAHARASHTRA.
2025-11-02 18:32:27,605 - INFO - Row 7/1000 extracted for MAHARASHTRA.
2025-11-02 18:32:28,392 - INFO - Row 8/1000 extracted for MAHARASHTRA.
2025-11-02 18:32:29,008 - INFO - Row 9/1000 extracted for MAHARASHTRA.
2025-11-02 18:32:29,766 - INFO - Row 10/1000 extracted for MAHARASHTRA.
2025-11-02 18:32:30,534 - INFO - Row 11/1000 extracted for MAHARASHTRA.
2025-11-02 18:32:30,588 - INFO - Saved 11 rows to cibil_data_31-08-25_MAHARASHTRA_state_page_3.xlsx
2025-11-02 18:33:33,925 - INFO - ▶ Extracting table data...
2025-11-02 18:33:33,964 - INFO - Found 659 rows for state: MAHARASHTRA, page: 4.
2025-11-02 18:33:34,533 - INFO - Row 1/659 extracted for MAHARASHTRA.
2025-11-02 18:33:35,071 - INFO - Row 2/659 extracted for MAHARASHTRA.
2025-11-02 18:33:35,641 - INFO - Row 3/659 extracted for MAHARASHTRA.
2025-11-02 18:33:36,225 - INFO - Row 4/659 extracted for MAHARASHTRA.
2025-11-02 18:33:36,715 - INFO - Row 5/659 extracted for MAHARASHTRA.
2025-11-02 18:33:37,185 - INFO - Row 6/659 extracted for MAHARASHTRA.
2025-11-02 18:33:37,677 - INFO - Row 7/659 extracted for MAHARASHTRA.
2025-11-02 18:33:38,141 - INFO - Row 8/659 extracted for MAHARASHTRA.
2025-11-02 18:33:38,612 - INFO - Row 9/659 extracted for MAHARASHTRA.
2025-11-02 18:33:39,082 - INFO - Row 10/659 extracted for MAHARASHTRA.
2025-11-02 18:33:39,538 - INFO - Row 11/659 extracted for MAHARASHTRA.
2025-11-02 18:33:39,627 - INFO - Saved 11 rows to cibil_data_31-08-25_MAHARASHTRA_state_page_4.xlsx
2025-11-02 18:33:39,640 - INFO - ▶ Next button is disabled, reached last page.
2025-11-02 18:33:41,644 - INFO - Found 4 raw Excel files for MAHARASHTRA
2025-11-02 18:33:41,698 - INFO - ▶ Extracting directors for row 1: SRI SIDDI VINAYAK FOODS PVT LTD
2025-11-02 18:33:42,003 - INFO - Loader disappeared.
2025-11-02 18:33:43,104 - INFO - Found 2 director rows.
2025-11-02 18:33:43,218 - INFO - Successfully extracted director data.
2025-11-02 18:33:43,441 - INFO - ⚠️ Could not navigate back, reloading page...
2025-11-02 18:33:48,962 - INFO - Loader disappeared.
2025-11-02 18:33:49,963 - INFO - 🔄 Page reloaded successfully.
2025-11-02 18:33:49,964 - INFO - ▶ Extracting directors for row 2: SWASTISH ENTERPRISES LIMITED & SATISH KRISHNAKANT MOHOLE
2025-11-02 18:33:50,226 - INFO - Loader disappeared.
2025-11-02 18:33:51,257 - INFO - Found 3 director rows.
2025-11-02 18:33:51,407 - INFO - Successfully extracted director data.
2025-11-02 18:33:51,621 - INFO - ⚠️ Could not navigate back, reloading page...
2025-11-02 18:33:57,233 - INFO - Loader disappeared.
2025-11-02 18:33:58,235 - INFO - 🔄 Page reloaded successfully.
2025-11-02 18:33:58,236 - INFO - ▶ Extracting directors for row 3: Z ENGINEERING WORKS    RAJU S MUDIYAR  - Prop
2025-11-02 18:33:58,421 - INFO - Loader disappeared.
2025-11-02 18:33:59,451 - INFO - Found 1 director rows.
2025-11-02 18:33:59,507 - INFO - Successfully extracted director data.
2025-11-02 18:33:59,724 - INFO - ⚠️ Could not navigate back, reloading page...
2025-11-02 18:34:05,252 - INFO - Loader disappeared.
2025-11-02 18:34:06,253 - INFO - 🔄 Page reloaded successfully.
2025-11-02 18:34:06,255 - INFO - ▶ Extracting directors for row 4: M/S VISHAL SALES
2025-11-02 18:34:06,526 - INFO - Loader disappeared.
2025-11-02 18:34:07,560 - INFO - Found 1 director rows.
2025-11-02 18:34:07,610 - INFO - Successfully extracted director data.
2025-11-02 18:34:07,827 - INFO - ⚠️ Could not navigate back, reloading page...
2025-11-02 18:34:13,216 - INFO - Loader disappeared.
2025-11-02 18:34:14,217 - INFO - 🔄 Page reloaded successfully.
2025-11-02 18:34:14,218 - INFO - ▶ Extracting directors for row 5: NEW CITY ENGG WORKS LTD
2025-11-02 18:34:14,450 - INFO - Loader disappeared.
2025-11-02 18:34:15,477 - INFO - Found 2 director rows.
2025-11-02 18:34:15,575 - INFO - Successfully extracted director data.
2025-11-02 18:34:15,804 - INFO - ⚠️ Could not navigate back, reloading page...
2025-11-02 18:34:21,357 - INFO - Loader disappeared.
2025-11-02 18:34:22,358 - INFO - 🔄 Page reloaded successfully.
2025-11-02 18:34:22,423 - INFO - Checkpoint saved at row 5 for C:\Users\piyush gala\PC\Portfolio\cibil_web_scrapping_automation\fetched_data\raw\cibil_data__25_lacs_31-08-25_for_state\cibil_data_31-08-25_MAHARASHTRA_state_page_1.xlsx
2025-11-02 18:34:22,424 - INFO - ▶ Extracting directors for row 6: NIRMAN GOLD ALLOYS PVT LTD
2025-11-02 18:34:22,644 - INFO - Loader disappeared.
2025-11-02 18:34:23,674 - INFO - Found 2 director rows.
2025-11-02 18:34:23,785 - INFO - Successfully extracted director data.
2025-11-02 18:34:24,007 - INFO - ⚠️ Could not navigate back, reloading page...
2025-11-02 18:34:29,532 - INFO - Loader disappeared.
2025-11-02 18:34:30,533 - INFO - 🔄 Page reloaded successfully.
2025-11-02 18:34:30,534 - INFO - ▶ Extracting directors for row 7: RAJ EARTHMOVERS AND TRANSPORT
2025-11-02 18:34:30,765 - INFO - Loader disappeared.
2025-11-02 18:34:31,803 - INFO - Found 1 director rows.
2025-11-02 18:34:31,877 - INFO - Successfully extracted director data.
2025-11-02 18:34:32,094 - INFO - ⚠️ Could not navigate back, reloading page...
2025-11-02 18:34:37,496 - INFO - Loader disappeared.
2025-11-02 18:34:38,497 - INFO - 🔄 Page reloaded successfully.
2025-11-02 18:34:38,498 - INFO - ▶ Extracting directors for row 8: RUNALI PACKAGING PVT LTD
2025-11-02 18:34:38,692 - INFO - Loader disappeared.
2025-11-02 18:34:39,726 - INFO - Found 3 director rows.
2025-11-02 18:34:39,916 - INFO - Successfully extracted director data.
2025-11-02 18:34:40,138 - INFO - ⚠️ Could not navigate back, reloading page...
2025-11-02 18:34:46,211 - INFO - Loader disappeared.
2025-11-02 18:34:47,213 - INFO - 🔄 Page reloaded successfully.
2025-11-02 18:34:47,214 - INFO - ▶ Extracting directors for row 9: SAKA EMBROIDERY PVT LTD
2025-11-02 18:34:47,418 - INFO - Loader disappeared.
2025-11-02 18:34:48,450 - INFO - Found 4 director rows.
2025-11-02 18:34:48,670 - INFO - Successfully extracted director data.
2025-11-02 18:34:48,899 - INFO - ⚠️ Could not navigate back, reloading page...
2025-11-02 18:34:54,732 - INFO - Loader disappeared.
2025-11-02 18:34:55,733 - INFO - 🔄 Page reloaded successfully.
2025-11-02 18:34:55,734 - INFO - ▶ Extracting directors for row 10: KALPAK INDUSTRIAL TECHNOLOGIES(INDIA) PVT LTD
2025-11-02 18:34:55,927 - INFO - Loader disappeared.
2025-11-02 18:34:56,987 - INFO - Found 4 director rows.
2025-11-02 18:34:57,178 - INFO - Successfully extracted director data.
2025-11-02 18:34:57,392 - INFO - ⚠️ Could not navigate back, reloading page...
2025-11-02 18:35:02,984 - INFO - Loader disappeared.
2025-11-02 18:35:03,985 - INFO - 🔄 Page reloaded successfully.
2025-11-02 18:35:04,057 - INFO - Checkpoint saved at row 10 for C:\Users\piyush gala\PC\Portfolio\cibil_web_scrapping_automation\fetched_data\raw\cibil_data__25_lacs_31-08-25_for_state\cibil_data_31-08-25_MAHARASHTRA_state_page_1.xlsx
2025-11-02 18:35:04,058 - INFO - ▶ Extracting directors for row 11: LEON CONSULTANTS PVT LTD
2025-11-02 18:35:04,267 - INFO - Loader disappeared.
2025-11-02 18:35:05,394 - INFO - Found 3 director rows.
2025-11-02 18:35:05,580 - INFO - Successfully extracted director data.
2025-11-02 18:35:05,802 - INFO - ⚠️ Could not navigate back, reloading page...
2025-11-02 18:35:11,274 - INFO - Loader disappeared.
2025-11-02 18:35:12,276 - INFO - 🔄 Page reloaded successfully.
2025-11-02 18:35:12,338 - INFO - ✅ Updated raw file saved with director info → C:\Users\piyush gala\PC\Portfolio\cibil_web_scrapping_automation\fetched_data\raw\cibil_data__25_lacs_31-08-25_for_state\cibil_data_31-08-25_MAHARASHTRA_state_page_1.xlsx
2025-11-02 18:35:12,389 - INFO - ▶ Extracting directors for row 1: Uttamrao Sahebrao Phadtare
2025-11-02 18:35:12,579 - INFO - Loader disappeared.
2025-11-02 18:35:13,610 - INFO - Found 1 director rows.
2025-11-02 18:35:13,670 - INFO - Successfully extracted director data.
2025-11-02 18:35:13,896 - INFO - ⚠️ Could not navigate back, reloading page...
2025-11-02 18:35:19,812 - INFO - Loader disappeared.
2025-11-02 18:35:20,813 - INFO - 🔄 Page reloaded successfully.
2025-11-02 18:35:20,814 - INFO - ▶ Extracting directors for row 2: Padmini food Products
2025-11-02 18:35:21,009 - INFO - Loader disappeared.
2025-11-02 18:35:22,038 - INFO - Found 1 director rows.
2025-11-02 18:35:22,087 - INFO - Successfully extracted director data.
2025-11-02 18:35:22,311 - INFO - ⚠️ Could not navigate back, reloading page...
2025-11-02 18:35:27,891 - INFO - Loader disappeared.
2025-11-02 18:35:28,899 - INFO - 🔄 Page reloaded successfully.
2025-11-02 18:35:28,900 - INFO - ▶ Extracting directors for row 3: Digambar Agro Industries
2025-11-02 18:35:29,105 - INFO - Loader disappeared.
2025-11-02 18:35:30,133 - INFO - Found 1 director rows.
2025-11-02 18:35:30,178 - INFO - Successfully extracted director data.
2025-11-02 18:35:30,408 - INFO - ⚠️ Could not navigate back, reloading page...
2025-11-02 18:35:36,117 - INFO - Loader disappeared.
2025-11-02 18:35:37,117 - INFO - 🔄 Page reloaded successfully.
2025-11-02 18:35:37,118 - INFO - ▶ Extracting directors for row 4: Avdhut Earth Movers
2025-11-02 18:35:37,292 - INFO - Loader disappeared.
2025-11-02 18:35:38,324 - INFO - Found 1 director rows.
2025-11-02 18:35:38,370 - INFO - Successfully extracted director data.
2025-11-02 18:35:38,593 - INFO - ⚠️ Could not navigate back, reloading page...
2025-11-02 18:35:44,134 - INFO - Loader disappeared.
2025-11-02 18:35:45,135 - INFO - 🔄 Page reloaded successfully.
2025-11-02 18:35:45,136 - INFO - ▶ Extracting directors for row 5: Ramchandra Vasant Jagtap
2025-11-02 18:35:45,333 - INFO - Loader disappeared.
2025-11-02 18:35:52,889 - INFO - Found 1 director rows.
2025-11-02 18:35:52,953 - INFO - Successfully extracted director data.
2025-11-02 18:35:53,178 - INFO - ⚠️ Could not navigate back, reloading page...
2025-11-02 18:36:03,943 - INFO - Loader disappeared.
2025-11-02 18:36:04,944 - INFO - 🔄 Page reloaded successfully.
2025-11-02 18:36:05,000 - INFO - Checkpoint saved at row 5 for C:\Users\piyush gala\PC\Portfolio\cibil_web_scrapping_automation\fetched_data\raw\cibil_data__25_lacs_31-08-25_for_state\cibil_data_31-08-25_MAHARASHTRA_state_page_2.xlsx
2025-11-02 18:36:05,001 - INFO - ▶ Extracting directors for row 6: Tulaja Enterprises
2025-11-02 18:36:05,200 - INFO - Loader disappeared.
2025-11-02 18:36:16,336 - INFO - Found 1 director rows.
2025-11-02 18:36:16,387 - INFO - Successfully extracted director data.
2025-11-02 18:36:16,611 - INFO - ⚠️ Could not navigate back, reloading page...
2025-11-02 18:36:50,745 - INFO - Loader disappeared.
2025-11-02 18:36:51,746 - INFO - 🔄 Page reloaded successfully.
2025-11-02 18:36:51,747 - INFO - ▶ Extracting directors for row 7: M/s Ingale Cloth Center
2025-11-02 18:36:51,920 - INFO - Loader disappeared.
2025-11-02 18:37:02,550 - INFO - Found 1 director rows.
2025-11-02 18:37:02,605 - INFO - Successfully extracted director data.
2025-11-02 18:37:02,823 - INFO - ⚠️ Could not navigate back, reloading page...
2025-11-02 18:37:08,314 - INFO - Loader disappeared.
2025-11-02 18:37:09,315 - INFO - 🔄 Page reloaded successfully.
2025-11-02 18:37:09,316 - INFO - ▶ Extracting directors for row 8: SUJATA SANJAY MOHITE
2025-11-02 18:37:09,486 - INFO - Loader disappeared.
2025-11-02 18:37:10,519 - INFO - Found 1 director rows.
2025-11-02 18:37:10,569 - INFO - Successfully extracted director data.
2025-11-02 18:37:10,788 - INFO - ⚠️ Could not navigate back, reloading page...
2025-11-02 18:37:16,382 - INFO - Loader disappeared.
2025-11-02 18:37:17,383 - INFO - 🔄 Page reloaded successfully.
2025-11-02 18:37:17,384 - INFO - ▶ Extracting directors for row 9: Sagar Vithal NIkam
2025-11-02 18:37:17,570 - INFO - Loader disappeared.
2025-11-02 18:37:18,602 - INFO - Found 1 director rows.
2025-11-02 18:37:18,667 - INFO - Successfully extracted director data.
2025-11-02 18:37:18,893 - INFO - ⚠️ Could not navigate back, reloading page...
2025-11-02 18:37:24,558 - INFO - Loader disappeared.
2025-11-02 18:37:25,559 - INFO - 🔄 Page reloaded successfully.
2025-11-02 18:37:25,561 - INFO - ▶ Extracting directors for row 10: SANJAY GOVINDRAO MOHITE
2025-11-02 18:37:25,760 - INFO - Loader disappeared.
2025-11-02 18:37:26,789 - INFO - Found 1 director rows.
2025-11-02 18:37:26,849 - INFO - Successfully extracted director data.
2025-11-02 18:37:27,081 - INFO - ⚠️ Could not navigate back, reloading page...
2025-11-02 18:37:32,522 - INFO - Loader disappeared.
2025-11-02 18:37:33,523 - INFO - 🔄 Page reloaded successfully.
2025-11-02 18:37:33,587 - INFO - Checkpoint saved at row 10 for C:\Users\piyush gala\PC\Portfolio\cibil_web_scrapping_automation\fetched_data\raw\cibil_data__25_lacs_31-08-25_for_state\cibil_data_31-08-25_MAHARASHTRA_state_page_2.xlsx
2025-11-02 18:37:33,588 - INFO - ▶ Extracting directors for row 11: K M PLAST
2025-11-02 18:37:33,774 - INFO - Loader disappeared.
2025-11-02 18:37:34,802 - INFO - Found 1 director rows.
2025-11-02 18:37:34,849 - INFO - Successfully extracted director data.
2025-11-02 18:37:35,079 - INFO - ⚠️ Could not navigate back, reloading page...
2025-11-02 18:37:40,547 - INFO - Loader disappeared.
2025-11-02 18:37:41,548 - INFO - 🔄 Page reloaded successfully.
2025-11-02 18:37:41,595 - INFO - ✅ Updated raw file saved with director info → C:\Users\piyush gala\PC\Portfolio\cibil_web_scrapping_automation\fetched_data\raw\cibil_data__25_lacs_31-08-25_for_state\cibil_data_31-08-25_MAHARASHTRA_state_page_2.xlsx
2025-11-02 18:37:41,638 - INFO - ▶ Extracting directors for row 1: Jailaxmi Sugar Products (Nitali) Pvt Ltd
2025-11-02 18:37:41,832 - INFO - Loader disappeared.
2025-11-02 18:37:42,861 - INFO - Found 3 director rows.
2025-11-02 18:37:43,024 - INFO - Successfully extracted director data.
2025-11-02 18:37:43,245 - INFO - ⚠️ Could not navigate back, reloading page...
2025-11-02 18:37:48,884 - INFO - Loader disappeared.
2025-11-02 18:37:49,886 - INFO - 🔄 Page reloaded successfully.
2025-11-02 18:37:49,887 - INFO - ▶ Extracting directors for row 2: Baban Gajendra Bhosale
2025-11-02 18:37:50,068 - INFO - Loader disappeared.
2025-11-02 18:37:51,172 - INFO - Found 1 director rows.
2025-11-02 18:37:51,235 - INFO - Successfully extracted director data.
2025-11-02 18:37:51,449 - INFO - ⚠️ Could not navigate back, reloading page...
2025-11-02 18:37:56,868 - INFO - Loader disappeared.
2025-11-02 18:37:57,869 - INFO - 🔄 Page reloaded successfully.
2025-11-02 18:37:57,870 - INFO - ▶ Extracting directors for row 3: AARAM TRADING PVT LTD
2025-11-02 18:37:58,041 - INFO - Loader disappeared.
2025-11-02 18:37:59,074 - INFO - Found 2 director rows.
2025-11-02 18:37:59,184 - INFO - Successfully extracted director data.
2025-11-02 18:37:59,399 - INFO - ⚠️ Could not navigate back, reloading page...
2025-11-02 18:38:05,156 - INFO - Loader disappeared.
2025-11-02 18:38:06,156 - INFO - 🔄 Page reloaded successfully.
2025-11-02 18:38:06,157 - INFO - ▶ Extracting directors for row 4: ACEY MERCHANTILE
2025-11-02 18:38:06,333 - INFO - Loader disappeared.
2025-11-02 18:38:07,368 - INFO - Found 2 director rows.
2025-11-02 18:38:07,478 - INFO - Successfully extracted director data.
2025-11-02 18:38:07,708 - INFO - ⚠️ Could not navigate back, reloading page...
2025-11-02 18:38:13,506 - INFO - Loader disappeared.
2025-11-02 18:38:14,507 - INFO - 🔄 Page reloaded successfully.
2025-11-02 18:38:14,508 - INFO - ▶ Extracting directors for row 5: PRIYA EXPORTS
2025-11-02 18:38:14,777 - INFO - Loader disappeared.
2025-11-02 18:38:15,810 - INFO - Found 1 director rows.
2025-11-02 18:38:15,879 - INFO - Successfully extracted director data.
2025-11-02 18:38:16,105 - INFO - ⚠️ Could not navigate back, reloading page...
2025-11-02 18:38:21,936 - INFO - Loader disappeared.
2025-11-02 18:38:22,938 - INFO - 🔄 Page reloaded successfully.
2025-11-02 18:38:23,007 - INFO - Checkpoint saved at row 5 for C:\Users\piyush gala\PC\Portfolio\cibil_web_scrapping_automation\fetched_data\raw\cibil_data__25_lacs_31-08-25_for_state\cibil_data_31-08-25_MAHARASHTRA_state_page_3.xlsx
2025-11-02 18:38:23,009 - INFO - ▶ Extracting directors for row 6: Primera Vista Lifestyle Pvt. Ltd.
2025-11-02 18:38:23,208 - INFO - Loader disappeared.
2025-11-02 18:38:24,241 - INFO - Found 3 director rows.
2025-11-02 18:38:24,409 - INFO - Successfully extracted director data.
2025-11-02 18:38:24,631 - INFO - ⚠️ Could not navigate back, reloading page...
2025-11-02 18:38:30,715 - INFO - Loader disappeared.
2025-11-02 18:38:31,716 - INFO - 🔄 Page reloaded successfully.
2025-11-02 18:38:31,717 - INFO - ▶ Extracting directors for row 7: S.N. PROPERTIES P.LTD.
2025-11-02 18:38:31,928 - INFO - Loader disappeared.
2025-11-02 18:38:32,960 - INFO - Found 2 director rows.
2025-11-02 18:38:33,053 - INFO - Successfully extracted director data.
2025-11-02 18:38:33,278 - INFO - ⚠️ Could not navigate back, reloading page...
2025-11-02 18:38:38,944 - INFO - Loader disappeared.
2025-11-02 18:38:39,945 - INFO - 🔄 Page reloaded successfully.
2025-11-02 18:38:39,946 - INFO - ▶ Extracting directors for row 8: Shell Packaging
2025-11-02 18:38:40,182 - INFO - Loader disappeared.
2025-11-02 18:38:41,209 - INFO - Found 2 director rows.
2025-11-02 18:38:41,298 - INFO - Successfully extracted director data.
2025-11-02 18:38:41,520 - INFO - ⚠️ Could not navigate back, reloading page...
2025-11-02 18:38:47,156 - INFO - Loader disappeared.
2025-11-02 18:38:48,158 - INFO - 🔄 Page reloaded successfully.
2025-11-02 18:38:48,159 - INFO - ▶ Extracting directors for row 9: Nakshatra Brands Ltd
2025-11-02 18:38:48,337 - INFO - Loader disappeared.
2025-11-02 18:38:49,365 - INFO - Found 1 director rows.
2025-11-02 18:38:49,411 - INFO - Successfully extracted director data.
2025-11-02 18:38:49,634 - INFO - ⚠️ Could not navigate back, reloading page...
2025-11-02 18:38:55,246 - INFO - Loader disappeared.
2025-11-02 18:38:56,248 - INFO - 🔄 Page reloaded successfully.
2025-11-02 18:38:56,249 - INFO - ▶ Extracting directors for row 10: Asmi Jewellery India Ltd.
2025-11-02 18:38:56,431 - INFO - Loader disappeared.
2025-11-02 18:38:57,457 - INFO - Found 1 director rows.
2025-11-02 18:38:57,507 - INFO - Successfully extracted director data.
2025-11-02 18:38:57,730 - INFO - ⚠️ Could not navigate back, reloading page...
2025-11-02 18:39:03,446 - INFO - Loader disappeared.
2025-11-02 18:39:04,447 - INFO - 🔄 Page reloaded successfully.
2025-11-02 18:39:04,496 - INFO - Checkpoint saved at row 10 for C:\Users\piyush gala\PC\Portfolio\cibil_web_scrapping_automation\fetched_data\raw\cibil_data__25_lacs_31-08-25_for_state\cibil_data_31-08-25_MAHARASHTRA_state_page_3.xlsx
2025-11-02 18:39:04,497 - INFO - ▶ Extracting directors for row 11: Gili India Limited
2025-11-02 18:39:04,667 - INFO - Loader disappeared.
2025-11-02 18:39:05,695 - INFO - Found 1 director rows.
2025-11-02 18:39:05,747 - INFO - Successfully extracted director data.
2025-11-02 18:39:05,965 - INFO - ⚠️ Could not navigate back, reloading page...
2025-11-02 18:39:11,805 - INFO - Loader disappeared.
2025-11-02 18:39:12,806 - INFO - 🔄 Page reloaded successfully.
2025-11-02 18:39:12,852 - INFO - ✅ Updated raw file saved with director info → C:\Users\piyush gala\PC\Portfolio\cibil_web_scrapping_automation\fetched_data\raw\cibil_data__25_lacs_31-08-25_for_state\cibil_data_31-08-25_MAHARASHTRA_state_page_3.xlsx
2025-11-02 18:39:12,894 - INFO - ▶ Extracting directors for row 1: PANDIT AUTOMOTIVE PRIVATE LIMITED
2025-11-02 18:39:13,086 - INFO - Loader disappeared.
2025-11-02 18:39:14,122 - INFO - Found 2 director rows.
2025-11-02 18:39:14,245 - INFO - Successfully extracted director data.
2025-11-02 18:39:14,462 - INFO - ⚠️ Could not navigate back, reloading page...
2025-11-02 18:39:20,220 - INFO - Loader disappeared.
2025-11-02 18:39:21,221 - INFO - 🔄 Page reloaded successfully.
2025-11-02 18:39:21,222 - INFO - ▶ Extracting directors for row 2: Praveenkumar P
2025-11-02 18:39:21,410 - INFO - Loader disappeared.
2025-11-02 18:39:22,459 - INFO - Found 1 director rows.
2025-11-02 18:39:22,533 - INFO - Successfully extracted director data.
2025-11-02 18:39:22,756 - INFO - ⚠️ Could not navigate back, reloading page...
2025-11-02 18:39:28,497 - INFO - Loader disappeared.
2025-11-02 18:39:29,498 - INFO - 🔄 Page reloaded successfully.
2025-11-02 18:39:29,499 - INFO - ▶ Extracting directors for row 3: Akbar Abdulkarim Dhanani
2025-11-02 18:39:29,689 - INFO - Loader disappeared.
2025-11-02 18:39:30,717 - INFO - Found 1 director rows.
2025-11-02 18:39:30,770 - INFO - Successfully extracted director data.
2025-11-02 18:39:30,997 - INFO - ⚠️ Could not navigate back, reloading page...
2025-11-02 18:39:38,267 - INFO - Loader disappeared.
2025-11-02 18:39:39,268 - INFO - 🔄 Page reloaded successfully.
2025-11-02 18:39:39,269 - INFO - ▶ Extracting directors for row 4: MEKHALA SHIVKUMAR PATIL
2025-11-02 18:39:39,650 - INFO - Loader disappeared.
2025-11-02 18:39:41,519 - INFO - Found 1 director rows.
2025-11-02 18:39:41,578 - INFO - Successfully extracted director data.
2025-11-02 18:39:41,807 - INFO - ⚠️ Could not navigate back, reloading page...
2025-11-02 18:39:49,473 - INFO - Loader disappeared.
2025-11-02 18:39:50,474 - INFO - 🔄 Page reloaded successfully.
2025-11-02 18:39:50,475 - INFO - ▶ Extracting directors for row 5: RIDDHI ENGINEERING
2025-11-02 18:39:50,650 - INFO - Loader disappeared.
2025-11-02 18:39:51,886 - INFO - Found 1 director rows.
2025-11-02 18:39:51,938 - INFO - Successfully extracted director data.
2025-11-02 18:39:52,163 - INFO - ⚠️ Could not navigate back, reloading page...
2025-11-02 18:39:59,937 - INFO - Loader disappeared.
2025-11-02 18:40:00,938 - INFO - 🔄 Page reloaded successfully.
2025-11-02 18:40:00,991 - INFO - Checkpoint saved at row 5 for C:\Users\piyush gala\PC\Portfolio\cibil_web_scrapping_automation\fetched_data\raw\cibil_data__25_lacs_31-08-25_for_state\cibil_data_31-08-25_MAHARASHTRA_state_page_4.xlsx
2025-11-02 18:40:00,992 - INFO - ▶ Extracting directors for row 6: DEEPALI GRAIN DEALERS.
2025-11-02 18:40:01,290 - INFO - Loader disappeared.
2025-11-02 18:40:02,479 - INFO - Found 1 director rows.
2025-11-02 18:40:02,535 - INFO - Successfully extracted director data.
2025-11-02 18:40:02,751 - INFO - ⚠️ Could not navigate back, reloading page...
2025-11-02 18:40:09,664 - INFO - Loader disappeared.
2025-11-02 18:40:10,664 - INFO - 🔄 Page reloaded successfully.
2025-11-02 18:40:10,666 - INFO - ▶ Extracting directors for row 7: MR ALLEN ARUN BANSODE
2025-11-02 18:40:11,613 - INFO - Loader disappeared.
2025-11-02 18:40:13,995 - INFO - Found 1 director rows.
2025-11-02 18:40:14,060 - INFO - Successfully extracted director data.
2025-11-02 18:40:14,280 - INFO - ⚠️ Could not navigate back, reloading page...
2025-11-02 18:40:21,968 - INFO - Loader disappeared.
2025-11-02 18:40:22,969 - INFO - 🔄 Page reloaded successfully.
2025-11-02 18:40:22,970 - INFO - ▶ Extracting directors for row 8: Central Burner Industries,(Prop.Nandlal  Otanmal Ahuja)
2025-11-02 18:40:23,301 - INFO - Loader disappeared.
2025-11-02 18:40:24,555 - INFO - Found 1 director rows.
2025-11-02 18:40:24,607 - INFO - Successfully extracted director data.
2025-11-02 18:40:24,825 - INFO - ⚠️ Could not navigate back, reloading page...
2025-11-02 18:40:31,625 - INFO - Loader disappeared.
2025-11-02 18:40:32,626 - INFO - 🔄 Page reloaded successfully.
2025-11-02 18:40:32,628 - INFO - ▶ Extracting directors for row 9: KARIA & SONS
2025-11-02 18:40:32,806 - INFO - Loader disappeared.
2025-11-02 18:40:33,834 - INFO - Found 1 director rows.
2025-11-02 18:40:33,885 - INFO - Successfully extracted director data.
2025-11-02 18:40:34,113 - INFO - ⚠️ Could not navigate back, reloading page...
2025-11-02 18:40:39,577 - INFO - Loader disappeared.
2025-11-02 18:40:40,579 - INFO - 🔄 Page reloaded successfully.
2025-11-02 18:40:40,580 - INFO - ▶ Extracting directors for row 10: KARIA ENTERPRISES
2025-11-02 18:40:40,919 - INFO - Loader disappeared.
2025-11-02 18:40:41,947 - INFO - Found 1 director rows.
2025-11-02 18:40:42,001 - INFO - Successfully extracted director data.
2025-11-02 18:40:42,227 - INFO - ⚠️ Could not navigate back, reloading page...
2025-11-02 18:40:47,759 - INFO - Loader disappeared.
2025-11-02 18:40:48,760 - INFO - 🔄 Page reloaded successfully.
2025-11-02 18:40:48,818 - INFO - Checkpoint saved at row 10 for C:\Users\piyush gala\PC\Portfolio\cibil_web_scrapping_automation\fetched_data\raw\cibil_data__25_lacs_31-08-25_for_state\cibil_data_31-08-25_MAHARASHTRA_state_page_4.xlsx
2025-11-02 18:40:48,819 - INFO - ▶ Extracting directors for row 11: GANGA KHED SUGAR &ENERGY LTD
2025-11-02 18:40:49,014 - INFO - Loader disappeared.
2025-11-02 18:40:50,050 - INFO - Found 4 director rows.
2025-11-02 18:40:50,292 - INFO - Successfully extracted director data.
2025-11-02 18:40:50,524 - INFO - ⚠️ Could not navigate back, reloading page...
2025-11-02 18:40:56,429 - INFO - Loader disappeared.
2025-11-02 18:40:57,430 - INFO - 🔄 Page reloaded successfully.
2025-11-02 18:40:57,490 - INFO - ✅ Updated raw file saved with director info → C:\Users\piyush gala\PC\Portfolio\cibil_web_scrapping_automation\fetched_data\raw\cibil_data__25_lacs_31-08-25_for_state\cibil_data_31-08-25_MAHARASHTRA_state_page_4.xlsx
