2025-11-02 16:48:13,656 - INFO - Running script...
2025-11-02 16:48:13,658 - INFO - Selected Configurations: 
state type: state, 
Defaulters type: >25 lacs, 
Date: 31-08-25, 
Timeout: 60 seconds
2025-11-02 16:48:13,658 - INFO - All States: {'HYDERABAD', 'UNITED ARAB EMIRATES UAE', 'UNITED ARAB EMIRATES', 'WEST BENGAL', 'UTTARANCHAL', 'MEGHALAYA', 'TAMIL NADU', 'NEW DELHI', 'ANDAMAN AND NICOBAR ISLANDS', 'AUSTRALIA', 'JAMMU & KASHMIR', 'PUNJAB', 'DELHI', 'SIKKIM', 'UNITED KINGDOM', 'CHANDIGARH & DELHI', 'TRIPURA', 'RAJASTHAN', 'OMAN', 'LAKSHADWEEP', 'HARYANA', 'JHARKHAND', 'PUDUCHERRY', 'UTTAR PRADESH', 'MAHARASHTRA', 'MANIPUR', 'KERALA', 'SRI LANKA', 'ISRAEL', 'NEW YORK', 'ANDHRA PRADESH', 'JAKARTA', 'ATLANTA, USA', 'ARUNACHAL PRADESH', 'THAILAND', 'GUJARAT', 'BIHAR', 'PONDICHERRY', 'ORISSA', 'LONDON', 'HONG KONG', 'UTAH', 'LUXEMBOURG', 'QATAR', 'NOT REPORTED', 'DUBAI', 'NAGALAND', 'UTTARAKHAND', 'DAMAN AND DIU', 'MADHYA PRADESH', 'CYPRUS', 'OBU', 'WASHINGTON', 'DUBAI, UAE', 'MISSISSIPPI, USA', 'KINGDOM OF BAHRAIN', 'UNITED STATES OF AMERICA', 'GOA', 'CHANDIGARH (U.T.) & DELHI', 'MANCHESTER', 'PANAMA', 'BHOPAL', 'KARNATAKA', 'MALDIVES', 'ABCD', 'ENGLAND', 'SOUTH AFRICA', 'BANGLADESH', 'MIZORAM', 'CAYMAN ISLAND', 'COLOMBO', 'CHHATTISGARH', 'OVERSEAS', 'DADRA AND NAGAR HAVELI', 'BAHRAIN', 'JAPAN', 'BRITISH VIRGIN ISLAND', 'CHANDIGARH', 'ASSAM', 'TELANGANA', 'AMSTERDAM', 'SINGAPORE', 'HIMACHAL PRADESH', 'BANGKOK', 'BELGIUM', 'ROHTAK', 'GERMANY'}
2025-11-02 16:48:13,668 - INFO - Selected States: ['BIHAR', 'GOA', 'GUJARAT']
2025-11-02 16:48:13,668 - INFO - Starting batch search for date: 31-08-25
2025-11-02 16:48:13,670 - INFO - Running automation for State: BIHAR, Date: 31-08-25, Defaulters type: >25 lacs
2025-11-02 16:48:14,625 - INFO - Browser launched.
2025-11-02 16:48:16,194 - INFO - Page loaded.
2025-11-02 16:48:16,194 - INFO - Performing search for date:31-08-25, state:BIHAR, Defaulters type:>25 lacs
2025-11-02 16:48:18,843 - INFO - Waiting for search results...
2025-11-02 16:48:18,858 - INFO - Loader disappeared after clicking Search.
2025-11-02 16:48:26,868 - INFO - Pagination text: View 1 - 125 of 125
2025-11-02 16:48:26,869 - INFO - Fetched: 125, Total: 125
2025-11-02 16:48:26,869 - INFO - Fetched 125 out of 125 rows.
2025-11-02 16:48:26,869 - INFO - Pagination limit: 1
2025-11-02 16:48:26,869 - INFO - \u25b6 Extracting table data...
2025-11-02 16:48:26,878 - INFO - Found 125 rows for state: BIHAR, page: 1.
2025-11-02 16:48:27,021 - INFO - Row 1/125 extracted for BIHAR.
2025-11-02 16:48:27,148 - INFO - Row 2/125 extracted for BIHAR.
2025-11-02 16:48:27,270 - INFO - Row 3/125 extracted for BIHAR.
2025-11-02 16:48:27,468 - INFO - Saved 3 rows to cibil_data_31-08-25_BIHAR_state_page_1.xlsx
2025-11-02 16:48:27,472 - INFO - \u25b6 Next button is disabled, reached last page.
2025-11-02 16:48:29,475 - INFO - Found 1 raw Excel files for BIHAR
2025-11-02 16:48:29,512 - INFO - \u25b6 Extracting directors for row 1: SATYAM AUTOMOBILES PVT LTD
2025-11-02 16:48:29,636 - INFO - Loader disappeared.
2025-11-02 16:48:30,655 - INFO - Found 4 director rows.
2025-11-02 16:48:30,738 - INFO - Successfully extracted director data.
2025-11-02 16:48:36,230 - INFO - Loader disappeared.
2025-11-02 16:48:37,258 - INFO - Checkpoint saved at row 1 for C:\Users\piyush gala\PC\Portfolio\cibil_web_scrapping_automation\fetched_data\raw\cibil_data__25_lacs_31-08-25_for_state\cibil_data_31-08-25_BIHAR_state_page_1.xlsx
2025-11-02 16:48:37,258 - INFO - \u25b6 Extracting directors for row 2: STERLING INDIA
2025-11-02 16:48:37,376 - INFO - Loader disappeared.
2025-11-02 16:48:39,730 - INFO - Found 1 director rows.
2025-11-02 16:48:39,750 - INFO - Successfully extracted director data.
2025-11-02 16:48:45,296 - INFO - Loader disappeared.
2025-11-02 16:48:46,297 - INFO - \u25b6 Extracting directors for row 3: AMITAV ARUN
2025-11-02 16:48:46,420 - INFO - Loader disappeared.
2025-11-02 16:48:47,439 - INFO - Found 1 director rows.
2025-11-02 16:48:47,458 - INFO - Successfully extracted director data.
2025-11-02 16:48:53,016 - INFO - Loader disappeared.
2025-11-02 16:48:54,042 - INFO - \u2705 Updated raw file saved with director info \u2192 C:\Users\piyush gala\PC\Portfolio\cibil_web_scrapping_automation\fetched_data\raw\cibil_data__25_lacs_31-08-25_for_state\cibil_data_31-08-25_BIHAR_state_page_1.xlsx
2025-11-02 16:48:54,298 - INFO - Running automation for State: GOA, Date: 31-08-25, Defaulters type: >25 lacs
2025-11-02 16:48:55,097 - INFO - Browser launched.
2025-11-02 16:48:56,087 - INFO - Page loaded.
2025-11-02 16:48:56,087 - INFO - Performing search for date:31-08-25, state:GOA, Defaulters type:>25 lacs
2025-11-02 16:48:58,701 - INFO - Waiting for search results...
2025-11-02 16:48:58,717 - INFO - Loader disappeared after clicking Search.
2025-11-02 16:49:06,262 - INFO - Pagination text: View 1 - 25 of 25
2025-11-02 16:49:06,262 - INFO - Fetched: 25, Total: 25
2025-11-02 16:49:06,262 - INFO - Fetched 25 out of 25 rows.
2025-11-02 16:49:06,262 - INFO - Pagination limit: 1
2025-11-02 16:49:06,263 - INFO - \u25b6 Extracting table data...
2025-11-02 16:49:06,270 - INFO - Found 25 rows for state: GOA, page: 1.
2025-11-02 16:49:06,395 - INFO - Row 1/25 extracted for GOA.
2025-11-02 16:49:06,516 - INFO - Row 2/25 extracted for GOA.
2025-11-02 16:49:06,630 - INFO - Row 3/25 extracted for GOA.
2025-11-02 16:49:06,661 - INFO - Saved 3 rows to cibil_data_31-08-25_GOA_state_page_1.xlsx
2025-11-02 16:49:06,664 - INFO - \u25b6 Next button is disabled, reached last page.
2025-11-02 16:49:08,666 - INFO - Found 1 raw Excel files for GOA
2025-11-02 16:49:08,700 - INFO - \u25b6 Extracting directors for row 1: KHALID ABDUS SALAM ANSARI
2025-11-02 16:49:08,823 - INFO - Loader disappeared.
2025-11-02 16:49:09,841 - INFO - Found 1 director rows.
2025-11-02 16:49:09,865 - INFO - Successfully extracted director data.
2025-11-02 16:49:15,407 - INFO - Loader disappeared.
2025-11-02 16:49:16,434 - INFO - Checkpoint saved at row 1 for C:\Users\piyush gala\PC\Portfolio\cibil_web_scrapping_automation\fetched_data\raw\cibil_data__25_lacs_31-08-25_for_state\cibil_data_31-08-25_GOA_state_page_1.xlsx
2025-11-02 16:49:16,434 - INFO - \u25b6 Extracting directors for row 2: SIDDHANT HOTEL
2025-11-02 16:49:16,654 - INFO - Loader disappeared.
2025-11-02 16:49:17,671 - INFO - Found 1 director rows.
2025-11-02 16:49:17,700 - INFO - Successfully extracted director data.
2025-11-02 16:49:23,163 - INFO - Loader disappeared.
2025-11-02 16:49:24,165 - INFO - \u25b6 Extracting directors for row 3: SIDDHANT PARYATAN SUVIDHA KENDRA
2025-11-02 16:49:24,372 - INFO - Loader disappeared.
2025-11-02 16:49:25,387 - INFO - Found 1 director rows.
2025-11-02 16:49:25,411 - INFO - Successfully extracted director data.
2025-11-02 16:49:30,855 - INFO - Loader disappeared.
2025-11-02 16:49:31,879 - INFO - \u2705 Updated raw file saved with director info \u2192 C:\Users\piyush gala\PC\Portfolio\cibil_web_scrapping_automation\fetched_data\raw\cibil_data__25_lacs_31-08-25_for_state\cibil_data_31-08-25_GOA_state_page_1.xlsx
2025-11-02 16:49:32,117 - INFO - Running automation for State: GUJARAT, Date: 31-08-25, Defaulters type: >25 lacs
2025-11-02 16:49:33,052 - INFO - Browser launched.
2025-11-02 16:49:34,081 - INFO - Page loaded.
2025-11-02 16:49:34,081 - INFO - Performing search for date:31-08-25, state:GUJARAT, Defaulters type:>25 lacs
2025-11-02 16:49:36,259 - INFO - Waiting for search results...
2025-11-02 16:49:36,271 - INFO - Loader disappeared after clicking Search.
2025-11-02 16:49:43,739 - INFO - Pagination text: View 1 - 1,000 of 1,233
2025-11-02 16:49:43,739 - INFO - Fetched: 1000, Total: 1233
2025-11-02 16:49:43,739 - INFO - Fetched 1000 out of 1233 rows.
2025-11-02 16:49:43,739 - INFO - Pagination limit: 2
2025-11-02 16:49:43,739 - INFO - \u25b6 Extracting table data...
2025-11-02 16:49:43,761 - INFO - Found 1000 rows for state: GUJARAT, page: 1.
2025-11-02 16:49:44,097 - INFO - Row 1/1000 extracted for GUJARAT.
2025-11-02 16:49:44,392 - INFO - Row 2/1000 extracted for GUJARAT.
2025-11-02 16:49:44,682 - INFO - Row 3/1000 extracted for GUJARAT.
2025-11-02 16:49:44,715 - INFO - Saved 3 rows to cibil_data_31-08-25_GUJARAT_state_page_1.xlsx
2025-11-02 16:50:48,019 - INFO - \u25b6 Extracting table data...
2025-11-02 16:50:48,031 - INFO - Found 233 rows for state: GUJARAT, page: 2.
2025-11-02 16:50:48,207 - INFO - Row 1/233 extracted for GUJARAT.
2025-11-02 16:50:48,371 - INFO - Row 2/233 extracted for GUJARAT.
2025-11-02 16:50:48,521 - INFO - Row 3/233 extracted for GUJARAT.
2025-11-02 16:50:48,552 - INFO - Saved 3 rows to cibil_data_31-08-25_GUJARAT_state_page_2.xlsx
2025-11-02 16:50:48,556 - INFO - \u25b6 Next button is disabled, reached last page.
2025-11-02 16:50:50,559 - INFO - Found 2 raw Excel files for GUJARAT
2025-11-02 16:50:50,581 - INFO - \u25b6 Extracting directors for row 1: MANAN AUTO LINK PRIVATE LIMITED
2025-11-02 16:50:50,707 - INFO - Loader disappeared.
2025-11-02 16:50:51,726 - INFO - Found 2 director rows.
2025-11-02 16:50:51,792 - INFO - Successfully extracted director data.
2025-11-02 16:50:57,323 - INFO - Loader disappeared.
2025-11-02 16:50:58,366 - INFO - Checkpoint saved at row 1 for C:\Users\piyush gala\PC\Portfolio\cibil_web_scrapping_automation\fetched_data\raw\cibil_data__25_lacs_31-08-25_for_state\cibil_data_31-08-25_GUJARAT_state_page_1.xlsx
2025-11-02 16:50:58,367 - INFO - \u25b6 Extracting directors for row 2: SOGO SERAMICS PVT. LTD.
2025-11-02 16:50:58,625 - INFO - Loader disappeared.
2025-11-02 16:50:59,643 - INFO - Found 4 director rows.
2025-11-02 16:50:59,719 - INFO - Successfully extracted director data.
2025-11-02 16:51:05,353 - INFO - Loader disappeared.
2025-11-02 16:51:06,355 - INFO - \u25b6 Extracting directors for row 3: RADHIKA COTTEX PRIVATE LTD.
2025-11-02 16:51:06,509 - INFO - Loader disappeared.
2025-11-02 16:51:07,529 - INFO - Found 6 director rows.
2025-11-02 16:51:07,640 - INFO - Successfully extracted director data.
2025-11-02 16:51:13,150 - INFO - Loader disappeared.
2025-11-02 16:51:14,188 - INFO - \u2705 Updated raw file saved with director info \u2192 C:\Users\piyush gala\PC\Portfolio\cibil_web_scrapping_automation\fetched_data\raw\cibil_data__25_lacs_31-08-25_for_state\cibil_data_31-08-25_GUJARAT_state_page_1.xlsx
2025-11-02 16:51:14,204 - INFO - \u25b6 Extracting directors for row 1: Om Trading
2025-11-02 16:51:14,334 - INFO - Loader disappeared.
2025-11-02 16:51:15,357 - INFO - Found 2 director rows.
2025-11-02 16:51:15,413 - INFO - Successfully extracted director data.
2025-11-02 16:51:20,861 - INFO - Loader disappeared.
2025-11-02 16:51:21,895 - INFO - Checkpoint saved at row 1 for C:\Users\piyush gala\PC\Portfolio\cibil_web_scrapping_automation\fetched_data\raw\cibil_data__25_lacs_31-08-25_for_state\cibil_data_31-08-25_GUJARAT_state_page_2.xlsx
2025-11-02 16:51:21,896 - INFO - \u25b6 Extracting directors for row 2: Navrang Roadlines Pvt. Ltd.
2025-11-02 16:51:22,029 - INFO - Loader disappeared.
2025-11-02 16:51:23,044 - INFO - Found 2 director rows.
2025-11-02 16:51:23,087 - INFO - Successfully extracted director data.
2025-11-02 16:51:28,640 - INFO - Loader disappeared.
2025-11-02 16:51:29,641 - INFO - \u25b6 Extracting directors for row 3: New Infra Mobile Care
2025-11-02 16:51:29,771 - INFO - Loader disappeared.
2025-11-02 16:51:30,790 - INFO - Found 1 director rows.
2025-11-02 16:51:30,814 - INFO - Successfully extracted director data.
2025-11-02 16:51:36,268 - INFO - Loader disappeared.
2025-11-02 16:51:37,292 - INFO - \u2705 Updated raw file saved with director info \u2192 C:\Users\piyush gala\PC\Portfolio\cibil_web_scrapping_automation\fetched_data\raw\cibil_data__25_lacs_31-08-25_for_state\cibil_data_31-08-25_GUJARAT_state_page_2.xlsx
