2025-11-02 17:09:08,781 - INFO - Logging initialized at: C:\Users\piyush gala\PC\Portfolio\cibil_web_scrapping_automation\utilities\logs\2025-11-02\cibil_log_2025-11-02_17-09-08.log
2025-11-02 17:09:08,781 - INFO - ▶ Running script...
2025-11-02 17:09:08,781 - INFO - Running script...
2025-11-02 17:09:08,782 - INFO - Selected Configurations: 
state type: state, 
Defaulters type: >25 lacs, 
Date: 31-08-25, 
Timeout: 60 seconds
2025-11-02 17:09:08,782 - INFO - All States: {'SRI LANKA', 'MANIPUR', 'MALDIVES', 'ENGLAND', 'COLOMBO', 'MISSISSIPPI, USA', 'UNITED ARAB EMIRATES', 'OVERSEAS', 'WEST BENGAL', 'UNITED KINGDOM', 'AUSTRALIA', 'BANGLADESH', 'ANDAMAN AND NICOBAR ISLANDS', 'ATLANTA, USA', 'HONG KONG', 'TELANGANA', 'ABCD', 'LONDON', 'SINGAPORE', 'UTAH', 'UNITED ARAB EMIRATES UAE', 'THAILAND', 'ASSAM', 'ROHTAK', 'GUJARAT', 'NEW YORK', 'AMSTERDAM', 'ARUNACHAL PRADESH', 'BHOPAL', 'GERMANY', 'BAHRAIN', 'MANCHESTER', 'HYDERABAD', 'MIZORAM', 'CHANDIGARH', 'RAJASTHAN', 'CHHATTISGARH', 'CHANDIGARH & DELHI', 'PONDICHERRY', 'OMAN', 'KARNATAKA', 'DADRA AND NAGAR HAVELI', 'LAKSHADWEEP', 'CYPRUS', 'MADHYA PRADESH', 'PANAMA', 'JAPAN', 'MAHARASHTRA', 'KERALA', 'MEGHALAYA', 'DUBAI', 'TRIPURA', 'UTTARAKHAND', 'JHARKHAND', 'UTTARANCHAL', 'BANGKOK', 'SOUTH AFRICA', 'UNITED STATES OF AMERICA', 'SIKKIM', 'JAMMU & KASHMIR', 'CHANDIGARH (U.T.) & DELHI', 'OBU', 'NAGALAND', 'HARYANA', 'LUXEMBOURG', 'ANDHRA PRADESH', 'HIMACHAL PRADESH', 'BIHAR', 'DAMAN AND DIU', 'QATAR', 'GOA', 'NEW DELHI', 'BELGIUM', 'BRITISH VIRGIN ISLAND', 'PUNJAB', 'JAKARTA', 'PUDUCHERRY', 'CAYMAN ISLAND', 'KINGDOM OF BAHRAIN', 'WASHINGTON', 'TAMIL NADU', 'DUBAI, UAE', 'UTTAR PRADESH', 'ISRAEL', 'DELHI', 'NOT REPORTED', 'ORISSA'}
2025-11-02 17:09:08,782 - INFO - Selected States: ['BIHAR', 'GOA', 'GUJARAT']
2025-11-02 17:09:08,782 - INFO - ▶ Starting batch search for date: 31-08-25
2025-11-02 17:09:08,783 - INFO - Running automation for State: BIHAR, Date: 31-08-25, Defaulters type: >25 lacs
2025-11-02 17:09:09,812 - INFO - Browser launched.
2025-11-02 17:09:10,170 - INFO - Page loaded.
2025-11-02 17:09:10,170 - INFO - ▶ Performing search for date:31-08-25, state:BIHAR, Defaulters type:>25 lacs
2025-11-02 17:10:04,516 - ERROR - ❌ Error for BIHAR: Page.wait_for_selector: Target page, context or browser has been closed
Call log:
  - waiting for locator("select#lakhAccount") to be visible

2025-11-02 17:10:04,517 - INFO - Running automation for State: GOA, Date: 31-08-25, Defaulters type: >25 lacs
2025-11-02 17:10:05,338 - INFO - Browser launched.
2025-11-02 17:10:05,673 - INFO - Page loaded.
2025-11-02 17:10:05,673 - INFO - ▶ Performing search for date:31-08-25, state:GOA, Defaulters type:>25 lacs
2025-11-02 17:11:05,903 - ERROR - ❌ Error for GOA: Page.wait_for_selector: Timeout 60000ms exceeded.
Call log:
  - waiting for locator("select#lakhAccount") to be visible

2025-11-02 17:11:05,903 - INFO - Running automation for State: GUJARAT, Date: 31-08-25, Defaulters type: >25 lacs
2025-11-02 17:11:06,776 - INFO - Browser launched.
2025-11-02 17:11:07,742 - INFO - Page loaded.
2025-11-02 17:11:07,742 - INFO - ▶ Performing search for date:31-08-25, state:GUJARAT, Defaulters type:>25 lacs
2025-11-02 17:11:10,440 - INFO - ▶ Waiting for search results...
2025-11-02 17:11:17,987 - INFO - Pagination text: View 1 - 1,000 of 1,233
2025-11-02 17:11:17,987 - INFO - Fetched: 1000, Total: 1233
2025-11-02 17:11:17,987 - INFO - ▶ Fetched 1000 out of 1233 rows.
2025-11-02 17:11:17,988 - INFO - Pagination limit: 2
2025-11-02 17:11:17,988 - INFO - Raw Data for GUJARAT already exists. Skipping raw table extraction.
2025-11-02 17:11:17,988 - INFO - Found 2 raw Excel files for GUJARAT
2025-11-02 17:11:18,222 - INFO - Directors already extracted for row 1, skipping...
2025-11-02 17:11:18,222 - INFO - Directors already extracted for row 2, skipping...
2025-11-02 17:11:18,222 - INFO - Directors already extracted for row 3, skipping...
2025-11-02 17:11:18,237 - INFO - ✅ Updated raw file saved with director info → C:\Users\piyush gala\PC\Portfolio\cibil_web_scrapping_automation\fetched_data\raw\cibil_data__25_lacs_31-08-25_for_state\cibil_data_31-08-25_GUJARAT_state_page_1.xlsx
2025-11-02 17:11:18,261 - INFO - Directors already extracted for row 1, skipping...
2025-11-02 17:11:18,261 - INFO - Directors already extracted for row 2, skipping...
2025-11-02 17:11:18,261 - INFO - Directors already extracted for row 3, skipping...
2025-11-02 17:11:18,270 - INFO - ✅ Updated raw file saved with director info → C:\Users\piyush gala\PC\Portfolio\cibil_web_scrapping_automation\fetched_data\raw\cibil_data__25_lacs_31-08-25_for_state\cibil_data_31-08-25_GUJARAT_state_page_2.xlsx
