2025-11-02 17:28:30,401 - INFO - Logging initialized at: C:\Users\piyush gala\PC\Portfolio\cibil_web_scrapping_automation\utilities\logs\2025-11-02\cibil_log_2025-11-02_17-28-30.log
2025-11-02 17:28:30,402 - INFO - ▶ Running script...
2025-11-02 17:28:30,402 - INFO - Running script...
2025-11-02 17:28:30,403 - INFO - Selected Configurations: 
state type: state, 
Defaulters type: >25 lacs, 
Date: 31-08-25, 
Timeout: 60 seconds
2025-11-02 17:28:30,403 - INFO - All States: {'SINGAPORE', 'CHANDIGARH & DELHI', 'MAHARASHTRA', 'KINGDOM OF BAHRAIN', 'ENGLAND', 'OMAN', 'KARNATAKA', 'PUDUCHERRY', 'MISSISSIPPI, USA', 'TAMIL NADU', 'JAPAN', 'UTAH', 'COLOMBO', 'BIHAR', 'UNITED KINGDOM', 'ABCD', 'ATLANTA, USA', 'GOA', 'JHARKHAND', 'DAMAN AND DIU', 'AMSTERDAM', 'CHANDIGARH (U.T.) & DELHI', 'ISRAEL', 'OVERSEAS', 'SOUTH AFRICA', 'ASSAM', 'ORISSA', 'SIKKIM', 'CAYMAN ISLAND', 'ROHTAK', 'UTTARAKHAND', 'DUBAI, UAE', 'CHHATTISGARH', 'MANCHESTER', 'TELANGANA', 'AUSTRALIA', 'NEW DELHI', 'UTTAR PRADESH', 'BRITISH VIRGIN ISLAND', 'BELGIUM', 'BANGLADESH', 'TRIPURA', 'GUJARAT', 'BANGKOK', 'RAJASTHAN', 'CYPRUS', 'PUNJAB', 'UNITED STATES OF AMERICA', 'OBU', 'WEST BENGAL', 'ARUNACHAL PRADESH', 'ANDHRA PRADESH', 'CHANDIGARH', 'DADRA AND NAGAR HAVELI', 'SRI LANKA', 'GERMANY', 'QATAR', 'UTTARANCHAL', 'DUBAI', 'BHOPAL', 'LONDON', 'JAMMU & KASHMIR', 'MANIPUR', 'DELHI', 'UNITED ARAB EMIRATES UAE', 'KERALA', 'LAKSHADWEEP', 'PANAMA', 'HYDERABAD', 'HIMACHAL PRADESH', 'BAHRAIN', 'NEW YORK', 'THAILAND', 'LUXEMBOURG', 'MALDIVES', 'ANDAMAN AND NICOBAR ISLANDS', 'NAGALAND', 'MIZORAM', 'HARYANA', 'NOT REPORTED', 'UNITED ARAB EMIRATES', 'WASHINGTON', 'MADHYA PRADESH', 'MEGHALAYA', 'JAKARTA', 'PONDICHERRY', 'HONG KONG'}
2025-11-02 17:28:30,404 - INFO - Selected States: ['BIHAR', 'GOA', 'GUJARAT', 'MAHARASHTRA']
2025-11-02 17:28:30,404 - INFO - ▶ Starting batch search for date: 31-08-25
2025-11-02 17:28:30,405 - INFO - Running automation for State: BIHAR, Date: 31-08-25, Defaulters type: >25 lacs
2025-11-02 17:28:31,242 - INFO - Browser launched.
2025-11-02 17:28:32,611 - INFO - Page loaded.
2025-11-02 17:28:32,612 - INFO - ▶ Performing search for date:31-08-25, state:BIHAR, Defaulters type:>25 lacs
2025-11-02 17:28:35,283 - INFO - ▶ Waiting for search results...
2025-11-02 17:28:42,850 - INFO - Pagination text: View 1 - 125 of 125
2025-11-02 17:28:42,851 - INFO - Fetched: 125, Total: 125
2025-11-02 17:28:42,851 - INFO - ▶ Fetched 125 out of 125 rows.
2025-11-02 17:28:42,852 - INFO - Pagination limit: 1
2025-11-02 17:28:42,852 - INFO - Raw Data for BIHAR already exists. Skipping raw table extraction.
2025-11-02 17:28:42,853 - INFO - Found 1 raw Excel files for BIHAR
2025-11-02 17:28:43,348 - INFO - Directors already extracted for row 1, skipping...
2025-11-02 17:28:43,348 - INFO - Directors already extracted for row 2, skipping...
2025-11-02 17:28:43,349 - INFO - Directors already extracted for row 3, skipping...
2025-11-02 17:28:43,393 - INFO - ✅ Updated raw file saved with director info → C:\Users\piyush gala\PC\Portfolio\cibil_web_scrapping_automation\fetched_data\raw\cibil_data__25_lacs_31-08-25_for_state\cibil_data_31-08-25_BIHAR_state_page_1.xlsx
2025-11-02 17:28:43,970 - INFO - Running automation for State: GOA, Date: 31-08-25, Defaulters type: >25 lacs
2025-11-02 17:28:45,617 - INFO - Browser launched.
2025-11-02 17:28:46,963 - INFO - Page loaded.
2025-11-02 17:28:46,963 - INFO - ▶ Performing search for date:31-08-25, state:GOA, Defaulters type:>25 lacs
2025-11-02 17:28:50,201 - INFO - ▶ Waiting for search results...
2025-11-02 17:28:57,804 - INFO - Pagination text: View 1 - 25 of 25
2025-11-02 17:28:57,805 - INFO - Fetched: 25, Total: 25
2025-11-02 17:28:57,805 - INFO - ▶ Fetched 25 out of 25 rows.
2025-11-02 17:28:57,805 - INFO - Pagination limit: 1
2025-11-02 17:28:57,806 - INFO - Raw Data for GOA already exists. Skipping raw table extraction.
2025-11-02 17:28:57,807 - INFO - Found 1 raw Excel files for GOA
2025-11-02 17:28:57,857 - INFO - Directors already extracted for row 1, skipping...
2025-11-02 17:28:57,857 - INFO - Directors already extracted for row 2, skipping...
2025-11-02 17:28:57,858 - INFO - Directors already extracted for row 3, skipping...
2025-11-02 17:28:57,881 - INFO - ✅ Updated raw file saved with director info → C:\Users\piyush gala\PC\Portfolio\cibil_web_scrapping_automation\fetched_data\raw\cibil_data__25_lacs_31-08-25_for_state\cibil_data_31-08-25_GOA_state_page_1.xlsx
2025-11-02 17:28:58,832 - INFO - Running automation for State: GUJARAT, Date: 31-08-25, Defaulters type: >25 lacs
2025-11-02 17:29:00,474 - INFO - Browser launched.
2025-11-02 17:29:01,536 - INFO - Page loaded.
2025-11-02 17:29:01,537 - INFO - ▶ Performing search for date:31-08-25, state:GUJARAT, Defaulters type:>25 lacs
2025-11-02 17:29:04,852 - INFO - ▶ Waiting for search results...
2025-11-02 17:29:12,532 - INFO - Pagination text: View 1 - 1,000 of 1,233
2025-11-02 17:29:12,532 - INFO - Fetched: 1000, Total: 1233
2025-11-02 17:29:12,532 - INFO - ▶ Fetched 1000 out of 1233 rows.
2025-11-02 17:29:12,533 - INFO - Pagination limit: 2
2025-11-02 17:29:12,534 - INFO - Raw Data for GUJARAT already exists. Skipping raw table extraction.
2025-11-02 17:29:12,535 - INFO - Found 2 raw Excel files for GUJARAT
2025-11-02 17:29:12,588 - INFO - Directors already extracted for row 1, skipping...
2025-11-02 17:29:12,589 - INFO - Directors already extracted for row 2, skipping...
2025-11-02 17:29:12,590 - INFO - Directors already extracted for row 3, skipping...
2025-11-02 17:29:12,612 - INFO - ✅ Updated raw file saved with director info → C:\Users\piyush gala\PC\Portfolio\cibil_web_scrapping_automation\fetched_data\raw\cibil_data__25_lacs_31-08-25_for_state\cibil_data_31-08-25_GUJARAT_state_page_1.xlsx
2025-11-02 17:29:12,650 - INFO - Directors already extracted for row 1, skipping...
2025-11-02 17:29:12,651 - INFO - Directors already extracted for row 2, skipping...
2025-11-02 17:29:12,652 - INFO - Directors already extracted for row 3, skipping...
2025-11-02 17:29:12,674 - INFO - ✅ Updated raw file saved with director info → C:\Users\piyush gala\PC\Portfolio\cibil_web_scrapping_automation\fetched_data\raw\cibil_data__25_lacs_31-08-25_for_state\cibil_data_31-08-25_GUJARAT_state_page_2.xlsx
2025-11-02 17:29:13,234 - INFO - Running automation for State: MAHARASHTRA, Date: 31-08-25, Defaulters type: >25 lacs
2025-11-02 17:29:14,908 - INFO - Browser launched.
2025-11-02 17:29:15,884 - INFO - Page loaded.
2025-11-02 17:29:15,885 - INFO - ▶ Performing search for date:31-08-25, state:MAHARASHTRA, Defaulters type:>25 lacs
2025-11-02 17:29:19,254 - INFO - ▶ Waiting for search results...
2025-11-02 17:29:26,932 - INFO - Pagination text: View 1 - 1,000 of 3,659
2025-11-02 17:29:26,933 - INFO - Fetched: 1000, Total: 3659
2025-11-02 17:29:26,933 - INFO - ▶ Fetched 1000 out of 3659 rows.
2025-11-02 17:29:26,934 - INFO - Pagination limit: 4
2025-11-02 17:29:26,935 - INFO - Data for MAHARASHTRA, page 1 already exists. Skipping page extraction.
2025-11-02 17:29:26,936 - INFO - Data for MAHARASHTRA, page 2 already exists. Skipping page extraction.
2025-11-02 17:29:26,936 - INFO - ▶ Extracting table data...
2025-11-02 17:29:26,978 - INFO - Found 1000 rows for state: MAHARASHTRA, page: 3.
2025-11-02 17:29:27,643 - INFO - Row 1/1000 extracted for MAHARASHTRA.
2025-11-02 17:29:28,250 - INFO - Row 2/1000 extracted for MAHARASHTRA.
2025-11-02 17:29:28,820 - INFO - Row 3/1000 extracted for MAHARASHTRA.
2025-11-02 17:29:28,853 - INFO - Saved 3 rows to cibil_data_31-08-25_MAHARASHTRA_state_page_3.xlsx
2025-11-02 17:30:32,184 - INFO - ▶ Extracting table data...
2025-11-02 17:30:32,233 - INFO - Found 1000 rows for state: MAHARASHTRA, page: 4.
2025-11-02 17:30:33,186 - INFO - Row 1/1000 extracted for MAHARASHTRA.
2025-11-02 17:30:33,856 - INFO - Row 2/1000 extracted for MAHARASHTRA.
2025-11-02 17:30:34,633 - INFO - Row 3/1000 extracted for MAHARASHTRA.
2025-11-02 17:30:34,660 - INFO - Saved 3 rows to cibil_data_31-08-25_MAHARASHTRA_state_page_4.xlsx
2025-11-02 17:31:37,991 - INFO - Found 4 raw Excel files for MAHARASHTRA
2025-11-02 17:31:38,017 - INFO - ▶ Extracting directors for row 1: SRI SIDDI VINAYAK FOODS PVT LTD
2025-11-02 17:31:38,279 - INFO - Loader disappeared.
2025-11-02 17:31:39,308 - INFO - Found 2 director rows.
2025-11-02 17:31:39,422 - INFO - Successfully extracted director data.
2025-11-02 17:31:39,642 - INFO - ⚠️ Could not navigate back, reloading page...
2025-11-02 17:31:45,081 - INFO - Loader disappeared.
2025-11-02 17:31:46,104 - INFO - 🔄 Page reloaded successfully.
2025-11-02 17:31:46,156 - INFO - Checkpoint saved at row 1 for C:\Users\piyush gala\PC\Portfolio\cibil_web_scrapping_automation\fetched_data\raw\cibil_data__25_lacs_31-08-25_for_state\cibil_data_31-08-25_MAHARASHTRA_state_page_1.xlsx
2025-11-02 17:31:46,157 - INFO - ▶ Extracting directors for row 2: SWASTISH ENTERPRISES LIMITED & SATISH KRISHNAKANT MOHOLE
2025-11-02 17:31:46,359 - INFO - Loader disappeared.
2025-11-02 17:31:47,391 - INFO - Found 3 director rows.
2025-11-02 17:31:47,545 - INFO - Successfully extracted director data.
2025-11-02 17:31:47,762 - INFO - ⚠️ Could not navigate back, reloading page...
2025-11-02 17:31:53,248 - INFO - Loader disappeared.
2025-11-02 17:31:54,266 - INFO - 🔄 Page reloaded successfully.
2025-11-02 17:31:54,267 - INFO - ▶ Extracting directors for row 3: Z ENGINEERING WORKS    RAJU S MUDIYAR  - Prop
2025-11-02 17:31:54,467 - INFO - Loader disappeared.
2025-11-02 17:31:55,497 - INFO - Found 1 director rows.
2025-11-02 17:31:55,556 - INFO - Successfully extracted director data.
2025-11-02 17:31:55,786 - INFO - ⚠️ Could not navigate back, reloading page...
2025-11-02 17:32:01,260 - INFO - Loader disappeared.
2025-11-02 17:32:02,284 - INFO - 🔄 Page reloaded successfully.
2025-11-02 17:32:02,339 - INFO - ✅ Updated raw file saved with director info → C:\Users\piyush gala\PC\Portfolio\cibil_web_scrapping_automation\fetched_data\raw\cibil_data__25_lacs_31-08-25_for_state\cibil_data_31-08-25_MAHARASHTRA_state_page_1.xlsx
2025-11-02 17:32:02,353 - INFO - ▶ Extracting directors for row 1: Uttamrao Sahebrao Phadtare
2025-11-02 17:32:02,537 - INFO - Loader disappeared.
2025-11-02 17:32:03,566 - INFO - Found 1 director rows.
2025-11-02 17:32:03,612 - INFO - Successfully extracted director data.
2025-11-02 17:32:03,839 - INFO - ⚠️ Could not navigate back, reloading page...
2025-11-02 17:32:09,301 - INFO - Loader disappeared.
2025-11-02 17:32:10,303 - INFO - 🔄 Page reloaded successfully.
2025-11-02 17:32:10,360 - INFO - Checkpoint saved at row 1 for C:\Users\piyush gala\PC\Portfolio\cibil_web_scrapping_automation\fetched_data\raw\cibil_data__25_lacs_31-08-25_for_state\cibil_data_31-08-25_MAHARASHTRA_state_page_2.xlsx
2025-11-02 17:32:10,361 - INFO - ▶ Extracting directors for row 2: Padmini food Products
2025-11-02 17:32:10,554 - INFO - Loader disappeared.
2025-11-02 17:32:11,586 - INFO - Found 1 director rows.
2025-11-02 17:32:11,633 - INFO - Successfully extracted director data.
2025-11-02 17:32:11,855 - INFO - ⚠️ Could not navigate back, reloading page...
2025-11-02 17:32:17,342 - INFO - Loader disappeared.
2025-11-02 17:32:18,344 - INFO - 🔄 Page reloaded successfully.
2025-11-02 17:32:18,345 - INFO - ▶ Extracting directors for row 3: Digambar Agro Industries
2025-11-02 17:32:18,523 - INFO - Loader disappeared.
2025-11-02 17:32:19,553 - INFO - Found 1 director rows.
2025-11-02 17:32:19,599 - INFO - Successfully extracted director data.
2025-11-02 17:32:19,821 - INFO - ⚠️ Could not navigate back, reloading page...
2025-11-02 17:32:25,328 - INFO - Loader disappeared.
2025-11-02 17:32:26,329 - INFO - 🔄 Page reloaded successfully.
2025-11-02 17:32:26,411 - INFO - ✅ Updated raw file saved with director info → C:\Users\piyush gala\PC\Portfolio\cibil_web_scrapping_automation\fetched_data\raw\cibil_data__25_lacs_31-08-25_for_state\cibil_data_31-08-25_MAHARASHTRA_state_page_2.xlsx
2025-11-02 17:32:26,457 - INFO - ▶ Extracting directors for row 1: SRI SIDDI VINAYAK FOODS PVT LTD
2025-11-02 17:32:26,642 - INFO - Loader disappeared.
2025-11-02 17:32:27,672 - INFO - Found 2 director rows.
2025-11-02 17:32:27,778 - INFO - Successfully extracted director data.
2025-11-02 17:32:28,002 - INFO - ⚠️ Could not navigate back, reloading page...
2025-11-02 17:32:33,418 - INFO - Loader disappeared.
2025-11-02 17:32:34,419 - INFO - 🔄 Page reloaded successfully.
2025-11-02 17:32:34,445 - INFO - Checkpoint saved at row 1 for C:\Users\piyush gala\PC\Portfolio\cibil_web_scrapping_automation\fetched_data\raw\cibil_data__25_lacs_31-08-25_for_state\cibil_data_31-08-25_MAHARASHTRA_state_page_3.xlsx
2025-11-02 17:32:34,446 - INFO - ▶ Extracting directors for row 2: SWASTISH ENTERPRISES LIMITED & SATISH KRISHNAKANT MOHOLE
2025-11-02 17:32:34,637 - INFO - Loader disappeared.
2025-11-02 17:32:35,666 - INFO - Found 3 director rows.
2025-11-02 17:32:35,821 - INFO - Successfully extracted director data.
2025-11-02 17:32:36,050 - INFO - ⚠️ Could not navigate back, reloading page...
2025-11-02 17:32:39,869 - WARNING - ⚠️ Loader did not disappear within 60.0 seconds...
2025-11-02 17:32:40,869 - INFO - 🔄 Page reloaded successfully.
2025-11-02 17:32:40,871 - INFO - ▶ Extracting directors for row 3: Z ENGINEERING WORKS    RAJU S MUDIYAR  - Prop
2025-11-02 17:32:40,875 - ERROR - ⚠️ Error parsing or fetching directors: Page.evaluate: Target page, context or browser has been closed
Traceback (most recent call last):
  File "C:\Users\piyush gala\PC\Portfolio\cibil_web_scrapping_automation\main.py", line 79, in extract_directors_from_href
    page.evaluate(href_js)
    ~~~~~~~~~~~~~^^^^^^^^^
  File "C:\Users\piyush gala\PC\Portfolio\cibil_web_scrapping_automation\.venv\Lib\site-packages\playwright\sync_api\_generated.py", line 8531, in evaluate
    self._sync(
    ~~~~~~~~~~^
        self._impl_obj.evaluate(expression=expression, arg=mapping.to_impl(arg))
        ^^^^^^^^^^^^^^^^^^^^^^^^^^^^^^^^^^^^^^^^^^^^^^^^^^^^^^^^^^^^^^^^^^^^^^^^
    )
    ^
  File "C:\Users\piyush gala\PC\Portfolio\cibil_web_scrapping_automation\.venv\Lib\site-packages\playwright\_impl\_sync_base.py", line 115, in _sync
    return task.result()
           ~~~~~~~~~~~^^
  File "C:\Users\piyush gala\PC\Portfolio\cibil_web_scrapping_automation\.venv\Lib\site-packages\playwright\_impl\_page.py", line 468, in evaluate
    return await self._main_frame.evaluate(expression, arg)
           ^^^^^^^^^^^^^^^^^^^^^^^^^^^^^^^^^^^^^^^^^^^^^^^^
  File "C:\Users\piyush gala\PC\Portfolio\cibil_web_scrapping_automation\.venv\Lib\site-packages\playwright\_impl\_frame.py", line 320, in evaluate
    await self._channel.send(
    ...<6 lines>...
    )
  File "C:\Users\piyush gala\PC\Portfolio\cibil_web_scrapping_automation\.venv\Lib\site-packages\playwright\_impl\_connection.py", line 69, in send
    return await self._connection.wrap_api_call(
           ^^^^^^^^^^^^^^^^^^^^^^^^^^^^^^^^^^^^^
    ...<3 lines>...
    )
    ^
  File "C:\Users\piyush gala\PC\Portfolio\cibil_web_scrapping_automation\.venv\Lib\site-packages\playwright\_impl\_connection.py", line 558, in wrap_api_call
    raise rewrite_error(error, f"{parsed_st['apiName']}: {error}") from None
playwright._impl._errors.TargetClosedError: Page.evaluate: Target page, context or browser has been closed
