2025-11-02 15:15:01,423 - INFO - Running script...
2025-11-02 15:15:01,428 - INFO - Selected Configurations: 
state type: state, 
Defaulters type: >25 lacs, 
Date: 31-08-25, 
Timeout: 60 seconds
2025-11-02 15:15:01,428 - INFO - All States: {'BHOPAL', 'UTTARAKHAND', 'CHANDIGARH & DELHI', 'QATAR', 'UTTAR PRADESH', 'CYPRUS', 'MALDIVES', 'ISRAEL', 'BANGKOK', 'ROHTAK', 'GERMANY', 'BANGLADESH', 'TAMIL NADU', 'JHARKHAND', 'UNITED ARAB EMIRATES UAE', 'THAILAND', 'NEW DELHI', 'UNITED STATES OF AMERICA', 'MISSISSIPPI, USA', 'MADHYA PRADESH', 'JAMMU & KASHMIR', 'GUJARAT', 'UNITED ARAB EMIRATES', 'ANDAMAN AND NICOBAR ISLANDS', 'LUXEMBOURG', 'JAKARTA', 'PUNJAB', 'GOA', 'MANIPUR', 'BAHRAIN', 'DAMAN AND DIU', 'SRI LANKA', 'BELGIUM', 'CAYMAN ISLAND', 'UTTARANCHAL', 'DUBAI, UAE', 'SINGAPORE', 'ORISSA', 'MANCHESTER', 'PANAMA', 'KARNATAKA', 'AMSTERDAM', 'DELHI', 'WASHINGTON', 'DUBAI', 'NOT REPORTED', 'CHHATTISGARH', 'TELANGANA', 'HARYANA', 'PONDICHERRY', 'JAPAN', 'OVERSEAS', 'MAHARASHTRA', 'CHANDIGARH', 'HONG KONG', 'LAKSHADWEEP', 'CHANDIGARH (U.T.) & DELHI', 'COLOMBO', 'KINGDOM OF BAHRAIN', 'DADRA AND NAGAR HAVELI', 'KERALA', 'NAGALAND', 'AUSTRALIA', 'MEGHALAYA', 'ABCD', 'OMAN', 'UNITED KINGDOM', 'ENGLAND', 'BIHAR', 'UTAH', 'ASSAM', 'SOUTH AFRICA', 'RAJASTHAN', 'ARUNACHAL PRADESH', 'HYDERABAD', 'LONDON', 'OBU', 'NEW YORK', 'SIKKIM', 'HIMACHAL PRADESH', 'TRIPURA', 'WEST BENGAL', 'ANDHRA PRADESH', 'ATLANTA, USA', 'MIZORAM', 'BRITISH VIRGIN ISLAND', 'PUDUCHERRY'}
2025-11-02 15:15:01,429 - INFO - Selected States: ['ANDAMAN AND NICOBAR ISLANDS', 'ARUNACHAL PRADESH', 'GOA']
2025-11-02 15:15:01,429 - INFO - Starting batch search for date: 31-08-25
2025-11-02 15:15:01,432 - INFO - Running automation for State: ANDAMAN AND NICOBAR ISLANDS, Date: 31-08-25, Defaulters type: >25 lacs
2025-11-02 15:15:01,432 - DEBUG - Using proactor: IocpProactor
2025-11-02 15:15:04,955 - INFO - Browser launched.
2025-11-02 15:15:06,349 - INFO - Page loaded.
2025-11-02 15:15:06,349 - INFO - Performing search for date:31-08-25, state:ANDAMAN AND NICOBAR ISLANDS, Defaulters type:>25 lacs
2025-11-02 15:15:09,626 - INFO - Waiting for search results...
2025-11-02 15:15:09,654 - INFO - Loader disappeared after clicking Search.
2025-11-02 15:15:17,282 - INFO - Pagination text: View 1 - 2 of 2
2025-11-02 15:15:17,283 - INFO - Fetched: 2, Total: 2
2025-11-02 15:15:17,283 - INFO - Fetched 2 out of 2 rows.
2025-11-02 15:15:17,283 - INFO - Pagination limit: 1
2025-11-02 15:15:17,284 - INFO - \u25b6 Extracting table data...
2025-11-02 15:15:17,313 - INFO - Found 2 rows for state: ANDAMAN AND NICOBAR ISLANDS, page: 1.
2025-11-02 15:15:17,589 - INFO - Row 1/2 extracted for ANDAMAN AND NICOBAR ISLANDS.
2025-11-02 15:15:17,860 - INFO - Row 2/2 extracted for ANDAMAN AND NICOBAR ISLANDS.
2025-11-02 15:15:18,579 - INFO - Saved 2 rows to cibil_data_31-08-25_ANDAMAN AND NICOBAR ISLANDS_state_page_1_20251102_151517.xlsx
2025-11-02 15:15:18,587 - INFO - \u25b6 Next button is disabled, reached last page.
2025-11-02 15:15:20,866 - INFO - Loader disappeared.
2025-11-02 15:15:21,896 - INFO - Found 3 director rows.
2025-11-02 15:15:22,045 - INFO - Successfully extracted director data.
2025-11-02 15:15:27,674 - INFO - Loader disappeared.
2025-11-02 15:15:28,854 - INFO - Loader disappeared.
2025-11-02 15:15:29,886 - INFO - Found 2 director rows.
2025-11-02 15:15:29,986 - INFO - Successfully extracted director data.
2025-11-02 15:15:35,542 - INFO - Loader disappeared.
2025-11-02 15:15:36,604 - INFO - \u2705 Updated raw file saved with director info \u2192 C:\Users\piyush gala\PC\Portfolio\cibil_web_scrapping_automation\fetched_data\raw\cibil_data__25_lacs_31-08-25_for_state\cibil_data_31-08-25_ANDAMAN AND NICOBAR ISLANDS_state_page_1_20251102_151517.xlsx
2025-11-02 15:15:37,279 - INFO - Running automation for State: ARUNACHAL PRADESH, Date: 31-08-25, Defaulters type: >25 lacs
2025-11-02 15:15:37,279 - DEBUG - Using proactor: IocpProactor
2025-11-02 15:15:39,071 - INFO - Browser launched.
2025-11-02 15:15:40,138 - INFO - Page loaded.
2025-11-02 15:15:40,138 - INFO - Performing search for date:31-08-25, state:ARUNACHAL PRADESH, Defaulters type:>25 lacs
2025-11-02 15:15:43,367 - INFO - Waiting for search results...
2025-11-02 15:15:43,394 - INFO - Loader disappeared after clicking Search.
2025-11-02 15:15:50,971 - INFO - Pagination text: View 1 - 6 of 6
2025-11-02 15:15:50,971 - INFO - Fetched: 6, Total: 6
2025-11-02 15:15:50,971 - INFO - Fetched 6 out of 6 rows.
2025-11-02 15:15:50,972 - INFO - Pagination limit: 1
2025-11-02 15:15:50,972 - INFO - \u25b6 Extracting table data...
2025-11-02 15:15:50,991 - INFO - Found 6 rows for state: ARUNACHAL PRADESH, page: 1.
2025-11-02 15:15:51,282 - INFO - Row 1/6 extracted for ARUNACHAL PRADESH.
2025-11-02 15:15:51,571 - INFO - Row 2/6 extracted for ARUNACHAL PRADESH.
2025-11-02 15:15:51,865 - INFO - Row 3/6 extracted for ARUNACHAL PRADESH.
2025-11-02 15:15:51,908 - INFO - Saved 3 rows to cibil_data_31-08-25_ARUNACHAL PRADESH_state_page_1_20251102_151551.xlsx
2025-11-02 15:15:51,914 - INFO - \u25b6 Next button is disabled, reached last page.
2025-11-02 15:15:54,123 - INFO - Loader disappeared.
2025-11-02 15:15:55,151 - INFO - Found 1 director rows.
2025-11-02 15:15:55,213 - INFO - Successfully extracted director data.
2025-11-02 15:16:01,123 - INFO - Loader disappeared.
2025-11-02 15:16:02,361 - INFO - Loader disappeared.
2025-11-02 15:16:04,225 - INFO - Found 1 director rows.
2025-11-02 15:16:04,273 - INFO - Successfully extracted director data.
2025-11-02 15:16:09,977 - INFO - Loader disappeared.
2025-11-02 15:16:11,282 - INFO - Loader disappeared.
2025-11-02 15:16:12,319 - INFO - Found 1 director rows.
2025-11-02 15:16:12,376 - INFO - Successfully extracted director data.
2025-11-02 15:16:18,885 - INFO - Loader disappeared.
2025-11-02 15:16:19,938 - INFO - \u2705 Updated raw file saved with director info \u2192 C:\Users\piyush gala\PC\Portfolio\cibil_web_scrapping_automation\fetched_data\raw\cibil_data__25_lacs_31-08-25_for_state\cibil_data_31-08-25_ARUNACHAL PRADESH_state_page_1_20251102_151551.xlsx
2025-11-02 15:16:20,497 - INFO - Running automation for State: GOA, Date: 31-08-25, Defaulters type: >25 lacs
2025-11-02 15:16:20,497 - DEBUG - Using proactor: IocpProactor
2025-11-02 15:16:22,334 - INFO - Browser launched.
2025-11-02 15:16:35,777 - INFO - Page loaded.
2025-11-02 15:16:35,778 - INFO - Performing search for date:31-08-25, state:GOA, Defaulters type:>25 lacs
2025-11-02 15:16:45,915 - INFO - Waiting for search results...
2025-11-02 15:16:45,943 - INFO - Loader disappeared after clicking Search.
2025-11-02 15:16:56,451 - INFO - Pagination text: View 1 - 25 of 25
2025-11-02 15:16:56,452 - INFO - Fetched: 25, Total: 25
2025-11-02 15:16:56,452 - INFO - Fetched 25 out of 25 rows.
2025-11-02 15:16:56,452 - INFO - Pagination limit: 1
2025-11-02 15:16:56,453 - INFO - \u25b6 Extracting table data...
2025-11-02 15:16:56,470 - INFO - Found 25 rows for state: GOA, page: 1.
2025-11-02 15:16:56,764 - INFO - Row 1/25 extracted for GOA.
2025-11-02 15:16:57,031 - INFO - Row 2/25 extracted for GOA.
2025-11-02 15:16:57,301 - INFO - Row 3/25 extracted for GOA.
2025-11-02 15:16:57,362 - INFO - Saved 3 rows to cibil_data_31-08-25_GOA_state_page_1_20251102_151657.xlsx
2025-11-02 15:16:57,369 - INFO - \u25b6 Next button is disabled, reached last page.
2025-11-02 15:16:59,603 - INFO - Loader disappeared.
2025-11-02 15:17:00,631 - INFO - Found 1 director rows.
2025-11-02 15:17:00,680 - INFO - Successfully extracted director data.
2025-11-02 15:17:06,354 - INFO - Loader disappeared.
2025-11-02 15:17:07,520 - INFO - Loader disappeared.
2025-11-02 15:17:08,551 - INFO - Found 1 director rows.
2025-11-02 15:17:08,601 - INFO - Successfully extracted director data.
2025-11-02 15:17:14,240 - INFO - Loader disappeared.
2025-11-02 15:17:15,434 - INFO - Loader disappeared.
2025-11-02 15:17:16,476 - INFO - Found 1 director rows.
2025-11-02 15:17:16,528 - INFO - Successfully extracted director data.
2025-11-02 15:17:21,787 - INFO - Loader disappeared.
2025-11-02 15:17:22,842 - INFO - \u2705 Updated raw file saved with director info \u2192 C:\Users\piyush gala\PC\Portfolio\cibil_web_scrapping_automation\fetched_data\raw\cibil_data__25_lacs_31-08-25_for_state\cibil_data_31-08-25_GOA_state_page_1_20251102_151657.xlsx
2025-11-02 15:17:23,407 - INFO - Current working folder: C:\Users\piyush gala\PC\Portfolio\cibil_web_scrapping_automation\fetched_data\final
2025-11-02 15:17:23,419 - INFO - Folders found for processing: [WindowsPath('C:/Users/piyush gala/PC/Portfolio/cibil_web_scrapping_automation/fetched_data/final/cibil_data_with_directors__25_lacs_31-08-25_for_state')]
2025-11-02 15:17:23,420 - INFO - All states loaded successfully: 87 states found.
2025-11-02 15:17:23,421 - INFO - State-Date wise file mapping created with 0 keys.
2025-11-02 15:17:23,423 - INFO - Current folder path: C:\Users\piyush gala\PC\Portfolio\cibil_web_scrapping_automation\fetched_data\final
2025-11-02 15:17:23,423 - INFO - Folders found for processing: []
