2025-11-02 20:51:34,819 - INFO - Logging initialized at: C:\Users\piyush gala\PC\Portfolio\cibil_web_scrapping_automation\utilities\logs\2025-11-02\cibil_log_2025-11-02_20-51-34.log
2025-11-02 20:51:34,819 - INFO - Read path: C:\Users\piyush gala\PC\Portfolio\cibil_web_scrapping_automation
2025-11-02 20:51:34,820 - INFO - Write path: C:\Users\piyush gala\PC\Portfolio\cibil_web_scrapping_automation
2025-11-02 20:51:34,820 - INFO - ▶ Running script...
2025-11-02 20:51:34,821 - INFO - Running script...
2025-11-02 20:51:34,822 - INFO - Selected Configurations: 
state type: state, 
Defaulters type: >25 lacs, 
Date: 31-08-25, 
Timeout: 60 seconds
2025-11-02 20:51:34,833 - INFO - All States: {'QATAR', 'ATLANTA, USA', 'BAHRAIN', 'DUBAI, UAE', 'DADRA AND NAGAR HAVELI', 'BHOPAL', 'HYDERABAD', 'SRI LANKA', 'COLOMBO', 'MALDIVES', 'UNITED ARAB EMIRATES UAE', 'ENGLAND', 'BANGLADESH', 'OBU', 'CHANDIGARH (U.T.) & DELHI', 'ANDAMAN AND NICOBAR ISLANDS', 'HIMACHAL PRADESH', 'PUDUCHERRY', 'SINGAPORE', 'LONDON', 'BELGIUM', 'GOA', 'GERMANY', 'KINGDOM OF BAHRAIN', 'WEST BENGAL', 'LUXEMBOURG', 'DAMAN AND DIU', 'KERALA', 'TRIPURA', 'ANDHRA PRADESH', 'UTTARAKHAND', 'CAYMAN ISLAND', 'UNITED ARAB EMIRATES', 'BRITISH VIRGIN ISLAND', 'PONDICHERRY', 'PUNJAB', 'JAMMU & KASHMIR', 'BANGKOK', 'SIKKIM', 'ROHTAK', 'UTTARANCHAL', 'UNITED KINGDOM', 'MIZORAM', 'CHHATTISGARH', 'TELANGANA', 'MANCHESTER', 'UTAH', 'RAJASTHAN', 'JAKARTA', 'PANAMA', 'TAMIL NADU', 'LAKSHADWEEP', 'HARYANA', 'BIHAR', 'CHANDIGARH & DELHI', 'DUBAI', 'NOT REPORTED', 'CHANDIGARH', 'MANIPUR', 'GUJARAT', 'HONG KONG', 'KARNATAKA', 'SOUTH AFRICA', 'ARUNACHAL PRADESH', 'AMSTERDAM', 'ISRAEL', 'MAHARASHTRA', 'ORISSA', 'MISSISSIPPI, USA', 'WASHINGTON', 'ASSAM', 'OMAN', 'UTTAR PRADESH', 'NEW YORK', 'DELHI', 'UNITED STATES OF AMERICA', 'AUSTRALIA', 'CYPRUS', 'JHARKHAND', 'ABCD', 'OVERSEAS', 'MADHYA PRADESH', 'MEGHALAYA', 'THAILAND', 'JAPAN', 'NEW DELHI', 'NAGALAND'}
2025-11-02 20:51:34,834 - INFO - Selected States: ['GUJARAT']
2025-11-02 20:51:34,834 - INFO - ▶ Starting batch search for Date: 31-08-25
2025-11-02 20:51:34,836 - INFO - Running automation for State: GUJARAT, Date: 31-08-25, Defaulters type: >25 lacs
2025-11-02 20:51:36,626 - INFO - Browser launched.
2025-11-02 20:51:38,013 - INFO - Page loaded.
2025-11-02 20:51:38,014 - INFO - ▶ Performing search for Date:31-08-25, State:GUJARAT, Defaulters type:>25 lacs
2025-11-02 20:51:41,861 - INFO - ▶ Waiting for search results...
2025-11-02 20:51:49,752 - INFO - Pagination text: View 1 - 1,000 of 1,233
2025-11-02 20:51:49,753 - INFO - Fetched: 1000, Total: 1233
2025-11-02 20:51:49,753 - INFO - ▶ Fetched 1000 out of 1233 rows.
2025-11-02 20:51:49,753 - INFO - Pagination limit: 2
2025-11-02 20:51:49,754 - INFO - Raw Data for GUJARAT already exists. Skipping raw table extraction.
2025-11-02 20:51:49,755 - INFO - Found 2 raw Excel files for GUJARAT
2025-11-02 20:51:50,242 - INFO - Directors already extracted for row 1, skipping...
2025-11-02 20:51:50,243 - INFO - Directors already extracted for row 2, skipping...
2025-11-02 20:51:50,244 - INFO - Directors already extracted for row 3, skipping...
2025-11-02 20:51:50,244 - INFO - Directors already extracted for row 4, skipping...
2025-11-02 20:51:50,245 - INFO - Directors already extracted for row 5, skipping...
2025-11-02 20:51:50,245 - INFO - Directors already extracted for row 6, skipping...
2025-11-02 20:51:50,246 - INFO - Directors already extracted for row 7, skipping...
2025-11-02 20:51:50,247 - INFO - Directors already extracted for row 8, skipping...
2025-11-02 20:51:50,247 - INFO - Directors already extracted for row 9, skipping...
2025-11-02 20:51:50,248 - INFO - Directors already extracted for row 10, skipping...
2025-11-02 20:51:50,248 - INFO - Directors already extracted for row 11, skipping...
2025-11-02 20:51:50,310 - INFO - ✅ Updated raw file saved with director info → C:\Users\piyush gala\PC\Portfolio\cibil_web_scrapping_automation\fetched_data\raw\cibil_data__25_lacs_31-08-25_for_state\cibil_data_31-08-25_GUJARAT_state_page_1.xlsx
2025-11-02 20:51:50,364 - INFO - Directors already extracted for row 1, skipping...
2025-11-02 20:51:50,365 - INFO - Directors already extracted for row 2, skipping...
2025-11-02 20:51:50,366 - INFO - Directors already extracted for row 3, skipping...
2025-11-02 20:51:50,367 - INFO - Directors already extracted for row 4, skipping...
2025-11-02 20:51:50,367 - INFO - Directors already extracted for row 5, skipping...
2025-11-02 20:51:50,368 - INFO - Directors already extracted for row 6, skipping...
2025-11-02 20:51:50,368 - INFO - Directors already extracted for row 7, skipping...
2025-11-02 20:51:50,369 - INFO - Directors already extracted for row 8, skipping...
2025-11-02 20:51:50,369 - INFO - Directors already extracted for row 9, skipping...
2025-11-02 20:51:50,370 - INFO - Directors already extracted for row 10, skipping...
2025-11-02 20:51:50,371 - INFO - Directors already extracted for row 11, skipping...
2025-11-02 20:51:50,416 - INFO - ✅ Updated raw file saved with director info → C:\Users\piyush gala\PC\Portfolio\cibil_web_scrapping_automation\fetched_data\raw\cibil_data__25_lacs_31-08-25_for_state\cibil_data_31-08-25_GUJARAT_state_page_2.xlsx
2025-11-02 20:51:51,033 - INFO - 📂 Current folder path: C:\Users\piyush gala\PC\Portfolio\cibil_web_scrapping_automation\fetched_data\raw

2025-11-02 20:51:51,034 - INFO - 📁 Folders found for processing: [WindowsPath('C:/Users/piyush gala/PC/Portfolio/cibil_web_scrapping_automation/fetched_data/raw/cibil_data__25_lacs_31-08-25_for_state')]

2025-11-02 20:51:51,035 - INFO - All states loaded successfully: 87 states found.
2025-11-02 20:51:51,035 - INFO - --- Opening folder: C:\Users\piyush gala\PC\Portfolio\cibil_web_scrapping_automation\fetched_data\raw\cibil_data__25_lacs_31-08-25_for_state ---
2025-11-02 20:51:51,036 - INFO - Files found: ['cibil_data_31-08-25_ANDHRA PRADESH_state_page_1.xlsx', 'cibil_data_31-08-25_ANDHRA PRADESH_state_page_2.xlsx', 'cibil_data_31-08-25_ARUNACHAL PRADESH_state_page_1.xlsx', 'cibil_data_31-08-25_BIHAR_state_page_1.xlsx', 'cibil_data_31-08-25_GOA_state_page_1.xlsx', 'cibil_data_31-08-25_GUJARAT_state_page_1.xlsx', 'cibil_data_31-08-25_GUJARAT_state_page_2.xlsx', 'cibil_data_31-08-25_MAHARASHTRA_state_page_1.xlsx', 'cibil_data_31-08-25_MAHARASHTRA_state_page_2.xlsx', 'cibil_data_31-08-25_MAHARASHTRA_state_page_3.xlsx', 'cibil_data_31-08-25_MAHARASHTRA_state_page_4.xlsx']

2025-11-02 20:51:51,036 - INFO - Processing file: cibil_data_31-08-25_ANDHRA PRADESH_state_page_1.xlsx -> Split parts: ['cibil', 'data', '31-08-25', 'ANDHRA PRADESH', 'state', 'page', '1.xlsx']
2025-11-02 20:51:51,036 - INFO - Extracted state: ANDHRA PRADESH, date: 31-08-25
2025-11-02 20:51:51,037 - INFO - Added file cibil_data_31-08-25_ANDHRA PRADESH_state_page_1.xlsx to key ('ANDHRA PRADESH', '31-08-25')
2025-11-02 20:51:51,037 - INFO - Processing file: cibil_data_31-08-25_ANDHRA PRADESH_state_page_2.xlsx -> Split parts: ['cibil', 'data', '31-08-25', 'ANDHRA PRADESH', 'state', 'page', '2.xlsx']
2025-11-02 20:51:51,037 - INFO - Extracted state: ANDHRA PRADESH, date: 31-08-25
2025-11-02 20:51:51,038 - INFO - Added file cibil_data_31-08-25_ANDHRA PRADESH_state_page_2.xlsx to key ('ANDHRA PRADESH', '31-08-25')
2025-11-02 20:51:51,038 - INFO - Processing file: cibil_data_31-08-25_ARUNACHAL PRADESH_state_page_1.xlsx -> Split parts: ['cibil', 'data', '31-08-25', 'ARUNACHAL PRADESH', 'state', 'page', '1.xlsx']
2025-11-02 20:51:51,038 - INFO - Extracted state: ARUNACHAL PRADESH, date: 31-08-25
2025-11-02 20:51:51,039 - INFO - Added file cibil_data_31-08-25_ARUNACHAL PRADESH_state_page_1.xlsx to key ('ARUNACHAL PRADESH', '31-08-25')
2025-11-02 20:51:51,039 - INFO - Processing file: cibil_data_31-08-25_BIHAR_state_page_1.xlsx -> Split parts: ['cibil', 'data', '31-08-25', 'BIHAR', 'state', 'page', '1.xlsx']
2025-11-02 20:51:51,039 - INFO - Extracted state: BIHAR, date: 31-08-25
2025-11-02 20:51:51,039 - INFO - Added file cibil_data_31-08-25_BIHAR_state_page_1.xlsx to key ('BIHAR', '31-08-25')
2025-11-02 20:51:51,040 - INFO - Processing file: cibil_data_31-08-25_GOA_state_page_1.xlsx -> Split parts: ['cibil', 'data', '31-08-25', 'GOA', 'state', 'page', '1.xlsx']
2025-11-02 20:51:51,040 - INFO - Extracted state: GOA, date: 31-08-25
2025-11-02 20:51:51,041 - INFO - Added file cibil_data_31-08-25_GOA_state_page_1.xlsx to key ('GOA', '31-08-25')
2025-11-02 20:51:51,041 - INFO - Processing file: cibil_data_31-08-25_GUJARAT_state_page_1.xlsx -> Split parts: ['cibil', 'data', '31-08-25', 'GUJARAT', 'state', 'page', '1.xlsx']
2025-11-02 20:51:51,041 - INFO - Extracted state: GUJARAT, date: 31-08-25
2025-11-02 20:51:51,042 - INFO - Added file cibil_data_31-08-25_GUJARAT_state_page_1.xlsx to key ('GUJARAT', '31-08-25')
2025-11-02 20:51:51,042 - INFO - Processing file: cibil_data_31-08-25_GUJARAT_state_page_2.xlsx -> Split parts: ['cibil', 'data', '31-08-25', 'GUJARAT', 'state', 'page', '2.xlsx']
2025-11-02 20:51:51,043 - INFO - Extracted state: GUJARAT, date: 31-08-25
2025-11-02 20:51:51,043 - INFO - Added file cibil_data_31-08-25_GUJARAT_state_page_2.xlsx to key ('GUJARAT', '31-08-25')
2025-11-02 20:51:51,043 - INFO - Processing file: cibil_data_31-08-25_MAHARASHTRA_state_page_1.xlsx -> Split parts: ['cibil', 'data', '31-08-25', 'MAHARASHTRA', 'state', 'page', '1.xlsx']
2025-11-02 20:51:51,044 - INFO - Extracted state: MAHARASHTRA, date: 31-08-25
2025-11-02 20:51:51,044 - INFO - Added file cibil_data_31-08-25_MAHARASHTRA_state_page_1.xlsx to key ('MAHARASHTRA', '31-08-25')
2025-11-02 20:51:51,045 - INFO - Processing file: cibil_data_31-08-25_MAHARASHTRA_state_page_2.xlsx -> Split parts: ['cibil', 'data', '31-08-25', 'MAHARASHTRA', 'state', 'page', '2.xlsx']
2025-11-02 20:51:51,045 - INFO - Extracted state: MAHARASHTRA, date: 31-08-25
2025-11-02 20:51:51,045 - INFO - Added file cibil_data_31-08-25_MAHARASHTRA_state_page_2.xlsx to key ('MAHARASHTRA', '31-08-25')
2025-11-02 20:51:51,046 - INFO - Processing file: cibil_data_31-08-25_MAHARASHTRA_state_page_3.xlsx -> Split parts: ['cibil', 'data', '31-08-25', 'MAHARASHTRA', 'state', 'page', '3.xlsx']
2025-11-02 20:51:51,046 - INFO - Extracted state: MAHARASHTRA, date: 31-08-25
2025-11-02 20:51:51,046 - INFO - Added file cibil_data_31-08-25_MAHARASHTRA_state_page_3.xlsx to key ('MAHARASHTRA', '31-08-25')
2025-11-02 20:51:51,047 - INFO - Processing file: cibil_data_31-08-25_MAHARASHTRA_state_page_4.xlsx -> Split parts: ['cibil', 'data', '31-08-25', 'MAHARASHTRA', 'state', 'page', '4.xlsx']
2025-11-02 20:51:51,047 - INFO - Extracted state: MAHARASHTRA, date: 31-08-25
2025-11-02 20:51:51,047 - INFO - Added file cibil_data_31-08-25_MAHARASHTRA_state_page_4.xlsx to key ('MAHARASHTRA', '31-08-25')
2025-11-02 20:51:51,048 - INFO - --- End of folder processing ---
2025-11-02 20:51:51,048 - INFO - State-Date wise file mapping created with 6 keys.
2025-11-02 20:51:51,048 - INFO -   ('ANDHRA PRADESH', '31-08-25'): ['C:\\Users\\piyush gala\\PC\\Portfolio\\cibil_web_scrapping_automation\\fetched_data\\raw\\cibil_data__25_lacs_31-08-25_for_state\\cibil_data_31-08-25_ANDHRA PRADESH_state_page_1.xlsx', 'C:\\Users\\piyush gala\\PC\\Portfolio\\cibil_web_scrapping_automation\\fetched_data\\raw\\cibil_data__25_lacs_31-08-25_for_state\\cibil_data_31-08-25_ANDHRA PRADESH_state_page_2.xlsx']
2025-11-02 20:51:51,049 - INFO -   ('ARUNACHAL PRADESH', '31-08-25'): ['C:\\Users\\piyush gala\\PC\\Portfolio\\cibil_web_scrapping_automation\\fetched_data\\raw\\cibil_data__25_lacs_31-08-25_for_state\\cibil_data_31-08-25_ARUNACHAL PRADESH_state_page_1.xlsx']
2025-11-02 20:51:51,049 - INFO -   ('BIHAR', '31-08-25'): ['C:\\Users\\piyush gala\\PC\\Portfolio\\cibil_web_scrapping_automation\\fetched_data\\raw\\cibil_data__25_lacs_31-08-25_for_state\\cibil_data_31-08-25_BIHAR_state_page_1.xlsx']
2025-11-02 20:51:51,049 - INFO -   ('GOA', '31-08-25'): ['C:\\Users\\piyush gala\\PC\\Portfolio\\cibil_web_scrapping_automation\\fetched_data\\raw\\cibil_data__25_lacs_31-08-25_for_state\\cibil_data_31-08-25_GOA_state_page_1.xlsx']
2025-11-02 20:51:51,050 - INFO -   ('GUJARAT', '31-08-25'): ['C:\\Users\\piyush gala\\PC\\Portfolio\\cibil_web_scrapping_automation\\fetched_data\\raw\\cibil_data__25_lacs_31-08-25_for_state\\cibil_data_31-08-25_GUJARAT_state_page_1.xlsx', 'C:\\Users\\piyush gala\\PC\\Portfolio\\cibil_web_scrapping_automation\\fetched_data\\raw\\cibil_data__25_lacs_31-08-25_for_state\\cibil_data_31-08-25_GUJARAT_state_page_2.xlsx']
2025-11-02 20:51:51,050 - INFO -   ('MAHARASHTRA', '31-08-25'): ['C:\\Users\\piyush gala\\PC\\Portfolio\\cibil_web_scrapping_automation\\fetched_data\\raw\\cibil_data__25_lacs_31-08-25_for_state\\cibil_data_31-08-25_MAHARASHTRA_state_page_1.xlsx', 'C:\\Users\\piyush gala\\PC\\Portfolio\\cibil_web_scrapping_automation\\fetched_data\\raw\\cibil_data__25_lacs_31-08-25_for_state\\cibil_data_31-08-25_MAHARASHTRA_state_page_2.xlsx', 'C:\\Users\\piyush gala\\PC\\Portfolio\\cibil_web_scrapping_automation\\fetched_data\\raw\\cibil_data__25_lacs_31-08-25_for_state\\cibil_data_31-08-25_MAHARASHTRA_state_page_3.xlsx', 'C:\\Users\\piyush gala\\PC\\Portfolio\\cibil_web_scrapping_automation\\fetched_data\\raw\\cibil_data__25_lacs_31-08-25_for_state\\cibil_data_31-08-25_MAHARASHTRA_state_page_4.xlsx']
2025-11-02 20:51:51,051 - INFO - Starting merge for state=ANDHRA PRADESH, date=31-08-25, files=2
2025-11-02 20:51:51,052 - WARNING - ⚠️ Could not sort by page number for ['C:\\Users\\piyush gala\\PC\\Portfolio\\cibil_web_scrapping_automation\\fetched_data\\raw\\cibil_data__25_lacs_31-08-25_for_state\\cibil_data_31-08-25_ANDHRA PRADESH_state_page_1.xlsx', 'C:\\Users\\piyush gala\\PC\\Portfolio\\cibil_web_scrapping_automation\\fetched_data\\raw\\cibil_data__25_lacs_31-08-25_for_state\\cibil_data_31-08-25_ANDHRA PRADESH_state_page_2.xlsx']: invalid literal for int() with base 10: '1.xlsx'
Traceback (most recent call last):
  File "C:\Users\piyush gala\PC\Portfolio\cibil_web_scrapping_automation\utilities\merger.py", line 91, in merge_data
    file_list.sort(key=lambda x: int(x.split("_page_")[1].split("_")[0]))
    ~~~~~~~~~~~~~~^^^^^^^^^^^^^^^^^^^^^^^^^^^^^^^^^^^^^^^^^^^^^^^^^^^^^^^
  File "C:\Users\piyush gala\PC\Portfolio\cibil_web_scrapping_automation\utilities\merger.py", line 91, in <lambda>
    file_list.sort(key=lambda x: int(x.split("_page_")[1].split("_")[0]))
                                 ~~~^^^^^^^^^^^^^^^^^^^^^^^^^^^^^^^^^^^^
ValueError: invalid literal for int() with base 10: '1.xlsx'
2025-11-02 20:51:51,064 - INFO - Files after sorting by page: ['C:\\Users\\piyush gala\\PC\\Portfolio\\cibil_web_scrapping_automation\\fetched_data\\raw\\cibil_data__25_lacs_31-08-25_for_state\\cibil_data_31-08-25_ANDHRA PRADESH_state_page_1.xlsx', 'C:\\Users\\piyush gala\\PC\\Portfolio\\cibil_web_scrapping_automation\\fetched_data\\raw\\cibil_data__25_lacs_31-08-25_for_state\\cibil_data_31-08-25_ANDHRA PRADESH_state_page_2.xlsx']
2025-11-02 20:51:51,065 - INFO - 📖 Reading file: C:\Users\piyush gala\PC\Portfolio\cibil_web_scrapping_automation\fetched_data\raw\cibil_data__25_lacs_31-08-25_for_state\cibil_data_31-08-25_ANDHRA PRADESH_state_page_1.xlsx
2025-11-02 20:51:51,113 - INFO - Rows read: 11
2025-11-02 20:51:51,113 - INFO - 📖 Reading file: C:\Users\piyush gala\PC\Portfolio\cibil_web_scrapping_automation\fetched_data\raw\cibil_data__25_lacs_31-08-25_for_state\cibil_data_31-08-25_ANDHRA PRADESH_state_page_2.xlsx
2025-11-02 20:51:51,157 - INFO - Rows read: 11
2025-11-02 20:51:51,160 - INFO - 🔗 Total rows after merging: 22
2025-11-02 20:51:51,208 - INFO - ✅ Merged file saved: C:\Users\piyush gala\PC\Portfolio\cibil_web_scrapping_automation\fetched_data\final\31-08-25_merged\31-08-25_ANDHRA PRADESH_merged.xlsx

2025-11-02 20:51:51,209 - INFO - Starting merge for state=ARUNACHAL PRADESH, date=31-08-25, files=1
2025-11-02 20:51:51,209 - WARNING - ⚠️ Could not sort by page number for ['C:\\Users\\piyush gala\\PC\\Portfolio\\cibil_web_scrapping_automation\\fetched_data\\raw\\cibil_data__25_lacs_31-08-25_for_state\\cibil_data_31-08-25_ARUNACHAL PRADESH_state_page_1.xlsx']: invalid literal for int() with base 10: '1.xlsx'
Traceback (most recent call last):
  File "C:\Users\piyush gala\PC\Portfolio\cibil_web_scrapping_automation\utilities\merger.py", line 91, in merge_data
    file_list.sort(key=lambda x: int(x.split("_page_")[1].split("_")[0]))
    ~~~~~~~~~~~~~~^^^^^^^^^^^^^^^^^^^^^^^^^^^^^^^^^^^^^^^^^^^^^^^^^^^^^^^
  File "C:\Users\piyush gala\PC\Portfolio\cibil_web_scrapping_automation\utilities\merger.py", line 91, in <lambda>
    file_list.sort(key=lambda x: int(x.split("_page_")[1].split("_")[0]))
                                 ~~~^^^^^^^^^^^^^^^^^^^^^^^^^^^^^^^^^^^^
ValueError: invalid literal for int() with base 10: '1.xlsx'
2025-11-02 20:51:51,211 - INFO - Files after sorting by page: ['C:\\Users\\piyush gala\\PC\\Portfolio\\cibil_web_scrapping_automation\\fetched_data\\raw\\cibil_data__25_lacs_31-08-25_for_state\\cibil_data_31-08-25_ARUNACHAL PRADESH_state_page_1.xlsx']
2025-11-02 20:51:51,212 - INFO - 📖 Reading file: C:\Users\piyush gala\PC\Portfolio\cibil_web_scrapping_automation\fetched_data\raw\cibil_data__25_lacs_31-08-25_for_state\cibil_data_31-08-25_ARUNACHAL PRADESH_state_page_1.xlsx
2025-11-02 20:51:51,247 - INFO - Rows read: 6
2025-11-02 20:51:51,248 - INFO - 🔗 Total rows after merging: 6
2025-11-02 20:51:51,286 - INFO - ✅ Merged file saved: C:\Users\piyush gala\PC\Portfolio\cibil_web_scrapping_automation\fetched_data\final\31-08-25_merged\31-08-25_ARUNACHAL PRADESH_merged.xlsx

2025-11-02 20:51:51,287 - INFO - Starting merge for state=BIHAR, date=31-08-25, files=1
2025-11-02 20:51:51,287 - WARNING - ⚠️ Could not sort by page number for ['C:\\Users\\piyush gala\\PC\\Portfolio\\cibil_web_scrapping_automation\\fetched_data\\raw\\cibil_data__25_lacs_31-08-25_for_state\\cibil_data_31-08-25_BIHAR_state_page_1.xlsx']: invalid literal for int() with base 10: '1.xlsx'
Traceback (most recent call last):
  File "C:\Users\piyush gala\PC\Portfolio\cibil_web_scrapping_automation\utilities\merger.py", line 91, in merge_data
    file_list.sort(key=lambda x: int(x.split("_page_")[1].split("_")[0]))
    ~~~~~~~~~~~~~~^^^^^^^^^^^^^^^^^^^^^^^^^^^^^^^^^^^^^^^^^^^^^^^^^^^^^^^
  File "C:\Users\piyush gala\PC\Portfolio\cibil_web_scrapping_automation\utilities\merger.py", line 91, in <lambda>
    file_list.sort(key=lambda x: int(x.split("_page_")[1].split("_")[0]))
                                 ~~~^^^^^^^^^^^^^^^^^^^^^^^^^^^^^^^^^^^^
ValueError: invalid literal for int() with base 10: '1.xlsx'
2025-11-02 20:51:51,289 - INFO - Files after sorting by page: ['C:\\Users\\piyush gala\\PC\\Portfolio\\cibil_web_scrapping_automation\\fetched_data\\raw\\cibil_data__25_lacs_31-08-25_for_state\\cibil_data_31-08-25_BIHAR_state_page_1.xlsx']
2025-11-02 20:51:51,289 - INFO - 📖 Reading file: C:\Users\piyush gala\PC\Portfolio\cibil_web_scrapping_automation\fetched_data\raw\cibil_data__25_lacs_31-08-25_for_state\cibil_data_31-08-25_BIHAR_state_page_1.xlsx
2025-11-02 20:51:51,330 - INFO - Rows read: 11
2025-11-02 20:51:51,331 - INFO - 🔗 Total rows after merging: 11
2025-11-02 20:51:51,372 - INFO - ✅ Merged file saved: C:\Users\piyush gala\PC\Portfolio\cibil_web_scrapping_automation\fetched_data\final\31-08-25_merged\31-08-25_BIHAR_merged.xlsx

2025-11-02 20:51:51,373 - INFO - Starting merge for state=GOA, date=31-08-25, files=1
2025-11-02 20:51:51,374 - WARNING - ⚠️ Could not sort by page number for ['C:\\Users\\piyush gala\\PC\\Portfolio\\cibil_web_scrapping_automation\\fetched_data\\raw\\cibil_data__25_lacs_31-08-25_for_state\\cibil_data_31-08-25_GOA_state_page_1.xlsx']: invalid literal for int() with base 10: '1.xlsx'
Traceback (most recent call last):
  File "C:\Users\piyush gala\PC\Portfolio\cibil_web_scrapping_automation\utilities\merger.py", line 91, in merge_data
    file_list.sort(key=lambda x: int(x.split("_page_")[1].split("_")[0]))
    ~~~~~~~~~~~~~~^^^^^^^^^^^^^^^^^^^^^^^^^^^^^^^^^^^^^^^^^^^^^^^^^^^^^^^
  File "C:\Users\piyush gala\PC\Portfolio\cibil_web_scrapping_automation\utilities\merger.py", line 91, in <lambda>
    file_list.sort(key=lambda x: int(x.split("_page_")[1].split("_")[0]))
                                 ~~~^^^^^^^^^^^^^^^^^^^^^^^^^^^^^^^^^^^^
ValueError: invalid literal for int() with base 10: '1.xlsx'
2025-11-02 20:51:51,375 - INFO - Files after sorting by page: ['C:\\Users\\piyush gala\\PC\\Portfolio\\cibil_web_scrapping_automation\\fetched_data\\raw\\cibil_data__25_lacs_31-08-25_for_state\\cibil_data_31-08-25_GOA_state_page_1.xlsx']
2025-11-02 20:51:51,376 - INFO - 📖 Reading file: C:\Users\piyush gala\PC\Portfolio\cibil_web_scrapping_automation\fetched_data\raw\cibil_data__25_lacs_31-08-25_for_state\cibil_data_31-08-25_GOA_state_page_1.xlsx
2025-11-02 20:51:51,419 - INFO - Rows read: 11
2025-11-02 20:51:51,420 - INFO - 🔗 Total rows after merging: 11
2025-11-02 20:51:51,463 - INFO - ✅ Merged file saved: C:\Users\piyush gala\PC\Portfolio\cibil_web_scrapping_automation\fetched_data\final\31-08-25_merged\31-08-25_GOA_merged.xlsx

2025-11-02 20:51:51,464 - INFO - Starting merge for state=GUJARAT, date=31-08-25, files=2
2025-11-02 20:51:51,464 - WARNING - ⚠️ Could not sort by page number for ['C:\\Users\\piyush gala\\PC\\Portfolio\\cibil_web_scrapping_automation\\fetched_data\\raw\\cibil_data__25_lacs_31-08-25_for_state\\cibil_data_31-08-25_GUJARAT_state_page_1.xlsx', 'C:\\Users\\piyush gala\\PC\\Portfolio\\cibil_web_scrapping_automation\\fetched_data\\raw\\cibil_data__25_lacs_31-08-25_for_state\\cibil_data_31-08-25_GUJARAT_state_page_2.xlsx']: invalid literal for int() with base 10: '1.xlsx'
Traceback (most recent call last):
  File "C:\Users\piyush gala\PC\Portfolio\cibil_web_scrapping_automation\utilities\merger.py", line 91, in merge_data
    file_list.sort(key=lambda x: int(x.split("_page_")[1].split("_")[0]))
    ~~~~~~~~~~~~~~^^^^^^^^^^^^^^^^^^^^^^^^^^^^^^^^^^^^^^^^^^^^^^^^^^^^^^^
  File "C:\Users\piyush gala\PC\Portfolio\cibil_web_scrapping_automation\utilities\merger.py", line 91, in <lambda>
    file_list.sort(key=lambda x: int(x.split("_page_")[1].split("_")[0]))
                                 ~~~^^^^^^^^^^^^^^^^^^^^^^^^^^^^^^^^^^^^
ValueError: invalid literal for int() with base 10: '1.xlsx'
2025-11-02 20:51:51,466 - INFO - Files after sorting by page: ['C:\\Users\\piyush gala\\PC\\Portfolio\\cibil_web_scrapping_automation\\fetched_data\\raw\\cibil_data__25_lacs_31-08-25_for_state\\cibil_data_31-08-25_GUJARAT_state_page_1.xlsx', 'C:\\Users\\piyush gala\\PC\\Portfolio\\cibil_web_scrapping_automation\\fetched_data\\raw\\cibil_data__25_lacs_31-08-25_for_state\\cibil_data_31-08-25_GUJARAT_state_page_2.xlsx']
2025-11-02 20:51:51,466 - INFO - 📖 Reading file: C:\Users\piyush gala\PC\Portfolio\cibil_web_scrapping_automation\fetched_data\raw\cibil_data__25_lacs_31-08-25_for_state\cibil_data_31-08-25_GUJARAT_state_page_1.xlsx
2025-11-02 20:51:51,504 - INFO - Rows read: 11
2025-11-02 20:51:51,504 - INFO - 📖 Reading file: C:\Users\piyush gala\PC\Portfolio\cibil_web_scrapping_automation\fetched_data\raw\cibil_data__25_lacs_31-08-25_for_state\cibil_data_31-08-25_GUJARAT_state_page_2.xlsx
2025-11-02 20:51:51,541 - INFO - Rows read: 11
2025-11-02 20:51:51,542 - INFO - 🔗 Total rows after merging: 22
2025-11-02 20:51:51,602 - INFO - ✅ Merged file saved: C:\Users\piyush gala\PC\Portfolio\cibil_web_scrapping_automation\fetched_data\final\31-08-25_merged\31-08-25_GUJARAT_merged.xlsx

2025-11-02 20:51:51,603 - INFO - Starting merge for state=MAHARASHTRA, date=31-08-25, files=4
2025-11-02 20:51:51,603 - WARNING - ⚠️ Could not sort by page number for ['C:\\Users\\piyush gala\\PC\\Portfolio\\cibil_web_scrapping_automation\\fetched_data\\raw\\cibil_data__25_lacs_31-08-25_for_state\\cibil_data_31-08-25_MAHARASHTRA_state_page_1.xlsx', 'C:\\Users\\piyush gala\\PC\\Portfolio\\cibil_web_scrapping_automation\\fetched_data\\raw\\cibil_data__25_lacs_31-08-25_for_state\\cibil_data_31-08-25_MAHARASHTRA_state_page_2.xlsx', 'C:\\Users\\piyush gala\\PC\\Portfolio\\cibil_web_scrapping_automation\\fetched_data\\raw\\cibil_data__25_lacs_31-08-25_for_state\\cibil_data_31-08-25_MAHARASHTRA_state_page_3.xlsx', 'C:\\Users\\piyush gala\\PC\\Portfolio\\cibil_web_scrapping_automation\\fetched_data\\raw\\cibil_data__25_lacs_31-08-25_for_state\\cibil_data_31-08-25_MAHARASHTRA_state_page_4.xlsx']: invalid literal for int() with base 10: '1.xlsx'
Traceback (most recent call last):
  File "C:\Users\piyush gala\PC\Portfolio\cibil_web_scrapping_automation\utilities\merger.py", line 91, in merge_data
    file_list.sort(key=lambda x: int(x.split("_page_")[1].split("_")[0]))
    ~~~~~~~~~~~~~~^^^^^^^^^^^^^^^^^^^^^^^^^^^^^^^^^^^^^^^^^^^^^^^^^^^^^^^
  File "C:\Users\piyush gala\PC\Portfolio\cibil_web_scrapping_automation\utilities\merger.py", line 91, in <lambda>
    file_list.sort(key=lambda x: int(x.split("_page_")[1].split("_")[0]))
                                 ~~~^^^^^^^^^^^^^^^^^^^^^^^^^^^^^^^^^^^^
ValueError: invalid literal for int() with base 10: '1.xlsx'
2025-11-02 20:51:51,605 - INFO - Files after sorting by page: ['C:\\Users\\piyush gala\\PC\\Portfolio\\cibil_web_scrapping_automation\\fetched_data\\raw\\cibil_data__25_lacs_31-08-25_for_state\\cibil_data_31-08-25_MAHARASHTRA_state_page_1.xlsx', 'C:\\Users\\piyush gala\\PC\\Portfolio\\cibil_web_scrapping_automation\\fetched_data\\raw\\cibil_data__25_lacs_31-08-25_for_state\\cibil_data_31-08-25_MAHARASHTRA_state_page_2.xlsx', 'C:\\Users\\piyush gala\\PC\\Portfolio\\cibil_web_scrapping_automation\\fetched_data\\raw\\cibil_data__25_lacs_31-08-25_for_state\\cibil_data_31-08-25_MAHARASHTRA_state_page_3.xlsx', 'C:\\Users\\piyush gala\\PC\\Portfolio\\cibil_web_scrapping_automation\\fetched_data\\raw\\cibil_data__25_lacs_31-08-25_for_state\\cibil_data_31-08-25_MAHARASHTRA_state_page_4.xlsx']
2025-11-02 20:51:51,605 - INFO - 📖 Reading file: C:\Users\piyush gala\PC\Portfolio\cibil_web_scrapping_automation\fetched_data\raw\cibil_data__25_lacs_31-08-25_for_state\cibil_data_31-08-25_MAHARASHTRA_state_page_1.xlsx
2025-11-02 20:51:51,621 - INFO - Rows read: 11
2025-11-02 20:51:51,622 - INFO - 📖 Reading file: C:\Users\piyush gala\PC\Portfolio\cibil_web_scrapping_automation\fetched_data\raw\cibil_data__25_lacs_31-08-25_for_state\cibil_data_31-08-25_MAHARASHTRA_state_page_2.xlsx
2025-11-02 20:51:51,659 - INFO - Rows read: 11
2025-11-02 20:51:51,660 - INFO - 📖 Reading file: C:\Users\piyush gala\PC\Portfolio\cibil_web_scrapping_automation\fetched_data\raw\cibil_data__25_lacs_31-08-25_for_state\cibil_data_31-08-25_MAHARASHTRA_state_page_3.xlsx
2025-11-02 20:51:51,709 - INFO - Rows read: 11
2025-11-02 20:51:51,709 - INFO - 📖 Reading file: C:\Users\piyush gala\PC\Portfolio\cibil_web_scrapping_automation\fetched_data\raw\cibil_data__25_lacs_31-08-25_for_state\cibil_data_31-08-25_MAHARASHTRA_state_page_4.xlsx
2025-11-02 20:51:51,749 - INFO - Rows read: 11
2025-11-02 20:51:51,750 - INFO - 🔗 Total rows after merging: 44
2025-11-02 20:51:51,806 - INFO - ✅ Merged file saved: C:\Users\piyush gala\PC\Portfolio\cibil_web_scrapping_automation\fetched_data\final\31-08-25_merged\31-08-25_MAHARASHTRA_merged.xlsx

2025-11-02 20:51:51,808 - INFO - Current folder path: C:\Users\piyush gala\PC\Portfolio\cibil_web_scrapping_automation\fetched_data\final
2025-11-02 20:51:51,809 - INFO - Folders found for processing: [WindowsPath('C:/Users/piyush gala/PC/Portfolio/cibil_web_scrapping_automation/fetched_data/final/31-08-25_merged'), WindowsPath('C:/Users/piyush gala/PC/Portfolio/cibil_web_scrapping_automation/fetched_data/final/cibil_data_with_directors__25_lacs_31-08-25_for_state')]
2025-11-02 20:51:51,810 - INFO - Files found: ['31-08-25_ANDHRA PRADESH_merged.xlsx', '31-08-25_ARUNACHAL PRADESH_merged.xlsx', '31-08-25_BIHAR_merged.xlsx', '31-08-25_GOA_merged.xlsx', '31-08-25_GUJARAT_merged.xlsx', '31-08-25_MAHARASHTRA_merged.xlsx']

2025-11-02 20:51:51,811 - INFO - Processing file: C:\Users\piyush gala\PC\Portfolio\cibil_web_scrapping_automation\fetched_data\final\31-08-25_merged\31-08-25_ANDHRA PRADESH_merged.xlsx
2025-11-02 20:51:51,858 - INFO - Loaded Excel file successfully with 22 rows
2025-11-02 20:51:51,923 - INFO - Expanded 24 rows from 22 original rows
2025-11-02 20:51:51,937 - INFO - Cleaned and standardized text/numeric fields for 'Borrower Name'
2025-11-02 20:51:51,944 - INFO - Cleaned and standardized text/numeric fields for 'Ind _Director Name'
2025-11-02 20:51:51,949 - INFO - Added extra columns: ['Borrower PAN', 'Final Borrower Name', 'Final_DirectorName', 'CIN NO', 'Order Type', 'Remarks']
2025-11-02 20:51:51,997 - INFO - Saved expanded file: C:\Users\piyush gala\PC\Portfolio\cibil_web_scrapping_automation\fetched_data\final_preprocessed\final_preprocessed_31-08-25_ANDHRA PRADESH_merged.xlsx (24 rows)
2025-11-02 20:51:52,034 - INFO - 🕒 Time taken: 0.22 seconds

2025-11-02 20:51:52,035 - INFO - Processing file: C:\Users\piyush gala\PC\Portfolio\cibil_web_scrapping_automation\fetched_data\final\31-08-25_merged\31-08-25_ARUNACHAL PRADESH_merged.xlsx
2025-11-02 20:51:52,071 - INFO - Loaded Excel file successfully with 6 rows
2025-11-02 20:51:52,089 - INFO - Expanded 6 rows from 6 original rows
2025-11-02 20:51:52,097 - INFO - Cleaned and standardized text/numeric fields for 'Borrower Name'
2025-11-02 20:51:52,102 - INFO - Cleaned and standardized text/numeric fields for 'Ind _Director Name'
2025-11-02 20:51:52,106 - INFO - Added extra columns: ['Borrower PAN', 'Final Borrower Name', 'Final_DirectorName', 'CIN NO', 'Order Type', 'Remarks']
2025-11-02 20:51:52,149 - INFO - Saved expanded file: C:\Users\piyush gala\PC\Portfolio\cibil_web_scrapping_automation\fetched_data\final_preprocessed\final_preprocessed_31-08-25_ARUNACHAL PRADESH_merged.xlsx (6 rows)
2025-11-02 20:51:52,179 - INFO - 🕒 Time taken: 0.14 seconds

2025-11-02 20:51:52,180 - INFO - Processing file: C:\Users\piyush gala\PC\Portfolio\cibil_web_scrapping_automation\fetched_data\final\31-08-25_merged\31-08-25_BIHAR_merged.xlsx
2025-11-02 20:51:52,232 - INFO - Loaded Excel file successfully with 11 rows
2025-11-02 20:51:52,308 - INFO - Expanded 15 rows from 11 original rows
2025-11-02 20:51:52,326 - INFO - Cleaned and standardized text/numeric fields for 'Borrower Name'
2025-11-02 20:51:52,333 - INFO - Cleaned and standardized text/numeric fields for 'Ind _Director Name'
2025-11-02 20:51:52,339 - INFO - Added extra columns: ['Borrower PAN', 'Final Borrower Name', 'Final_DirectorName', 'CIN NO', 'Order Type', 'Remarks']
2025-11-02 20:51:52,388 - INFO - Saved expanded file: C:\Users\piyush gala\PC\Portfolio\cibil_web_scrapping_automation\fetched_data\final_preprocessed\final_preprocessed_31-08-25_BIHAR_merged.xlsx (15 rows)
2025-11-02 20:51:52,414 - INFO - 🕒 Time taken: 0.23 seconds

2025-11-02 20:51:52,415 - INFO - Processing file: C:\Users\piyush gala\PC\Portfolio\cibil_web_scrapping_automation\fetched_data\final\31-08-25_merged\31-08-25_GOA_merged.xlsx
2025-11-02 20:51:52,451 - INFO - Loaded Excel file successfully with 11 rows
2025-11-02 20:51:52,493 - INFO - Expanded 20 rows from 11 original rows
2025-11-02 20:51:52,500 - INFO - Cleaned and standardized text/numeric fields for 'Borrower Name'
2025-11-02 20:51:52,506 - INFO - Cleaned and standardized text/numeric fields for 'Ind _Director Name'
2025-11-02 20:51:52,511 - INFO - Added extra columns: ['Borrower PAN', 'Final Borrower Name', 'Final_DirectorName', 'CIN NO', 'Order Type', 'Remarks']
2025-11-02 20:51:52,569 - INFO - Saved expanded file: C:\Users\piyush gala\PC\Portfolio\cibil_web_scrapping_automation\fetched_data\final_preprocessed\final_preprocessed_31-08-25_GOA_merged.xlsx (20 rows)
2025-11-02 20:51:52,594 - INFO - 🕒 Time taken: 0.18 seconds

2025-11-02 20:51:52,595 - INFO - Processing file: C:\Users\piyush gala\PC\Portfolio\cibil_web_scrapping_automation\fetched_data\final\31-08-25_merged\31-08-25_GUJARAT_merged.xlsx
2025-11-02 20:51:52,634 - INFO - Loaded Excel file successfully with 22 rows
2025-11-02 20:51:52,747 - INFO - Expanded 55 rows from 22 original rows
2025-11-02 20:51:52,756 - INFO - Cleaned and standardized text/numeric fields for 'Borrower Name'
2025-11-02 20:51:52,764 - INFO - Cleaned and standardized text/numeric fields for 'Ind _Director Name'
2025-11-02 20:51:52,769 - INFO - Added extra columns: ['Borrower PAN', 'Final Borrower Name', 'Final_DirectorName', 'CIN NO', 'Order Type', 'Remarks']
2025-11-02 20:51:52,858 - INFO - Saved expanded file: C:\Users\piyush gala\PC\Portfolio\cibil_web_scrapping_automation\fetched_data\final_preprocessed\final_preprocessed_31-08-25_GUJARAT_merged.xlsx (55 rows)
2025-11-02 20:51:52,885 - INFO - 🕒 Time taken: 0.29 seconds

2025-11-02 20:51:52,886 - INFO - Processing file: C:\Users\piyush gala\PC\Portfolio\cibil_web_scrapping_automation\fetched_data\final\31-08-25_merged\31-08-25_MAHARASHTRA_merged.xlsx
2025-11-02 20:51:52,939 - INFO - Loaded Excel file successfully with 44 rows
2025-11-02 20:51:53,079 - INFO - Expanded 71 rows from 44 original rows
2025-11-02 20:51:53,089 - INFO - Cleaned and standardized text/numeric fields for 'Borrower Name'
2025-11-02 20:51:53,097 - INFO - Cleaned and standardized text/numeric fields for 'Ind _Director Name'
2025-11-02 20:51:53,102 - INFO - Added extra columns: ['Borrower PAN', 'Final Borrower Name', 'Final_DirectorName', 'CIN NO', 'Order Type', 'Remarks']
2025-11-02 20:51:53,186 - INFO - Saved expanded file: C:\Users\piyush gala\PC\Portfolio\cibil_web_scrapping_automation\fetched_data\final_preprocessed\final_preprocessed_31-08-25_MAHARASHTRA_merged.xlsx (71 rows)
2025-11-02 20:51:53,212 - INFO - 🕒 Time taken: 0.33 seconds

2025-11-02 20:51:53,214 - INFO - Files found: []

