2025-11-02 16:31:24,984 - INFO - Running script...
2025-11-02 16:31:24,985 - INFO - Selected Configurations: 
state type: state, 
Defaulters type: >25 lacs, 
Date: 31-08-25, 
Timeout: 60 seconds
2025-11-02 16:31:24,985 - INFO - All States: {'BRITISH VIRGIN ISLAND', 'CHHATTISGARH', 'CHANDIGARH (U.T.) & DELHI', 'CHANDIGARH & DELHI', 'DAMAN AND DIU', 'JAPAN', 'KARNATAKA', 'ARUNACHAL PRADESH', 'OBU', 'LAKSHADWEEP', 'ENGLAND', 'BAHRAIN', 'WEST BENGAL', 'JAMMU & KASHMIR', 'UTTARAKHAND', 'BHOPAL', 'COLOMBO', 'DUBAI, UAE', 'CHANDIGARH', 'MALDIVES', 'UNITED KINGDOM', 'ORISSA', 'TRIPURA', 'JHARKHAND', 'UNITED ARAB EMIRATES', 'LONDON', 'DADRA AND NAGAR HAVELI', 'MAHARASHTRA', 'UNITED STATES OF AMERICA', 'ANDAMAN AND NICOBAR ISLANDS', 'GERMANY', 'MEGHALAYA', 'MISSISSIPPI, USA', 'BIHAR', 'SRI LANKA', 'UTAH', 'PANAMA', 'THAILAND', 'MANCHESTER', 'HONG KONG', 'GOA', 'PUDUCHERRY', 'DELHI', 'KINGDOM OF BAHRAIN', 'SINGAPORE', 'TELANGANA', 'BANGLADESH', 'UTTAR PRADESH', 'BANGKOK', 'ABCD', 'HIMACHAL PRADESH', 'ISRAEL', 'WASHINGTON', 'HARYANA', 'UNITED ARAB EMIRATES UAE', 'HYDERABAD', 'NAGALAND', 'MADHYA PRADESH', 'ROHTAK', 'MANIPUR', 'NOT REPORTED', 'GUJARAT', 'ASSAM', 'NEW DELHI', 'CAYMAN ISLAND', 'OVERSEAS', 'OMAN', 'AMSTERDAM', 'CYPRUS', 'JAKARTA', 'RAJASTHAN', 'TAMIL NADU', 'AUSTRALIA', 'PONDICHERRY', 'ATLANTA, USA', 'PUNJAB', 'DUBAI', 'NEW YORK', 'ANDHRA PRADESH', 'SOUTH AFRICA', 'KERALA', 'UTTARANCHAL', 'BELGIUM', 'MIZORAM', 'QATAR', 'LUXEMBOURG', 'SIKKIM'}
2025-11-02 16:31:24,985 - INFO - Selected States: ['ANDAMAN AND NICOBAR ISLANDS', 'ARUNACHAL PRADESH', 'GOA', 'GUJARAT']
2025-11-02 16:31:24,986 - INFO - Starting batch search for date: 31-08-25
2025-11-02 16:31:24,986 - INFO - Running automation for State: ANDAMAN AND NICOBAR ISLANDS, Date: 31-08-25, Defaulters type: >25 lacs
2025-11-02 16:31:26,291 - INFO - Browser launched.
2025-11-02 16:31:27,315 - INFO - Page loaded.
2025-11-02 16:31:27,316 - INFO - Performing search for date:31-08-25, state:ANDAMAN AND NICOBAR ISLANDS, Defaulters type:>25 lacs
2025-11-02 16:31:29,978 - INFO - Waiting for search results...
2025-11-02 16:31:29,994 - INFO - Loader disappeared after clicking Search.
2025-11-02 16:31:38,038 - INFO - Pagination text: View 1 - 2 of 2
2025-11-02 16:31:38,038 - INFO - Fetched: 2, Total: 2
2025-11-02 16:31:38,038 - INFO - Fetched 2 out of 2 rows.
2025-11-02 16:31:38,038 - INFO - Pagination limit: 1
2025-11-02 16:31:38,039 - INFO - \u25b6 Extracting table data...
2025-11-02 16:31:38,047 - INFO - Found 2 rows for state: ANDAMAN AND NICOBAR ISLANDS, page: 1.
2025-11-02 16:31:38,165 - INFO - Row 1/2 extracted for ANDAMAN AND NICOBAR ISLANDS.
2025-11-02 16:31:38,276 - INFO - Row 2/2 extracted for ANDAMAN AND NICOBAR ISLANDS.
2025-11-02 16:31:38,512 - INFO - Saved 2 rows to cibil_data_31-08-25_ANDAMAN AND NICOBAR ISLANDS_state_page_1.xlsx
2025-11-02 16:31:38,515 - INFO - \u25b6 Next button is disabled, reached last page.
2025-11-02 16:31:40,518 - INFO - Found 1 raw Excel files for ANDAMAN AND NICOBAR ISLANDS
2025-11-02 16:31:40,563 - INFO - \u25b6 Extracting directors for row 1: Kuber (India ) Sales Pvt Ltd A
2025-11-02 16:31:40,692 - INFO - Loader disappeared.
2025-11-02 16:31:41,707 - INFO - Found 3 director rows.
2025-11-02 16:31:41,774 - INFO - Successfully extracted director data.
2025-11-02 16:31:47,279 - INFO - Loader disappeared.
2025-11-02 16:31:48,318 - INFO - Checkpoint saved at row 1 for C:\Users\piyush gala\PC\Portfolio\cibil_web_scrapping_automation\fetched_data\raw\cibil_data__25_lacs_31-08-25_for_state\cibil_data_31-08-25_ANDAMAN AND NICOBAR ISLANDS_state_page_1.xlsx
2025-11-02 16:31:48,318 - INFO - \u25b6 Extracting directors for row 2: ANDAMAN TRADING PVT. LTD.
2025-11-02 16:31:48,428 - INFO - Loader disappeared.
2025-11-02 16:31:49,446 - INFO - Found 2 director rows.
2025-11-02 16:31:49,485 - INFO - Successfully extracted director data.
2025-11-02 16:31:54,953 - INFO - Loader disappeared.
2025-11-02 16:31:55,970 - INFO - \u2705 Updated raw file saved with director info \u2192 C:\Users\piyush gala\PC\Portfolio\cibil_web_scrapping_automation\fetched_data\raw\cibil_data__25_lacs_31-08-25_for_state\cibil_data_31-08-25_ANDAMAN AND NICOBAR ISLANDS_state_page_1.xlsx
2025-11-02 16:31:56,217 - INFO - Running automation for State: ARUNACHAL PRADESH, Date: 31-08-25, Defaulters type: >25 lacs
2025-11-02 16:31:57,033 - INFO - Browser launched.
2025-11-02 16:31:58,055 - INFO - Page loaded.
2025-11-02 16:31:58,056 - INFO - Performing search for date:31-08-25, state:ARUNACHAL PRADESH, Defaulters type:>25 lacs
2025-11-02 16:32:00,666 - INFO - Waiting for search results...
2025-11-02 16:32:00,682 - INFO - Loader disappeared after clicking Search.
2025-11-02 16:32:08,192 - INFO - Pagination text: View 1 - 6 of 6
2025-11-02 16:32:08,192 - INFO - Fetched: 6, Total: 6
2025-11-02 16:32:08,193 - INFO - Fetched 6 out of 6 rows.
2025-11-02 16:32:08,193 - INFO - Pagination limit: 1
2025-11-02 16:32:08,193 - INFO - \u25b6 Extracting table data...
2025-11-02 16:32:08,201 - INFO - Found 6 rows for state: ARUNACHAL PRADESH, page: 1.
2025-11-02 16:32:08,309 - INFO - Row 1/6 extracted for ARUNACHAL PRADESH.
2025-11-02 16:32:08,419 - INFO - Row 2/6 extracted for ARUNACHAL PRADESH.
2025-11-02 16:32:08,522 - INFO - Row 3/6 extracted for ARUNACHAL PRADESH.
2025-11-02 16:32:08,543 - INFO - Saved 3 rows to cibil_data_31-08-25_ARUNACHAL PRADESH_state_page_1.xlsx
2025-11-02 16:32:08,546 - INFO - \u25b6 Next button is disabled, reached last page.
2025-11-02 16:32:10,547 - INFO - Found 1 raw Excel files for ARUNACHAL PRADESH
2025-11-02 16:32:10,582 - INFO - \u25b6 Extracting directors for row 1: HOTEL BENJAMIN
2025-11-02 16:32:10,704 - INFO - Loader disappeared.
2025-11-02 16:32:11,720 - INFO - Found 1 director rows.
2025-11-02 16:32:11,743 - INFO - Successfully extracted director data.
2025-11-02 16:32:17,215 - INFO - Loader disappeared.
2025-11-02 16:32:18,249 - INFO - Checkpoint saved at row 1 for C:\Users\piyush gala\PC\Portfolio\cibil_web_scrapping_automation\fetched_data\raw\cibil_data__25_lacs_31-08-25_for_state\cibil_data_31-08-25_ARUNACHAL PRADESH_state_page_1.xlsx
2025-11-02 16:32:18,250 - INFO - \u25b6 Extracting directors for row 2: MANGAM  TAKANG
2025-11-02 16:32:18,357 - INFO - Loader disappeared.
2025-11-02 16:32:19,375 - INFO - Found 1 director rows.
2025-11-02 16:32:19,395 - INFO - Successfully extracted director data.
2025-11-02 16:32:24,968 - INFO - Loader disappeared.
2025-11-02 16:32:25,970 - INFO - \u25b6 Extracting directors for row 3: R.B.TRADING CO
2025-11-02 16:32:26,089 - INFO - Loader disappeared.
2025-11-02 16:32:27,106 - INFO - Found 1 director rows.
2025-11-02 16:32:27,130 - INFO - Successfully extracted director data.
2025-11-02 16:32:32,535 - INFO - Loader disappeared.
2025-11-02 16:32:33,552 - INFO - \u2705 Updated raw file saved with director info \u2192 C:\Users\piyush gala\PC\Portfolio\cibil_web_scrapping_automation\fetched_data\raw\cibil_data__25_lacs_31-08-25_for_state\cibil_data_31-08-25_ARUNACHAL PRADESH_state_page_1.xlsx
2025-11-02 16:32:33,788 - INFO - Running automation for State: GOA, Date: 31-08-25, Defaulters type: >25 lacs
2025-11-02 16:32:34,584 - INFO - Browser launched.
2025-11-02 16:32:35,579 - INFO - Page loaded.
2025-11-02 16:32:35,579 - INFO - Performing search for date:31-08-25, state:GOA, Defaulters type:>25 lacs
2025-11-02 16:32:38,184 - INFO - Waiting for search results...
2025-11-02 16:32:38,199 - INFO - Loader disappeared after clicking Search.
2025-11-02 16:32:45,698 - INFO - Pagination text: View 1 - 25 of 25
2025-11-02 16:32:45,699 - INFO - Fetched: 25, Total: 25
2025-11-02 16:32:45,699 - INFO - Fetched 25 out of 25 rows.
2025-11-02 16:32:45,699 - INFO - Pagination limit: 1
2025-11-02 16:32:45,699 - INFO - \u25b6 Extracting table data...
2025-11-02 16:32:45,706 - INFO - Found 25 rows for state: GOA, page: 1.
2025-11-02 16:32:45,822 - INFO - Row 1/25 extracted for GOA.
2025-11-02 16:32:45,930 - INFO - Row 2/25 extracted for GOA.
2025-11-02 16:32:46,037 - INFO - Row 3/25 extracted for GOA.
2025-11-02 16:32:46,058 - INFO - Saved 3 rows to cibil_data_31-08-25_GOA_state_page_1.xlsx
2025-11-02 16:32:46,061 - INFO - \u25b6 Next button is disabled, reached last page.
2025-11-02 16:32:48,064 - INFO - Found 1 raw Excel files for GOA
2025-11-02 16:32:48,097 - INFO - \u25b6 Extracting directors for row 1: KHALID ABDUS SALAM ANSARI
2025-11-02 16:32:48,205 - INFO - Loader disappeared.
2025-11-02 16:32:49,225 - INFO - Found 1 director rows.
2025-11-02 16:32:49,246 - INFO - Successfully extracted director data.
2025-11-02 16:32:54,746 - INFO - Loader disappeared.
2025-11-02 16:32:55,783 - INFO - Checkpoint saved at row 1 for C:\Users\piyush gala\PC\Portfolio\cibil_web_scrapping_automation\fetched_data\raw\cibil_data__25_lacs_31-08-25_for_state\cibil_data_31-08-25_GOA_state_page_1.xlsx
2025-11-02 16:32:55,783 - INFO - \u25b6 Extracting directors for row 2: SIDDHANT HOTEL
2025-11-02 16:32:55,916 - INFO - Loader disappeared.
2025-11-02 16:32:56,934 - INFO - Found 1 director rows.
2025-11-02 16:32:56,954 - INFO - Successfully extracted director data.
2025-11-02 16:33:02,471 - INFO - Loader disappeared.
2025-11-02 16:33:03,472 - INFO - \u25b6 Extracting directors for row 3: SIDDHANT PARYATAN SUVIDHA KENDRA
2025-11-02 16:33:03,607 - INFO - Loader disappeared.
2025-11-02 16:33:04,625 - INFO - Found 1 director rows.
2025-11-02 16:33:04,647 - INFO - Successfully extracted director data.
2025-11-02 16:33:10,169 - INFO - Loader disappeared.
2025-11-02 16:33:11,198 - INFO - \u2705 Updated raw file saved with director info \u2192 C:\Users\piyush gala\PC\Portfolio\cibil_web_scrapping_automation\fetched_data\raw\cibil_data__25_lacs_31-08-25_for_state\cibil_data_31-08-25_GOA_state_page_1.xlsx
2025-11-02 16:33:11,449 - INFO - Running automation for State: GUJARAT, Date: 31-08-25, Defaulters type: >25 lacs
2025-11-02 16:33:12,251 - INFO - Browser launched.
2025-11-02 16:33:13,252 - INFO - Page loaded.
2025-11-02 16:33:13,252 - INFO - Performing search for date:31-08-25, state:GUJARAT, Defaulters type:>25 lacs
2025-11-02 16:33:15,883 - INFO - Waiting for search results...
2025-11-02 16:33:15,899 - INFO - Loader disappeared after clicking Search.
2025-11-02 16:33:23,398 - INFO - Pagination text: View 1 - 1,000 of 1,233
2025-11-02 16:33:23,398 - INFO - Fetched: 1000, Total: 1233
2025-11-02 16:33:23,399 - INFO - Fetched 1000 out of 1233 rows.
2025-11-02 16:33:23,399 - INFO - Pagination limit: 2
2025-11-02 16:33:23,399 - INFO - \u25b6 Extracting table data...
2025-11-02 16:33:23,417 - INFO - Found 1000 rows for state: GUJARAT, page: 1.
2025-11-02 16:33:23,720 - INFO - Row 1/1000 extracted for GUJARAT.
2025-11-02 16:33:23,989 - INFO - Row 2/1000 extracted for GUJARAT.
2025-11-02 16:33:24,245 - INFO - Row 3/1000 extracted for GUJARAT.
2025-11-02 16:33:24,266 - INFO - Saved 3 rows to cibil_data_31-08-25_GUJARAT_state_page_1.xlsx
2025-11-02 16:34:27,545 - INFO - \u25b6 Extracting table data...
2025-11-02 16:34:27,559 - INFO - Found 233 rows for state: GUJARAT, page: 2.
2025-11-02 16:34:27,790 - INFO - Row 1/233 extracted for GUJARAT.
2025-11-02 16:34:27,951 - INFO - Row 2/233 extracted for GUJARAT.
2025-11-02 16:34:28,085 - INFO - Row 3/233 extracted for GUJARAT.
2025-11-02 16:34:28,107 - INFO - Saved 3 rows to cibil_data_31-08-25_GUJARAT_state_page_2.xlsx
2025-11-02 16:34:28,112 - INFO - \u25b6 Next button is disabled, reached last page.
2025-11-02 16:34:30,114 - INFO - Found 2 raw Excel files for GUJARAT
2025-11-02 16:34:30,150 - INFO - \u25b6 Extracting directors for row 1: MANAN AUTO LINK PRIVATE LIMITED
2025-11-02 16:34:30,287 - INFO - Loader disappeared.
2025-11-02 16:34:31,304 - INFO - Found 2 director rows.
2025-11-02 16:34:31,344 - INFO - Successfully extracted director data.
2025-11-02 16:34:36,835 - INFO - Loader disappeared.
2025-11-02 16:34:37,860 - INFO - Checkpoint saved at row 1 for C:\Users\piyush gala\PC\Portfolio\cibil_web_scrapping_automation\fetched_data\raw\cibil_data__25_lacs_31-08-25_for_state\cibil_data_31-08-25_GUJARAT_state_page_1.xlsx
2025-11-02 16:34:37,860 - INFO - \u25b6 Extracting directors for row 2: SOGO SERAMICS PVT. LTD.
2025-11-02 16:34:37,983 - INFO - Loader disappeared.
2025-11-02 16:34:39,002 - INFO - Found 4 director rows.
2025-11-02 16:34:39,079 - INFO - Successfully extracted director data.
2025-11-02 16:34:44,531 - INFO - Loader disappeared.
2025-11-02 16:34:45,532 - INFO - \u25b6 Extracting directors for row 3: RADHIKA COTTEX PRIVATE LTD.
2025-11-02 16:34:45,657 - INFO - Loader disappeared.
2025-11-02 16:34:46,675 - INFO - Found 6 director rows.
2025-11-02 16:34:46,787 - INFO - Successfully extracted director data.
2025-11-02 16:34:52,209 - INFO - Loader disappeared.
2025-11-02 16:34:53,223 - INFO - \u2705 Updated raw file saved with director info \u2192 C:\Users\piyush gala\PC\Portfolio\cibil_web_scrapping_automation\fetched_data\raw\cibil_data__25_lacs_31-08-25_for_state\cibil_data_31-08-25_GUJARAT_state_page_1.xlsx
2025-11-02 16:34:53,242 - INFO - \u25b6 Extracting directors for row 1: Om Trading
2025-11-02 16:34:53,368 - INFO - Loader disappeared.
2025-11-02 16:34:54,386 - INFO - Found 2 director rows.
2025-11-02 16:34:54,424 - INFO - Successfully extracted director data.
2025-11-02 16:34:59,896 - INFO - Loader disappeared.
2025-11-02 16:35:00,920 - INFO - Checkpoint saved at row 1 for C:\Users\piyush gala\PC\Portfolio\cibil_web_scrapping_automation\fetched_data\raw\cibil_data__25_lacs_31-08-25_for_state\cibil_data_31-08-25_GUJARAT_state_page_2.xlsx
2025-11-02 16:35:00,920 - INFO - \u25b6 Extracting directors for row 2: Navrang Roadlines Pvt. Ltd.
2025-11-02 16:35:01,060 - INFO - Loader disappeared.
2025-11-02 16:35:02,079 - INFO - Found 2 director rows.
2025-11-02 16:35:02,118 - INFO - Successfully extracted director data.
2025-11-02 16:35:07,627 - INFO - Loader disappeared.
2025-11-02 16:35:08,629 - INFO - \u25b6 Extracting directors for row 3: New Infra Mobile Care
2025-11-02 16:35:08,764 - INFO - Loader disappeared.
2025-11-02 16:35:09,783 - INFO - Found 1 director rows.
2025-11-02 16:35:09,804 - INFO - Successfully extracted director data.
2025-11-02 16:35:15,281 - INFO - Loader disappeared.
2025-11-02 16:35:16,295 - INFO - \u2705 Updated raw file saved with director info \u2192 C:\Users\piyush gala\PC\Portfolio\cibil_web_scrapping_automation\fetched_data\raw\cibil_data__25_lacs_31-08-25_for_state\cibil_data_31-08-25_GUJARAT_state_page_2.xlsx
