2025-11-02 19:01:20,450 - INFO - Logging initialized at: C:\Users\piyush gala\PC\Portfolio\cibil_web_scrapping_automation\utilities\logs\2025-11-02\cibil_log_2025-11-02_19-01-20.log
2025-11-02 19:01:20,451 - INFO - Read path: C:\Users\piyush gala\PC\Portfolio\cibil_web_scrapping_automation
2025-11-02 19:01:20,451 - INFO - Write path: C:\Users\piyush gala\PC\Portfolio\cibil_web_scrapping_automation
2025-11-02 19:01:20,452 - INFO - â–¶ Running script...
2025-11-02 19:01:20,452 - INFO - Running script...
2025-11-02 19:01:20,454 - INFO - Selected Configurations: 
state type: state, 
Defaulters type: >25 lacs, 
Date: 31-08-25, 
Timeout: 60 seconds
2025-11-02 19:01:20,454 - INFO - All States: {'HONG KONG', 'SOUTH AFRICA', 'ANDAMAN AND NICOBAR ISLANDS', 'OBU', 'DAMAN AND DIU', 'BELGIUM', 'AMSTERDAM', 'MIZORAM', 'GOA', 'NEW YORK', 'SRI LANKA', 'MANCHESTER', 'ABCD', 'TELANGANA', 'ANDHRA PRADESH', 'UNITED KINGDOM', 'SIKKIM', 'KINGDOM OF BAHRAIN', 'PONDICHERRY', 'THAILAND', 'NEW DELHI', 'ASSAM', 'MANIPUR', 'PUDUCHERRY', 'JHARKHAND', 'TAMIL NADU', 'HIMACHAL PRADESH', 'HYDERABAD', 'PUNJAB', 'DUBAI, UAE', 'LUXEMBOURG', 'TRIPURA', 'MAHARASHTRA', 'LONDON', 'MISSISSIPPI, USA', 'NAGALAND', 'UTAH', 'GERMANY', 'BAHRAIN', 'UTTARAKHAND', 'KARNATAKA', 'CAYMAN ISLAND', 'ATLANTA, USA', 'SINGAPORE', 'ROHTAK', 'OMAN', 'JAKARTA', 'CYPRUS', 'QATAR', 'CHANDIGARH', 'DUBAI', 'LAKSHADWEEP', 'KERALA', 'CHANDIGARH (U.T.) & DELHI', 'DELHI', 'BANGLADESH', 'UNITED STATES OF AMERICA', 'ARUNACHAL PRADESH', 'NOT REPORTED', 'RAJASTHAN', 'WASHINGTON', 'OVERSEAS', 'CHANDIGARH & DELHI', 'ISRAEL', 'DADRA AND NAGAR HAVELI', 'UNITED ARAB EMIRATES', 'MADHYA PRADESH', 'BHOPAL', 'ORISSA', 'MALDIVES', 'BRITISH VIRGIN ISLAND', 'UTTARANCHAL', 'COLOMBO', 'AUSTRALIA', 'CHHATTISGARH', 'ENGLAND', 'JAPAN', 'GUJARAT', 'JAMMU & KASHMIR', 'PANAMA', 'MEGHALAYA', 'BANGKOK', 'BIHAR', 'HARYANA', 'UNITED ARAB EMIRATES UAE', 'UTTAR PRADESH', 'WEST BENGAL'}
2025-11-02 19:01:20,455 - INFO - Selected States: ['ANDHRA PRADESH', 'ARUNACHAL PRADESH', 'BIHAR', 'GOA', 'GUJARAT', 'MAHARASHTRA']
2025-11-02 19:01:20,455 - INFO - â–¶ Starting batch search for date: 31-08-25
2025-11-02 19:01:20,456 - INFO - Running automation for State: ANDHRA PRADESH, Date: 31-08-25, Defaulters type: >25 lacs
2025-11-02 19:01:22,146 - INFO - Browser launched.
2025-11-02 19:01:46,258 - INFO - Page loaded.
2025-11-02 19:01:46,258 - INFO - â–¶ Performing search for date:31-08-25, state:ANDHRA PRADESH, Defaulters type:>25 lacs
2025-11-02 19:01:50,268 - INFO - â–¶ Waiting for search results...
2025-11-02 19:01:58,633 - INFO - Pagination text: View 1 - 1,000 of 1,339
2025-11-02 19:01:58,634 - INFO - Fetched: 1000, Total: 1339
2025-11-02 19:01:58,635 - INFO - â–¶ Fetched 1000 out of 1339 rows.
2025-11-02 19:01:58,635 - INFO - Pagination limit: 2
2025-11-02 19:01:58,636 - INFO - Raw Data for ANDHRA PRADESH already exists. Skipping raw table extraction.
2025-11-02 19:01:58,636 - INFO - Found 2 raw Excel files for ANDHRA PRADESH
2025-11-02 19:01:59,086 - INFO - Directors already extracted for row 1, skipping...
2025-11-02 19:01:59,087 - INFO - Directors already extracted for row 2, skipping...
2025-11-02 19:01:59,088 - INFO - Directors already extracted for row 3, skipping...
2025-11-02 19:01:59,088 - INFO - Directors already extracted for row 4, skipping...
2025-11-02 19:01:59,089 - INFO - Directors already extracted for row 5, skipping...
2025-11-02 19:01:59,089 - INFO - Directors already extracted for row 6, skipping...
2025-11-02 19:01:59,090 - INFO - Directors already extracted for row 7, skipping...
2025-11-02 19:01:59,090 - INFO - Directors already extracted for row 8, skipping...
2025-11-02 19:01:59,091 - INFO - Directors already extracted for row 9, skipping...
2025-11-02 19:01:59,091 - INFO - Directors already extracted for row 10, skipping...
2025-11-02 19:01:59,092 - INFO - Directors already extracted for row 11, skipping...
2025-11-02 19:01:59,146 - INFO - âœ… Updated raw file saved with director info â†’ C:\Users\piyush gala\PC\Portfolio\cibil_web_scrapping_automation\fetched_data\raw\cibil_data__25_lacs_31-08-25_for_state\cibil_data_31-08-25_ANDHRA PRADESH_state_page_1.xlsx
2025-11-02 19:01:59,191 - INFO - Directors already extracted for row 1, skipping...
2025-11-02 19:01:59,192 - INFO - Directors already extracted for row 2, skipping...
2025-11-02 19:01:59,192 - INFO - Directors already extracted for row 3, skipping...
2025-11-02 19:01:59,193 - INFO - Directors already extracted for row 4, skipping...
2025-11-02 19:01:59,193 - INFO - Directors already extracted for row 5, skipping...
2025-11-02 19:01:59,194 - INFO - Directors already extracted for row 6, skipping...
2025-11-02 19:01:59,194 - INFO - Directors already extracted for row 7, skipping...
2025-11-02 19:01:59,195 - INFO - Directors already extracted for row 8, skipping...
2025-11-02 19:01:59,195 - INFO - Directors already extracted for row 9, skipping...
2025-11-02 19:01:59,196 - INFO - Directors already extracted for row 10, skipping...
2025-11-02 19:01:59,196 - INFO - Directors already extracted for row 11, skipping...
2025-11-02 19:01:59,249 - INFO - âœ… Updated raw file saved with director info â†’ C:\Users\piyush gala\PC\Portfolio\cibil_web_scrapping_automation\fetched_data\raw\cibil_data__25_lacs_31-08-25_for_state\cibil_data_31-08-25_ANDHRA PRADESH_state_page_2.xlsx
2025-11-02 19:01:59,865 - INFO - Running automation for State: ARUNACHAL PRADESH, Date: 31-08-25, Defaulters type: >25 lacs
2025-11-02 19:02:01,517 - INFO - Browser launched.
2025-11-02 19:02:22,031 - INFO - Page loaded.
2025-11-02 19:02:22,032 - INFO - â–¶ Performing search for date:31-08-25, state:ARUNACHAL PRADESH, Defaulters type:>25 lacs
2025-11-02 19:02:36,422 - INFO - â–¶ Waiting for search results...
2025-11-02 19:02:45,057 - INFO - Pagination text: View 1 - 6 of 6
2025-11-02 19:02:45,057 - INFO - Fetched: 6, Total: 6
2025-11-02 19:02:45,058 - INFO - â–¶ Fetched 6 out of 6 rows.
2025-11-02 19:02:45,058 - INFO - Pagination limit: 1
2025-11-02 19:02:45,059 - INFO - Raw Data for ARUNACHAL PRADESH already exists. Skipping raw table extraction.
2025-11-02 19:02:45,059 - INFO - Found 1 raw Excel files for ARUNACHAL PRADESH
2025-11-02 19:02:45,100 - INFO - Directors already extracted for row 1, skipping...
2025-11-02 19:02:45,101 - INFO - Directors already extracted for row 2, skipping...
2025-11-02 19:02:45,101 - INFO - Directors already extracted for row 3, skipping...
2025-11-02 19:02:45,102 - INFO - Directors already extracted for row 4, skipping...
2025-11-02 19:02:45,102 - INFO - Directors already extracted for row 5, skipping...
2025-11-02 19:02:45,103 - INFO - Directors already extracted for row 6, skipping...
2025-11-02 19:02:45,129 - INFO - âœ… Updated raw file saved with director info â†’ C:\Users\piyush gala\PC\Portfolio\cibil_web_scrapping_automation\fetched_data\raw\cibil_data__25_lacs_31-08-25_for_state\cibil_data_31-08-25_ARUNACHAL PRADESH_state_page_1.xlsx
2025-11-02 19:02:45,675 - INFO - Running automation for State: BIHAR, Date: 31-08-25, Defaulters type: >25 lacs
2025-11-02 19:02:47,397 - INFO - Browser launched.
2025-11-02 19:03:09,577 - INFO - Page loaded.
2025-11-02 19:03:09,577 - INFO - â–¶ Performing search for date:31-08-25, state:BIHAR, Defaulters type:>25 lacs
2025-11-02 19:03:20,666 - INFO - â–¶ Waiting for search results...
2025-11-02 19:03:41,461 - INFO - Pagination text: View 1 - 125 of 125
2025-11-02 19:03:41,461 - INFO - Fetched: 125, Total: 125
2025-11-02 19:03:41,461 - INFO - â–¶ Fetched 125 out of 125 rows.
2025-11-02 19:03:41,462 - INFO - Pagination limit: 1
2025-11-02 19:03:41,463 - INFO - Raw Data for BIHAR already exists. Skipping raw table extraction.
2025-11-02 19:03:41,463 - INFO - Found 1 raw Excel files for BIHAR
2025-11-02 19:03:41,505 - INFO - Directors already extracted for row 1, skipping...
2025-11-02 19:03:41,506 - INFO - Directors already extracted for row 2, skipping...
2025-11-02 19:03:41,506 - INFO - Directors already extracted for row 3, skipping...
2025-11-02 19:03:41,507 - INFO - Directors already extracted for row 4, skipping...
2025-11-02 19:03:41,507 - INFO - Directors already extracted for row 5, skipping...
2025-11-02 19:03:41,508 - INFO - Directors already extracted for row 6, skipping...
2025-11-02 19:03:41,508 - INFO - Directors already extracted for row 7, skipping...
2025-11-02 19:03:41,509 - INFO - Directors already extracted for row 8, skipping...
2025-11-02 19:03:41,510 - INFO - Directors already extracted for row 9, skipping...
2025-11-02 19:03:41,510 - INFO - Directors already extracted for row 10, skipping...
2025-11-02 19:03:41,511 - INFO - Directors already extracted for row 11, skipping...
2025-11-02 19:03:41,554 - INFO - âœ… Updated raw file saved with director info â†’ C:\Users\piyush gala\PC\Portfolio\cibil_web_scrapping_automation\fetched_data\raw\cibil_data__25_lacs_31-08-25_for_state\cibil_data_31-08-25_BIHAR_state_page_1.xlsx
2025-11-02 19:03:42,100 - INFO - Running automation for State: GOA, Date: 31-08-25, Defaulters type: >25 lacs
2025-11-02 19:03:43,868 - INFO - Browser launched.
2025-11-02 19:04:03,673 - INFO - Page loaded.
2025-11-02 19:04:03,674 - INFO - â–¶ Performing search for date:31-08-25, state:GOA, Defaulters type:>25 lacs
2025-11-02 19:04:20,616 - INFO - â–¶ Waiting for search results...
2025-11-02 19:04:28,281 - INFO - Pagination text: View 1 - 25 of 25
2025-11-02 19:04:28,281 - INFO - Fetched: 25, Total: 25
2025-11-02 19:04:28,282 - INFO - â–¶ Fetched 25 out of 25 rows.
2025-11-02 19:04:28,282 - INFO - Pagination limit: 1
2025-11-02 19:04:28,283 - INFO - Raw Data for GOA already exists. Skipping raw table extraction.
2025-11-02 19:04:28,283 - INFO - Found 1 raw Excel files for GOA
2025-11-02 19:04:28,331 - INFO - Directors already extracted for row 1, skipping...
2025-11-02 19:04:28,331 - INFO - Directors already extracted for row 2, skipping...
2025-11-02 19:04:28,332 - INFO - Directors already extracted for row 3, skipping...
2025-11-02 19:04:28,332 - INFO - Directors already extracted for row 4, skipping...
2025-11-02 19:04:28,333 - INFO - Directors already extracted for row 5, skipping...
2025-11-02 19:04:28,333 - INFO - Directors already extracted for row 6, skipping...
2025-11-02 19:04:28,334 - INFO - Directors already extracted for row 7, skipping...
2025-11-02 19:04:28,334 - INFO - Directors already extracted for row 8, skipping...
2025-11-02 19:04:28,335 - INFO - Directors already extracted for row 9, skipping...
2025-11-02 19:04:28,335 - INFO - Directors already extracted for row 10, skipping...
2025-11-02 19:04:28,336 - INFO - Directors already extracted for row 11, skipping...
2025-11-02 19:04:28,383 - INFO - âœ… Updated raw file saved with director info â†’ C:\Users\piyush gala\PC\Portfolio\cibil_web_scrapping_automation\fetched_data\raw\cibil_data__25_lacs_31-08-25_for_state\cibil_data_31-08-25_GOA_state_page_1.xlsx
2025-11-02 19:04:28,908 - INFO - Running automation for State: GUJARAT, Date: 31-08-25, Defaulters type: >25 lacs
2025-11-02 19:04:30,621 - INFO - Browser launched.
2025-11-02 19:04:31,861 - INFO - Page loaded.
2025-11-02 19:04:31,862 - INFO - â–¶ Performing search for date:31-08-25, state:GUJARAT, Defaulters type:>25 lacs
2025-11-02 19:04:35,811 - INFO - â–¶ Waiting for search results...
2025-11-02 19:04:43,518 - INFO - Pagination text: View 1 - 1,000 of 1,233
2025-11-02 19:04:43,518 - INFO - Fetched: 1000, Total: 1233
2025-11-02 19:04:43,519 - INFO - â–¶ Fetched 1000 out of 1233 rows.
2025-11-02 19:04:43,519 - INFO - Pagination limit: 2
2025-11-02 19:04:43,520 - INFO - Data for GUJARAT, page 1 already exists. Skipping page extraction.
2025-11-02 19:05:47,399 - INFO - â–¶ Extracting table data...
2025-11-02 19:05:47,428 - INFO - Found 233 rows for state: GUJARAT, page: 2.
2025-11-02 19:05:47,793 - INFO - Row 1/233 extracted for GUJARAT.
2025-11-02 19:05:48,166 - INFO - Row 2/233 extracted for GUJARAT.
2025-11-02 19:05:48,527 - INFO - Row 3/233 extracted for GUJARAT.
2025-11-02 19:05:48,882 - INFO - Row 4/233 extracted for GUJARAT.
2025-11-02 19:05:49,238 - INFO - Row 5/233 extracted for GUJARAT.
2025-11-02 19:05:49,598 - INFO - Row 6/233 extracted for GUJARAT.
2025-11-02 19:05:49,927 - INFO - Row 7/233 extracted for GUJARAT.
2025-11-02 19:05:50,242 - INFO - Row 8/233 extracted for GUJARAT.
2025-11-02 19:05:50,569 - INFO - Row 9/233 extracted for GUJARAT.
2025-11-02 19:05:50,897 - INFO - Row 10/233 extracted for GUJARAT.
2025-11-02 19:05:51,226 - INFO - Row 11/233 extracted for GUJARAT.
2025-11-02 19:05:51,227 - ERROR - âš ï¸ Incomplete data: captured 11 of 233 rows for GUJARAT (page 2).
2025-11-02 19:05:51,279 - INFO - Saved 11 rows to cibil_data_31-08-25_GUJARAT_state_page_2.xlsx
2025-11-02 19:05:51,286 - INFO - â–¶ Next button is disabled, reached last page.
2025-11-02 19:05:53,290 - INFO - Found 2 raw Excel files for GUJARAT
2025-11-02 19:05:53,319 - INFO - â–¶ Extracting directors for row 1: MANAN AUTO LINK PRIVATE LIMITED
2025-11-02 19:05:53,511 - INFO - Loader disappeared.
2025-11-02 19:05:54,552 - INFO - Found 2 director rows.
2025-11-02 19:05:54,660 - INFO - Successfully extracted director data.
2025-11-02 19:05:54,879 - INFO - âš ï¸ Could not navigate back, reloading page...
2025-11-02 19:06:00,235 - INFO - Loader disappeared.
2025-11-02 19:06:01,261 - INFO - ðŸ”„ Page reloaded successfully.
2025-11-02 19:06:01,273 - INFO - â–¶ Extracting directors for row 2: SOGO SERAMICS PVT. LTD.
2025-11-02 19:06:01,458 - INFO - Loader disappeared.
2025-11-02 19:06:02,487 - INFO - Found 4 director rows.
2025-11-02 19:06:02,676 - INFO - Successfully extracted director data.
2025-11-02 19:06:02,901 - INFO - âš ï¸ Could not navigate back, reloading page...
2025-11-02 19:06:08,842 - INFO - Loader disappeared.
2025-11-02 19:06:09,863 - INFO - ðŸ”„ Page reloaded successfully.
2025-11-02 19:06:09,865 - INFO - â–¶ Extracting directors for row 3: RADHIKA COTTEX PRIVATE LTD.
2025-11-02 19:06:10,046 - INFO - Loader disappeared.
2025-11-02 19:06:11,075 - INFO - Found 6 director rows.
2025-11-02 19:06:11,355 - INFO - Successfully extracted director data.
2025-11-02 19:06:11,580 - INFO - âš ï¸ Could not navigate back, reloading page...
2025-11-02 19:06:17,211 - INFO - Loader disappeared.
2025-11-02 19:06:18,225 - INFO - ðŸ”„ Page reloaded successfully.
2025-11-02 19:06:18,226 - INFO - â–¶ Extracting directors for row 4: RAANEESAA DESIGNER PRIVATE LIM
2025-11-02 19:06:18,418 - INFO - Loader disappeared.
2025-11-02 19:06:19,448 - INFO - Found 3 director rows.
2025-11-02 19:06:19,586 - INFO - Successfully extracted director data.
2025-11-02 19:06:19,809 - INFO - âš ï¸ Could not navigate back, reloading page...
2025-11-02 19:06:25,244 - INFO - Loader disappeared.
2025-11-02 19:06:26,245 - INFO - ðŸ”„ Page reloaded successfully.
2025-11-02 19:06:26,246 - INFO - â–¶ Extracting directors for row 5: ROHINI OIL MILL
2025-11-02 19:06:26,421 - INFO - Loader disappeared.
2025-11-02 19:06:27,518 - INFO - Found 2 director rows.
2025-11-02 19:06:27,627 - INFO - Successfully extracted director data.
2025-11-02 19:06:27,852 - INFO - âš ï¸ Could not navigate back, reloading page...
2025-11-02 19:06:33,535 - INFO - Loader disappeared.
2025-11-02 19:06:34,536 - INFO - ðŸ”„ Page reloaded successfully.
2025-11-02 19:06:34,612 - INFO - Checkpoint saved at row 5 for C:\Users\piyush gala\PC\Portfolio\cibil_web_scrapping_automation\fetched_data\raw\cibil_data__25_lacs_31-08-25_for_state\cibil_data_31-08-25_GUJARAT_state_page_1.xlsx
2025-11-02 19:06:34,632 - INFO - âœ… Updated raw file saved with director info â†’ C:\Users\piyush gala\PC\Portfolio\cibil_web_scrapping_automation\fetched_data\raw\cibil_data__25_lacs_31-08-25_for_state\cibil_data_31-08-25_GUJARAT_state_page_1.xlsx
2025-11-02 19:06:34,678 - INFO - â–¶ Extracting directors for row 1: Om Trading
2025-11-02 19:06:34,869 - INFO - Loader disappeared.
2025-11-02 19:06:35,900 - INFO - Found 2 director rows.
2025-11-02 19:06:36,028 - INFO - Successfully extracted director data.
2025-11-02 19:06:36,254 - INFO - âš ï¸ Could not navigate back, reloading page...
2025-11-02 19:06:41,942 - INFO - Loader disappeared.
2025-11-02 19:06:42,943 - INFO - ðŸ”„ Page reloaded successfully.
2025-11-02 19:06:42,944 - INFO - â–¶ Extracting directors for row 2: Navrang Roadlines Pvt. Ltd.
2025-11-02 19:06:43,122 - INFO - Loader disappeared.
2025-11-02 19:06:44,154 - INFO - Found 2 director rows.
2025-11-02 19:06:44,256 - INFO - Successfully extracted director data.
2025-11-02 19:06:44,477 - INFO - âš ï¸ Could not navigate back, reloading page...
2025-11-02 19:06:49,862 - INFO - Loader disappeared.
2025-11-02 19:06:50,863 - INFO - ðŸ”„ Page reloaded successfully.
2025-11-02 19:06:50,865 - INFO - â–¶ Extracting directors for row 3: New Infra Mobile Care
2025-11-02 19:06:51,037 - INFO - Loader disappeared.
2025-11-02 19:06:52,065 - INFO - Found 1 director rows.
2025-11-02 19:06:52,118 - INFO - Successfully extracted director data.
2025-11-02 19:06:52,333 - INFO - âš ï¸ Could not navigate back, reloading page...
2025-11-02 19:06:57,772 - INFO - Loader disappeared.
2025-11-02 19:06:58,775 - INFO - ðŸ”„ Page reloaded successfully.
2025-11-02 19:06:58,776 - INFO - â–¶ Extracting directors for row 4: Shree Jagdish Dugdhalaya
2025-11-02 19:06:58,967 - INFO - Loader disappeared.
2025-11-02 19:06:59,997 - INFO - Found 1 director rows.
2025-11-02 19:07:00,065 - INFO - Successfully extracted director data.
2025-11-02 19:07:00,280 - INFO - âš ï¸ Could not navigate back, reloading page...
2025-11-02 19:07:05,627 - INFO - Loader disappeared.
2025-11-02 19:07:06,642 - INFO - ðŸ”„ Page reloaded successfully.
2025-11-02 19:07:06,643 - INFO - â–¶ Extracting directors for row 5: WADHWA EXPORTS
2025-11-02 19:07:06,865 - INFO - Loader disappeared.
2025-11-02 19:07:09,233 - INFO - Found 2 director rows.
2025-11-02 19:07:09,338 - INFO - Successfully extracted director data.
2025-11-02 19:07:09,564 - INFO - âš ï¸ Could not navigate back, reloading page...
2025-11-02 19:07:14,913 - INFO - Loader disappeared.
2025-11-02 19:07:15,930 - INFO - ðŸ”„ Page reloaded successfully.
2025-11-02 19:07:15,984 - INFO - Checkpoint saved at row 5 for C:\Users\piyush gala\PC\Portfolio\cibil_web_scrapping_automation\fetched_data\raw\cibil_data__25_lacs_31-08-25_for_state\cibil_data_31-08-25_GUJARAT_state_page_2.xlsx
2025-11-02 19:07:15,985 - INFO - â–¶ Extracting directors for row 6: Yana Textile
2025-11-02 19:07:16,171 - INFO - Loader disappeared.
2025-11-02 19:07:17,200 - INFO - Found 3 director rows.
2025-11-02 19:07:17,358 - INFO - Successfully extracted director data.
2025-11-02 19:07:17,572 - INFO - âš ï¸ Could not navigate back, reloading page...
2025-11-02 19:07:23,080 - INFO - Loader disappeared.
2025-11-02 19:07:24,081 - INFO - ðŸ”„ Page reloaded successfully.
2025-11-02 19:07:24,083 - INFO - â–¶ Extracting directors for row 7: Desai Developers Pvt Ltd
2025-11-02 19:07:24,861 - INFO - Loader disappeared.
2025-11-02 19:07:26,150 - INFO - Found 5 director rows.
2025-11-02 19:07:26,418 - INFO - Successfully extracted director data.
2025-11-02 19:07:26,646 - INFO - âš ï¸ Could not navigate back, reloading page...
2025-11-02 19:07:32,109 - INFO - Loader disappeared.
2025-11-02 19:07:33,110 - INFO - ðŸ”„ Page reloaded successfully.
2025-11-02 19:07:33,111 - INFO - â–¶ Extracting directors for row 8: Fabtech Manufacturing Pvt  Ltd
2025-11-02 19:07:33,577 - INFO - Loader disappeared.
2025-11-02 19:07:34,609 - INFO - Found 7 director rows.
2025-11-02 19:07:34,956 - INFO - Successfully extracted director data.
2025-11-02 19:07:35,172 - INFO - âš ï¸ Could not navigate back, reloading page...
2025-11-02 19:07:41,391 - INFO - Loader disappeared.
2025-11-02 19:07:42,392 - INFO - ðŸ”„ Page reloaded successfully.
2025-11-02 19:07:42,394 - INFO - â–¶ Extracting directors for row 9: Gurukrupa Engineering
2025-11-02 19:07:42,582 - INFO - Loader disappeared.
2025-11-02 19:07:43,938 - INFO - Found 1 director rows.
2025-11-02 19:07:44,011 - INFO - Successfully extracted director data.
2025-11-02 19:07:44,231 - INFO - âš ï¸ Could not navigate back, reloading page...
2025-11-02 19:07:50,021 - INFO - Loader disappeared.
2025-11-02 19:07:51,039 - INFO - ðŸ”„ Page reloaded successfully.
2025-11-02 19:07:51,040 - INFO - â–¶ Extracting directors for row 10: K K Creation Export Pvt Ltd
2025-11-02 19:07:51,531 - INFO - Loader disappeared.
2025-11-02 19:07:52,562 - INFO - Found 2 director rows.
2025-11-02 19:07:52,661 - INFO - Successfully extracted director data.
2025-11-02 19:07:52,880 - INFO - âš ï¸ Could not navigate back, reloading page...
2025-11-02 19:07:58,277 - INFO - Loader disappeared.
2025-11-02 19:07:59,278 - INFO - ðŸ”„ Page reloaded successfully.
2025-11-02 19:07:59,324 - INFO - Checkpoint saved at row 10 for C:\Users\piyush gala\PC\Portfolio\cibil_web_scrapping_automation\fetched_data\raw\cibil_data__25_lacs_31-08-25_for_state\cibil_data_31-08-25_GUJARAT_state_page_2.xlsx
2025-11-02 19:07:59,325 - INFO - â–¶ Extracting directors for row 11: Anmol Bulk Carrier
2025-11-02 19:07:59,728 - INFO - Loader disappeared.
2025-11-02 19:08:00,755 - INFO - Found 1 director rows.
2025-11-02 19:08:00,817 - INFO - Successfully extracted director data.
2025-11-02 19:08:01,038 - INFO - âš ï¸ Could not navigate back, reloading page...
2025-11-02 19:08:06,436 - INFO - Loader disappeared.
2025-11-02 19:08:07,438 - INFO - ðŸ”„ Page reloaded successfully.
2025-11-02 19:08:07,483 - INFO - âœ… Updated raw file saved with director info â†’ C:\Users\piyush gala\PC\Portfolio\cibil_web_scrapping_automation\fetched_data\raw\cibil_data__25_lacs_31-08-25_for_state\cibil_data_31-08-25_GUJARAT_state_page_2.xlsx
2025-11-02 19:08:08,047 - INFO - Running automation for State: MAHARASHTRA, Date: 31-08-25, Defaulters type: >25 lacs
2025-11-02 19:08:09,904 - INFO - Browser launched.
2025-11-02 19:08:11,684 - INFO - Page loaded.
2025-11-02 19:08:11,684 - INFO - â–¶ Performing search for date:31-08-25, state:MAHARASHTRA, Defaulters type:>25 lacs
2025-11-02 19:08:15,071 - INFO - â–¶ Waiting for search results...
2025-11-02 19:08:22,755 - INFO - Pagination text: View 1 - 1,000 of 3,659
2025-11-02 19:08:22,755 - INFO - Fetched: 1000, Total: 3659
2025-11-02 19:08:22,756 - INFO - â–¶ Fetched 1000 out of 3659 rows.
2025-11-02 19:08:22,756 - INFO - Pagination limit: 4
2025-11-02 19:08:22,756 - INFO - Raw Data for MAHARASHTRA already exists. Skipping raw table extraction.
2025-11-02 19:08:22,757 - INFO - Found 4 raw Excel files for MAHARASHTRA
2025-11-02 19:08:22,806 - INFO - Directors already extracted for row 1, skipping...
2025-11-02 19:08:22,807 - INFO - Directors already extracted for row 2, skipping...
2025-11-02 19:08:22,807 - INFO - Directors already extracted for row 3, skipping...
2025-11-02 19:08:22,808 - INFO - Directors already extracted for row 4, skipping...
2025-11-02 19:08:22,808 - INFO - Directors already extracted for row 5, skipping...
2025-11-02 19:08:22,809 - INFO - Directors already extracted for row 6, skipping...
2025-11-02 19:08:22,810 - INFO - Directors already extracted for row 7, skipping...
2025-11-02 19:08:22,810 - INFO - Directors already extracted for row 8, skipping...
2025-11-02 19:08:22,811 - INFO - Directors already extracted for row 9, skipping...
2025-11-02 19:08:22,811 - INFO - Directors already extracted for row 10, skipping...
2025-11-02 19:08:22,812 - INFO - Directors already extracted for row 11, skipping...
2025-11-02 19:08:22,856 - INFO - âœ… Updated raw file saved with director info â†’ C:\Users\piyush gala\PC\Portfolio\cibil_web_scrapping_automation\fetched_data\raw\cibil_data__25_lacs_31-08-25_for_state\cibil_data_31-08-25_MAHARASHTRA_state_page_1.xlsx
2025-11-02 19:08:22,897 - INFO - Directors already extracted for row 1, skipping...
2025-11-02 19:08:22,898 - INFO - Directors already extracted for row 2, skipping...
2025-11-02 19:08:22,899 - INFO - Directors already extracted for row 3, skipping...
2025-11-02 19:08:22,899 - INFO - Directors already extracted for row 4, skipping...
2025-11-02 19:08:22,900 - INFO - Directors already extracted for row 5, skipping...
2025-11-02 19:08:22,901 - INFO - Directors already extracted for row 6, skipping...
2025-11-02 19:08:22,901 - INFO - Directors already extracted for row 7, skipping...
2025-11-02 19:08:22,902 - INFO - Directors already extracted for row 8, skipping...
2025-11-02 19:08:22,902 - INFO - Directors already extracted for row 9, skipping...
2025-11-02 19:08:22,903 - INFO - Directors already extracted for row 10, skipping...
2025-11-02 19:08:22,904 - INFO - Directors already extracted for row 11, skipping...
2025-11-02 19:08:22,949 - INFO - âœ… Updated raw file saved with director info â†’ C:\Users\piyush gala\PC\Portfolio\cibil_web_scrapping_automation\fetched_data\raw\cibil_data__25_lacs_31-08-25_for_state\cibil_data_31-08-25_MAHARASHTRA_state_page_2.xlsx
2025-11-02 19:08:22,989 - INFO - Directors already extracted for row 1, skipping...
2025-11-02 19:08:22,989 - INFO - Directors already extracted for row 2, skipping...
2025-11-02 19:08:22,990 - INFO - Directors already extracted for row 3, skipping...
2025-11-02 19:08:22,990 - INFO - Directors already extracted for row 4, skipping...
2025-11-02 19:08:22,991 - INFO - Directors already extracted for row 5, skipping...
2025-11-02 19:08:22,991 - INFO - Directors already extracted for row 6, skipping...
2025-11-02 19:08:22,992 - INFO - Directors already extracted for row 7, skipping...
2025-11-02 19:08:22,992 - INFO - Directors already extracted for row 8, skipping...
2025-11-02 19:08:22,993 - INFO - Directors already extracted for row 9, skipping...
2025-11-02 19:08:22,993 - INFO - Directors already extracted for row 10, skipping...
2025-11-02 19:08:22,994 - INFO - Directors already extracted for row 11, skipping...
2025-11-02 19:08:23,052 - INFO - âœ… Updated raw file saved with director info â†’ C:\Users\piyush gala\PC\Portfolio\cibil_web_scrapping_automation\fetched_data\raw\cibil_data__25_lacs_31-08-25_for_state\cibil_data_31-08-25_MAHARASHTRA_state_page_3.xlsx
2025-11-02 19:08:23,093 - INFO - Directors already extracted for row 1, skipping...
2025-11-02 19:08:23,094 - INFO - Directors already extracted for row 2, skipping...
2025-11-02 19:08:23,094 - INFO - Directors already extracted for row 3, skipping...
2025-11-02 19:08:23,095 - INFO - Directors already extracted for row 4, skipping...
2025-11-02 19:08:23,096 - INFO - Directors already extracted for row 5, skipping...
2025-11-02 19:08:23,096 - INFO - Directors already extracted for row 6, skipping...
2025-11-02 19:08:23,097 - INFO - Directors already extracted for row 7, skipping...
2025-11-02 19:08:23,097 - INFO - Directors already extracted for row 8, skipping...
2025-11-02 19:08:23,098 - INFO - Directors already extracted for row 9, skipping...
2025-11-02 19:08:23,098 - INFO - Directors already extracted for row 10, skipping...
2025-11-02 19:08:23,099 - INFO - Directors already extracted for row 11, skipping...
2025-11-02 19:08:23,143 - INFO - âœ… Updated raw file saved with director info â†’ C:\Users\piyush gala\PC\Portfolio\cibil_web_scrapping_automation\fetched_data\raw\cibil_data__25_lacs_31-08-25_for_state\cibil_data_31-08-25_MAHARASHTRA_state_page_4.xlsx
