2025-11-02 15:48:25,052 - INFO - Running script...
2025-11-02 15:48:25,054 - INFO - Selected Configurations: 
state type: state, 
Defaulters type: >25 lacs, 
Date: 31-08-25, 
Timeout: 60 seconds
2025-11-02 15:48:25,054 - INFO - All States: {'UNITED ARAB EMIRATES', 'UTTAR PRADESH', 'WEST BENGAL', 'GERMANY', 'THAILAND', 'BHOPAL', 'ATLANTA, USA', 'AMSTERDAM', 'BIHAR', 'CHANDIGARH & DELHI', 'TAMIL NADU', 'PUNJAB', 'NEW YORK', 'PANAMA', 'HARYANA', 'NEW DELHI', 'JAMMU & KASHMIR', 'JAPAN', 'DAMAN AND DIU', 'ENGLAND', 'SINGAPORE', 'CHHATTISGARH', 'GUJARAT', 'AUSTRALIA', 'DELHI', 'MADHYA PRADESH', 'SIKKIM', 'UTAH', 'JHARKHAND', 'BRITISH VIRGIN ISLAND', 'PONDICHERRY', 'BANGLADESH', 'UNITED STATES OF AMERICA', 'TRIPURA', 'CAYMAN ISLAND', 'HYDERABAD', 'KINGDOM OF BAHRAIN', 'UNITED ARAB EMIRATES UAE', 'SRI LANKA', 'LUXEMBOURG', 'LAKSHADWEEP', 'QATAR', 'KARNATAKA', 'BAHRAIN', 'MALDIVES', 'NOT REPORTED', 'TELANGANA', 'DADRA AND NAGAR HAVELI', 'LONDON', 'GOA', 'OBU', 'OVERSEAS', 'DUBAI', 'MIZORAM', 'ISRAEL', 'COLOMBO', 'BELGIUM', 'MISSISSIPPI, USA', 'MANCHESTER', 'SOUTH AFRICA', 'HONG KONG', 'MEGHALAYA', 'JAKARTA', 'OMAN', 'ASSAM', 'ORISSA', 'UNITED KINGDOM', 'DUBAI, UAE', 'WASHINGTON', 'RAJASTHAN', 'CHANDIGARH (U.T.) & DELHI', 'UTTARAKHAND', 'BANGKOK', 'PUDUCHERRY', 'ROHTAK', 'MAHARASHTRA', 'HIMACHAL PRADESH', 'ARUNACHAL PRADESH', 'KERALA', 'ABCD', 'ANDAMAN AND NICOBAR ISLANDS', 'ANDHRA PRADESH', 'NAGALAND', 'CHANDIGARH', 'MANIPUR', 'UTTARANCHAL', 'CYPRUS'}
2025-11-02 15:48:25,065 - INFO - Selected States: ['ANDAMAN AND NICOBAR ISLANDS', 'ARUNACHAL PRADESH', 'GOA', 'GUJARAT']
2025-11-02 15:48:25,065 - INFO - Starting batch search for date: 31-08-25
2025-11-02 15:48:25,067 - INFO - Running automation for State: ANDAMAN AND NICOBAR ISLANDS, Date: 31-08-25, Defaulters type: >25 lacs
2025-11-02 15:48:26,797 - INFO - Browser launched.
2025-11-02 15:48:28,566 - INFO - Page loaded.
2025-11-02 15:48:28,567 - INFO - Performing search for date:31-08-25, state:ANDAMAN AND NICOBAR ISLANDS, Defaulters type:>25 lacs
2025-11-02 15:48:32,141 - INFO - Waiting for search results...
2025-11-02 15:48:32,168 - INFO - Loader disappeared after clicking Search.
2025-11-02 15:48:39,902 - INFO - Pagination text: View 1 - 2 of 2
2025-11-02 15:48:39,903 - INFO - Fetched: 2, Total: 2
2025-11-02 15:48:39,903 - INFO - Fetched 2 out of 2 rows.
2025-11-02 15:48:39,903 - INFO - Pagination limit: 1
2025-11-02 15:48:39,904 - INFO - Raw Data for ANDAMAN AND NICOBAR ISLANDS already exists. Skipping raw table extraction.
2025-11-02 15:48:40,409 - INFO - \u2705 Updated raw file saved with director info \u2192 C:\Users\piyush gala\PC\Portfolio\cibil_web_scrapping_automation\fetched_data\raw\cibil_data__25_lacs_31-08-25_for_state\cibil_data_31-08-25_ANDAMAN AND NICOBAR ISLANDS_state_page_1_20251102_151517.xlsx
2025-11-02 15:48:40,967 - INFO - Running automation for State: ARUNACHAL PRADESH, Date: 31-08-25, Defaulters type: >25 lacs
2025-11-02 15:48:42,757 - INFO - Browser launched.
2025-11-02 15:48:43,966 - INFO - Page loaded.
2025-11-02 15:48:43,967 - INFO - Performing search for date:31-08-25, state:ARUNACHAL PRADESH, Defaulters type:>25 lacs
2025-11-02 15:48:47,485 - INFO - Waiting for search results...
2025-11-02 15:48:47,514 - INFO - Loader disappeared after clicking Search.
2025-11-02 15:48:55,293 - INFO - Pagination text: View 1 - 6 of 6
2025-11-02 15:48:55,294 - INFO - Fetched: 6, Total: 6
2025-11-02 15:48:55,294 - INFO - Fetched 6 out of 6 rows.
2025-11-02 15:48:55,294 - INFO - Pagination limit: 1
2025-11-02 15:48:55,295 - INFO - Raw Data for ARUNACHAL PRADESH already exists. Skipping raw table extraction.
2025-11-02 15:48:55,362 - INFO - \u2705 Updated raw file saved with director info \u2192 C:\Users\piyush gala\PC\Portfolio\cibil_web_scrapping_automation\fetched_data\raw\cibil_data__25_lacs_31-08-25_for_state\cibil_data_31-08-25_ARUNACHAL PRADESH_state_page_1_20251102_151551.xlsx
2025-11-02 15:48:55,883 - INFO - Running automation for State: GOA, Date: 31-08-25, Defaulters type: >25 lacs
2025-11-02 15:48:57,770 - INFO - Browser launched.
2025-11-02 15:48:58,981 - INFO - Page loaded.
2025-11-02 15:48:58,981 - INFO - Performing search for date:31-08-25, state:GOA, Defaulters type:>25 lacs
2025-11-02 15:49:02,587 - INFO - Waiting for search results...
2025-11-02 15:49:02,621 - INFO - Loader disappeared after clicking Search.
2025-11-02 15:49:10,413 - INFO - Pagination text: View 1 - 25 of 25
2025-11-02 15:49:10,414 - INFO - Fetched: 25, Total: 25
2025-11-02 15:49:10,414 - INFO - Fetched 25 out of 25 rows.
2025-11-02 15:49:10,414 - INFO - Pagination limit: 1
2025-11-02 15:49:10,415 - INFO - Raw Data for GOA already exists. Skipping raw table extraction.
2025-11-02 15:49:10,483 - INFO - \u2705 Updated raw file saved with director info \u2192 C:\Users\piyush gala\PC\Portfolio\cibil_web_scrapping_automation\fetched_data\raw\cibil_data__25_lacs_31-08-25_for_state\cibil_data_31-08-25_GOA_state_page_1_20251102_151657.xlsx
2025-11-02 15:49:11,087 - INFO - Running automation for State: GUJARAT, Date: 31-08-25, Defaulters type: >25 lacs
2025-11-02 15:49:12,962 - INFO - Browser launched.
2025-11-02 15:49:14,096 - INFO - Page loaded.
2025-11-02 15:49:14,097 - INFO - Performing search for date:31-08-25, state:GUJARAT, Defaulters type:>25 lacs
2025-11-02 15:49:17,951 - INFO - Waiting for search results...
2025-11-02 15:49:17,978 - INFO - Loader disappeared after clicking Search.
2025-11-02 15:49:25,846 - INFO - Pagination text: View 1 - 1,000 of 1,233
2025-11-02 15:49:25,846 - INFO - Fetched: 1000, Total: 1233
2025-11-02 15:49:25,848 - INFO - Fetched 1000 out of 1233 rows.
2025-11-02 15:49:25,848 - INFO - Pagination limit: 2
2025-11-02 15:49:25,849 - INFO - \u25b6 Extracting table data...
2025-11-02 15:49:25,896 - INFO - Found 1000 rows for state: GUJARAT, page: 1.
2025-11-02 15:49:26,631 - INFO - Row 1/1000 extracted for GUJARAT.
2025-11-02 15:49:27,384 - INFO - Row 2/1000 extracted for GUJARAT.
2025-11-02 15:49:27,994 - INFO - Row 3/1000 extracted for GUJARAT.
2025-11-02 15:49:28,016 - INFO - Saved 3 rows to cibil_data_31-08-25_GUJARAT_state_page_1.xlsx
2025-11-02 15:50:31,361 - INFO - \u25b6 Extracting table data...
2025-11-02 15:50:31,388 - INFO - Found 233 rows for state: GUJARAT, page: 2.
2025-11-02 15:50:31,803 - INFO - Row 1/233 extracted for GUJARAT.
2025-11-02 15:50:32,205 - INFO - Row 2/233 extracted for GUJARAT.
2025-11-02 15:50:32,576 - INFO - Row 3/233 extracted for GUJARAT.
2025-11-02 15:50:32,598 - INFO - Saved 3 rows to cibil_data_31-08-25_GUJARAT_state_page_2.xlsx
2025-11-02 15:50:32,607 - INFO - \u25b6 Next button is disabled, reached last page.
2025-11-02 15:50:37,366 - INFO - Loader disappeared.
2025-11-02 15:50:38,402 - INFO - Found 2 director rows.
2025-11-02 15:50:38,520 - INFO - Successfully extracted director data.
2025-11-02 15:50:45,448 - INFO - Loader disappeared.
2025-11-02 15:50:46,618 - INFO - Loader disappeared.
2025-11-02 15:50:47,655 - INFO - Found 4 director rows.
2025-11-02 15:50:47,859 - INFO - Successfully extracted director data.
2025-11-02 15:50:55,514 - INFO - Loader disappeared.
2025-11-02 15:50:56,755 - INFO - Loader disappeared.
2025-11-02 15:50:59,116 - INFO - Found 6 director rows.
2025-11-02 15:50:59,395 - INFO - Successfully extracted director data.
2025-11-02 15:51:05,564 - INFO - Loader disappeared.
2025-11-02 15:51:06,596 - INFO - \u2705 Updated raw file saved with director info \u2192 C:\Users\piyush gala\PC\Portfolio\cibil_web_scrapping_automation\fetched_data\raw\cibil_data__25_lacs_31-08-25_for_state\cibil_data_31-08-25_GUJARAT_state_page_1.xlsx
2025-11-02 15:51:06,956 - INFO - Loader disappeared.
2025-11-02 15:51:07,988 - INFO - Found 2 director rows.
2025-11-02 15:51:08,089 - INFO - Successfully extracted director data.
2025-11-02 15:51:13,688 - INFO - Loader disappeared.
2025-11-02 15:51:14,863 - INFO - Loader disappeared.
2025-11-02 15:51:15,898 - INFO - Found 2 director rows.
2025-11-02 15:51:15,996 - INFO - Successfully extracted director data.
2025-11-02 15:51:21,836 - INFO - Loader disappeared.
2025-11-02 15:51:23,042 - INFO - Loader disappeared.
2025-11-02 15:51:24,071 - INFO - Found 1 director rows.
2025-11-02 15:51:24,124 - INFO - Successfully extracted director data.
2025-11-02 15:51:30,206 - INFO - Loader disappeared.
2025-11-02 15:51:31,229 - INFO - \u2705 Updated raw file saved with director info \u2192 C:\Users\piyush gala\PC\Portfolio\cibil_web_scrapping_automation\fetched_data\raw\cibil_data__25_lacs_31-08-25_for_state\cibil_data_31-08-25_GUJARAT_state_page_2.xlsx
2025-11-02 15:51:31,832 - INFO - Current working folder: C:\Users\piyush gala\PC\Portfolio\cibil_web_scrapping_automation\fetched_data\raw
2025-11-02 15:51:31,834 - INFO - Folders found for processing: [WindowsPath('C:/Users/piyush gala/PC/Portfolio/cibil_web_scrapping_automation/fetched_data/raw/cibil_data__25_lacs_31-08-25_for_state')]
2025-11-02 15:51:31,835 - INFO - All states loaded successfully: 87 states found.
2025-11-02 15:51:31,835 - WARNING - Could not parse state/date from cibil_data_31-08-25_ANDAMAN AND NICOBAR ISLANDS_state_page_1_20251102_151517.xlsx: 'directors' is not in list
Traceback (most recent call last):
  File "C:\Users\piyush gala\PC\Portfolio\cibil_web_scrapping_automation\utilities\merger.py", line 54, in merge_data
    date_index = parts.index("directors") + 1
                 ~~~~~~~~~~~^^^^^^^^^^^^^
ValueError: 'directors' is not in list
2025-11-02 15:51:31,838 - WARNING - Could not parse state/date from cibil_data_31-08-25_ARUNACHAL PRADESH_state_page_1_20251102_151551.xlsx: 'directors' is not in list
Traceback (most recent call last):
  File "C:\Users\piyush gala\PC\Portfolio\cibil_web_scrapping_automation\utilities\merger.py", line 54, in merge_data
    date_index = parts.index("directors") + 1
                 ~~~~~~~~~~~^^^^^^^^^^^^^
ValueError: 'directors' is not in list
2025-11-02 15:51:31,839 - WARNING - Could not parse state/date from cibil_data_31-08-25_GOA_state_page_1_20251102_151657.xlsx: 'directors' is not in list
Traceback (most recent call last):
  File "C:\Users\piyush gala\PC\Portfolio\cibil_web_scrapping_automation\utilities\merger.py", line 54, in merge_data
    date_index = parts.index("directors") + 1
                 ~~~~~~~~~~~^^^^^^^^^^^^^
ValueError: 'directors' is not in list
2025-11-02 15:51:31,840 - WARNING - Could not parse state/date from cibil_data_31-08-25_GUJARAT_state_page_1.xlsx: 'directors' is not in list
Traceback (most recent call last):
  File "C:\Users\piyush gala\PC\Portfolio\cibil_web_scrapping_automation\utilities\merger.py", line 54, in merge_data
    date_index = parts.index("directors") + 1
                 ~~~~~~~~~~~^^^^^^^^^^^^^
ValueError: 'directors' is not in list
2025-11-02 15:51:31,841 - WARNING - Could not parse state/date from cibil_data_31-08-25_GUJARAT_state_page_1_20251102_152717.xlsx: 'directors' is not in list
Traceback (most recent call last):
  File "C:\Users\piyush gala\PC\Portfolio\cibil_web_scrapping_automation\utilities\merger.py", line 54, in merge_data
    date_index = parts.index("directors") + 1
                 ~~~~~~~~~~~^^^^^^^^^^^^^
ValueError: 'directors' is not in list
2025-11-02 15:51:31,842 - WARNING - Could not parse state/date from cibil_data_31-08-25_GUJARAT_state_page_2.xlsx: 'directors' is not in list
Traceback (most recent call last):
  File "C:\Users\piyush gala\PC\Portfolio\cibil_web_scrapping_automation\utilities\merger.py", line 54, in merge_data
    date_index = parts.index("directors") + 1
                 ~~~~~~~~~~~^^^^^^^^^^^^^
ValueError: 'directors' is not in list
2025-11-02 15:51:31,843 - INFO - State-Date wise file mapping created with 0 keys.
2025-11-02 15:51:31,844 - INFO - Current folder path: C:\Users\piyush gala\PC\Portfolio\cibil_web_scrapping_automation\fetched_data\final
2025-11-02 15:51:31,845 - INFO - Folders found for processing: []
