2025-11-02 19:09:21,728 - INFO - Logging initialized at: C:\Users\piyush gala\PC\Portfolio\cibil_web_scrapping_automation\utilities\logs\2025-11-02\cibil_log_2025-11-02_19-09-21.log
2025-11-02 19:09:21,729 - INFO - Read path: C:\Users\piyush gala\PC\Portfolio\cibil_web_scrapping_automation
2025-11-02 19:09:21,729 - INFO - Write path: C:\Users\piyush gala\PC\Portfolio\cibil_web_scrapping_automation
2025-11-02 19:09:21,729 - INFO - ▶ Running script...
2025-11-02 19:09:21,730 - INFO - Running script...
2025-11-02 19:09:21,733 - INFO - Selected Configurations: 
state type: state, 
Defaulters type: >25 lacs, 
Date: 31-08-25, 
Timeout: 60 seconds
2025-11-02 19:09:21,744 - INFO - All States: {'DUBAI, UAE', 'PANAMA', 'KERALA', 'GOA', 'RAJASTHAN', 'KINGDOM OF BAHRAIN', 'BAHRAIN', 'MALDIVES', 'MEGHALAYA', 'BELGIUM', 'COLOMBO', 'UTTAR PRADESH', 'MISSISSIPPI, USA', 'UTTARANCHAL', 'UTAH', 'LAKSHADWEEP', 'ANDHRA PRADESH', 'SIKKIM', 'ISRAEL', 'CHHATTISGARH', 'HARYANA', 'SRI LANKA', 'TELANGANA', 'MANIPUR', 'NEW DELHI', 'KARNATAKA', 'ASSAM', 'UNITED KINGDOM', 'HONG KONG', 'NAGALAND', 'CAYMAN ISLAND', 'PONDICHERRY', 'CHANDIGARH & DELHI', 'JAMMU & KASHMIR', 'BANGLADESH', 'TAMIL NADU', 'MAHARASHTRA', 'BHOPAL', 'ABCD', 'CHANDIGARH', 'DUBAI', 'NEW YORK', 'UNITED STATES OF AMERICA', 'BIHAR', 'OBU', 'WEST BENGAL', 'CHANDIGARH (U.T.) & DELHI', 'ARUNACHAL PRADESH', 'DAMAN AND DIU', 'PUDUCHERRY', 'SOUTH AFRICA', 'THAILAND', 'HYDERABAD', 'OVERSEAS', 'WASHINGTON', 'SINGAPORE', 'HIMACHAL PRADESH', 'LONDON', 'BRITISH VIRGIN ISLAND', 'JAPAN', 'ROHTAK', 'ATLANTA, USA', 'AUSTRALIA', 'DADRA AND NAGAR HAVELI', 'ANDAMAN AND NICOBAR ISLANDS', 'OMAN', 'ORISSA', 'UNITED ARAB EMIRATES', 'QATAR', 'LUXEMBOURG', 'GERMANY', 'DELHI', 'PUNJAB', 'MANCHESTER', 'GUJARAT', 'UTTARAKHAND', 'MIZORAM', 'BANGKOK', 'NOT REPORTED', 'MADHYA PRADESH', 'UNITED ARAB EMIRATES UAE', 'JHARKHAND', 'AMSTERDAM', 'ENGLAND', 'CYPRUS', 'TRIPURA', 'JAKARTA'}
2025-11-02 19:09:21,745 - INFO - Selected States: ['GUJARAT']
2025-11-02 19:09:21,745 - INFO - ▶ Starting batch search for date: 31-08-25
2025-11-02 19:09:21,747 - INFO - Running automation for State: GUJARAT, Date: 31-08-25, Defaulters type: >25 lacs
2025-11-02 19:09:23,396 - INFO - Browser launched.
2025-11-02 19:09:29,452 - INFO - Page loaded.
2025-11-02 19:09:29,453 - INFO - ▶ Performing search for date:31-08-25, state:GUJARAT, Defaulters type:>25 lacs
2025-11-02 19:09:36,798 - INFO - ▶ Waiting for search results...
2025-11-02 19:09:44,994 - INFO - Pagination text: View 1 - 1,000 of 1,233
2025-11-02 19:09:44,995 - INFO - Fetched: 1000, Total: 1233
2025-11-02 19:09:44,995 - INFO - ▶ Fetched 1000 out of 1233 rows.
2025-11-02 19:09:44,995 - INFO - Pagination limit: 2
2025-11-02 19:09:44,996 - INFO - ▶ Extracting table data...
2025-11-02 19:09:45,039 - INFO - Found 1000 rows for state: GUJARAT, page: 1.
2025-11-02 19:09:45,756 - INFO - Row 1/1000 extracted for GUJARAT.
2025-11-02 19:09:46,382 - INFO - Row 2/1000 extracted for GUJARAT.
2025-11-02 19:09:46,943 - INFO - Row 3/1000 extracted for GUJARAT.
2025-11-02 19:09:47,502 - INFO - Row 4/1000 extracted for GUJARAT.
2025-11-02 19:09:48,069 - INFO - Row 5/1000 extracted for GUJARAT.
2025-11-02 19:09:48,657 - INFO - Row 6/1000 extracted for GUJARAT.
2025-11-02 19:09:49,207 - INFO - Row 7/1000 extracted for GUJARAT.
2025-11-02 19:09:49,792 - INFO - Row 8/1000 extracted for GUJARAT.
2025-11-02 19:09:50,322 - INFO - Row 9/1000 extracted for GUJARAT.
2025-11-02 19:09:50,855 - INFO - Row 10/1000 extracted for GUJARAT.
2025-11-02 19:09:51,428 - INFO - Row 11/1000 extracted for GUJARAT.
2025-11-02 19:09:51,429 - ERROR - ⚠️ Incomplete data: captured 11 of 1000 rows for GUJARAT (page 1).
2025-11-02 19:09:51,880 - INFO - Saved 11 rows to cibil_data_31-08-25_GUJARAT_state_page_1.xlsx
2025-11-02 19:10:55,258 - INFO - ▶ Extracting table data...
2025-11-02 19:10:55,287 - INFO - Found 233 rows for state: GUJARAT, page: 2.
2025-11-02 19:10:55,726 - INFO - Row 1/233 extracted for GUJARAT.
2025-11-02 19:10:56,173 - INFO - Row 2/233 extracted for GUJARAT.
2025-11-02 19:10:56,506 - INFO - Row 3/233 extracted for GUJARAT.
2025-11-02 19:10:56,901 - INFO - Row 4/233 extracted for GUJARAT.
2025-11-02 19:10:57,230 - INFO - Row 5/233 extracted for GUJARAT.
2025-11-02 19:10:57,580 - INFO - Row 6/233 extracted for GUJARAT.
2025-11-02 19:10:57,931 - INFO - Row 7/233 extracted for GUJARAT.
2025-11-02 19:10:58,289 - INFO - Row 8/233 extracted for GUJARAT.
2025-11-02 19:10:58,642 - INFO - Row 9/233 extracted for GUJARAT.
2025-11-02 19:10:59,013 - INFO - Row 10/233 extracted for GUJARAT.
2025-11-02 19:10:59,364 - INFO - Row 11/233 extracted for GUJARAT.
2025-11-02 19:10:59,364 - ERROR - ⚠️ Incomplete data: captured 11 of 233 rows for GUJARAT (page 2).
2025-11-02 19:10:59,428 - INFO - Saved 11 rows to cibil_data_31-08-25_GUJARAT_state_page_2.xlsx
2025-11-02 19:10:59,436 - INFO - ▶ Next button is disabled, reached last page.
2025-11-02 19:11:01,441 - INFO - Found 2 raw Excel files for GUJARAT
2025-11-02 19:11:01,528 - INFO - ▶ Extracting directors for row 1: MANAN AUTO LINK PRIVATE LIMITED
2025-11-02 19:11:01,720 - INFO - Loader disappeared.
2025-11-02 19:11:02,752 - INFO - Found 2 director rows.
2025-11-02 19:11:02,857 - INFO - Successfully extracted director data.
2025-11-02 19:11:03,084 - INFO - ⚠️ Could not navigate back, reloading page...
2025-11-02 19:11:08,695 - INFO - Loader disappeared.
2025-11-02 19:11:09,696 - INFO - 🔄 Page reloaded successfully.
2025-11-02 19:11:09,697 - INFO - ▶ Extracting directors for row 2: SOGO SERAMICS PVT. LTD.
2025-11-02 19:11:10,288 - INFO - Loader disappeared.
2025-11-02 19:11:11,320 - INFO - Found 4 director rows.
2025-11-02 19:11:11,525 - INFO - Successfully extracted director data.
2025-11-02 19:11:11,751 - INFO - ⚠️ Could not navigate back, reloading page...
2025-11-02 19:11:17,499 - INFO - Loader disappeared.
2025-11-02 19:11:18,500 - INFO - 🔄 Page reloaded successfully.
2025-11-02 19:11:18,501 - INFO - ▶ Extracting directors for row 3: RADHIKA COTTEX PRIVATE LTD.
2025-11-02 19:11:18,897 - INFO - Loader disappeared.
2025-11-02 19:11:24,885 - INFO - Found 6 director rows.
2025-11-02 19:11:25,196 - INFO - Successfully extracted director data.
2025-11-02 19:11:25,420 - INFO - ⚠️ Could not navigate back, reloading page...
2025-11-02 19:11:33,427 - INFO - Loader disappeared.
2025-11-02 19:11:34,442 - INFO - 🔄 Page reloaded successfully.
2025-11-02 19:11:34,443 - INFO - ▶ Extracting directors for row 4: RAANEESAA DESIGNER PRIVATE LIM
2025-11-02 19:11:36,739 - INFO - Loader disappeared.
2025-11-02 19:11:39,125 - INFO - Found 3 director rows.
2025-11-02 19:11:39,311 - INFO - Successfully extracted director data.
2025-11-02 19:11:39,527 - INFO - ⚠️ Could not navigate back, reloading page...
2025-11-02 19:11:46,117 - INFO - Loader disappeared.
2025-11-02 19:11:47,118 - INFO - 🔄 Page reloaded successfully.
2025-11-02 19:11:47,120 - INFO - ▶ Extracting directors for row 5: ROHINI OIL MILL
2025-11-02 19:11:48,399 - INFO - Loader disappeared.
2025-11-02 19:11:51,342 - INFO - Found 2 director rows.
2025-11-02 19:11:51,488 - INFO - Successfully extracted director data.
2025-11-02 19:11:51,711 - INFO - ⚠️ Could not navigate back, reloading page...
2025-11-02 19:11:57,383 - INFO - Loader disappeared.
2025-11-02 19:11:58,389 - INFO - 🔄 Page reloaded successfully.
2025-11-02 19:11:58,462 - INFO - Checkpoint saved at row 5 for C:\Users\piyush gala\PC\Portfolio\cibil_web_scrapping_automation\fetched_data\raw\cibil_data__25_lacs_31-08-25_for_state\cibil_data_31-08-25_GUJARAT_state_page_1.xlsx
2025-11-02 19:11:58,463 - INFO - ▶ Extracting directors for row 6: NIK MOTORS PRIVATE LIMITED
2025-11-02 19:11:58,756 - INFO - Loader disappeared.
2025-11-02 19:11:59,792 - INFO - Found 2 director rows.
2025-11-02 19:11:59,918 - INFO - Successfully extracted director data.
2025-11-02 19:12:00,142 - INFO - ⚠️ Could not navigate back, reloading page...
2025-11-02 19:12:07,825 - INFO - Loader disappeared.
2025-11-02 19:12:08,826 - INFO - 🔄 Page reloaded successfully.
2025-11-02 19:12:08,827 - INFO - ▶ Extracting directors for row 7: CHAMPION AGRO LTD
2025-11-02 19:12:09,181 - INFO - Loader disappeared.
2025-11-02 19:12:10,572 - INFO - Found 3 director rows.
2025-11-02 19:12:10,723 - INFO - Successfully extracted director data.
2025-11-02 19:12:10,950 - INFO - ⚠️ Could not navigate back, reloading page...
2025-11-02 19:12:16,477 - INFO - Loader disappeared.
2025-11-02 19:12:17,478 - INFO - 🔄 Page reloaded successfully.
2025-11-02 19:12:17,479 - INFO - ▶ Extracting directors for row 8: SUNSAFE AGROTEXTILES PVT.LTD
2025-11-02 19:12:17,689 - INFO - Loader disappeared.
2025-11-02 19:12:18,835 - INFO - Found 2 director rows.
2025-11-02 19:12:18,964 - INFO - Successfully extracted director data.
2025-11-02 19:12:19,183 - INFO - ⚠️ Could not navigate back, reloading page...
2025-11-02 19:12:25,270 - INFO - Loader disappeared.
2025-11-02 19:12:26,271 - INFO - 🔄 Page reloaded successfully.
2025-11-02 19:12:26,272 - INFO - ▶ Extracting directors for row 9: RADHAKRISHNA TEXTILES
2025-11-02 19:12:26,485 - INFO - Loader disappeared.
2025-11-02 19:12:29,374 - INFO - Found 1 director rows.
2025-11-02 19:12:29,427 - INFO - Successfully extracted director data.
2025-11-02 19:12:29,643 - INFO - ⚠️ Could not navigate back, reloading page...
2025-11-02 19:12:34,969 - INFO - Loader disappeared.
2025-11-02 19:12:35,969 - INFO - 🔄 Page reloaded successfully.
2025-11-02 19:12:35,971 - INFO - ▶ Extracting directors for row 10: SVS TEX O FAB PRIVATE LTD.
2025-11-02 19:12:36,155 - INFO - Loader disappeared.
2025-11-02 19:12:37,186 - INFO - Found 2 director rows.
2025-11-02 19:12:37,302 - INFO - Successfully extracted director data.
2025-11-02 19:12:37,516 - INFO - ⚠️ Could not navigate back, reloading page...
2025-11-02 19:12:47,352 - INFO - Loader disappeared.
2025-11-02 19:12:48,354 - INFO - 🔄 Page reloaded successfully.
2025-11-02 19:12:48,401 - INFO - Checkpoint saved at row 10 for C:\Users\piyush gala\PC\Portfolio\cibil_web_scrapping_automation\fetched_data\raw\cibil_data__25_lacs_31-08-25_for_state\cibil_data_31-08-25_GUJARAT_state_page_1.xlsx
2025-11-02 19:12:48,402 - INFO - ▶ Extracting directors for row 11: RUCCI'S
2025-11-02 19:12:48,633 - INFO - Loader disappeared.
2025-11-02 19:12:49,663 - INFO - Found 1 director rows.
2025-11-02 19:12:49,715 - INFO - Successfully extracted director data.
2025-11-02 19:12:49,934 - INFO - ⚠️ Could not navigate back, reloading page...
2025-11-02 19:12:55,809 - INFO - Loader disappeared.
2025-11-02 19:12:56,810 - INFO - 🔄 Page reloaded successfully.
2025-11-02 19:12:56,861 - INFO - ✅ Updated raw file saved with director info → C:\Users\piyush gala\PC\Portfolio\cibil_web_scrapping_automation\fetched_data\raw\cibil_data__25_lacs_31-08-25_for_state\cibil_data_31-08-25_GUJARAT_state_page_1.xlsx
2025-11-02 19:12:56,906 - INFO - ▶ Extracting directors for row 1: Om Trading
2025-11-02 19:12:57,091 - INFO - Loader disappeared.
2025-11-02 19:12:58,124 - INFO - Found 2 director rows.
2025-11-02 19:12:58,217 - INFO - Successfully extracted director data.
2025-11-02 19:12:58,435 - INFO - ⚠️ Could not navigate back, reloading page...
2025-11-02 19:13:04,247 - INFO - Loader disappeared.
2025-11-02 19:13:05,248 - INFO - 🔄 Page reloaded successfully.
2025-11-02 19:13:05,249 - INFO - ▶ Extracting directors for row 2: Navrang Roadlines Pvt. Ltd.
2025-11-02 19:13:05,432 - INFO - Loader disappeared.
2025-11-02 19:13:06,464 - INFO - Found 2 director rows.
2025-11-02 19:13:06,575 - INFO - Successfully extracted director data.
2025-11-02 19:13:06,797 - INFO - ⚠️ Could not navigate back, reloading page...
2025-11-02 19:13:12,147 - INFO - Loader disappeared.
2025-11-02 19:13:13,148 - INFO - 🔄 Page reloaded successfully.
2025-11-02 19:13:13,149 - INFO - ▶ Extracting directors for row 3: New Infra Mobile Care
2025-11-02 19:13:13,332 - INFO - Loader disappeared.
2025-11-02 19:13:14,361 - INFO - Found 1 director rows.
2025-11-02 19:13:14,413 - INFO - Successfully extracted director data.
2025-11-02 19:13:14,632 - INFO - ⚠️ Could not navigate back, reloading page...
2025-11-02 19:13:20,293 - INFO - Loader disappeared.
2025-11-02 19:13:21,294 - INFO - 🔄 Page reloaded successfully.
2025-11-02 19:13:21,296 - INFO - ▶ Extracting directors for row 4: Shree Jagdish Dugdhalaya
2025-11-02 19:13:21,480 - INFO - Loader disappeared.
2025-11-02 19:13:25,937 - INFO - Found 1 director rows.
2025-11-02 19:13:26,034 - INFO - Successfully extracted director data.
2025-11-02 19:13:26,253 - INFO - ⚠️ Could not navigate back, reloading page...
2025-11-02 19:13:32,387 - INFO - Loader disappeared.
2025-11-02 19:13:33,388 - INFO - 🔄 Page reloaded successfully.
2025-11-02 19:13:33,389 - INFO - ▶ Extracting directors for row 5: WADHWA EXPORTS
2025-11-02 19:13:33,611 - INFO - Loader disappeared.
2025-11-02 19:13:34,651 - INFO - Found 2 director rows.
2025-11-02 19:13:34,801 - INFO - Successfully extracted director data.
2025-11-02 19:13:35,024 - INFO - ⚠️ Could not navigate back, reloading page...
2025-11-02 19:13:41,817 - INFO - Loader disappeared.
2025-11-02 19:13:42,819 - INFO - 🔄 Page reloaded successfully.
2025-11-02 19:13:42,869 - INFO - Checkpoint saved at row 5 for C:\Users\piyush gala\PC\Portfolio\cibil_web_scrapping_automation\fetched_data\raw\cibil_data__25_lacs_31-08-25_for_state\cibil_data_31-08-25_GUJARAT_state_page_2.xlsx
2025-11-02 19:13:42,870 - INFO - ▶ Extracting directors for row 6: Yana Textile
2025-11-02 19:13:43,182 - INFO - Loader disappeared.
2025-11-02 19:13:44,215 - INFO - Found 3 director rows.
2025-11-02 19:13:44,374 - INFO - Successfully extracted director data.
2025-11-02 19:13:44,596 - INFO - ⚠️ Could not navigate back, reloading page...
2025-11-02 19:13:49,984 - INFO - Loader disappeared.
2025-11-02 19:13:50,985 - INFO - 🔄 Page reloaded successfully.
2025-11-02 19:13:50,986 - INFO - ▶ Extracting directors for row 7: Desai Developers Pvt Ltd
2025-11-02 19:13:51,179 - INFO - Loader disappeared.
2025-11-02 19:13:52,211 - INFO - Found 5 director rows.
2025-11-02 19:13:52,488 - INFO - Successfully extracted director data.
2025-11-02 19:13:52,716 - INFO - ⚠️ Could not navigate back, reloading page...
2025-11-02 19:13:58,203 - INFO - Loader disappeared.
2025-11-02 19:13:59,204 - INFO - 🔄 Page reloaded successfully.
2025-11-02 19:13:59,205 - INFO - ▶ Extracting directors for row 8: Fabtech Manufacturing Pvt  Ltd
2025-11-02 19:13:59,397 - INFO - Loader disappeared.
2025-11-02 19:14:00,426 - INFO - Found 7 director rows.
2025-11-02 19:14:00,760 - INFO - Successfully extracted director data.
2025-11-02 19:14:00,985 - INFO - ⚠️ Could not navigate back, reloading page...
2025-11-02 19:14:06,348 - INFO - Loader disappeared.
2025-11-02 19:14:07,349 - INFO - 🔄 Page reloaded successfully.
2025-11-02 19:14:07,351 - INFO - ▶ Extracting directors for row 9: Gurukrupa Engineering
2025-11-02 19:14:10,157 - INFO - Loader disappeared.
2025-11-02 19:14:18,180 - INFO - Found 1 director rows.
2025-11-02 19:14:18,257 - INFO - Successfully extracted director data.
2025-11-02 19:14:18,483 - INFO - ⚠️ Could not navigate back, reloading page...
2025-11-02 19:14:44,847 - INFO - Loader disappeared.
2025-11-02 19:14:45,848 - INFO - 🔄 Page reloaded successfully.
2025-11-02 19:14:45,849 - INFO - ▶ Extracting directors for row 10: K K Creation Export Pvt Ltd
2025-11-02 19:14:47,377 - INFO - Loader disappeared.
2025-11-02 19:14:50,257 - INFO - Found 2 director rows.
2025-11-02 19:14:50,348 - INFO - Successfully extracted director data.
2025-11-02 19:14:50,572 - INFO - ⚠️ Could not navigate back, reloading page...
2025-11-02 19:14:55,984 - INFO - Loader disappeared.
2025-11-02 19:14:56,985 - INFO - 🔄 Page reloaded successfully.
2025-11-02 19:14:57,036 - INFO - Checkpoint saved at row 10 for C:\Users\piyush gala\PC\Portfolio\cibil_web_scrapping_automation\fetched_data\raw\cibil_data__25_lacs_31-08-25_for_state\cibil_data_31-08-25_GUJARAT_state_page_2.xlsx
2025-11-02 19:14:57,037 - INFO - ▶ Extracting directors for row 11: Anmol Bulk Carrier
2025-11-02 19:14:57,222 - INFO - Loader disappeared.
2025-11-02 19:14:58,254 - INFO - Found 1 director rows.
2025-11-02 19:14:58,302 - INFO - Successfully extracted director data.
2025-11-02 19:14:58,527 - INFO - ⚠️ Could not navigate back, reloading page...
2025-11-02 19:15:03,861 - INFO - Loader disappeared.
2025-11-02 19:15:04,862 - INFO - 🔄 Page reloaded successfully.
2025-11-02 19:15:04,923 - INFO - ✅ Updated raw file saved with director info → C:\Users\piyush gala\PC\Portfolio\cibil_web_scrapping_automation\fetched_data\raw\cibil_data__25_lacs_31-08-25_for_state\cibil_data_31-08-25_GUJARAT_state_page_2.xlsx
