2025-10-24 16:15:05,392 - INFO - Running script...
2025-10-24 16:15:05,393 - INFO - State selection configuration: state
2025-10-24 16:15:05,394 - INFO - Selected states: {'UNITED STATES OF AMERICA', 'THAILAND', 'BANGLADESH', 'ANDAMAN AND NICOBAR ISLANDS', 'ARUNACHAL PRADESH', 'UNITED ARAB EMIRATES UAE', 'NEW YORK', 'NAGALAND', 'ORISSA', 'BANGKOK', 'SRI LANKA', 'TRIPURA', 'DUBAI, UAE', 'PANAMA', 'HARYANA', 'GOA', 'COLOMBO', 'KERALA', 'GERMANY', 'BHOPAL', 'DADRA AND NAGAR HAVELI', 'CHANDIGARH & DELHI', 'OMAN', 'DAMAN AND DIU', 'OVERSEAS', 'MEGHALAYA', 'MALDIVES', 'ISRAEL', 'ATLANTA, USA', 'TAMIL NADU', 'MANCHESTER', 'WASHINGTON', 'BIHAR', 'UTTARAKHAND', 'AMSTERDAM', 'PUNJAB', 'UTTARANCHAL', 'HONG KONG', 'OBU', 'UTTAR PRADESH', 'JAMMU & KASHMIR', 'SINGAPORE', 'SIKKIM', 'BELGIUM', 'KARNATAKA', 'LAKSHADWEEP', 'BRITISH VIRGIN ISLAND', 'UTAH', 'ANDHRA PRADESH', 'HIMACHAL PRADESH', 'MANIPUR', 'TELANGANA', 'HYDERABAD', 'CYPRUS', 'CHHATTISGARH', 'AUSTRALIA', 'LONDON', 'MADHYA PRADESH', 'LUXEMBOURG', 'NEW DELHI', 'GUJARAT', 'CHANDIGARH', 'ROHTAK', 'ASSAM', 'UNITED KINGDOM', 'JHARKHAND', 'CAYMAN ISLAND', 'RAJASTHAN', 'CHANDIGARH (U.T.) & DELHI', 'JAPAN', 'MAHARASHTRA', 'PUDUCHERRY', 'PONDICHERRY', 'QATAR', 'ENGLAND', 'JAKARTA', 'DELHI', 'DUBAI', 'KINGDOM OF BAHRAIN', 'MIZORAM', 'MISSISSIPPI, USA', 'NOT REPORTED', 'SOUTH AFRICA', 'ABCD', 'WEST BENGAL', 'UNITED ARAB EMIRATES', 'BAHRAIN'}
2025-10-24 16:15:05,446 - INFO - Starting batch search for date: 31-08-25
2025-10-24 16:15:05,450 - DEBUG - Using proactor: IocpProactor
2025-10-24 16:15:06,693 - INFO - Browser launched.
2025-10-24 16:15:07,816 - INFO - Page loaded.
2025-10-24 16:15:07,816 - INFO - Performing search for date:31-08-25, state:ANDAMAN AND NICOBAR ISLANDS, Defaulters type:>25 lacs
2025-10-24 16:15:11,415 - INFO - Waiting for search results...
2025-10-24 16:15:11,437 - INFO - Loader disappeared after clicking Search.
2025-10-24 16:15:18,978 - INFO - Pagination text: View 1 - 2 of 2
2025-10-24 16:15:18,979 - INFO - Fetched 2 out of 2 rows.
2025-10-24 16:15:18,979 - INFO - Pagination limit = 1
2025-10-24 16:15:18,991 - INFO - Found 2 rows for state: ANDAMAN AND NICOBAR ISLANDS, page: 1.
2025-10-24 16:15:19,222 - INFO - Row 1/2 extracted for ANDAMAN AND NICOBAR ISLANDS.
2025-10-24 16:15:19,439 - INFO - Row 2/2 extracted for ANDAMAN AND NICOBAR ISLANDS.
2025-10-24 16:15:19,804 - INFO - Saved 2 rows to cibil_data_31-08-25_ANDAMAN AND NICOBAR ISLANDS_state_page_1_20251024_161519.xlsx
2025-10-24 16:15:20,839 - INFO - Loader disappeared.
2025-10-24 16:15:21,861 - INFO - Found 3 director rows.
2025-10-24 16:15:21,973 - INFO - Successfully extracted director data.
2025-10-24 16:15:27,837 - INFO - Loader disappeared.
2025-10-24 16:15:28,968 - INFO - Loader disappeared.
2025-10-24 16:15:29,999 - INFO - Found 2 director rows.
2025-10-24 16:15:30,073 - INFO - Successfully extracted director data.
2025-10-24 16:15:35,766 - INFO - Loader disappeared.
2025-10-24 16:15:37,167 - DEBUG - Using proactor: IocpProactor
2025-10-24 16:15:38,348 - INFO - Browser launched.
2025-10-24 16:15:39,851 - INFO - Page loaded.
2025-10-24 16:15:39,852 - INFO - Performing search for date:31-08-25, state:ARUNACHAL PRADESH, Defaulters type:>25 lacs
2025-10-24 16:15:43,030 - INFO - Waiting for search results...
2025-10-24 16:15:43,062 - INFO - Loader disappeared after clicking Search.
2025-10-24 16:15:50,612 - INFO - Pagination text: View 1 - 6 of 6
2025-10-24 16:15:50,612 - INFO - Fetched 6 out of 6 rows.
2025-10-24 16:15:50,612 - INFO - Pagination limit = 1
2025-10-24 16:15:50,626 - INFO - Found 6 rows for state: ARUNACHAL PRADESH, page: 1.
2025-10-24 16:15:50,841 - INFO - Row 1/6 extracted for ARUNACHAL PRADESH.
2025-10-24 16:15:51,058 - INFO - Row 2/6 extracted for ARUNACHAL PRADESH.
2025-10-24 16:15:51,265 - INFO - Row 3/6 extracted for ARUNACHAL PRADESH.
2025-10-24 16:15:51,487 - INFO - Row 4/6 extracted for ARUNACHAL PRADESH.
2025-10-24 16:15:51,692 - INFO - Row 5/6 extracted for ARUNACHAL PRADESH.
2025-10-24 16:15:51,912 - INFO - Row 6/6 extracted for ARUNACHAL PRADESH.
2025-10-24 16:15:51,928 - INFO - Saved 6 rows to cibil_data_31-08-25_ARUNACHAL PRADESH_state_page_1_20251024_161551.xlsx
2025-10-24 16:15:52,047 - INFO - Loader disappeared.
2025-10-24 16:15:53,090 - INFO - Found 1 director rows.
2025-10-24 16:15:53,150 - INFO - Successfully extracted director data.
2025-10-24 16:15:58,884 - INFO - Loader disappeared.
2025-10-24 16:16:00,114 - INFO - Loader disappeared.
2025-10-24 16:16:01,143 - INFO - Found 1 director rows.
2025-10-24 16:16:01,184 - INFO - Successfully extracted director data.
2025-10-24 16:16:07,226 - INFO - Loader disappeared.
2025-10-24 16:16:08,388 - INFO - Loader disappeared.
2025-10-24 16:16:09,413 - INFO - Found 1 director rows.
2025-10-24 16:16:09,451 - INFO - Successfully extracted director data.
2025-10-24 16:16:15,906 - INFO - Loader disappeared.
2025-10-24 16:16:17,272 - INFO - Loader disappeared.
2025-10-24 16:16:18,295 - INFO - Found 1 director rows.
2025-10-24 16:16:18,332 - INFO - Successfully extracted director data.
2025-10-24 16:16:24,896 - INFO - Loader disappeared.
2025-10-24 16:16:26,038 - INFO - Loader disappeared.
2025-10-24 16:16:27,059 - INFO - Found 1 director rows.
2025-10-24 16:16:27,097 - INFO - Successfully extracted director data.
2025-10-24 16:16:32,863 - INFO - Loader disappeared.
2025-10-24 16:16:34,020 - INFO - Loader disappeared.
2025-10-24 16:16:35,061 - INFO - Found 1 director rows.
2025-10-24 16:16:35,098 - INFO - Successfully extracted director data.
2025-10-24 16:16:40,703 - INFO - Loader disappeared.
2025-10-24 16:16:42,078 - INFO - Current working folder: C:\Users\DELL\Downloads\cibil_web_scrapping_automation\fetched_data\final
2025-10-24 16:16:42,079 - INFO - Folders found for processing: [WindowsPath('C:/Users/DELL/Downloads/cibil_web_scrapping_automation/fetched_data/final/cibil_data_with_directors__25_lacs_31-08-25_for_state')]
2025-10-24 16:16:42,080 - INFO - All states loaded successfully: 87 states found.
2025-10-24 16:16:42,081 - INFO - Extracted state: ANDAMAN AND NICOBAR ISLANDS, date: 31-08-25
2025-10-24 16:16:42,082 - INFO - Added file cibil_data_with_directors_31-08-25_ANDAMAN AND NICOBAR ISLANDS_state_page_1_20251024_161536.xlsx to key ('ANDAMAN AND NICOBAR ISLANDS', '31-08-25')
2025-10-24 16:16:42,082 - INFO - Extracted state: ARUNACHAL PRADESH, date: 31-08-25
2025-10-24 16:16:42,082 - INFO - Added file cibil_data_with_directors_31-08-25_ARUNACHAL PRADESH_state_page_1_20251024_161641.xlsx to key ('ARUNACHAL PRADESH', '31-08-25')
2025-10-24 16:16:42,083 - INFO - State-Date wise file mapping created with 2 keys.
2025-10-24 16:16:42,084 - INFO - Starting merge for state=ANDAMAN AND NICOBAR ISLANDS, date=31-08-25, files=1
2025-10-24 16:16:42,111 - INFO - Rows read: 2
2025-10-24 16:16:42,126 - INFO - \u2705 Merged file saved: C:\Users\DELL\Downloads\cibil_web_scrapping_automation\fetched_data\final\31-08-25_merged\31-08-25_ANDAMAN AND NICOBAR ISLANDS_merged.xlsx

2025-10-24 16:16:42,127 - INFO - Starting merge for state=ARUNACHAL PRADESH, date=31-08-25, files=1
2025-10-24 16:16:42,151 - INFO - Rows read: 6
2025-10-24 16:16:42,167 - INFO - \u2705 Merged file saved: C:\Users\DELL\Downloads\cibil_web_scrapping_automation\fetched_data\final\31-08-25_merged\31-08-25_ARUNACHAL PRADESH_merged.xlsx

2025-10-24 16:16:42,168 - INFO - Current folder path: C:\Users\DELL\Downloads\cibil_web_scrapping_automation\fetched_data\final
2025-10-24 16:16:42,168 - INFO - Folders found for processing: [WindowsPath('C:/Users/DELL/Downloads/cibil_web_scrapping_automation/fetched_data/final/31-08-25_merged')]
2025-10-24 16:16:42,169 - INFO - Files found: ['31-08-25_ANDAMAN AND NICOBAR ISLANDS_merged.xlsx', '31-08-25_ARUNACHAL PRADESH_merged.xlsx']

2025-10-24 16:16:42,169 - INFO - Processing file: C:\Users\DELL\Downloads\cibil_web_scrapping_automation\fetched_data\final\31-08-25_merged\31-08-25_ANDAMAN AND NICOBAR ISLANDS_merged.xlsx
2025-10-24 16:16:42,193 - INFO - Loaded Excel file successfully with 2 rows
2025-10-24 16:16:42,201 - INFO - Expanded 5 rows from 2 original rows
2025-10-24 16:16:42,209 - INFO - Cleaned and standardized text/numeric fields for 'Borrower Name'
2025-10-24 16:16:42,212 - INFO - Cleaned and standardized text/numeric fields for 'Ind _Director Name'
2025-10-24 16:16:42,215 - INFO - Added extra columns: ['Borrower PAN', 'Final Borrower Name', 'Final_DirectorName', 'CIN NO', 'Order Type', 'Remarks']
2025-10-24 16:16:42,242 - INFO - Saved expanded file: C:\Users\DELL\Downloads\cibil_web_scrapping_automation\fetched_data\final_preprocessed\final_preprocessed_31-08-25_ANDAMAN AND NICOBAR ISLANDS_merged.xlsx (5 rows)
2025-10-24 16:16:42,261 - INFO - \U0001f552 Time taken: 0.09 seconds

2025-10-24 16:16:42,261 - INFO - Processing file: C:\Users\DELL\Downloads\cibil_web_scrapping_automation\fetched_data\final\31-08-25_merged\31-08-25_ARUNACHAL PRADESH_merged.xlsx
2025-10-24 16:16:42,284 - INFO - Loaded Excel file successfully with 6 rows
2025-10-24 16:16:42,294 - INFO - Expanded 6 rows from 6 original rows
2025-10-24 16:16:42,298 - INFO - Cleaned and standardized text/numeric fields for 'Borrower Name'
2025-10-24 16:16:42,302 - INFO - Cleaned and standardized text/numeric fields for 'Ind _Director Name'
2025-10-24 16:16:42,305 - INFO - Added extra columns: ['Borrower PAN', 'Final Borrower Name', 'Final_DirectorName', 'CIN NO', 'Order Type', 'Remarks']
2025-10-24 16:16:42,319 - INFO - Saved expanded file: C:\Users\DELL\Downloads\cibil_web_scrapping_automation\fetched_data\final_preprocessed\final_preprocessed_31-08-25_ARUNACHAL PRADESH_merged.xlsx (6 rows)
2025-10-24 16:16:42,335 - INFO - \U0001f552 Time taken: 0.07 seconds

