2025-10-24 16:08:01,398 - INFO - Running script...
2025-10-24 16:08:01,400 - INFO - State selection configuration: state
2025-10-24 16:08:01,401 - INFO - Selected states: {'BHOPAL', 'AMSTERDAM', 'TRIPURA', 'DUBAI, UAE', 'SINGAPORE', 'KERALA', 'PUDUCHERRY', 'JAPAN', 'WEST BENGAL', 'DELHI', 'BIHAR', 'SRI LANKA', 'MEGHALAYA', 'WASHINGTON', 'UNITED ARAB EMIRATES UAE', 'AUSTRALIA', 'MADHYA PRADESH', 'UTTARANCHAL', 'JHARKHAND', 'GOA', 'MANCHESTER', 'UNITED ARAB EMIRATES', 'MIZORAM', 'HIMACHAL PRADESH', 'MALDIVES', 'BRITISH VIRGIN ISLAND', 'ANDHRA PRADESH', 'ROHTAK', 'CHANDIGARH (U.T.) & DELHI', 'RAJASTHAN', 'UNITED STATES OF AMERICA', 'GERMANY', 'OBU', 'SIKKIM', 'ARUNACHAL PRADESH', 'LAKSHADWEEP', 'HYDERABAD', 'BAHRAIN', 'LONDON', 'MAHARASHTRA', 'UTTARAKHAND', 'NEW YORK', 'LUXEMBOURG', 'HONG KONG', 'OVERSEAS', 'UTTAR PRADESH', 'CYPRUS', 'ASSAM', 'CAYMAN ISLAND', 'JAMMU & KASHMIR', 'TELANGANA', 'COLOMBO', 'CHANDIGARH', 'SOUTH AFRICA', 'CHANDIGARH & DELHI', 'ANDAMAN AND NICOBAR ISLANDS', 'PONDICHERRY', 'DUBAI', 'NEW DELHI', 'KINGDOM OF BAHRAIN', 'ORISSA', 'DAMAN AND DIU', 'OMAN', 'PANAMA', 'PUNJAB', 'HARYANA', 'THAILAND', 'BELGIUM', 'UTAH', 'DADRA AND NAGAR HAVELI', 'NOT REPORTED', 'MISSISSIPPI, USA', 'GUJARAT', 'BANGLADESH', 'JAKARTA', 'QATAR', 'UNITED KINGDOM', 'MANIPUR', 'ABCD', 'ENGLAND', 'ATLANTA, USA', 'TAMIL NADU', 'NAGALAND', 'BANGKOK', 'ISRAEL', 'CHHATTISGARH', 'KARNATAKA'}
2025-10-24 16:08:01,402 - INFO - Starting batch search for date: 31-08-25
2025-10-24 16:08:01,406 - DEBUG - Using proactor: IocpProactor
2025-10-24 16:08:02,723 - INFO - Browser launched.
2025-10-24 16:08:04,953 - INFO - Page loaded.
2025-10-24 16:08:04,953 - INFO - Performing search for date:31-08-25, state:ANDAMAN AND NICOBAR ISLANDS, Defaulters type:>25 lacs
2025-10-24 16:08:07,985 - INFO - Waiting for search results...
2025-10-24 16:08:08,010 - INFO - Loader disappeared after clicking Search.
2025-10-24 16:08:15,540 - INFO - Pagination text: View 1 - 2 of 2
2025-10-24 16:08:15,540 - INFO - Fetched 2 out of 2 rows.
2025-10-24 16:08:15,540 - INFO - Pagination limit = 1
2025-10-24 16:08:15,555 - INFO - Found 2 rows for state: ANDAMAN AND NICOBAR ISLANDS, page: 1.
2025-10-24 16:08:15,772 - INFO - Row 1/2 extracted for ANDAMAN AND NICOBAR ISLANDS.
2025-10-24 16:08:16,006 - INFO - Row 2/2 extracted for ANDAMAN AND NICOBAR ISLANDS.
2025-10-24 16:08:16,353 - INFO - Saved 2 rows to cibil_data_31-08-25_ANDAMAN AND NICOBAR ISLANDS_state_page_1_20251024_160816.xlsx
2025-10-24 16:08:16,486 - INFO - Loader disappeared.
2025-10-24 16:08:17,511 - INFO - Found 3 director rows.
2025-10-24 16:08:17,622 - INFO - Successfully extracted director data.
2025-10-24 16:08:23,711 - INFO - Loader disappeared.
2025-10-24 16:08:25,014 - INFO - Loader disappeared.
2025-10-24 16:08:26,056 - INFO - Found 2 director rows.
2025-10-24 16:08:26,128 - INFO - Successfully extracted director data.
2025-10-24 16:08:31,806 - INFO - Loader disappeared.
2025-10-24 16:08:33,137 - DEBUG - Using proactor: IocpProactor
2025-10-24 16:08:34,469 - INFO - Browser launched.
2025-10-24 16:08:36,152 - INFO - Page loaded.
2025-10-24 16:08:36,153 - INFO - Performing search for date:31-08-25, state:ARUNACHAL PRADESH, Defaulters type:>25 lacs
2025-10-24 16:08:40,147 - INFO - Waiting for search results...
2025-10-24 16:08:40,186 - INFO - Loader disappeared after clicking Search.
2025-10-24 16:08:47,772 - INFO - Pagination text: View 1 - 6 of 6
2025-10-24 16:08:47,773 - INFO - Fetched 6 out of 6 rows.
2025-10-24 16:08:47,773 - INFO - Pagination limit = 1
2025-10-24 16:08:47,789 - INFO - Found 6 rows for state: ARUNACHAL PRADESH, page: 1.
2025-10-24 16:08:48,007 - INFO - Row 1/6 extracted for ARUNACHAL PRADESH.
2025-10-24 16:08:48,221 - INFO - Row 2/6 extracted for ARUNACHAL PRADESH.
2025-10-24 16:08:48,429 - INFO - Row 3/6 extracted for ARUNACHAL PRADESH.
2025-10-24 16:08:48,651 - INFO - Row 4/6 extracted for ARUNACHAL PRADESH.
2025-10-24 16:08:48,861 - INFO - Row 5/6 extracted for ARUNACHAL PRADESH.
2025-10-24 16:08:49,064 - INFO - Row 6/6 extracted for ARUNACHAL PRADESH.
2025-10-24 16:08:49,136 - INFO - Saved 6 rows to cibil_data_31-08-25_ARUNACHAL PRADESH_state_page_1_20251024_160849.xlsx
2025-10-24 16:08:50,184 - INFO - Loader disappeared.
2025-10-24 16:08:51,218 - INFO - Found 1 director rows.
2025-10-24 16:08:51,253 - INFO - Successfully extracted director data.
2025-10-24 16:08:59,546 - INFO - Loader disappeared.
2025-10-24 16:09:01,321 - INFO - Loader disappeared.
2025-10-24 16:09:02,341 - INFO - Found 1 director rows.
2025-10-24 16:09:02,380 - INFO - Successfully extracted director data.
2025-10-24 16:09:08,591 - INFO - Loader disappeared.
2025-10-24 16:09:09,765 - INFO - Loader disappeared.
2025-10-24 16:09:10,804 - INFO - Found 1 director rows.
2025-10-24 16:09:10,843 - INFO - Successfully extracted director data.
2025-10-24 16:09:17,035 - INFO - Loader disappeared.
2025-10-24 16:09:18,183 - INFO - Loader disappeared.
2025-10-24 16:09:19,224 - INFO - Found 1 director rows.
2025-10-24 16:09:19,261 - INFO - Successfully extracted director data.
2025-10-24 16:09:25,427 - INFO - Loader disappeared.
2025-10-24 16:09:27,034 - INFO - Loader disappeared.
2025-10-24 16:09:29,430 - INFO - Found 1 director rows.
2025-10-24 16:09:29,467 - INFO - Successfully extracted director data.
2025-10-24 16:09:35,073 - INFO - Loader disappeared.
2025-10-24 16:09:36,534 - INFO - Loader disappeared.
2025-10-24 16:09:37,571 - INFO - Found 1 director rows.
2025-10-24 16:09:37,609 - INFO - Successfully extracted director data.
2025-10-24 16:09:43,561 - INFO - Loader disappeared.
2025-10-24 16:09:44,957 - INFO - Current working folder: C:\Users\DELL\Downloads\cibil_web_scrapping_automation\fetched_data\final
2025-10-24 16:09:44,958 - INFO - Folders found for processing: [WindowsPath('C:/Users/DELL/Downloads/cibil_web_scrapping_automation/fetched_data/final/cibil_data_with_directors__25_lacs_31-08-25_for_state')]
2025-10-24 16:09:44,960 - INFO - All states loaded successfully: 87 states found.
2025-10-24 16:09:44,962 - INFO - Extracted state: ANDAMAN AND NICOBAR ISLANDS, date: 31-08-25
2025-10-24 16:09:44,962 - INFO - Added file cibil_data_with_directors_31-08-25_ANDAMAN AND NICOBAR ISLANDS_state_page_1_20251024_160832.xlsx to key ('ANDAMAN AND NICOBAR ISLANDS', '31-08-25')
2025-10-24 16:09:44,962 - INFO - Extracted state: ARUNACHAL PRADESH, date: 31-08-25
2025-10-24 16:09:44,963 - INFO - Added file cibil_data_with_directors_31-08-25_ARUNACHAL PRADESH_state_page_1_20251024_160944.xlsx to key ('ARUNACHAL PRADESH', '31-08-25')
2025-10-24 16:09:44,963 - INFO - State-Date wise file mapping created with 2 keys.
2025-10-24 16:09:44,964 - INFO - Starting merge for state=ANDAMAN AND NICOBAR ISLANDS, date=31-08-25, files=1
2025-10-24 16:09:44,990 - INFO - Rows read: 2
2025-10-24 16:09:45,023 - INFO - \u2705 Merged file saved: C:\Users\DELL\Downloads\cibil_web_scrapping_automation\fetched_data\final\31-08-25_merged\31-08-25_ANDAMAN AND NICOBAR ISLANDS_merged.xlsx

2025-10-24 16:09:45,024 - INFO - Starting merge for state=ARUNACHAL PRADESH, date=31-08-25, files=1
2025-10-24 16:09:45,055 - INFO - Rows read: 6
2025-10-24 16:09:45,078 - INFO - \u2705 Merged file saved: C:\Users\DELL\Downloads\cibil_web_scrapping_automation\fetched_data\final\31-08-25_merged\31-08-25_ARUNACHAL PRADESH_merged.xlsx

2025-10-24 16:09:45,079 - INFO - Current folder path: C:\Users\DELL\Downloads\cibil_web_scrapping_automation\fetched_data\final
2025-10-24 16:09:45,080 - INFO - Folders found for processing: [WindowsPath('C:/Users/DELL/Downloads/cibil_web_scrapping_automation/fetched_data/final/31-08-25_merged')]
2025-10-24 16:09:45,081 - INFO - Files found: ['31-08-25_ANDAMAN AND NICOBAR ISLANDS_merged.xlsx', '31-08-25_ARUNACHAL PRADESH_merged.xlsx']

2025-10-24 16:09:45,081 - INFO - Processing file: C:\Users\DELL\Downloads\cibil_web_scrapping_automation\fetched_data\final\31-08-25_merged\31-08-25_ANDAMAN AND NICOBAR ISLANDS_merged.xlsx
2025-10-24 16:09:45,102 - INFO - Loaded Excel file successfully with 2 rows
2025-10-24 16:09:45,111 - INFO - Expanded 5 rows from 2 original rows
2025-10-24 16:09:45,117 - INFO - Cleaned and standardized text/numeric fields for 'Borrower Name'
2025-10-24 16:09:45,120 - INFO - Cleaned and standardized text/numeric fields for 'Ind _Director Name'
2025-10-24 16:09:45,123 - INFO - Added extra columns: ['Borrower PAN', 'Final Borrower Name', 'Final_DirectorName', 'CIN NO', 'Order Type', 'Remarks']
2025-10-24 16:09:45,137 - INFO - Saved expanded file: C:\Users\DELL\Downloads\cibil_web_scrapping_automation\fetched_data\final_preprocessed\final_preprocessed_31-08-25_ANDAMAN AND NICOBAR ISLANDS_merged.xlsx (5 rows)
2025-10-24 16:09:45,157 - INFO - \U0001f552 Time taken: 0.08 seconds

2025-10-24 16:09:45,157 - INFO - Processing file: C:\Users\DELL\Downloads\cibil_web_scrapping_automation\fetched_data\final\31-08-25_merged\31-08-25_ARUNACHAL PRADESH_merged.xlsx
2025-10-24 16:09:45,180 - INFO - Loaded Excel file successfully with 6 rows
2025-10-24 16:09:45,189 - INFO - Expanded 6 rows from 6 original rows
2025-10-24 16:09:45,194 - INFO - Cleaned and standardized text/numeric fields for 'Borrower Name'
2025-10-24 16:09:45,197 - INFO - Cleaned and standardized text/numeric fields for 'Ind _Director Name'
2025-10-24 16:09:45,203 - INFO - Added extra columns: ['Borrower PAN', 'Final Borrower Name', 'Final_DirectorName', 'CIN NO', 'Order Type', 'Remarks']
2025-10-24 16:09:45,237 - INFO - Saved expanded file: C:\Users\DELL\Downloads\cibil_web_scrapping_automation\fetched_data\final_preprocessed\final_preprocessed_31-08-25_ARUNACHAL PRADESH_merged.xlsx (6 rows)
2025-10-24 16:09:45,258 - INFO - \U0001f552 Time taken: 0.1 seconds

