2025-10-18 18:55:28,390 - INFO - Running script...
2025-10-18 18:55:28,410 - INFO - Starting batch search for date: 31-12-24
2025-10-18 18:55:28,413 - DEBUG - Using proactor: IocpProactor
2025-10-18 18:55:32,381 - INFO - Browser launched.
2025-10-18 18:55:33,378 - INFO - Page loaded.
2025-10-18 18:55:33,379 - INFO - Performing search for date:31-12-24, state:PUDUCHERRY, Defaulters type:>25 lacs
2025-10-18 18:55:36,455 - INFO - Found 88 state options: ['ANDAMAN AND NICOBAR ISLANDS', 'ANDHRA PRADESH', 'ARUNACHAL PRADESH', 'ASSAM', 'BAHRAIN', 'BIHAR', 'CHANDIGARH', 'CHANDIGARH & DELHI', 'CHANDIGARH (U.T.) & DELHI', 'CHHATTISGARH', 'DADRA AND NAGAR HAVELI', 'DAMAN AND DIU', 'DELHI', 'GOA', 'GUJARAT', 'HARYANA', 'HIMACHAL PRADESH', 'HONG KONG', 'HYDERABAD', 'JAMMU & KASHMIR', 'JHARKHAND', 'KARNATAKA', 'KERALA', 'LAKSHADWEEP', 'LONDON', 'MADHYA PRADESH', 'MAHARASHTRA', 'MANIPUR', 'MEGHALAYA', 'MIZORAM', 'NAGALAND', 'ORISSA', 'PUDUCHERRY', 'PUNJAB', 'RAJASTHAN', 'ROHTAK', 'SIKKIM', 'SRI LANKA', 'TAMIL NADU', 'THAILAND', 'TRIPURA', 'UTTAR PRADESH', 'UTTARAKHAND', 'UTTARANCHAL', 'WEST BENGAL', 'BANGLADESH', 'BELGIUM', 'GERMANY', 'JAPAN', 'SINGAPORE', 'TELANGANA', 'NEW DELHI', 'LUXEMBOURG', 'BRITISH VIRGIN ISLAND', 'CYPRUS', 'SINGAPORE', 'MISSISSIPPI, USA', 'CAYMAN ISLAND', 'AMSTERDAM', 'JAKARTA', 'ATLANTA, USA', 'DUBAI, UAE', 'UNITED ARAB EMIRATES', 'UNITED KINGDOM', 'ISRAEL', 'UNITED STATES OF AMERICA', 'NEW YORK', 'ABCD', 'UTAH', 'BHOPAL', 'DUBAI', 'WASHINGTON', 'MANCHESTER', 'OVERSEAS', 'ENGLAND', 'BANGKOK', 'COLOMBO', 'PANAMA', 'OBU', 'MALDIVES', 'AUSTRALIA', 'SOUTH AFRICA', 'OMAN', 'KINGDOM OF BAHRAIN', 'QATAR', 'NOT REPORTED', 'UNITED ARAB EMIRATES UAE', 'PONDICHERRY']
2025-10-18 18:55:37,088 - INFO - Waiting for search results...
2025-10-18 18:55:37,123 - INFO - Loader disappeared after clicking Search.
2025-10-18 18:55:44,904 - INFO - Pagination text: View 1 - 1 of 1
2025-10-18 18:55:44,905 - INFO - Fetched 1 out of 1 rows.
2025-10-18 18:55:44,905 - INFO - Pagination limit = 1
2025-10-18 18:55:44,930 - INFO - Found 1 rows for state: PUDUCHERRY, page: 1.
2025-10-18 18:55:45,298 - INFO - Row 1/1 extracted for PUDUCHERRY.
2025-10-18 18:55:45,715 - INFO - Saved 1 rows to cibil_data_31-12-24_PUDUCHERRY_state_page_1_20251018_185545.xlsx
2025-10-18 18:55:45,890 - INFO - Loader disappeared.
2025-10-18 18:55:46,934 - INFO - Found 1 director rows.
2025-10-18 18:55:47,011 - INFO - Successfully extracted director data.
2025-10-18 18:55:52,549 - INFO - Loader disappeared.
2025-10-18 18:56:24,032 - DEBUG - Using proactor: IocpProactor
2025-10-18 18:56:25,936 - INFO - Browser launched.
2025-10-18 18:56:26,907 - INFO - Page loaded.
2025-10-18 18:56:26,908 - INFO - Performing search for date:31-12-24, state:ROHTAK, Defaulters type:>25 lacs
2025-10-18 18:56:29,620 - INFO - Found 88 state options: ['ANDAMAN AND NICOBAR ISLANDS', 'ANDHRA PRADESH', 'ARUNACHAL PRADESH', 'ASSAM', 'BAHRAIN', 'BIHAR', 'CHANDIGARH', 'CHANDIGARH & DELHI', 'CHANDIGARH (U.T.) & DELHI', 'CHHATTISGARH', 'DADRA AND NAGAR HAVELI', 'DAMAN AND DIU', 'DELHI', 'GOA', 'GUJARAT', 'HARYANA', 'HIMACHAL PRADESH', 'HONG KONG', 'HYDERABAD', 'JAMMU & KASHMIR', 'JHARKHAND', 'KARNATAKA', 'KERALA', 'LAKSHADWEEP', 'LONDON', 'MADHYA PRADESH', 'MAHARASHTRA', 'MANIPUR', 'MEGHALAYA', 'MIZORAM', 'NAGALAND', 'ORISSA', 'PUDUCHERRY', 'PUNJAB', 'RAJASTHAN', 'ROHTAK', 'SIKKIM', 'SRI LANKA', 'TAMIL NADU', 'THAILAND', 'TRIPURA', 'UTTAR PRADESH', 'UTTARAKHAND', 'UTTARANCHAL', 'WEST BENGAL', 'BANGLADESH', 'BELGIUM', 'GERMANY', 'JAPAN', 'SINGAPORE', 'TELANGANA', 'NEW DELHI', 'LUXEMBOURG', 'BRITISH VIRGIN ISLAND', 'CYPRUS', 'SINGAPORE', 'MISSISSIPPI, USA', 'CAYMAN ISLAND', 'AMSTERDAM', 'JAKARTA', 'ATLANTA, USA', 'DUBAI, UAE', 'UNITED ARAB EMIRATES', 'UNITED KINGDOM', 'ISRAEL', 'UNITED STATES OF AMERICA', 'NEW YORK', 'ABCD', 'UTAH', 'BHOPAL', 'DUBAI', 'WASHINGTON', 'MANCHESTER', 'OVERSEAS', 'ENGLAND', 'BANGKOK', 'COLOMBO', 'PANAMA', 'OBU', 'MALDIVES', 'AUSTRALIA', 'SOUTH AFRICA', 'OMAN', 'KINGDOM OF BAHRAIN', 'QATAR', 'NOT REPORTED', 'UNITED ARAB EMIRATES UAE', 'PONDICHERRY']
2025-10-18 18:56:30,245 - INFO - Waiting for search results...
2025-10-18 18:56:30,277 - INFO - Loader disappeared after clicking Search.
2025-10-18 18:56:38,090 - INFO - Pagination text: No Records
2025-10-18 18:56:38,090 - INFO - Found no records for given state
2025-10-18 18:56:38,090 - INFO - Fetched 0 out of 0 rows.
2025-10-18 18:56:38,090 - INFO - Pagination limit = 0
2025-10-18 18:57:08,113 - ERROR - No data or error extracting table for ROHTAK: Page.wait_for_selector: Timeout 30000ms exceeded.
Call log:
  - waiting for locator("table.ui-jqgrid-btable tr.jqgrow") to be visible
Traceback (most recent call last):
  File "utilities\extract_table_data.py", line 8, in extract_table_data
    page.wait_for_selector("table.ui-jqgrid-btable tr.jqgrow", timeout=30000)
    ~~~~~~~~~~~~~~~~~~~~~~^^^^^^^^^^^^^^^^^^^^^^^^^^^^^^^^^^^^^^^^^^^^^^^^^^^
  File "playwright\sync_api\_generated.py", line 8182, in wait_for_selector
  File "playwright\_impl\_sync_base.py", line 115, in _sync
  File "playwright\_impl\_page.py", line 423, in wait_for_selector
  File "playwright\_impl\_frame.py", line 369, in wait_for_selector
  File "playwright\_impl\_connection.py", line 69, in send
  File "playwright\_impl\_connection.py", line 558, in wrap_api_call
playwright._impl._errors.TimeoutError: Page.wait_for_selector: Timeout 30000ms exceeded.
Call log:
  - waiting for locator("table.ui-jqgrid-btable tr.jqgrow") to be visible

2025-10-18 18:57:08,565 - INFO - Screenshot saved for state ROHTAK, page 1.
2025-10-18 18:57:38,840 - DEBUG - Using proactor: IocpProactor
2025-10-18 18:57:39,890 - INFO - Browser launched.
2025-10-18 18:57:40,851 - INFO - Page loaded.
2025-10-18 18:57:40,851 - INFO - Performing search for date:31-12-24, state:SIKKIM, Defaulters type:>25 lacs
2025-10-18 18:57:43,000 - INFO - Found 88 state options: ['ANDAMAN AND NICOBAR ISLANDS', 'ANDHRA PRADESH', 'ARUNACHAL PRADESH', 'ASSAM', 'BAHRAIN', 'BIHAR', 'CHANDIGARH', 'CHANDIGARH & DELHI', 'CHANDIGARH (U.T.) & DELHI', 'CHHATTISGARH', 'DADRA AND NAGAR HAVELI', 'DAMAN AND DIU', 'DELHI', 'GOA', 'GUJARAT', 'HARYANA', 'HIMACHAL PRADESH', 'HONG KONG', 'HYDERABAD', 'JAMMU & KASHMIR', 'JHARKHAND', 'KARNATAKA', 'KERALA', 'LAKSHADWEEP', 'LONDON', 'MADHYA PRADESH', 'MAHARASHTRA', 'MANIPUR', 'MEGHALAYA', 'MIZORAM', 'NAGALAND', 'ORISSA', 'PUDUCHERRY', 'PUNJAB', 'RAJASTHAN', 'ROHTAK', 'SIKKIM', 'SRI LANKA', 'TAMIL NADU', 'THAILAND', 'TRIPURA', 'UTTAR PRADESH', 'UTTARAKHAND', 'UTTARANCHAL', 'WEST BENGAL', 'BANGLADESH', 'BELGIUM', 'GERMANY', 'JAPAN', 'SINGAPORE', 'TELANGANA', 'NEW DELHI', 'LUXEMBOURG', 'BRITISH VIRGIN ISLAND', 'CYPRUS', 'SINGAPORE', 'MISSISSIPPI, USA', 'CAYMAN ISLAND', 'AMSTERDAM', 'JAKARTA', 'ATLANTA, USA', 'DUBAI, UAE', 'UNITED ARAB EMIRATES', 'UNITED KINGDOM', 'ISRAEL', 'UNITED STATES OF AMERICA', 'NEW YORK', 'ABCD', 'UTAH', 'BHOPAL', 'DUBAI', 'WASHINGTON', 'MANCHESTER', 'OVERSEAS', 'ENGLAND', 'BANGKOK', 'COLOMBO', 'PANAMA', 'OBU', 'MALDIVES', 'AUSTRALIA', 'SOUTH AFRICA', 'OMAN', 'KINGDOM OF BAHRAIN', 'QATAR', 'NOT REPORTED', 'UNITED ARAB EMIRATES UAE', 'PONDICHERRY']
2025-10-18 18:57:43,549 - INFO - Waiting for search results...
2025-10-18 18:57:43,564 - INFO - Loader disappeared after clicking Search.
2025-10-18 18:57:50,968 - INFO - Pagination text: No Records
2025-10-18 18:57:50,969 - INFO - Found no records for given state
2025-10-18 18:57:50,969 - INFO - Fetched 0 out of 0 rows.
2025-10-18 18:57:50,969 - INFO - Pagination limit = 0
2025-10-18 18:58:20,977 - ERROR - No data or error extracting table for SIKKIM: Page.wait_for_selector: Timeout 30000ms exceeded.
Call log:
  - waiting for locator("table.ui-jqgrid-btable tr.jqgrow") to be visible
Traceback (most recent call last):
  File "utilities\extract_table_data.py", line 8, in extract_table_data
    page.wait_for_selector("table.ui-jqgrid-btable tr.jqgrow", timeout=30000)
    ~~~~~~~~~~~~~~~~~~~~~~^^^^^^^^^^^^^^^^^^^^^^^^^^^^^^^^^^^^^^^^^^^^^^^^^^^
  File "playwright\sync_api\_generated.py", line 8182, in wait_for_selector
  File "playwright\_impl\_sync_base.py", line 115, in _sync
  File "playwright\_impl\_page.py", line 423, in wait_for_selector
  File "playwright\_impl\_frame.py", line 369, in wait_for_selector
  File "playwright\_impl\_connection.py", line 69, in send
  File "playwright\_impl\_connection.py", line 558, in wrap_api_call
playwright._impl._errors.TimeoutError: Page.wait_for_selector: Timeout 30000ms exceeded.
Call log:
  - waiting for locator("table.ui-jqgrid-btable tr.jqgrow") to be visible

2025-10-18 18:58:21,160 - INFO - Screenshot saved for state SIKKIM, page 1.
2025-10-18 18:58:51,366 - DEBUG - Using proactor: IocpProactor
2025-10-18 18:58:52,210 - INFO - Browser launched.
2025-10-18 18:58:53,145 - INFO - Page loaded.
2025-10-18 18:58:53,145 - INFO - Performing search for date:31-12-24, state:SRI LANKA, Defaulters type:>25 lacs
2025-10-18 18:58:54,778 - INFO - Found 88 state options: ['ANDAMAN AND NICOBAR ISLANDS', 'ANDHRA PRADESH', 'ARUNACHAL PRADESH', 'ASSAM', 'BAHRAIN', 'BIHAR', 'CHANDIGARH', 'CHANDIGARH & DELHI', 'CHANDIGARH (U.T.) & DELHI', 'CHHATTISGARH', 'DADRA AND NAGAR HAVELI', 'DAMAN AND DIU', 'DELHI', 'GOA', 'GUJARAT', 'HARYANA', 'HIMACHAL PRADESH', 'HONG KONG', 'HYDERABAD', 'JAMMU & KASHMIR', 'JHARKHAND', 'KARNATAKA', 'KERALA', 'LAKSHADWEEP', 'LONDON', 'MADHYA PRADESH', 'MAHARASHTRA', 'MANIPUR', 'MEGHALAYA', 'MIZORAM', 'NAGALAND', 'ORISSA', 'PUDUCHERRY', 'PUNJAB', 'RAJASTHAN', 'ROHTAK', 'SIKKIM', 'SRI LANKA', 'TAMIL NADU', 'THAILAND', 'TRIPURA', 'UTTAR PRADESH', 'UTTARAKHAND', 'UTTARANCHAL', 'WEST BENGAL', 'BANGLADESH', 'BELGIUM', 'GERMANY', 'JAPAN', 'SINGAPORE', 'TELANGANA', 'NEW DELHI', 'LUXEMBOURG', 'BRITISH VIRGIN ISLAND', 'CYPRUS', 'SINGAPORE', 'MISSISSIPPI, USA', 'CAYMAN ISLAND', 'AMSTERDAM', 'JAKARTA', 'ATLANTA, USA', 'DUBAI, UAE', 'UNITED ARAB EMIRATES', 'UNITED KINGDOM', 'ISRAEL', 'UNITED STATES OF AMERICA', 'NEW YORK', 'ABCD', 'UTAH', 'BHOPAL', 'DUBAI', 'WASHINGTON', 'MANCHESTER', 'OVERSEAS', 'ENGLAND', 'BANGKOK', 'COLOMBO', 'PANAMA', 'OBU', 'MALDIVES', 'AUSTRALIA', 'SOUTH AFRICA', 'OMAN', 'KINGDOM OF BAHRAIN', 'QATAR', 'NOT REPORTED', 'UNITED ARAB EMIRATES UAE', 'PONDICHERRY']
2025-10-18 18:58:55,330 - INFO - Waiting for search results...
2025-10-18 18:58:55,347 - INFO - Loader disappeared after clicking Search.
2025-10-18 18:59:02,876 - INFO - Pagination text: No Records
2025-10-18 18:59:02,876 - INFO - Found no records for given state
2025-10-18 18:59:02,876 - INFO - Fetched 0 out of 0 rows.
2025-10-18 18:59:02,876 - INFO - Pagination limit = 0
2025-10-18 18:59:32,886 - ERROR - No data or error extracting table for SRI LANKA: Page.wait_for_selector: Timeout 30000ms exceeded.
Call log:
  - waiting for locator("table.ui-jqgrid-btable tr.jqgrow") to be visible
Traceback (most recent call last):
  File "utilities\extract_table_data.py", line 8, in extract_table_data
    page.wait_for_selector("table.ui-jqgrid-btable tr.jqgrow", timeout=30000)
    ~~~~~~~~~~~~~~~~~~~~~~^^^^^^^^^^^^^^^^^^^^^^^^^^^^^^^^^^^^^^^^^^^^^^^^^^^
  File "playwright\sync_api\_generated.py", line 8182, in wait_for_selector
  File "playwright\_impl\_sync_base.py", line 115, in _sync
  File "playwright\_impl\_page.py", line 423, in wait_for_selector
  File "playwright\_impl\_frame.py", line 369, in wait_for_selector
  File "playwright\_impl\_connection.py", line 69, in send
  File "playwright\_impl\_connection.py", line 558, in wrap_api_call
playwright._impl._errors.TimeoutError: Page.wait_for_selector: Timeout 30000ms exceeded.
Call log:
  - waiting for locator("table.ui-jqgrid-btable tr.jqgrow") to be visible

2025-10-18 18:59:33,092 - INFO - Screenshot saved for state SRI LANKA, page 1.
2025-10-18 19:00:03,308 - DEBUG - Using proactor: IocpProactor
2025-10-18 19:00:04,118 - INFO - Browser launched.
2025-10-18 19:00:05,381 - INFO - Page loaded.
2025-10-18 19:00:05,381 - INFO - Performing search for date:31-12-24, state:THAILAND, Defaulters type:>25 lacs
2025-10-18 19:00:07,017 - INFO - Found 88 state options: ['ANDAMAN AND NICOBAR ISLANDS', 'ANDHRA PRADESH', 'ARUNACHAL PRADESH', 'ASSAM', 'BAHRAIN', 'BIHAR', 'CHANDIGARH', 'CHANDIGARH & DELHI', 'CHANDIGARH (U.T.) & DELHI', 'CHHATTISGARH', 'DADRA AND NAGAR HAVELI', 'DAMAN AND DIU', 'DELHI', 'GOA', 'GUJARAT', 'HARYANA', 'HIMACHAL PRADESH', 'HONG KONG', 'HYDERABAD', 'JAMMU & KASHMIR', 'JHARKHAND', 'KARNATAKA', 'KERALA', 'LAKSHADWEEP', 'LONDON', 'MADHYA PRADESH', 'MAHARASHTRA', 'MANIPUR', 'MEGHALAYA', 'MIZORAM', 'NAGALAND', 'ORISSA', 'PUDUCHERRY', 'PUNJAB', 'RAJASTHAN', 'ROHTAK', 'SIKKIM', 'SRI LANKA', 'TAMIL NADU', 'THAILAND', 'TRIPURA', 'UTTAR PRADESH', 'UTTARAKHAND', 'UTTARANCHAL', 'WEST BENGAL', 'BANGLADESH', 'BELGIUM', 'GERMANY', 'JAPAN', 'SINGAPORE', 'TELANGANA', 'NEW DELHI', 'LUXEMBOURG', 'BRITISH VIRGIN ISLAND', 'CYPRUS', 'SINGAPORE', 'MISSISSIPPI, USA', 'CAYMAN ISLAND', 'AMSTERDAM', 'JAKARTA', 'ATLANTA, USA', 'DUBAI, UAE', 'UNITED ARAB EMIRATES', 'UNITED KINGDOM', 'ISRAEL', 'UNITED STATES OF AMERICA', 'NEW YORK', 'ABCD', 'UTAH', 'BHOPAL', 'DUBAI', 'WASHINGTON', 'MANCHESTER', 'OVERSEAS', 'ENGLAND', 'BANGKOK', 'COLOMBO', 'PANAMA', 'OBU', 'MALDIVES', 'AUSTRALIA', 'SOUTH AFRICA', 'OMAN', 'KINGDOM OF BAHRAIN', 'QATAR', 'NOT REPORTED', 'UNITED ARAB EMIRATES UAE', 'PONDICHERRY']
2025-10-18 19:00:07,548 - INFO - Waiting for search results...
2025-10-18 19:00:07,565 - INFO - Loader disappeared after clicking Search.
2025-10-18 19:00:15,015 - INFO - Pagination text: No Records
2025-10-18 19:00:15,015 - INFO - Found no records for given state
2025-10-18 19:00:15,015 - INFO - Fetched 0 out of 0 rows.
2025-10-18 19:00:15,015 - INFO - Pagination limit = 0
2025-10-18 19:00:45,033 - ERROR - No data or error extracting table for THAILAND: Page.wait_for_selector: Timeout 30000ms exceeded.
Call log:
  - waiting for locator("table.ui-jqgrid-btable tr.jqgrow") to be visible
Traceback (most recent call last):
  File "utilities\extract_table_data.py", line 8, in extract_table_data
    page.wait_for_selector("table.ui-jqgrid-btable tr.jqgrow", timeout=30000)
    ~~~~~~~~~~~~~~~~~~~~~~^^^^^^^^^^^^^^^^^^^^^^^^^^^^^^^^^^^^^^^^^^^^^^^^^^^
  File "playwright\sync_api\_generated.py", line 8182, in wait_for_selector
  File "playwright\_impl\_sync_base.py", line 115, in _sync
  File "playwright\_impl\_page.py", line 423, in wait_for_selector
  File "playwright\_impl\_frame.py", line 369, in wait_for_selector
  File "playwright\_impl\_connection.py", line 69, in send
  File "playwright\_impl\_connection.py", line 558, in wrap_api_call
playwright._impl._errors.TimeoutError: Page.wait_for_selector: Timeout 30000ms exceeded.
Call log:
  - waiting for locator("table.ui-jqgrid-btable tr.jqgrow") to be visible

2025-10-18 19:00:45,252 - INFO - Screenshot saved for state THAILAND, page 1.
2025-10-18 19:01:15,452 - INFO - Current working folder: C:\Users\piyush gala\Downloads\final_runner\final_runner\fetched_data\final
2025-10-18 19:01:15,453 - INFO - Folders found for processing: [WindowsPath('C:/Users/piyush gala/Downloads/final_runner/final_runner/fetched_data/final/cibil_data_with_directors__25_lacs_31-12-24_for_state')]
2025-10-18 19:01:15,454 - INFO - All states loaded successfully: 87 states found.
2025-10-18 19:01:15,454 - INFO - Extracted state: PUDUCHERRY, date: 31-12-24
2025-10-18 19:01:15,454 - INFO - Added file cibil_data_with_directors_31-12-24_PUDUCHERRY_state_page_1_20251018_185553.xlsx to key ('PUDUCHERRY', '31-12-24')
2025-10-18 19:01:15,454 - INFO - Extracted state: ROHTAK, date: 31-12-24
2025-10-18 19:01:15,454 - INFO - Added file cibil_data_with_directors_31-12-24_ROHTAK_state_page_1_20251018_185708.xlsx to key ('ROHTAK', '31-12-24')
2025-10-18 19:01:15,454 - INFO - Extracted state: SIKKIM, date: 31-12-24
2025-10-18 19:01:15,455 - INFO - Added file cibil_data_with_directors_31-12-24_SIKKIM_state_page_1_20251018_185821.xlsx to key ('SIKKIM', '31-12-24')
2025-10-18 19:01:15,455 - INFO - Extracted state: SRI LANKA, date: 31-12-24
2025-10-18 19:01:15,455 - INFO - Added file cibil_data_with_directors_31-12-24_SRI LANKA_state_page_1_20251018_185933.xlsx to key ('SRI LANKA', '31-12-24')
2025-10-18 19:01:15,455 - INFO - Extracted state: THAILAND, date: 31-12-24
2025-10-18 19:01:15,455 - INFO - Added file cibil_data_with_directors_31-12-24_THAILAND_state_page_1_20251018_190045.xlsx to key ('THAILAND', '31-12-24')
2025-10-18 19:01:15,455 - INFO - State-Date wise file mapping created with 5 keys.
2025-10-18 19:01:15,456 - INFO - Starting merge for state=PUDUCHERRY, date=31-12-24, files=1
2025-10-18 19:01:15,463 - INFO - Rows read: 1
2025-10-18 19:01:15,483 - INFO - \u2705 Merged file saved: C:\Users\piyush gala\Downloads\final_runner\final_runner\fetched_data\final\31-12-24_merged\31-12-24_PUDUCHERRY_merged.xlsx

2025-10-18 19:01:15,484 - INFO - Starting merge for state=ROHTAK, date=31-12-24, files=1
2025-10-18 19:01:15,489 - INFO - Rows read: 0
2025-10-18 19:01:15,506 - INFO - \u2705 Merged file saved: C:\Users\piyush gala\Downloads\final_runner\final_runner\fetched_data\final\31-12-24_merged\31-12-24_ROHTAK_merged.xlsx

2025-10-18 19:01:15,506 - INFO - Starting merge for state=SIKKIM, date=31-12-24, files=1
2025-10-18 19:01:15,511 - INFO - Rows read: 0
2025-10-18 19:01:15,518 - INFO - \u2705 Merged file saved: C:\Users\piyush gala\Downloads\final_runner\final_runner\fetched_data\final\31-12-24_merged\31-12-24_SIKKIM_merged.xlsx

2025-10-18 19:01:15,519 - INFO - Starting merge for state=SRI LANKA, date=31-12-24, files=1
2025-10-18 19:01:15,523 - INFO - Rows read: 0
2025-10-18 19:01:15,531 - INFO - \u2705 Merged file saved: C:\Users\piyush gala\Downloads\final_runner\final_runner\fetched_data\final\31-12-24_merged\31-12-24_SRI LANKA_merged.xlsx

2025-10-18 19:01:15,531 - INFO - Starting merge for state=THAILAND, date=31-12-24, files=1
2025-10-18 19:01:15,536 - INFO - Rows read: 0
2025-10-18 19:01:15,544 - INFO - \u2705 Merged file saved: C:\Users\piyush gala\Downloads\final_runner\final_runner\fetched_data\final\31-12-24_merged\31-12-24_THAILAND_merged.xlsx

2025-10-18 19:01:15,544 - INFO - Current folder path: C:\Users\piyush gala\Downloads\final_runner\final_runner\fetched_data\final
2025-10-18 19:01:15,544 - INFO - Folders found for processing: [WindowsPath('C:/Users/piyush gala/Downloads/final_runner/final_runner/fetched_data/final/31-12-24_merged')]
2025-10-18 19:01:15,545 - INFO - Files found: ['31-12-24_PUDUCHERRY_merged.xlsx', '31-12-24_ROHTAK_merged.xlsx', '31-12-24_SIKKIM_merged.xlsx', '31-12-24_SRI LANKA_merged.xlsx', '31-12-24_THAILAND_merged.xlsx']

2025-10-18 19:01:15,545 - INFO - Processing file: C:\Users\piyush gala\Downloads\final_runner\final_runner\fetched_data\final\31-12-24_merged\31-12-24_PUDUCHERRY_merged.xlsx
2025-10-18 19:01:15,550 - INFO - Loaded Excel file successfully with 1 rows
2025-10-18 19:01:15,552 - INFO - Expanded 1 rows from 1 original rows
2025-10-18 19:01:15,554 - INFO - Cleaned and standardized text/numeric fields
2025-10-18 19:01:15,555 - INFO - Added extra columns: ['Borrower PAN', 'Final Borrower Name', 'Final_DirectorName', 'CIN NO', 'Order Type', 'Remarks']
2025-10-18 19:01:15,574 - INFO - Saved expanded file: C:\Users\piyush gala\Downloads\final_runner\final_runner\fetched_data\final_preprocessed\final_preprocessed_31-12-24_PUDUCHERRY_merged.xlsx (1 rows)
2025-10-18 19:01:15,586 - INFO - \U0001f552 Time taken: 0.04 seconds

2025-10-18 19:01:15,586 - INFO - Processing file: C:\Users\piyush gala\Downloads\final_runner\final_runner\fetched_data\final\31-12-24_merged\31-12-24_ROHTAK_merged.xlsx
2025-10-18 19:01:15,590 - INFO - Loaded Excel file successfully with 0 rows
2025-10-18 19:01:15,591 - INFO - Expanded 0 rows from 0 original rows
2025-10-18 19:01:15,591 - ERROR - Unexpected error in cleaner: 'OutStanding Amount ( Rs. in Lacs)'
Traceback (most recent call last):
  File "pandas\core\indexes\base.py", line 3812, in get_loc
  File "pandas/_libs/index.pyx", line 167, in pandas._libs.index.IndexEngine.get_loc
  File "pandas/_libs/index.pyx", line 196, in pandas._libs.index.IndexEngine.get_loc
  File "pandas/_libs/hashtable_class_helper.pxi", line 7088, in pandas._libs.hashtable.PyObjectHashTable.get_item
  File "pandas/_libs/hashtable_class_helper.pxi", line 7096, in pandas._libs.hashtable.PyObjectHashTable.get_item
KeyError: 'OutStanding Amount ( Rs. in Lacs)'

The above exception was the direct cause of the following exception:

Traceback (most recent call last):
  File "utilities\cleaner.py", line 105, in cleaner
    expand_directors_data(file_path, output_folder, logger)
    ~~~~~~~~~~~~~~~~~~~~~^^^^^^^^^^^^^^^^^^^^^^^^^^^^^^^^^^
  File "utilities\cleaner.py", line 50, in expand_directors_data
    df_expanded['OutStanding Amount ( Rs. in Lacs)']
    ~~~~~~~~~~~^^^^^^^^^^^^^^^^^^^^^^^^^^^^^^^^^^^^^
  File "pandas\core\frame.py", line 4113, in __getitem__
  File "pandas\core\indexes\base.py", line 3819, in get_loc
KeyError: 'OutStanding Amount ( Rs. in Lacs)'
