2025-10-20 12:24:28,723 - INFO - Running script...
2025-10-20 12:24:28,763 - INFO - State selection configuration: state
2025-10-20 12:24:28,764 - INFO - Selected states: {'LAKSHADWEEP', 'ANDAMAN AND NICOBAR ISLANDS', 'PONDICHERRY', 'MISSISSIPPI, USA', 'ENGLAND', 'ISRAEL', 'GUJARAT', 'BAHRAIN', 'HONG KONG', 'UNITED ARAB EMIRATES', 'JAMMU & KASHMIR', 'PANAMA', 'GERMANY', 'HYDERABAD', 'KARNATAKA', 'HIMACHAL PRADESH', 'DUBAI, UAE', 'PUNJAB', 'WASHINGTON', 'OVERSEAS', 'UTAH', 'JHARKHAND', 'UNITED ARAB EMIRATES UAE', 'CHANDIGARH', 'SINGAPORE', 'AMSTERDAM', 'BANGLADESH', 'QATAR', 'SIKKIM', 'AUSTRALIA', 'ROHTAK', 'ANDHRA PRADESH', 'CAYMAN ISLAND', 'ABCD', 'OBU', 'BELGIUM', 'KERALA', 'TAMIL NADU', 'OMAN', 'DAMAN AND DIU', 'UNITED KINGDOM', 'MAHARASHTRA', 'BHOPAL', 'JAKARTA', 'TELANGANA', 'UTTARAKHAND', 'COLOMBO', 'UNITED STATES OF AMERICA', 'MANCHESTER', 'GOA', 'THAILAND', 'MANIPUR', 'ORISSA', 'BRITISH VIRGIN ISLAND', 'MEGHALAYA', 'CHHATTISGARH', 'HARYANA', 'ATLANTA, USA', 'MIZORAM', 'UTTAR PRADESH', 'CHANDIGARH (U.T.) & DELHI', 'DADRA AND NAGAR HAVELI', 'DUBAI', 'UTTARANCHAL', 'RAJASTHAN', 'CHANDIGARH & DELHI', 'SRI LANKA', 'DELHI', 'TRIPURA', 'BANGKOK', 'KINGDOM OF BAHRAIN', 'MADHYA PRADESH', 'NEW YORK', 'CYPRUS', 'JAPAN', 'NOT REPORTED', 'LUXEMBOURG', 'PUDUCHERRY', 'NEW DELHI', 'BIHAR', 'WEST BENGAL', 'LONDON', 'ASSAM', 'NAGALAND', 'SOUTH AFRICA', 'ARUNACHAL PRADESH', 'MALDIVES'}
2025-10-20 12:24:28,767 - INFO - Starting batch search for date: 31-12-24
2025-10-20 12:24:28,768 - DEBUG - Using proactor: IocpProactor
2025-10-20 12:24:47,472 - INFO - Browser launched.
2025-10-20 12:24:48,630 - INFO - Page loaded.
2025-10-20 12:24:48,631 - INFO - Performing search for date:31-12-24, state:ANDAMAN AND NICOBAR ISLANDS, Defaulters type:>25 lacs
2025-10-20 12:24:52,165 - INFO - Waiting for search results...
2025-10-20 12:24:52,232 - INFO - Loader disappeared after clicking Search.
2025-10-20 12:24:59,903 - INFO - Pagination text: View 1 - 1 of 1
2025-10-20 12:24:59,904 - INFO - Fetched 1 out of 1 rows.
2025-10-20 12:24:59,904 - INFO - Pagination limit = 1
2025-10-20 12:24:59,932 - INFO - Found 1 rows for state: ANDAMAN AND NICOBAR ISLANDS, page: 1.
2025-10-20 12:25:00,427 - INFO - Row 1/1 extracted for ANDAMAN AND NICOBAR ISLANDS.
2025-10-20 12:25:01,307 - INFO - Saved 1 rows to cibil_data_31-12-24_ANDAMAN AND NICOBAR ISLANDS_state_page_1_20251020_122500.xlsx
2025-10-20 12:25:01,457 - INFO - Loader disappeared.
2025-10-20 12:25:02,528 - INFO - Found 3 director rows.
2025-10-20 12:25:02,748 - INFO - Successfully extracted director data.
2025-10-20 12:25:08,434 - INFO - Loader disappeared.
2025-10-20 12:25:10,107 - DEBUG - Using proactor: IocpProactor
2025-10-20 12:25:10,869 - ERROR - Task was destroyed but it is pending!
task: <Task pending name='Task-199' coro=<Connection.run.<locals>.init() running at C:\Users\DELL\Downloads\cibil_web_scrapping_automation\.venv\Lib\site-packages\playwright\_impl\_connection.py:308> wait_for=<Future pending cb=[Task.task_wakeup()]> cb=[ProtocolCallback.__init__.<locals>.cb() at C:\Users\DELL\Downloads\cibil_web_scrapping_automation\.venv\Lib\site-packages\playwright\_impl\_connection.py:228]>
