2025-10-20 12:35:29,224 - INFO - Running script...
2025-10-20 12:35:29,226 - INFO - State selection configuration: state
2025-10-20 12:35:29,226 - INFO - Selected states: {'HIMACHAL PRADESH', 'KERALA', 'CHHATTISGARH', 'NAGALAND', 'ROHTAK', 'UTTAR PRADESH', 'SIKKIM', 'UTTARAKHAND', 'ABCD', 'BHOPAL', 'KARNATAKA', 'ANDHRA PRADESH', 'UNITED STATES OF AMERICA', 'CHANDIGARH (U.T.) & DELHI', 'UNITED KINGDOM', 'MANCHESTER', 'WASHINGTON', 'PUDUCHERRY', 'BRITISH VIRGIN ISLAND', 'THAILAND', 'BIHAR', 'COLOMBO', 'MIZORAM', 'RAJASTHAN', 'PANAMA', 'DUBAI, UAE', 'OBU', 'PUNJAB', 'CHANDIGARH & DELHI', 'DAMAN AND DIU', 'CYPRUS', 'PONDICHERRY', 'DADRA AND NAGAR HAVELI', 'GOA', 'LUXEMBOURG', 'TRIPURA', 'ISRAEL', 'JAMMU & KASHMIR', 'GUJARAT', 'MEGHALAYA', 'QATAR', 'UNITED ARAB EMIRATES UAE', 'GERMANY', 'CAYMAN ISLAND', 'HONG KONG', 'AMSTERDAM', 'BANGLADESH', 'HYDERABAD', 'UNITED ARAB EMIRATES', 'JAKARTA', 'CHANDIGARH', 'UTAH', 'AUSTRALIA', 'OMAN', 'DELHI', 'SINGAPORE', 'ATLANTA, USA', 'ASSAM', 'ARUNACHAL PRADESH', 'OVERSEAS', 'SRI LANKA', 'DUBAI', 'NOT REPORTED', 'JAPAN', 'MAHARASHTRA', 'TELANGANA', 'ORISSA', 'LAKSHADWEEP', 'KINGDOM OF BAHRAIN', 'BAHRAIN', 'LONDON', 'MADHYA PRADESH', 'BANGKOK', 'BELGIUM', 'MANIPUR', 'JHARKHAND', 'SOUTH AFRICA', 'UTTARANCHAL', 'HARYANA', 'MALDIVES', 'NEW YORK', 'MISSISSIPPI, USA', 'WEST BENGAL', 'NEW DELHI', 'ANDAMAN AND NICOBAR ISLANDS', 'ENGLAND', 'TAMIL NADU'}
2025-10-20 12:35:29,283 - INFO - Starting batch search for date: 31-12-24
2025-10-20 12:35:29,286 - DEBUG - Using proactor: IocpProactor
2025-10-20 12:35:32,415 - INFO - Browser launched.
2025-10-20 12:35:35,498 - INFO - Page loaded.
2025-10-20 12:35:35,498 - INFO - Performing search for date:31-12-24, state:ANDAMAN AND NICOBAR ISLANDS, Defaulters type:>25 lacs
2025-10-20 12:36:35,598 - ERROR - Error for ANDAMAN AND NICOBAR ISLANDS: Page.wait_for_selector: Timeout 60000ms exceeded.
Call log:
  - waiting for locator("select#lakhAccount") to be visible

2025-10-20 12:36:35,599 - DEBUG - Using proactor: IocpProactor
2025-10-20 12:36:36,401 - INFO - Browser launched.
2025-10-20 12:36:36,793 - INFO - Page loaded.
2025-10-20 12:36:36,818 - INFO - Performing search for date:31-12-24, state:ARUNACHAL PRADESH, Defaulters type:>25 lacs
2025-10-20 12:37:37,018 - ERROR - Error for ARUNACHAL PRADESH: Page.wait_for_selector: Timeout 60000ms exceeded.
Call log:
  - waiting for locator("select#lakhAccount") to be visible

2025-10-20 12:37:37,019 - DEBUG - Using proactor: IocpProactor
2025-10-20 12:37:38,998 - INFO - Browser launched.
2025-10-20 12:37:39,396 - INFO - Page loaded.
2025-10-20 12:37:39,397 - INFO - Performing search for date:31-12-24, state:ASSAM, Defaulters type:>25 lacs
2025-10-20 12:37:54,978 - ERROR - Future exception was never retrieved
future: <Future finished exception=TargetClosedError('Target page, context or browser has been closed')>
playwright._impl._errors.TargetClosedError: Target page, context or browser has been closed
