2025-11-06 17:57:25,147 - INFO - Logging initialized at: C:\Users\DELL\Downloads\cibil_web_scrapping_automation\utilities\logs\2025-11-06\cibil_log_2025-11-06_17-57-25.log
2025-11-06 17:57:25,147 - INFO - Read path: C:\Users\DELL\Downloads\cibil_web_scrapping_automation
2025-11-06 17:57:25,147 - INFO - Write path: C:\Users\DELL\Downloads\cibil_web_scrapping_automation
2025-11-06 17:57:25,147 - INFO - ▶ Running script...
2025-11-06 17:57:25,148 - INFO - Running script...
2025-11-06 17:57:25,149 - INFO - Selected Configurations: 
State type: state, 
Defaulters type: >25 lacs, 
Date: 31-07-25, 
Timeout: 60 seconds
2025-11-06 17:57:25,149 - INFO - All States: {'KINGDOM OF BAHRAIN', 'LONDON', 'BAHRAIN', 'JAMMU & KASHMIR', 'NEW YORK', 'NOT REPORTED', 'HIMACHAL PRADESH', 'WEST BENGAL', 'OVERSEAS', 'MAHARASHTRA', 'SRI LANKA', 'BANGKOK', 'CYPRUS', 'ABCD', 'MANIPUR', 'SINGAPORE', 'PANAMA', 'NAGALAND', 'QATAR', 'UNITED KINGDOM', 'GUJARAT', 'DELHI', 'ATLANTA, USA', 'DAMAN AND DIU', 'SOUTH AFRICA', 'BANGLADESH', 'CHANDIGARH (U.T.) & DELHI', 'HARYANA', 'THAILAND', 'SIKKIM', 'KERALA', 'ASSAM', 'ROHTAK', 'PONDICHERRY', 'CHHATTISGARH', 'AMSTERDAM', 'LUXEMBOURG', 'GOA', 'MIZORAM', 'TAMIL NADU', 'UNITED ARAB EMIRATES UAE', 'LAKSHADWEEP', 'ORISSA', 'CAYMAN ISLAND', 'UTTARAKHAND', 'ANDHRA PRADESH', 'DUBAI, UAE', 'NEW DELHI', 'OBU', 'ISRAEL', 'MEGHALAYA', 'DADRA AND NAGAR HAVELI', 'UTAH', 'JHARKHAND', 'MALDIVES', 'TRIPURA', 'UTTAR PRADESH', 'TELANGANA', 'WASHINGTON', 'UNITED ARAB EMIRATES', 'JAPAN', 'BHOPAL', 'ANDAMAN AND NICOBAR ISLANDS', 'PUDUCHERRY', 'ENGLAND', 'UNITED STATES OF AMERICA', 'CHANDIGARH & DELHI', 'AUSTRALIA', 'MANCHESTER', 'HONG KONG', 'HYDERABAD', 'GERMANY', 'COLOMBO', 'BRITISH VIRGIN ISLAND', 'DUBAI', 'BIHAR', 'BELGIUM', 'KARNATAKA', 'JAKARTA', 'UTTARANCHAL', 'OMAN', 'CHANDIGARH', 'MADHYA PRADESH', 'MISSISSIPPI, USA', 'ARUNACHAL PRADESH', 'RAJASTHAN', 'PUNJAB'}
2025-11-06 17:57:25,149 - INFO - Selected States: ['GOA']
2025-11-06 17:57:25,150 - INFO - ▶ Starting batch search for Date: 31-07-25
2025-11-06 17:57:25,150 - INFO - Running automation for State: GOA, Date: 31-07-25, Defaulters type: gt_25_lacs
2025-11-06 17:57:26,354 - INFO - Browser launched.
2025-11-06 17:57:27,543 - INFO - Page loaded.
2025-11-06 17:57:27,544 - INFO - ▶ Performing search for Date:31-07-25, State:GOA, Defaulters type:gt_25_lacs
2025-11-06 17:57:30,420 - INFO - ▶ Waiting for search results...
2025-11-06 17:57:38,087 - INFO - Pagination text: View 1 - 20 of 20
2025-11-06 17:57:38,088 - INFO - Fetched: 20, Total: 20
2025-11-06 17:57:38,088 - INFO - ▶ Fetched 20 out of 20 rows.
2025-11-06 17:57:38,088 - INFO - Pagination limit: 1
2025-11-06 17:57:38,089 - INFO - Raw Data for GOA already exists. Skipping raw table extraction.
2025-11-06 17:57:38,089 - INFO - Found 1 raw Excel files for GOA
2025-11-06 17:57:38,373 - INFO - Directors already extracted for row 1, skipping...
2025-11-06 17:57:38,373 - INFO - Directors already extracted for row 2, skipping...
2025-11-06 17:57:38,374 - INFO - Directors already extracted for row 3, skipping...
2025-11-06 17:57:38,374 - INFO - Directors already extracted for row 4, skipping...
2025-11-06 17:57:38,375 - INFO - Directors already extracted for row 5, skipping...
2025-11-06 17:57:38,375 - INFO - ▶ Extracting directors for row 6: GHOTAGE LOGISTICS PVT LTD
2025-11-06 17:57:38,513 - INFO - Loader disappeared.
2025-11-06 17:57:39,549 - INFO - Found 3 director rows.
2025-11-06 17:57:39,676 - INFO - Successfully extracted director data.
2025-11-06 17:57:39,888 - INFO - ⚠️ Could not navigate back, reloading page...
2025-11-06 17:57:45,862 - INFO - Loader disappeared.
2025-11-06 17:57:46,863 - INFO - 🔄 Page reloaded successfully.
2025-11-06 17:57:46,864 - INFO - Directors already extracted for row 7, skipping...
2025-11-06 17:57:46,865 - INFO - ▶ Extracting directors for row 8: QUADROS MOTORS PVT LTD
2025-11-06 17:57:47,070 - INFO - Loader disappeared.
2025-11-06 17:57:48,106 - INFO - Found 3 director rows.
2025-11-06 17:57:48,229 - INFO - Successfully extracted director data.
2025-11-06 17:57:48,457 - INFO - ⚠️ Could not navigate back, reloading page...
2025-11-06 17:57:54,119 - INFO - Loader disappeared.
2025-11-06 17:57:55,119 - INFO - 🔄 Page reloaded successfully.
2025-11-06 17:57:55,120 - INFO - ▶ Extracting directors for row 9: SUHAS VASUDEV GHOTAGE
2025-11-06 17:57:55,366 - INFO - Loader disappeared.
2025-11-06 17:57:56,386 - INFO - Found 2 director rows.
2025-11-06 17:57:56,465 - INFO - Successfully extracted director data.
2025-11-06 17:57:56,687 - INFO - ⚠️ Could not navigate back, reloading page...
2025-11-06 17:58:02,198 - INFO - Loader disappeared.
2025-11-06 17:58:03,199 - INFO - 🔄 Page reloaded successfully.
2025-11-06 17:58:03,201 - INFO - Directors already extracted for row 10, skipping...
2025-11-06 17:58:03,202 - INFO - ▶ Extracting directors for row 11: M/s. Goa Mining and Minerals
2025-11-06 17:58:03,711 - INFO - Loader disappeared.
2025-11-06 17:58:04,741 - INFO - Found 2 director rows.
2025-11-06 17:58:04,811 - INFO - Successfully extracted director data.
2025-11-06 17:58:05,025 - INFO - ⚠️ Could not navigate back, reloading page...
2025-11-06 17:58:10,417 - INFO - Loader disappeared.
2025-11-06 17:58:11,418 - INFO - 🔄 Page reloaded successfully.
2025-11-06 17:58:11,419 - INFO - ▶ Extracting directors for row 12: HARISH K A A
2025-11-06 17:58:11,542 - INFO - Loader disappeared.
2025-11-06 17:58:12,548 - ERROR - Failed to locate director rows: Page.wait_for_selector: Target page, context or browser has been closed
Traceback (most recent call last):
  File "C:\Users\DELL\Downloads\cibil_web_scrapping_automation\utilities\extract_directors.py", line 4, in extract_directors
    page.wait_for_selector("table#DirectorInfoTable tr.jqgrow", timeout=60000)
    ~~~~~~~~~~~~~~~~~~~~~~^^^^^^^^^^^^^^^^^^^^^^^^^^^^^^^^^^^^^^^^^^^^^^^^^^^^
  File "C:\Users\DELL\Downloads\cibil_web_scrapping_automation\.venv\Lib\site-packages\playwright\sync_api\_generated.py", line 8182, in wait_for_selector
    self._sync(
    ~~~~~~~~~~^
        self._impl_obj.wait_for_selector(
        ^^^^^^^^^^^^^^^^^^^^^^^^^^^^^^^^^
            selector=selector, timeout=timeout, state=state, strict=strict
            ^^^^^^^^^^^^^^^^^^^^^^^^^^^^^^^^^^^^^^^^^^^^^^^^^^^^^^^^^^^^^^
        )
        ^
    )
    ^
  File "C:\Users\DELL\Downloads\cibil_web_scrapping_automation\.venv\Lib\site-packages\playwright\_impl\_sync_base.py", line 115, in _sync
    return task.result()
           ~~~~~~~~~~~^^
  File "C:\Users\DELL\Downloads\cibil_web_scrapping_automation\.venv\Lib\site-packages\playwright\_impl\_page.py", line 423, in wait_for_selector
    return await self._main_frame.wait_for_selector(**locals_to_params(locals()))
           ^^^^^^^^^^^^^^^^^^^^^^^^^^^^^^^^^^^^^^^^^^^^^^^^^^^^^^^^^^^^^^^^^^^^^^
  File "C:\Users\DELL\Downloads\cibil_web_scrapping_automation\.venv\Lib\site-packages\playwright\_impl\_frame.py", line 369, in wait_for_selector
    await self._channel.send(
        "waitForSelector", self._timeout, locals_to_params(locals())
    )
  File "C:\Users\DELL\Downloads\cibil_web_scrapping_automation\.venv\Lib\site-packages\playwright\_impl\_connection.py", line 69, in send
    return await self._connection.wrap_api_call(
           ^^^^^^^^^^^^^^^^^^^^^^^^^^^^^^^^^^^^^
    ...<3 lines>...
    )
    ^
  File "C:\Users\DELL\Downloads\cibil_web_scrapping_automation\.venv\Lib\site-packages\playwright\_impl\_connection.py", line 558, in wrap_api_call
    raise rewrite_error(error, f"{parsed_st['apiName']}: {error}") from None
playwright._impl._errors.TargetClosedError: Page.wait_for_selector: Target page, context or browser has been closed
2025-11-06 17:58:12,553 - INFO - Successfully extracted director data.
2025-11-06 17:58:12,557 - INFO - ⚠️ Could not navigate back, reloading page...
